[2025-05-14 09:46:46] - [INFO] [WW/adminx449222] started check_userprofile -xkey XBERGHOKA
[2025-05-14 09:46:46] - [INFO] [WW/adminx449222] on [SOMVAT502676] started [check_userprofile]
[2025-05-14 10:36:06] - [INFO] [WW/adminx449222] started P2V_activate_user -xkey XBERGHOKA
[2025-05-14 10:36:26] - [INFO] [TEST2] , [] , [05/14/2025 10:36:26] , [] 
[2025-05-14 10:36:33] - [INFO] loading userlist from tenant TEST2  [7.5613614 s]
[2025-05-14 10:36:34] - [INFO] [PRODTEST] , [] , [05/14/2025 10:36:34] , [] 
[2025-05-14 10:36:40] - [INFO] loading userlist from tenant PRODTEST  [5.5964155 s]
[2025-05-14 10:36:41] - [INFO] [P2V-PROD] , [] , [05/14/2025 10:36:41] , [] 
[2025-05-14 10:36:55] - [INFO] loading userlist from tenant P2V-PROD  [14.3310466 s]
[2025-05-14 10:36:56] - [INFO] [PROD] , [] , [05/14/2025 10:36:56] , [] 
[2025-05-14 10:37:03] - [INFO] loading userlist from tenant PROD  [6.2876294 s]
[2025-05-14 10:37:03] - [INFO] [BASE_PROD] , [] , [05/14/2025 10:37:03] , [] 
[2025-05-14 10:37:03] - [INFO] loading userlist from tenant BASE_PROD  [0.0099992 s]
[2025-05-14 10:37:04] - [INFO] [TEST1] , [] , [05/14/2025 10:37:04] , [] 
[2025-05-14 10:37:11] - [INFO] loading userlist from tenant TEST1  [7.0928904 s]
[2025-05-14 10:37:12] - [INFO] [TRAINING] , [] , [05/14/2025 10:37:12] , [] 
[2025-05-14 10:37:19] - [INFO] loading userlist from tenant TRAINING  [7.4144554 s]
[2025-05-14 10:37:20] - [INFO] [UPDATE] , [] , [05/14/2025 10:37:20] , [] 
[2025-05-14 10:37:32] - [INFO] loading userlist from tenant UPDATE  [11.888903 s]
[2025-05-14 10:37:33] - [INFO] [P2V_DEMO] , [] , [05/14/2025 10:37:33] , [] 
[2025-05-14 10:37:41] - [INFO] loading userlist from tenant P2V_DEMO  [7.5836274 s]
[2025-05-14 10:55:38] - [INFO] [WW/adminx449222] started check_userprofile -xkey XBERGHOKA
[2025-05-14 10:55:38] - [INFO] [WW/adminx449222] on [SOMVAT502676] started [check_userprofile]
[2025-05-14 10:59:10] - [INFO] [WW/adminx449222] started P2V_sync_user -xkey XBERGHOKA
[2025-05-14 10:59:31] - [INFO] [TEST2] , [05/14/2025 10:36:26] , [05/14/2025 10:59:31] , [23.087096475] 
[2025-05-14 10:59:39] - [INFO] loading userlist from tenant TEST2  [7.610138 s]
[2025-05-14 10:59:44] - [INFO] [PRODTEST] , [05/14/2025 10:36:34] , [05/14/2025 10:59:44] , [23.1640444066667] 
[2025-05-14 10:59:51] - [INFO] loading userlist from tenant PRODTEST  [6.9738056 s]
[2025-05-14 10:59:52] - [INFO] [P2V-PROD] , [05/14/2025 10:36:41] , [05/14/2025 10:59:52] , [23.188512885] 
[2025-05-14 11:00:03] - [INFO] loading userlist from tenant P2V-PROD  [10.7927582 s]
[2025-05-14 11:00:04] - [INFO] [P2V_TEST] , [] , [05/14/2025 11:00:04] , [] 
[2025-05-14 11:00:20] - [INFO] loading userlist from tenant P2V_TEST  [16.2359217 s]
[2025-05-14 11:00:22] - [INFO] [BASE_PROD] , [05/14/2025 10:37:03] , [05/14/2025 11:00:22] , [23.309473675] 
[2025-05-14 11:00:22] - [INFO] loading userlist from tenant BASE_PROD  [0.0510312 s]
[2025-05-14 11:00:22] - [INFO] [TEST1] , [05/14/2025 10:37:04] , [05/14/2025 11:00:22] , [23.3009181483333] 
[2025-05-14 11:00:30] - [INFO] loading userlist from tenant TEST1  [7.4791384 s]
[2025-05-14 11:00:30] - [INFO] [TRAINING] , [05/14/2025 10:37:12] , [05/14/2025 11:00:30] , [23.30853874] 
[2025-05-14 11:00:38] - [INFO] loading userlist from tenant TRAINING  [7.3936742 s]
[2025-05-14 11:00:38] - [INFO] [UPDATE] , [05/14/2025 10:37:20] , [05/14/2025 11:00:38] , [23.30877989] 
[2025-05-14 11:00:47] - [INFO] loading userlist from tenant UPDATE  [8.3578974 s]
[2025-05-14 11:00:48] - [INFO] [PROD] , [05/14/2025 10:36:56] , [05/14/2025 11:00:48] , [23.8578282566667] 
[2025-05-14 11:00:55] - [INFO] loading userlist from tenant PROD  [7.3927395 s]
[2025-05-14 11:20:10] - [INFO] [WW/adminx449222] started check_userprofile -xkey XBERGHOKA
[2025-05-14 11:20:10] - [INFO] [WW/adminx449222] on [SOMVAT502676] started [check_userprofile]
[2025-05-14 14:26:07] - [INFO] [WW/adminx449222] started check_userprofile -xkey XBERGHOKA
[2025-05-14 14:26:07] - [INFO] [WW/adminx449222] on [SOMVAT502676] started [check_userprofile]
[2025-05-14 14:30:54] - [INFO] [WW/adminx449222] started check_userprofile -xkey XBERGHOKA
[2025-05-14 14:30:54] - [INFO] [WW/adminx449222] on [SOMVAT502676] started [check_userprofile]
[2025-05-15 09:04:55] - [INFO] [WW/adminx449222] started check_userprofile -xkey BARTLOMIEJ3
[2025-05-15 09:04:55] - [INFO] [WW/adminx449222] on [SOMVAT502676] started [check_userprofile]
[2025-05-15 09:05:34] - [INFO] [WW/adminx449222] started P2V_sync_user -xkey BARTLOMIEJ3
[2025-05-15 09:05:46] - [INFO] [PRODTEST] , [05/14/2025 10:59:44] , [05/15/2025 09:05:46] , [1326.0227513] 
[2025-05-15 09:05:52] - [INFO] loading userlist from tenant PRODTEST  [6.8422492 s]
[2025-05-15 09:06:11] - [INFO] [TEST2] , [05/14/2025 10:59:31] , [05/15/2025 09:06:11] , [1326.66055062333] 
[2025-05-15 09:06:19] - [INFO] loading userlist from tenant TEST2  [7.809617 s]
[2025-05-15 09:06:20] - [INFO] [TEST1] , [05/14/2025 11:00:22] , [05/15/2025 09:06:20] , [1325.96198453333] 
[2025-05-15 09:06:28] - [INFO] loading userlist from tenant TEST1  [8.1415388 s]
[2025-05-15 09:06:29] - [INFO] [TRAINING] , [05/14/2025 11:00:30] , [05/15/2025 09:06:29] , [1325.97488574833] 
[2025-05-15 09:06:37] - [INFO] loading userlist from tenant TRAINING  [7.8731055 s]
[2025-05-15 09:06:38] - [INFO] [UPDATE] , [05/14/2025 11:00:38] , [05/15/2025 09:06:38] , [1325.989602045] 
[2025-05-15 09:06:46] - [INFO] loading userlist from tenant UPDATE  [8.2673483 s]
[2025-05-15 09:06:47] - [INFO] [PROD] , [05/14/2025 11:00:48] , [05/15/2025 09:06:47] , [1325.990618765] 
[2025-05-15 09:06:55] - [INFO] loading userlist from tenant PROD  [7.3136513 s]
[2025-05-15 09:11:03] - [INFO] [WW/adminx449222] started P2V_sync_user -xkey BARTLOMIEJ3
[2025-05-15 09:11:12] - [INFO] [PRODTEST] , [05/15/2025 09:05:46] , [05/15/2025 09:11:12] , [5.44774857666667] 
[2025-05-15 09:11:16] - [INFO] [TEST2] , [05/15/2025 09:06:11] , [05/15/2025 09:11:16] , [5.09198871666667] 
[2025-05-15 09:11:17] - [INFO] [TEST1] , [05/15/2025 09:06:20] , [05/15/2025 09:11:17] , [4.95444237] 
[2025-05-15 09:11:18] - [INFO] [TRAINING] , [05/15/2025 09:06:29] , [05/15/2025 09:11:18] , [4.81753082166667] 
[2025-05-15 09:11:19] - [INFO] [UPDATE] , [05/15/2025 09:06:38] , [05/15/2025 09:11:19] , [4.68081241666667] 
[2025-05-15 09:11:20] - [INFO] [PROD] , [05/15/2025 09:06:47] , [05/15/2025 09:11:20] , [4.53900900166667] 
[2025-05-15 09:15:11] - [INFO] [WW/adminx449222] started check_userprofile -xkey CHRISTIAN130
[2025-05-15 09:15:11] - [INFO] [WW/adminx449222] on [SOMVAT502676] started [check_userprofile]
[2025-05-15 09:15:34] - [INFO] [WW/adminx449222] started check_userprofile -xkey CHRISTIAN130
[2025-05-15 09:15:34] - [INFO] [WW/adminx449222] on [SOMVAT502676] started [check_userprofile]
[2025-05-15 09:37:36] - [INFO] [WW/adminx449222] started check_P2V_user -xkey CHRISTIAN130
[2025-05-15 09:37:36] - [INFO] [WW/adminx449222] on [SOMVAT502676] started [check_P2V_user]
[2025-05-15 09:37:41] - [INFO] [PROD] , [05/15/2025 09:06:47] , [05/15/2025 09:37:41] , [30.90256455] 
[2025-05-15 09:37:48] - [INFO] loading userlist from tenant PROD  [6.8137564 s]
[2025-05-15 09:47:45] - [INFO] [WW/adminx449222] started P2V_sync_user -xkey CHRISTIAN130
[2025-05-15 09:47:54] - [INFO] [TEST2] , [05/15/2025 09:06:11] , [05/15/2025 09:47:54] , [41.722717545] 
[2025-05-15 09:48:02] - [INFO] loading userlist from tenant TEST2  [7.8399696 s]
[2025-05-15 09:48:07] - [INFO] [PRODTEST] , [05/15/2025 09:05:46] , [05/15/2025 09:48:07] , [42.3627299916667] 
[2025-05-15 09:48:14] - [INFO] loading userlist from tenant PRODTEST  [7.1569503 s]
[2025-05-15 09:48:16] - [INFO] [BASE_TEST] , [] , [05/15/2025 09:48:16] , [] 
[2025-05-15 09:48:16] - [INFO] loading userlist from tenant BASE_TEST  [0.0060006 s]
[2025-05-15 09:48:16] - [INFO] [BASE_PROD] , [05/14/2025 11:00:22] , [05/15/2025 09:48:16] , [1367.896745355] 
[2025-05-15 09:48:16] - [INFO] loading userlist from tenant BASE_PROD  [0.0089992 s]
[2025-05-15 09:48:16] - [INFO] [TEST1] , [05/15/2025 09:06:20] , [05/15/2025 09:48:16] , [41.9348259183333] 
[2025-05-15 09:48:25] - [INFO] loading userlist from tenant TEST1  [9.0015286 s]
[2025-05-15 09:48:26] - [INFO] [TRAINING] , [05/15/2025 09:06:29] , [05/15/2025 09:48:26] , [41.95338989] 
[2025-05-15 09:48:35] - [INFO] loading userlist from tenant TRAINING  [8.7425682 s]
[2025-05-15 09:48:36] - [INFO] [BASE_UPDATE] , [] , [05/15/2025 09:48:36] , [] 
[2025-05-15 09:48:36] - [INFO] loading userlist from tenant BASE_UPDATE  [0.017001 s]
[2025-05-15 09:48:36] - [INFO] [UPDATE] , [05/15/2025 09:06:38] , [05/15/2025 09:48:36] , [41.9685309816667] 
[2025-05-15 09:48:45] - [INFO] loading userlist from tenant UPDATE  [8.6611718 s]
[2025-05-15 09:48:46] - [INFO] [PROD] , [05/15/2025 09:37:41] , [05/15/2025 09:48:46] , [11.0712633783333] 
[2025-05-15 09:48:53] - [INFO] loading userlist from tenant PROD  [7.0137305 s]
[2025-05-15 15:44:45] - [INFO] [WW/adminx449222] started check_userprofile -xkey ESTER1
[2025-05-15 15:44:45] - [INFO] [WW/adminx449222] on [SOMVAT502676] started [check_userprofile]
[2025-05-15 15:46:34] - [INFO] [WW/adminx449222] started P2V_sync_user -xkey ESTER1
[2025-05-15 15:46:51] - [INFO] [PRODTEST] , [05/15/2025 09:48:07] , [05/15/2025 15:46:51] , [358.724163911667] 
[2025-05-15 15:46:57] - [INFO] loading userlist from tenant PRODTEST  [6.6725442 s]
[2025-05-15 15:47:02] - [INFO] [TEST2] , [05/15/2025 09:47:54] , [05/15/2025 15:47:02] , [359.127959371667] 
[2025-05-15 15:47:52] - [INFO] loading userlist from tenant TEST2  [50.7026599 s]
[2025-05-15 15:47:59] - [INFO] [TEST1] , [05/15/2025 09:48:16] , [05/15/2025 15:47:59] , [359.718737138333] 
[2025-05-15 15:48:07] - [INFO] loading userlist from tenant TEST1  [7.9869652 s]
[2025-05-15 15:48:08] - [INFO] [TRAINING] , [05/15/2025 09:48:26] , [05/15/2025 15:48:08] , [359.699634978333] 
[2025-05-15 15:48:15] - [INFO] loading userlist from tenant TRAINING  [7.4252302 s]
[2025-05-15 15:48:16] - [INFO] [UPDATE] , [05/15/2025 09:48:36] , [05/15/2025 15:48:16] , [359.671395891667] 
[2025-05-15 15:48:26] - [INFO] loading userlist from tenant UPDATE  [9.3477873 s]
[2025-05-15 15:48:27] - [INFO] [PROD] , [05/15/2025 09:48:46] , [05/15/2025 15:48:27] , [359.687447076667] 
[2025-05-15 15:48:35] - [INFO] loading userlist from tenant PROD  [7.8834579 s]
[2025-05-15 15:48:52] - [INFO] [WW/adminx449222] started P2V_sync_user -xkey ESTER1
[2025-05-15 15:48:57] - [INFO] [PROD] , [05/15/2025 15:48:27] , [05/15/2025 15:48:57] , [0.502531393333333] 
[2025-05-15 15:50:12] - [INFO] [WW/adminx449222] started P2V_lock_inactive_users 
[2025-05-15 15:50:12] - [INFO] [WW/adminx449222] on [SOMVAT502676] started [P2V_lock_inactive_users]
[2025-05-15 15:50:20] - [INFO] [TEST2] , [05/15/2025 15:47:02] , [05/15/2025 15:50:20] , [3.302452405] 
