[2025-05-22 13:06:14] - [INFO] [WW/adminx449222] started check_userprofile -xkey X449344
[2025-05-22 13:06:15] - [INFO] [WW/adminx449222] on [SOMVAT502676] started [check_userprofile]
[2025-05-22 13:34:21] - [INFO] [WW/adminx449222] started P2V_activate_user -xkey X449344
[2025-05-22 13:34:55] - [INFO] [TEST2] , [] , [05/22/2025 13:34:55] , [] 
[2025-05-22 13:35:04] - [INFO] loading userlist from tenant TEST2  [8.007003 s]
[2025-05-22 13:35:04] - [INFO] [PRODTEST] , [] , [05/22/2025 13:35:04] , [] 
[2025-05-22 13:35:13] - [INFO] loading userlist from tenant PRODTEST  [8.328287 s]
[2025-05-22 13:35:14] - [INFO] [TRAINING] , [] , [05/22/2025 13:35:14] , [] 
[2025-05-22 13:35:20] - [INFO] loading userlist from tenant TRAINING  [6.6117538 s]
[2025-05-22 13:35:22] - [INFO] [BASE_PROD] , [] , [05/22/2025 13:35:22] , [] 
[2025-05-22 13:35:22] - [INFO] loading userlist from tenant BASE_PROD  [0.0109996 s]
[2025-05-22 13:35:22] - [INFO] [BASE_TEST] , [] , [05/22/2025 13:35:22] , [] 
[2025-05-22 13:35:22] - [INFO] loading userlist from tenant BASE_TEST  [0.0171484 s]
[2025-05-22 13:35:22] - [INFO] [TEST1] , [] , [05/22/2025 13:35:22] , [] 
[2025-05-22 13:35:22] - [INFO] loading userlist from tenant TEST1  [0.0330008 s]
[2025-05-22 13:35:23] - [INFO] [BASE_UPDATE] , [] , [05/22/2025 13:35:23] , [] 
[2025-05-22 13:35:23] - [INFO] loading userlist from tenant BASE_UPDATE  [0.1591463 s]
[2025-05-22 13:35:24] - [INFO] [UPDATE] , [] , [05/22/2025 13:35:24] , [] 
[2025-05-22 13:35:39] - [INFO] loading userlist from tenant UPDATE  [15.2216662 s]
[2025-05-22 13:35:41] - [INFO] [PROD] , [] , [05/22/2025 13:35:41] , [] 
[2025-05-22 13:35:49] - [INFO] loading userlist from tenant PROD  [7.4764213 s]
[2025-05-22 13:49:31] - [INFO] [WW/adminx449222] started check_userprofile -xkey X449344
[2025-05-22 13:49:31] - [INFO] [WW/adminx449222] on [SOMVAT502676] started [check_userprofile]
[2025-05-22 13:51:18] - [INFO] [WW/adminx449222] started P2V_export_AD_users 
[2025-05-22 13:51:18] - [INFO] [WW/adminx449222] on [SOMVAT502676] started [P2V_export_AD_users]
[2025-05-22 13:51:19] - [INFO] [\\somvat202005\PPS_share\P2V_scripts\output\P2V_SAMLusers_profiles_AUTO.csv] deleted
[2025-05-22 13:52:35] - [INFO] [WW/adminx449222] started check_userprofile -xkey X449344
[2025-05-22 13:52:36] - [INFO] [WW/adminx449222] on [SOMVAT502676] started [check_userprofile]
[2025-05-22 14:32:37] - [INFO] [WW/adminx449222] started check_userprofile -xkey X449344
[2025-05-22 14:32:37] - [INFO] [WW/adminx449222] on [SOMVAT502676] started [check_userprofile]
[2025-05-22 17:55:06] - [INFO] [WW/adminx449222] started check_P2V_user -xkey X449344
[2025-05-22 17:55:06] - [INFO] [WW/adminx449222] on [SOMVAT502676] started [check_P2V_user]
[2025-05-22 17:55:11] - [INFO] [PROD] , [] , [05/22/2025 17:55:11] , [] 
[2025-05-22 17:55:17] - [INFO] loading userlist from tenant PROD  [5.884425 s]
[2025-05-22 17:56:34] - [INFO] [WW/adminx449222] started check_userprofile -xkey X449344
[2025-05-22 17:56:34] - [INFO] [WW/adminx449222] on [SOMVAT502676] started [check_userprofile]
