[2024-10-14 09:54:57] - [INFO] [WW/adminx449222] started check_userprofile -xkey X01013355
[2024-10-14 09:54:57] - [INFO] [WW/adminx449222] on [SOMVAT502676] started [check_userprofile]
[2024-10-14 14:29:52] - [INFO] [WW/adminx449222] started check_userprofile -xkey X01013355
[2024-10-14 14:29:52] - [INFO] [WW/adminx449222] on [SOMVAT502676] started [check_userprofile]
[2024-10-14 14:31:24] - [INFO] [WW/adminx449222] started check_userprofile -xkey X01013355
[2024-10-14 14:31:24] - [INFO] [WW/adminx449222] on [SOMVAT502676] started [check_userprofile]
[2024-10-14 14:31:37] - [INFO] [WW/adminx449222] started check_P2V_user -xkey X01013355
[2024-10-14 14:31:37] - [INFO] [WW/adminx449222] on [SOMVAT502676] started [check_P2V_user]
[2024-10-14 14:31:44] - [INFO] [P2V_TRAINING] , [] , [10/14/2024 14:31:44] , [] 
[2024-10-14 14:31:51] - [INFO] loading userlist from tenant P2V_TRAINING  [6.9873926 s]
[2024-10-14 14:36:32] - [INFO] [WW/adminx449222] started check_userprofile -xkey X01013355
[2024-10-14 14:36:32] - [INFO] [WW/adminx449222] on [SOMVAT502676] started [check_userprofile]
[2024-10-14 14:36:43] - [INFO] [WW/adminx449222] started P2V_sync_user -xkey X01013355
[2024-10-14 14:36:49] - [INFO] [P2V-PROD] , [] , [10/14/2024 14:36:49] , [] 
[2024-10-14 14:36:57] - [INFO] loading userlist from tenant P2V-PROD  [7.4473933 s]
[2024-10-14 14:37:18] - [INFO] [P2V_DEMO] , [] , [10/14/2024 14:37:18] , [] 
[2024-10-14 14:37:25] - [INFO] loading userlist from tenant P2V_DEMO  [6.8292567 s]
[2024-10-14 14:37:26] - [INFO] [P2V_TEST] , [] , [10/14/2024 14:37:26] , [] 
[2024-10-14 14:37:33] - [INFO] loading userlist from tenant P2V_TEST  [7.549495 s]
[2024-10-14 14:37:34] - [INFO] [P2V_TRAINING] , [10/14/2024 14:31:44] , [10/14/2024 14:37:34] , [5.834521205] 
[2024-10-14 14:37:35] - [INFO] [P2V_UPDATE] , [] , [10/14/2024 14:37:35] , [] 
[2024-10-14 14:37:42] - [INFO] loading userlist from tenant P2V_UPDATE  [6.9893302 s]
[2024-10-14 14:57:30] - [INFO] [WW/adminx449222] started P2V_lock_user -xkey X01013355
[2024-10-14 14:58:22] - [INFO] [WW/adminx449222] started check_userprofile -xkey XHAUSMA
[2024-10-14 14:58:22] - [INFO] [WW/adminx449222] on [SOMVAT502676] started [check_userprofile]
[2024-10-14 14:58:39] - [INFO] [WW/adminx449222] started P2V_lock_user -xkey XHAUSMA
[2024-10-14 14:58:43] - [INFO] [P2V-PROD] , [10/14/2024 14:36:49] , [10/14/2024 14:58:43] , [21.8940168416667] 
[2024-10-14 14:58:51] - [INFO] loading userlist from tenant P2V-PROD  [7.9520351 s]
[2024-10-14 14:59:00] - [INFO] [WW/adminx449222] started check_userprofile -xkey XHAUSMA
[2024-10-14 14:59:01] - [INFO] [WW/adminx449222] on [SOMVAT502676] started [check_userprofile]
[2024-10-14 15:02:05] - [INFO] [WW/adminx449222] started P2V_unlock_user -xkey XHAUSMA
