[2025-04-01 10:41:11] - [INFO] [WW/adminx449222] started check_userprofile -xkey ANATOLIE2
[2025-04-01 10:41:11] - [INFO] [WW/adminx449222] on [SOMVAT502676] started [check_userprofile]
[2025-04-01 10:42:09] - [INFO] [WW/adminx449222] started check_userprofile -xkey PATRICK127
[2025-04-01 10:42:09] - [INFO] [WW/adminx449222] on [SOMVAT502676] started [check_userprofile]
[2025-04-01 10:53:16] - [INFO] [WW/adminx449222] started check_userprofile -xkey PATRICK127
[2025-04-01 10:53:16] - [INFO] [WW/adminx449222] on [SOMVAT502676] started [check_userprofile]
[2025-04-01 10:58:45] - [INFO] [WW/adminx449222] started check_userprofile -xkey ANATOLIE2
[2025-04-01 10:58:45] - [INFO] [WW/adminx449222] on [SOMVAT502676] started [check_userprofile]
[2025-04-01 10:59:12] - [INFO] [WW/adminx449222] started check_P2V_user -xkey ANATOLIE2
[2025-04-01 10:59:12] - [INFO] [WW/adminx449222] on [SOMVAT502676] started [check_P2V_user]
[2025-04-01 10:59:18] - [INFO] [P2V-PROD] , [] , [04/01/2025 10:59:18] , [] 
[2025-04-01 10:59:25] - [INFO] loading userlist from tenant P2V-PROD  [7.1768129 s]
[2025-04-01 10:59:41] - [INFO] [WW/adminx449222] started P2V_sync_user -xkey ANATOLIE2
[2025-04-01 10:59:52] - [INFO] [P2V-PROD] , [04/01/2025 10:59:18] , [04/01/2025 10:59:52] , [0.566229981666667] 
[2025-04-01 10:59:56] - [INFO] [PROD] , [] , [04/01/2025 10:59:56] , [] 
[2025-04-01 11:00:06] - [INFO] loading userlist from tenant PROD  [10.0467081 s]
[2025-04-01 11:03:44] - [INFO] [WW/adminx449222] started check_userprofile -xkey ANATOLIE2
[2025-04-01 11:03:44] - [INFO] [WW/adminx449222] on [SOMVAT502676] started [check_userprofile]
[2025-04-01 11:04:41] - [INFO] [WW/adminx449222] started P2V_calculate_groups_bd 
[2025-04-01 11:04:41] - [INFO] [WW/adminx449222] on [SOMVAT502676] started [P2V_calculate_groups_bd]
[2025-04-01 11:05:41] - [INFO] [P2V-PROD] , [] , [04/01/2025 11:05:41] , [] 
[2025-04-01 11:06:34] - [INFO] loading userlist from tenant P2V-PROD  [53.4159834 s]
[2025-04-01 11:09:47] - [INFO] [PROD] , [] , [04/01/2025 11:09:47] , [] 
[2025-04-01 11:09:55] - [INFO] loading userlist from tenant PROD  [8.0541189 s]
[2025-04-01 12:36:49] - [INFO] [WW/adminx449222] started check_userprofile -xkey ANATOLIE2
[2025-04-01 12:36:49] - [INFO] [WW/adminx449222] on [SOMVAT502676] started [check_userprofile]
[2025-04-01 16:43:16] - [INFO] [WW/adminx449222] started check_userprofile -xkey MARC27
[2025-04-01 16:43:16] - [INFO] [WW/adminx449222] on [SOMVAT502676] started [check_userprofile]
[2025-04-01 16:43:45] - [INFO] [WW/adminx449222] started P2V_unlock_user -xkey MARC27
[2025-04-01 16:43:57] - [INFO] [PROD] , [] , [04/01/2025 16:43:57] , [] 
[2025-04-01 16:44:07] - [INFO] loading userlist from tenant PROD  [10.3071214 s]
[2025-04-01 16:44:08] - [INFO] [TRAINING] , [] , [04/01/2025 16:44:08] , [] 
[2025-04-01 16:44:18] - [INFO] loading userlist from tenant TRAINING  [9.8015619 s]
[2025-04-01 16:44:19] - [INFO] [TEST1] , [] , [04/01/2025 16:44:19] , [] 
[2025-04-01 16:44:30] - [INFO] loading userlist from tenant TEST1  [10.4904073 s]
[2025-04-01 16:44:38] - [INFO] [WW/adminx449222] started check_userprofile -xkey MARC27
[2025-04-01 16:44:38] - [INFO] [WW/adminx449222] on [SOMVAT502676] started [check_userprofile]
[2025-04-01 16:45:31] - [INFO] [WW/adminx449222] started P2V_unlock_user -xkey STANISLAV7
[2025-04-01 16:45:42] - [INFO] [PROD] , [04/01/2025 16:43:57] , [04/01/2025 16:45:42] , [1.746870325] 
[2025-04-01 16:45:43] - [INFO] [TRAINING] , [04/01/2025 16:44:08] , [04/01/2025 16:45:43] , [1.57412662166667] 
[2025-04-01 16:45:44] - [INFO] [TEST1] , [04/01/2025 16:44:19] , [04/01/2025 16:45:44] , [1.4109763] 
[2025-04-01 16:45:51] - [INFO] [WW/adminx449222] started check_userprofile -xkey STANISLAV7
[2025-04-01 16:45:51] - [INFO] [WW/adminx449222] on [SOMVAT502676] started [check_userprofile]
