[2025-02-17 17:54:38] - [INFO] [WW/adminx449222] started P2V_sync_user -xkey ALEXANDER317
[2025-02-19 10:06:27] - [INFO] [WW/adminx449222] started check_userprofile -xkey X451782
[2025-02-19 10:06:27] - [INFO] [WW/adminx449222] on [SOMVAT502676] started [check_userprofile]
[2025-02-19 10:07:17] - [INFO] [WW/adminx449222] started check_userprofile -xkey ALEXANDER317
[2025-02-19 10:07:17] - [INFO] [WW/adminx449222] on [SOMVAT502676] started [check_userprofile]
[2025-02-20 09:20:58] - [INFO] [WW/adminx449222] started P2V_sync_user -xkey ADRIAN75
[2025-02-20 09:21:16] - [INFO] [TRAINING] , [] , [02/20/2025 09:21:16] , [] 
[2025-02-20 09:21:23] - [INFO] loading userlist from tenant TRAINING  [7.6427224 s]
[2025-02-20 09:21:35] - [INFO] [P2V_BENCHMARK] , [] , [02/20/2025 09:21:35] , [] 
[2025-02-20 09:21:35] - [INFO] loading userlist from tenant P2V_BENCHMARK  [0.0470157 s]
[2025-02-20 09:21:35] - [INFO] [P2V-PROD] , [] , [02/20/2025 09:21:35] , [] 
[2025-02-20 09:21:42] - [INFO] loading userlist from tenant P2V-PROD  [7.4360839 s]
[2025-02-20 09:21:43] - [INFO] [BASE_PROD] , [] , [02/20/2025 09:21:43] , [] 
[2025-02-20 09:21:43] - [INFO] loading userlist from tenant BASE_PROD  [0.0779874 s]
[2025-02-20 09:21:43] - [INFO] [TEST2] , [] , [02/20/2025 09:21:43] , [] 
[2025-02-20 09:21:53] - [INFO] loading userlist from tenant TEST2  [10.1994465 s]
[2025-02-20 09:21:55] - [INFO] [P2V_TEST] , [] , [02/20/2025 09:21:55] , [] 
[2025-02-20 09:22:04] - [INFO] loading userlist from tenant P2V_TEST  [9.7301061 s]
[2025-02-20 09:22:06] - [INFO] [PRODTEST] , [] , [02/20/2025 09:22:06] , [] 
[2025-02-20 09:22:20] - [INFO] loading userlist from tenant PRODTEST  [14.7771039 s]
[2025-02-20 09:22:22] - [INFO] [P2V_PRODTEST] , [] , [02/20/2025 09:22:22] , [] 
[2025-02-20 09:22:22] - [INFO] loading userlist from tenant P2V_PRODTEST  [0.0130021 s]
[2025-02-20 09:22:22] - [INFO] [TEST1] , [] , [02/20/2025 09:22:22] , [] 
[2025-02-20 09:22:31] - [INFO] loading userlist from tenant TEST1  [8.6073946 s]
[2025-02-20 09:22:32] - [INFO] [PETROVR] , [] , [02/20/2025 09:22:32] , [] 
[2025-02-20 09:22:32] - [INFO] loading userlist from tenant PETROVR  [0.0090211 s]
[2025-02-20 09:22:32] - [INFO] [BASE_TEST] , [] , [02/20/2025 09:22:32] , [] 
[2025-02-20 09:22:32] - [INFO] loading userlist from tenant BASE_TEST  [0.0080038 s]
[2025-02-20 09:22:32] - [INFO] [BASE_UPDATE] , [] , [02/20/2025 09:22:32] , [] 
[2025-02-20 09:22:32] - [INFO] loading userlist from tenant BASE_UPDATE  [0.0549998 s]
[2025-02-20 09:22:32] - [INFO] [P2V_UPDATE] , [] , [02/20/2025 09:22:32] , [] 
[2025-02-20 09:22:41] - [INFO] loading userlist from tenant P2V_UPDATE  [8.2243646 s]
[2025-02-20 09:22:42] - [INFO] [UPDATE] , [] , [02/20/2025 09:22:42] , [] 
[2025-02-20 09:22:49] - [INFO] loading userlist from tenant UPDATE  [7.5246846 s]
[2025-02-20 09:22:53] - [INFO] [PROD] , [] , [02/20/2025 09:22:53] , [] 
[2025-02-20 09:23:05] - [INFO] loading userlist from tenant PROD  [11.8991359 s]
[2025-02-20 09:23:07] - [INFO] [P2V_TRAINING] , [] , [02/20/2025 09:23:07] , [] 
[2025-02-20 09:23:16] - [INFO] loading userlist from tenant P2V_TRAINING  [9.421675 s]
[2025-02-20 09:23:17] - [INFO] [P2V_DEMO] , [] , [02/20/2025 09:23:17] , [] 
[2025-02-20 09:23:25] - [INFO] loading userlist from tenant P2V_DEMO  [8.5120797 s]
[2025-02-20 09:37:49] - [INFO] [WW/adminx449222] started check_userprofile -xkey KINGA7
[2025-02-20 09:37:49] - [INFO] [WW/adminx449222] on [SOMVAT502676] started [check_userprofile]
