[2024-07-15 18:19:39] - [INFO] [WW/adminx449222] started check_userprofile -xkey X01SCHGEO
[2024-07-15 18:19:39] - [INFO] [WW/adminx449222] on [SOMVAT502676] started [check_userprofile]
[2024-07-15 18:19:48] - [INFO] [WW/adminx449222] started P2V_sync_user -xkey X01SCHGEO
[2024-07-15 18:19:53] - [INFO] loading userlist from tenant P2V_PRODTEST
[2024-07-15 18:20:05] - [INFO] loading userlist from tenant P2V-PROD
[2024-07-15 18:20:15] - [INFO] loading userlist from tenant P2V_DEMO
[2024-07-15 18:20:24] - [INFO] loading userlist from tenant P2V_TEST
[2024-07-15 18:20:40] - [INFO] loading userlist from tenant P2V_UPDATE
[2024-07-15 18:20:50] - [INFO] loading userlist from tenant P2V_TRAINING
[2024-07-15 18:25:25] - [INFO] [WW/adminx449222] started P2V_calculate_groups_bd 
[2024-07-15 18:25:25] - [INFO] [WW/adminx449222] on [SOMVAT502676] started [P2V_calculate_groups_bd]
[2024-07-15 18:26:38] - [INFO] [P2V_PRODTEST]-[Z.BD.022.deny] : remove Schumacher Georg (X01SCHGEO) - done
[2024-07-15 18:26:39] - [INFO] [P2V_PRODTEST]-[Z.BD.021.allow] : add Schumacher Georg (X01SCHGEO) - done
[2024-07-15 18:26:40] - [INFO] [P2V_PRODTEST]-[Z.BD.021.deny] : remove Schumacher Georg (X01SCHGEO) - done
[2024-07-15 18:26:42] - [INFO] [P2V_PRODTEST]-[Z.BD.022.allow] : add Schumacher Georg (X01SCHGEO) - done
[2024-07-15 18:27:30] - [INFO] [P2V-PROD]-[Z.BD.022.deny] : remove Schumacher Georg (X01SCHGEO) - done
[2024-07-15 18:27:30] - [INFO] [P2V-PROD]-[Z.BD.021.allow] : add Schumacher Georg (X01SCHGEO) - done
[2024-07-15 18:27:31] - [INFO] [P2V-PROD]-[Z.BD.021.deny] : remove Schumacher Georg (X01SCHGEO) - done
[2024-07-15 18:27:32] - [INFO] [P2V-PROD]-[Z.BD.022.allow] : add Schumacher Georg (X01SCHGEO) - done
[2024-07-15 18:28:19] - [INFO] [P2V_DEMO]-[Z.BD.022.deny] : remove Schumacher Georg (X01SCHGEO) - done
[2024-07-15 18:28:20] - [INFO] [P2V_DEMO]-[Z.BD.021.allow] : add Schumacher Georg (X01SCHGEO) - done
[2024-07-15 18:28:21] - [INFO] [P2V_DEMO]-[Z.BD.021.deny] : remove Schumacher Georg (X01SCHGEO) - done
[2024-07-15 18:28:22] - [INFO] [P2V_DEMO]-[Z.BD.022.allow] : add Schumacher Georg (X01SCHGEO) - done
[2024-07-15 18:28:44] - [INFO] [P2V_TEST]-[Z.BD.022.deny] : remove Schumacher Georg (X01SCHGEO) - done
[2024-07-15 18:28:45] - [INFO] [P2V_TEST]-[Z.BD.021.allow] : add Schumacher Georg (X01SCHGEO) - done
[2024-07-15 18:28:46] - [INFO] [P2V_TEST]-[Z.BD.021.deny] : remove Schumacher Georg (X01SCHGEO) - done
[2024-07-15 18:28:47] - [INFO] [P2V_TEST]-[Z.BD.022.allow] : add Schumacher Georg (X01SCHGEO) - done
[2024-07-15 18:29:08] - [INFO] [P2V_UPDATE]-[Z.BD.022.deny] : remove Schumacher Georg (X01SCHGEO) - done
[2024-07-15 18:29:09] - [INFO] [P2V_UPDATE]-[Z.BD.021.allow] : add Schumacher Georg (X01SCHGEO) - done
[2024-07-15 18:29:11] - [INFO] [P2V_UPDATE]-[Z.BD.021.deny] : remove Schumacher Georg (X01SCHGEO) - done
[2024-07-15 18:29:12] - [INFO] [P2V_UPDATE]-[Z.BD.022.allow] : add Schumacher Georg (X01SCHGEO) - done
[2024-07-15 18:29:37] - [INFO] [P2V_TRAINING]-[Z.BD.022.deny] : remove Schumacher Georg (X01SCHGEO) - done
[2024-07-15 18:29:38] - [INFO] [P2V_TRAINING]-[Z.BD.021.allow] : add Schumacher Georg (X01SCHGEO) - done
[2024-07-15 18:29:40] - [INFO] [P2V_TRAINING]-[Z.BD.021.deny] : remove Schumacher Georg (X01SCHGEO) - done
[2024-07-15 18:29:41] - [INFO] [P2V_TRAINING]-[Z.BD.022.allow] : add Schumacher Georg (X01SCHGEO) - done
