[2024-06-03 10:06:15] - [INFO] [WW/adminx449222] started P2V_sync_user -xkey SARA27
[2024-06-03 10:06:21] - [INFO] loading userlist from tenant P2V_PRODTEST
[2024-06-03 10:06:32] - [INFO] loading userlist from tenant P2V-PROD
[2024-06-03 10:06:46] - [INFO] loading userlist from tenant P2V_BENCHMARK
[2024-06-03 10:06:57] - [INFO] loading userlist from tenant P2V_DEMO
[2024-06-03 10:07:08] - [INFO] loading userlist from tenant P2V_TEST
[2024-06-03 10:07:17] - [INFO] loading userlist from tenant P2V_UPDATE
[2024-06-03 10:07:27] - [INFO] loading userlist from tenant P2V_TRAINING
[2024-06-03 10:26:06] - [INFO] [WW/adminx449222] started P2V_sync_user -xkey SARA27
[2024-06-03 10:26:10] - [INFO] loading userlist from tenant P2V_PRODTEST
[2024-06-03 10:28:08] - [INFO] [WW/adminx449222] started P2V_sync_user -xkey X01024526
[2024-06-03 10:28:13] - [INFO] loading userlist from tenant P2V_PRODTEST
[2024-06-03 10:28:24] - [INFO] loading userlist from tenant P2V-PROD
[2024-06-03 10:28:33] - [INFO] loading userlist from tenant P2V_BENCHMARK
[2024-06-03 10:28:40] - [INFO] loading userlist from tenant P2V_DEMO
[2024-06-03 10:28:49] - [INFO] loading userlist from tenant P2V_TEST
[2024-06-03 10:28:57] - [INFO] loading userlist from tenant P2V_UPDATE
[2024-06-03 10:29:04] - [INFO] loading userlist from tenant P2V_TRAINING
[2024-06-03 11:27:20] - [INFO] [WW/adminx449222] started check_userprofile -xkey VLADISLAV9
[2024-06-03 11:27:20] - [INFO] [WW/adminx449222] on [SOMVAT502676] started [check_userprofile]
[2024-06-03 11:27:29] - [INFO] [WW/adminx449222] started P2V_sync_user -xkey VLADISLAV9
[2024-06-03 11:27:34] - [INFO] loading userlist from tenant P2V_PRODTEST
[2024-06-03 11:28:23] - [INFO] loading userlist from tenant P2V-PROD
[2024-06-03 11:28:37] - [INFO] loading userlist from tenant P2V_BENCHMARK
[2024-06-03 11:28:46] - [INFO] loading userlist from tenant P2V_DEMO
[2024-06-03 11:28:54] - [INFO] loading userlist from tenant P2V_TEST
[2024-06-03 11:29:03] - [INFO] loading userlist from tenant P2V_UPDATE
[2024-06-03 11:29:12] - [INFO] loading userlist from tenant P2V_TRAINING
[2024-06-03 11:29:25] - [INFO] [WW/adminx449222] started P2V_unlock_user -xkey VLADISLAV9
[2024-06-03 11:29:29] - [INFO] [WW/adminx449222] started P2V_lock_user -xkey VLADISLAV9
[2024-06-03 11:29:37] - [INFO] [WW/adminx449222] started P2V_deactivate_user -xkey VLADISLAV9
[2024-06-03 12:41:11] - [INFO] [WW/adminx449222] started check_userprofile -xkey VLADISLAV9
[2024-06-03 12:41:11] - [INFO] [WW/adminx449222] on [SOMVAT502676] started [check_userprofile]
[2024-06-03 13:49:13] - [INFO] [WW/adminx449222] started check_userprofile -xkey LIM001
[2024-06-03 13:49:13] - [INFO] [WW/adminx449222] on [SOMVAT502676] started [check_userprofile]
[2024-06-03 13:49:42] - [INFO] [WW/adminx449222] started P2V_sync_user -xkey LIM001
[2024-06-03 13:49:47] - [INFO] loading userlist from tenant P2V_PRODTEST
[2024-06-03 13:50:01] - [INFO] loading userlist from tenant P2V-PROD
[2024-06-03 13:50:16] - [INFO] loading userlist from tenant P2V_BENCHMARK
[2024-06-03 13:50:26] - [INFO] loading userlist from tenant P2V_DEMO
[2024-06-03 13:50:36] - [INFO] loading userlist from tenant P2V_TEST
[2024-06-03 13:50:46] - [INFO] loading userlist from tenant P2V_UPDATE
[2024-06-03 13:50:58] - [INFO] loading userlist from tenant P2V_TRAINING
[2024-06-03 13:51:52] - [INFO] [WW/adminx449222] started check_userprofile -xkey LIM001
[2024-06-03 13:51:52] - [INFO] [WW/adminx449222] on [SOMVAT502676] started [check_userprofile]
[2024-06-03 13:52:00] - [INFO] [WW/adminx449222] started P2V_lock_user -xkey LIM001
[2024-06-03 13:55:49] - [INFO] [WW/adminx449222] started P2V_sync_user -xkey X01012582
[2024-06-03 13:56:08] - [INFO] [WW/adminx449222] started P2V_lock_user -xkey X01012582
[2024-06-03 14:04:15] - [INFO] [WW/adminx449222] started P2V_sync_user -xkey X01005079
[2024-06-03 14:04:19] - [INFO] loading userlist from tenant P2V_PRODTEST
[2024-06-03 14:04:50] - [INFO] loading userlist from tenant P2V-PROD
[2024-06-03 14:05:04] - [INFO] loading userlist from tenant P2V_BENCHMARK
[2024-06-03 14:05:13] - [INFO] loading userlist from tenant P2V_DEMO
[2024-06-03 14:05:22] - [INFO] loading userlist from tenant P2V_TEST
[2024-06-03 14:05:31] - [INFO] loading userlist from tenant P2V_UPDATE
[2024-06-03 14:05:39] - [INFO] loading userlist from tenant P2V_TRAINING
[2024-06-03 14:24:32] - [INFO] [WW/adminx449222] started check_userprofile -xkey X01005079
[2024-06-03 14:24:32] - [INFO] [WW/adminx449222] on [SOMVAT502676] started [check_userprofile]
[2024-06-03 14:24:50] - [INFO] [WW/adminx449222] started P2V_lock_user -xkey X01005079
[2024-06-03 14:24:55] - [INFO] loading userlist from tenant P2V_PRODTEST
[2024-06-03 14:25:05] - [INFO] loading userlist from tenant P2V-PROD
[2024-06-03 14:25:17] - [INFO] loading userlist from tenant P2V_BENCHMARK
[2024-06-03 14:25:26] - [INFO] loading userlist from tenant P2V_DEMO
[2024-06-03 14:25:36] - [INFO] loading userlist from tenant P2V_TEST
[2024-06-03 14:25:46] - [INFO] loading userlist from tenant P2V_UPDATE
[2024-06-03 14:25:57] - [INFO] loading userlist from tenant P2V_TRAINING
[2024-06-03 14:45:50] - [INFO] [WW/adminx449222] started P2V_super_sync -xkey X01005079 
[2024-06-03 14:45:51] - [INFO] [WW/adminx449222] on [SOMVAT502676] started [P2V_super_sync]
[2024-06-03 14:46:22] - [INFO] loading userlist from tenant P2V_PRODTEST
[2024-06-03 15:11:29] - [INFO] [WW/adminx449222] started check_userprofile -xkey X01026186
[2024-06-03 15:11:29] - [INFO] [WW/adminx449222] on [SOMVAT502676] started [check_userprofile]
[2024-06-03 15:12:16] - [INFO] [WW/adminx449222] started P2V_deactivate_user -xkey X01026186
[2024-06-03 15:12:21] - [INFO] loading userlist from tenant P2V_PRODTEST
[2024-06-03 15:12:30] - [INFO] loading userlist from tenant P2V-PROD
[2024-06-03 15:12:48] - [INFO] loading userlist from tenant P2V_BENCHMARK
[2024-06-03 15:12:57] - [INFO] loading userlist from tenant P2V_DEMO
[2024-06-03 15:13:07] - [INFO] loading userlist from tenant P2V_TEST
[2024-06-03 15:13:18] - [INFO] loading userlist from tenant P2V_UPDATE
[2024-06-03 15:13:28] - [INFO] loading userlist from tenant P2V_TRAINING
[2024-06-03 15:13:56] - [INFO] [WW/adminx449222] started check_userprofile -xkey X01026906
[2024-06-03 15:13:56] - [INFO] [WW/adminx449222] on [SOMVAT502676] started [check_userprofile]
[2024-06-03 15:15:49] - [INFO] [WW/adminx449222] started P2V_unlock_user -xkey X01026906
[2024-06-03 15:16:10] - [INFO] [WW/adminx449222] started P2V_sync_user -xkey X01026906
[2024-06-03 15:16:34] - [INFO] [WW/adminx449222] started check_userprofile -xkey X01026906
[2024-06-03 15:16:34] - [INFO] [WW/adminx449222] on [SOMVAT502676] started [check_userprofile]
[2024-06-03 15:19:45] - [INFO] [WW/adminx449222] started check_userprofile -xkey X01026906
[2024-06-03 15:19:45] - [INFO] [WW/adminx449222] on [SOMVAT502676] started [check_userprofile]
[2024-06-03 15:20:02] - [INFO] [WW/adminx449222] started check_userprofile -xkey X01008414
[2024-06-03 15:20:02] - [INFO] [WW/adminx449222] on [SOMVAT502676] started [check_userprofile]
[2024-06-03 15:20:33] - [INFO] [WW/adminx449222] started P2V_deactivate_user -xkey X01008414
[2024-06-03 15:21:34] - [INFO] [WW/adminx449222] started check_userprofile -xkey OLIVER3
[2024-06-03 15:21:34] - [INFO] [WW/adminx449222] on [SOMVAT502676] started [check_userprofile]
[2024-06-03 15:22:08] - [INFO] [WW/adminx449222] started P2V_check_UPNs 
[2024-06-03 15:26:03] - [INFO] [WW/adminx449222] started P2V_sync_user -xkey OLIVER3
[2024-06-03 15:26:09] - [INFO] loading userlist from tenant P2V_PRODTEST
[2024-06-03 15:26:37] - [INFO] [WW/adminx449222] started check_P2V_user -xkey OLIVER3
[2024-06-03 15:26:37] - [INFO] [WW/adminx449222] on [SOMVAT502676] started [check_P2V_user]
[2024-06-03 15:33:15] - [INFO] [WW/adminx449222] started check_userprofile -xkey OLIVER3
[2024-06-03 15:33:15] - [INFO] [WW/adminx449222] on [SOMVAT502676] started [check_userprofile]
[2024-06-03 15:36:26] - [INFO] [WW/adminx449222] started check_userprofile -xkey OLIVER3
[2024-06-03 15:36:26] - [INFO] [WW/adminx449222] on [SOMVAT502676] started [check_userprofile]
[2024-06-03 15:38:12] - [INFO] [WW/adminx449222] started check_userprofile -xkey X01023297
[2024-06-03 15:38:12] - [INFO] [WW/adminx449222] on [SOMVAT502676] started [check_userprofile]
[2024-06-03 15:38:25] - [INFO] [WW/adminx449222] started P2V_deactivate_user -xkey X01023297
[2024-06-03 15:38:29] - [INFO] loading userlist from tenant P2V_PRODTEST
[2024-06-03 15:38:39] - [INFO] loading userlist from tenant P2V-PROD
[2024-06-03 15:38:53] - [INFO] loading userlist from tenant P2V_BENCHMARK
[2024-06-03 15:39:02] - [INFO] loading userlist from tenant P2V_DEMO
[2024-06-03 15:39:11] - [INFO] loading userlist from tenant P2V_TEST
[2024-06-03 15:39:20] - [INFO] loading userlist from tenant P2V_UPDATE
[2024-06-03 15:39:31] - [INFO] loading userlist from tenant P2V_TRAINING
[2024-06-03 15:41:12] - [INFO] [WW/adminx449222] started P2V_sync_user -xkey RICHARD31
[2024-06-03 15:41:32] - [INFO] [WW/adminx449222] started P2V_deactivate_user -xkey RICHARD31
[2024-06-03 15:43:08] - [INFO] [WW/adminx449222] started check_userprofile -xkey RICHARD31
[2024-06-03 15:43:08] - [INFO] [WW/adminx449222] on [SOMVAT502676] started [check_userprofile]
[2024-06-03 15:44:13] - [INFO] [WW/adminx449222] started check_userprofile -xkey X01026255
[2024-06-03 15:44:13] - [INFO] [WW/adminx449222] on [SOMVAT502676] started [check_userprofile]
[2024-06-03 15:44:25] - [INFO] [WW/adminx449222] started P2V_sync_user -xkey X01026255
[2024-06-03 15:44:40] - [INFO] [WW/adminx449222] started P2V_deactivate_user -xkey X01026255
[2024-06-03 15:45:01] - [INFO] [WW/adminx449222] started check_userprofile -xkey X01026255
[2024-06-03 15:45:01] - [INFO] [WW/adminx449222] on [SOMVAT502676] started [check_userprofile]
[2024-06-03 15:55:43] - [INFO] [WW/adminx449222] started check_userprofile -xkey X450605
[2024-06-03 15:55:43] - [INFO] [WW/adminx449222] on [SOMVAT502676] started [check_userprofile]
[2024-06-03 15:55:52] - [INFO] [WW/adminx449222] started P2V_sync_user -xkey X450605
[2024-06-03 15:55:56] - [INFO] loading userlist from tenant P2V_PRODTEST
[2024-06-03 15:58:06] - [INFO] loading userlist from tenant P2V-PROD
[2024-06-03 15:58:19] - [INFO] loading userlist from tenant P2V_BENCHMARK
[2024-06-03 15:58:28] - [INFO] loading userlist from tenant P2V_DEMO
[2024-06-03 15:58:37] - [INFO] loading userlist from tenant P2V_TEST
[2024-06-03 15:58:45] - [INFO] loading userlist from tenant P2V_UPDATE
[2024-06-03 15:58:54] - [INFO] loading userlist from tenant P2V_TRAINING
[2024-06-03 15:59:22] - [INFO] [WW/adminx449222] started P2V_lock_user -xkey X450605
[2024-06-03 16:00:11] - [INFO] [WW/adminx449222] started check_userprofile -xkey X449884
[2024-06-03 16:00:11] - [INFO] [WW/adminx449222] on [SOMVAT502676] started [check_userprofile]
[2024-06-03 16:00:36] - [INFO] [WW/adminx449222] started P2V_sync_user -xkey X449884
[2024-06-03 16:00:55] - [INFO] [WW/adminx449222] started P2V_deactivate_user -xkey X449884
[2024-06-03 16:02:24] - [INFO] [WW/adminx449222] started check_userprofile -xkey X01011568
[2024-06-03 16:02:24] - [INFO] [WW/adminx449222] on [SOMVAT502676] started [check_userprofile]
[2024-06-03 16:02:36] - [INFO] [WW/adminx449222] started P2V_sync_user -xkey X01011568
[2024-06-03 16:03:00] - [INFO] [WW/adminx449222] started P2V_deactivate_user -xkey X01011568
[2024-06-03 16:04:47] - [INFO] [WW/adminx449222] started check_userprofile -xkey LIVIA11
[2024-06-03 16:04:47] - [INFO] [WW/adminx449222] on [SOMVAT502676] started [check_userprofile]
[2024-06-03 16:10:18] - [INFO] [WW/adminx449222] started P2V_deactivate_user -xkey LIVIA11
[2024-06-03 16:10:22] - [INFO] loading userlist from tenant P2V_PRODTEST
[2024-06-03 16:10:32] - [INFO] loading userlist from tenant P2V-PROD
[2024-06-03 16:10:47] - [INFO] loading userlist from tenant P2V_BENCHMARK
[2024-06-03 16:10:57] - [INFO] loading userlist from tenant P2V_DEMO
[2024-06-03 16:11:07] - [INFO] loading userlist from tenant P2V_TEST
[2024-06-03 16:11:18] - [INFO] loading userlist from tenant P2V_UPDATE
[2024-06-03 16:11:27] - [INFO] loading userlist from tenant P2V_TRAINING
[2024-06-03 16:12:38] - [INFO] [WW/adminx449222] started check_userprofile -xkey XHERCUSSA
[2024-06-03 16:12:38] - [INFO] [WW/adminx449222] on [SOMVAT502676] started [check_userprofile]
[2024-06-03 16:17:28] - [INFO] [WW/adminx449222] started P2V_sync_user -xkey XHERCUSSA
[2024-06-03 16:17:50] - [INFO] [WW/adminx449222] started P2V_deactivate_user -xkey XHERCUSSA
[2024-06-03 16:20:39] - [INFO] [WW/adminx449222] started check_userprofile -xkey X451555
[2024-06-03 16:20:39] - [INFO] [WW/adminx449222] on [SOMVAT502676] started [check_userprofile]
[2024-06-03 16:21:36] - [INFO] [WW/adminx449222] started P2V_sync_user -xkey X451555
[2024-06-03 16:21:41] - [INFO] loading userlist from tenant P2V_PRODTEST
[2024-06-03 16:24:09] - [INFO] loading userlist from tenant P2V-PROD
[2024-06-03 16:24:22] - [INFO] loading userlist from tenant P2V_BENCHMARK
[2024-06-03 16:24:31] - [INFO] loading userlist from tenant P2V_DEMO
[2024-06-03 16:24:41] - [INFO] loading userlist from tenant P2V_TEST
[2024-06-03 16:24:50] - [INFO] loading userlist from tenant P2V_UPDATE
[2024-06-03 16:25:05] - [INFO] loading userlist from tenant P2V_TRAINING
[2024-06-03 16:26:05] - [INFO] [WW/adminx449222] started P2V_deactivate_user -xkey X451555
[2024-06-03 16:27:26] - [INFO] [WW/adminx449222] started P2V_deactivate_user -xkey AMANDA4
[2024-06-03 16:28:40] - [INFO] [WW/adminx449222] started P2V_lock_user -xkey X450605
[2024-06-03 16:31:20] - [INFO] [WW/adminx449222] started check_userprofile -xkey X451555
[2024-06-03 16:31:20] - [INFO] [WW/adminx449222] on [SOMVAT502676] started [check_userprofile]
[2024-06-03 16:32:18] - [INFO] [WW/adminx449222] started check_userprofile -xkey X01010250
[2024-06-03 16:32:18] - [INFO] [WW/adminx449222] on [SOMVAT502676] started [check_userprofile]
[2024-06-03 16:32:27] - [INFO] [WW/adminx449222] started P2V_sync_user -xkey X01010250
[2024-06-03 16:32:32] - [INFO] loading userlist from tenant P2V_PRODTEST
[2024-06-03 16:32:54] - [INFO] [WW/adminx449222] started P2V_deactivate_user -xkey X01010250
[2024-06-03 16:34:31] - [INFO] [WW/adminx449222] started check_userprofile -xkey X01010503
[2024-06-03 16:34:31] - [INFO] [WW/adminx449222] on [SOMVAT502676] started [check_userprofile]
[2024-06-03 16:34:41] - [INFO] [WW/adminx449222] started P2V_lock_user -xkey X01010503
[2024-06-03 16:34:46] - [INFO] loading userlist from tenant P2V-PROD
[2024-06-03 16:34:58] - [INFO] loading userlist from tenant P2V_BENCHMARK
[2024-06-03 16:35:07] - [INFO] loading userlist from tenant P2V_DEMO
[2024-06-03 16:35:16] - [INFO] loading userlist from tenant P2V_TEST
[2024-06-03 16:35:26] - [INFO] loading userlist from tenant P2V_UPDATE
[2024-06-03 16:35:35] - [INFO] loading userlist from tenant P2V_TRAINING
[2024-06-03 16:36:33] - [INFO] [WW/adminx449222] started check_userprofile -xkey X01023902
[2024-06-03 16:36:33] - [INFO] [WW/adminx449222] on [SOMVAT502676] started [check_userprofile]
[2024-06-03 16:55:11] - [INFO] [WW/adminx449222] started P2V_sync_user -xkey X01023902
[2024-06-03 16:55:17] - [INFO] loading userlist from tenant P2V_PRODTEST
[2024-06-03 16:55:30] - [INFO] loading userlist from tenant P2V-PROD
[2024-06-03 16:55:43] - [INFO] loading userlist from tenant P2V_BENCHMARK
[2024-06-03 16:55:52] - [INFO] loading userlist from tenant P2V_DEMO
[2024-06-03 16:56:02] - [INFO] loading userlist from tenant P2V_TEST
[2024-06-03 16:56:11] - [INFO] loading userlist from tenant P2V_UPDATE
[2024-06-03 16:56:21] - [INFO] loading userlist from tenant P2V_TRAINING
[2024-06-03 16:56:49] - [INFO] [WW/adminx449222] started check_userprofile -xkey X01023902
[2024-06-03 16:56:50] - [INFO] [WW/adminx449222] on [SOMVAT502676] started [check_userprofile]
[2024-06-03 16:57:12] - [INFO] [WW/adminx449222] started P2V_deactivate_user -xkey X01023902
[2024-06-03 16:58:40] - [INFO] [WW/adminx449222] started check_userprofile -xkey LIM001
[2024-06-03 16:58:40] - [INFO] [WW/adminx449222] on [SOMVAT502676] started [check_userprofile]
[2024-06-03 16:59:42] - [INFO] [WW/adminx449222] started check_userprofile -xkey LIM001
[2024-06-03 16:59:42] - [INFO] [WW/adminx449222] on [SOMVAT502676] started [check_userprofile]
[2024-06-03 17:00:28] - [INFO] [WW/adminx449222] started P2V_deactivate_user -xkey LIM001
[2024-06-03 17:04:16] - [INFO] [WW/adminx449222] started check_userprofile -xkey X01010503
[2024-06-03 17:04:16] - [INFO] [WW/adminx449222] on [SOMVAT502676] started [check_userprofile]
[2024-06-03 17:04:26] - [INFO] [WW/adminx449222] started P2V_deactivate_user -xkey X01010503
[2024-06-03 17:05:23] - [INFO] [WW/adminx449222] started check_userprofile -xkey KARINE1
[2024-06-03 17:05:23] - [INFO] [WW/adminx449222] on [SOMVAT502676] started [check_userprofile]
