[2024-08-06 12:05:14] - [INFO] [WW/adminx449222] started P2V_sync_user -xkey HEGE1
[2024-08-06 12:05:19] - [INFO] loading userlist from tenant P2V_PRODTEST
[2024-08-06 12:05:38] - [INFO] loading userlist from tenant P2V-PROD
[2024-08-06 12:05:49] - [INFO] loading userlist from tenant P2V_BENCHMARK
[2024-08-06 12:05:57] - [INFO] loading userlist from tenant P2V_DEMO
[2024-08-06 12:06:04] - [INFO] loading userlist from tenant P2V_TEST
[2024-08-06 12:06:12] - [INFO] loading userlist from tenant P2V_UPDATE
[2024-08-06 12:06:28] - [INFO] loading userlist from tenant P2V_TRAINING
[2024-08-06 12:07:08] - [INFO] [WW/adminx449222] started P2V_sync_user -xkey SHAIZATUL1
[2024-08-06 12:07:12] - [INFO] loading userlist from tenant P2V_PRODTEST
[2024-08-06 12:07:23] - [INFO] loading userlist from tenant P2V-PROD
[2024-08-06 12:07:33] - [INFO] loading userlist from tenant P2V_BENCHMARK
[2024-08-06 12:07:41] - [INFO] loading userlist from tenant P2V_DEMO
[2024-08-06 12:07:49] - [INFO] loading userlist from tenant P2V_TEST
[2024-08-06 12:07:58] - [INFO] loading userlist from tenant P2V_UPDATE
[2024-08-06 12:08:14] - [INFO] loading userlist from tenant P2V_TRAINING
[2024-08-06 12:08:27] - [INFO] [WW/adminx449222] started P2V_lock_user -xkey SHAIZATUL1
[2024-08-06 12:08:32] - [INFO] loading userlist from tenant P2V_PRODTEST
[2024-08-06 12:08:40] - [INFO] loading userlist from tenant P2V-PROD
[2024-08-06 12:08:50] - [INFO] loading userlist from tenant P2V_BENCHMARK
[2024-08-06 12:08:59] - [INFO] loading userlist from tenant P2V_DEMO
[2024-08-06 12:09:07] - [INFO] loading userlist from tenant P2V_TEST
[2024-08-06 12:09:16] - [INFO] loading userlist from tenant P2V_UPDATE
[2024-08-06 12:09:31] - [INFO] loading userlist from tenant P2V_TRAINING
[2024-08-06 12:10:11] - [INFO] [WW/adminx449222] started P2V_sync_user -xkey STEFAN377
[2024-08-06 12:10:15] - [INFO] loading userlist from tenant P2V_PRODTEST
[2024-08-06 12:10:25] - [INFO] loading userlist from tenant P2V-PROD
[2024-08-06 12:10:35] - [INFO] loading userlist from tenant P2V_BENCHMARK
[2024-08-06 12:10:44] - [INFO] loading userlist from tenant P2V_DEMO
[2024-08-06 12:10:52] - [INFO] loading userlist from tenant P2V_TEST
[2024-08-06 12:11:01] - [INFO] loading userlist from tenant P2V_UPDATE
[2024-08-06 12:11:17] - [INFO] loading userlist from tenant P2V_TRAINING
[2024-08-06 12:11:30] - [INFO] [WW/adminx449222] started P2V_calculate_groups_bd 
[2024-08-06 12:11:31] - [INFO] [WW/adminx449222] on [SOMVAT502676] started [P2V_calculate_groups_bd]
[2024-08-06 12:12:13] - [INFO] loading userlist from tenant P2V_PRODTEST
[2024-08-06 12:13:47] - [INFO] [P2V_PRODTEST]-[bd.base] : add Reiter Stefan (STEFAN377) - done
[2024-08-06 12:13:48] - [INFO] [P2V_PRODTEST]-[Z.BD.022.deny] : remove Reiter Stefan (STEFAN377) - done
[2024-08-06 12:13:48] - [INFO] [P2V_PRODTEST]-[Z.BD.022.allow] : add Reiter Stefan (STEFAN377) - done
[2024-08-06 12:13:48] - [INFO] loading userlist from tenant P2V-PROD
[2024-08-06 12:15:19] - [INFO] [P2V-PROD]-[bd.base] : add Reiter Stefan (STEFAN377) - done
[2024-08-06 12:15:20] - [INFO] [P2V-PROD]-[Z.BD.022.deny] : remove Reiter Stefan (STEFAN377) - done
[2024-08-06 12:15:21] - [INFO] [P2V-PROD]-[Z.BD.022.allow] : add Reiter Stefan (STEFAN377) - done
[2024-08-06 12:15:21] - [INFO] loading userlist from tenant P2V_BENCHMARK
[2024-08-06 12:15:45] - [INFO] [P2V_BENCHMARK]-[bd.base] : add Reiter Stefan (STEFAN377) - done
[2024-08-06 12:15:45] - [INFO] [P2V_BENCHMARK]-[Z.BD.022.deny] : remove Reiter Stefan (STEFAN377) - done
[2024-08-06 12:15:46] - [INFO] [P2V_BENCHMARK]-[Z.BD.022.allow] : add Reiter Stefan (STEFAN377) - done
[2024-08-06 12:15:46] - [INFO] loading userlist from tenant P2V_DEMO
[2024-08-06 12:16:13] - [INFO] [P2V_DEMO]-[bd.base] : add Reiter Stefan (STEFAN377) - done
[2024-08-06 12:16:14] - [INFO] [P2V_DEMO]-[Z.BD.022.deny] : remove Reiter Stefan (STEFAN377) - done
[2024-08-06 12:16:14] - [INFO] [P2V_DEMO]-[Z.BD.022.allow] : add Reiter Stefan (STEFAN377) - done
[2024-08-06 12:16:14] - [INFO] loading userlist from tenant P2V_TEST
[2024-08-06 12:16:41] - [INFO] [P2V_TEST]-[bd.base] : add Reiter Stefan (STEFAN377) - done
[2024-08-06 12:16:42] - [INFO] [P2V_TEST]-[Z.BD.022.deny] : remove Reiter Stefan (STEFAN377) - done
[2024-08-06 12:16:43] - [INFO] [P2V_TEST]-[Z.BD.022.allow] : add Reiter Stefan (STEFAN377) - done
[2024-08-06 12:16:43] - [INFO] loading userlist from tenant P2V_UPDATE
[2024-08-06 12:17:25] - [INFO] [P2V_UPDATE]-[bd.base] : add Reiter Stefan (STEFAN377) - done
[2024-08-06 12:17:26] - [INFO] [P2V_UPDATE]-[Z.BD.022.deny] : remove Reiter Stefan (STEFAN377) - done
[2024-08-06 12:17:28] - [INFO] [P2V_UPDATE]-[Z.BD.022.allow] : add Reiter Stefan (STEFAN377) - done
[2024-08-06 12:17:28] - [INFO] loading userlist from tenant P2V_TRAINING
[2024-08-06 12:18:06] - [INFO] [P2V_TRAINING]-[bd.base] : add Reiter Stefan (STEFAN377) - done
[2024-08-06 12:18:07] - [INFO] [P2V_TRAINING]-[Z.BD.022.deny] : remove Reiter Stefan (STEFAN377) - done
[2024-08-06 12:18:08] - [INFO] [P2V_TRAINING]-[Z.BD.022.allow] : add Reiter Stefan (STEFAN377) - done
[2024-08-06 12:18:14] - [INFO] [WW/adminx449222] started P2V_lock_user -xkey STEFAN377
[2024-08-06 12:18:18] - [INFO] loading userlist from tenant P2V_PRODTEST
[2024-08-06 12:18:27] - [INFO] loading userlist from tenant P2V-PROD
[2024-08-06 12:18:37] - [INFO] loading userlist from tenant P2V_BENCHMARK
[2024-08-06 12:18:46] - [INFO] loading userlist from tenant P2V_DEMO
[2024-08-06 12:18:54] - [INFO] loading userlist from tenant P2V_TEST
[2024-08-06 12:19:03] - [INFO] loading userlist from tenant P2V_UPDATE
[2024-08-06 12:19:19] - [INFO] loading userlist from tenant P2V_TRAINING
[2024-08-06 12:20:13] - [INFO] [WW/adminx449222] started check_userprofile -xkey STEFAN377
[2024-08-06 12:20:13] - [INFO] [WW/adminx449222] on [SOMVAT502676] started [check_userprofile]
[2024-08-06 12:20:28] - [INFO] [WW/adminx449222] started check_userprofile -xkey STEPHAN27
[2024-08-06 12:20:28] - [INFO] [WW/adminx449222] on [SOMVAT502676] started [check_userprofile]
[2024-08-06 12:20:39] - [INFO] [WW/adminx449222] started P2V_sync_user -xkey STEPHAN27
[2024-08-06 12:20:43] - [INFO] loading userlist from tenant P2V_PRODTEST
[2024-08-06 12:20:54] - [INFO] loading userlist from tenant P2V-PROD
[2024-08-06 12:21:05] - [INFO] loading userlist from tenant P2V_BENCHMARK
[2024-08-06 12:21:14] - [INFO] loading userlist from tenant P2V_DEMO
[2024-08-06 12:21:24] - [INFO] loading userlist from tenant P2V_TEST
[2024-08-06 12:21:33] - [INFO] loading userlist from tenant P2V_UPDATE
[2024-08-06 12:21:49] - [INFO] loading userlist from tenant P2V_TRAINING
[2024-08-06 12:24:35] - [INFO] [WW/adminx449222] started check_userprofile -xkey STEPHAN27
[2024-08-06 12:24:35] - [INFO] [WW/adminx449222] on [SOMVAT502676] started [check_userprofile]
[2024-08-06 12:24:54] - [INFO] [WW/adminx449222] started P2V_lock_user -xkey STEPHAN27
[2024-08-06 12:24:58] - [INFO] loading userlist from tenant P2V_PRODTEST
[2024-08-06 12:25:07] - [INFO] loading userlist from tenant P2V-PROD
[2024-08-06 12:25:19] - [INFO] loading userlist from tenant P2V_BENCHMARK
[2024-08-06 12:25:28] - [INFO] loading userlist from tenant P2V_DEMO
[2024-08-06 12:25:36] - [INFO] loading userlist from tenant P2V_TEST
[2024-08-06 12:25:45] - [INFO] loading userlist from tenant P2V_UPDATE
[2024-08-06 12:25:53] - [INFO] loading userlist from tenant P2V_TRAINING
[2024-08-06 12:26:17] - [INFO] [WW/adminx449222] started check_userprofile -xkey STEPHAN27
[2024-08-06 12:26:17] - [INFO] [WW/adminx449222] on [SOMVAT502676] started [check_userprofile]
[2024-08-06 12:26:54] - [INFO] [WW/adminx449222] started check_userprofile -xkey X01007679
[2024-08-06 12:26:54] - [INFO] [WW/adminx449222] on [SOMVAT502676] started [check_userprofile]
[2024-08-06 12:27:05] - [INFO] [WW/adminx449222] started P2V_sync_user -xkey X01007679
[2024-08-06 12:27:09] - [INFO] loading userlist from tenant P2V_PRODTEST
[2024-08-06 12:27:22] - [INFO] loading userlist from tenant P2V-PROD
[2024-08-06 12:27:33] - [INFO] loading userlist from tenant P2V_BENCHMARK
[2024-08-06 12:27:42] - [INFO] loading userlist from tenant P2V_DEMO
[2024-08-06 12:27:51] - [INFO] loading userlist from tenant P2V_TEST
[2024-08-06 12:28:01] - [INFO] loading userlist from tenant P2V_UPDATE
[2024-08-06 12:28:11] - [INFO] loading userlist from tenant P2V_TRAINING
[2024-08-06 12:28:47] - [INFO] [WW/adminx449222] started P2V_lock_user -xkey X01007679
[2024-08-06 12:28:51] - [INFO] loading userlist from tenant P2V_PRODTEST
[2024-08-06 12:29:00] - [INFO] loading userlist from tenant P2V-PROD
[2024-08-06 12:29:12] - [INFO] loading userlist from tenant P2V_BENCHMARK
[2024-08-06 12:29:22] - [INFO] loading userlist from tenant P2V_DEMO
[2024-08-06 12:29:31] - [INFO] loading userlist from tenant P2V_TEST
[2024-08-06 12:29:40] - [INFO] loading userlist from tenant P2V_UPDATE
[2024-08-06 12:29:48] - [INFO] loading userlist from tenant P2V_TRAINING
[2024-08-06 12:30:58] - [INFO] [WW/adminx449222] started P2V_sync_user -xkey X01008532
[2024-08-06 12:31:02] - [INFO] loading userlist from tenant P2V_PRODTEST
[2024-08-06 12:34:23] - [INFO] loading userlist from tenant P2V-PROD
[2024-08-06 12:34:33] - [INFO] loading userlist from tenant P2V_BENCHMARK
[2024-08-06 12:34:42] - [INFO] loading userlist from tenant P2V_DEMO
[2024-08-06 12:34:51] - [INFO] loading userlist from tenant P2V_TEST
[2024-08-06 12:35:00] - [INFO] loading userlist from tenant P2V_UPDATE
[2024-08-06 12:35:16] - [INFO] loading userlist from tenant P2V_TRAINING
[2024-08-06 12:36:01] - [INFO] [WW/adminx449222] started check_userprofile -xkey X01008532
[2024-08-06 12:36:01] - [INFO] [WW/adminx449222] on [SOMVAT502676] started [check_userprofile]
[2024-08-06 12:37:33] - [INFO] [WW/adminx449222] started P2V_sync_user -xkey ALEXANDRU170
[2024-08-06 12:37:37] - [INFO] loading userlist from tenant P2V_PRODTEST
[2024-08-06 13:30:07] - [INFO] loading userlist from tenant P2V-PROD
[2024-08-06 13:30:17] - [INFO] loading userlist from tenant P2V_BENCHMARK
[2024-08-06 13:30:27] - [INFO] loading userlist from tenant P2V_DEMO
[2024-08-06 13:30:58] - [INFO] loading userlist from tenant P2V_TEST
[2024-08-06 13:31:07] - [INFO] loading userlist from tenant P2V_UPDATE
[2024-08-06 13:31:38] - [INFO] loading userlist from tenant P2V_TRAINING
[2024-08-06 13:33:51] - [INFO] [WW/adminx449222] started P2V_sync_user -xkey X01011210
[2024-08-06 13:33:56] - [INFO] loading userlist from tenant P2V_PRODTEST
[2024-08-06 13:34:06] - [INFO] loading userlist from tenant P2V-PROD
[2024-08-06 13:34:14] - [INFO] loading userlist from tenant P2V_BENCHMARK
[2024-08-06 13:34:23] - [INFO] loading userlist from tenant P2V_DEMO
[2024-08-06 13:34:32] - [INFO] loading userlist from tenant P2V_TEST
[2024-08-06 13:34:39] - [INFO] loading userlist from tenant P2V_UPDATE
[2024-08-06 13:36:16] - [INFO] loading userlist from tenant P2V_TRAINING
[2024-08-06 13:48:48] - [INFO] [WW/adminx449222] started P2V_lock_user -xkey X01011210
[2024-08-06 13:48:54] - [INFO] loading userlist from tenant P2V_PRODTEST
[2024-08-06 13:49:03] - [INFO] loading userlist from tenant P2V-PROD
[2024-08-06 13:49:11] - [INFO] loading userlist from tenant P2V_BENCHMARK
[2024-08-06 13:49:20] - [INFO] loading userlist from tenant P2V_DEMO
[2024-08-06 13:49:29] - [INFO] loading userlist from tenant P2V_TEST
[2024-08-06 13:49:37] - [INFO] loading userlist from tenant P2V_UPDATE
[2024-08-06 14:01:26] - [INFO] loading userlist from tenant P2V_TRAINING
[2024-08-06 14:02:34] - [INFO] [WW/adminx449222] started check_userprofile -xkey X01022584
[2024-08-06 14:02:34] - [INFO] [WW/adminx449222] on [SOMVAT502676] started [check_userprofile]
[2024-08-06 14:03:12] - [INFO] [WW/adminx449222] started P2V_sync_user -xkey X01022584
[2024-08-06 14:03:16] - [INFO] loading userlist from tenant P2V_PRODTEST
[2024-08-06 14:03:24] - [INFO] loading userlist from tenant P2V_PRODTEST  [7.5269423 s]
[2024-08-06 14:03:30] - [INFO] loading userlist from tenant P2V-PROD
[2024-08-06 14:03:37] - [INFO] loading userlist from tenant P2V-PROD  [6.9923923 s]
[2024-08-06 14:03:38] - [INFO] loading userlist from tenant P2V_BENCHMARK
[2024-08-06 14:03:46] - [INFO] loading userlist from tenant P2V_BENCHMARK  [7.5587515 s]
[2024-08-06 14:03:46] - [INFO] loading userlist from tenant P2V_DEMO
[2024-08-06 14:03:59] - [INFO] loading userlist from tenant P2V_DEMO  [12.653187 s]
[2024-08-06 14:04:01] - [INFO] loading userlist from tenant P2V_TEST
[2024-08-06 14:04:08] - [INFO] loading userlist from tenant P2V_TEST  [7.3825553 s]
[2024-08-06 14:04:09] - [INFO] loading userlist from tenant P2V_UPDATE
[2024-08-06 14:04:16] - [INFO] loading userlist from tenant P2V_UPDATE  [7.4068456 s]
[2024-08-06 14:04:17] - [INFO] loading userlist from tenant P2V_TRAINING
[2024-08-06 14:04:25] - [INFO] loading userlist from tenant P2V_TRAINING  [8.4113516 s]
[2024-08-06 14:04:58] - [INFO] [WW/adminx449222] started check_userprofile -xkey X012753
[2024-08-06 14:04:58] - [INFO] [WW/adminx449222] on [SOMVAT502676] started [check_userprofile]
[2024-08-06 14:05:54] - [INFO] [WW/adminx449222] started P2V_sync_user -xkey X012753
[2024-08-06 14:06:02] - [INFO] loading userlist from tenant P2V_PRODTEST
[2024-08-06 14:06:10] - [INFO] loading userlist from tenant P2V_PRODTEST  [8.3705357 s]
[2024-08-06 14:06:15] - [INFO] loading userlist from tenant P2V-PROD
[2024-08-06 14:06:22] - [INFO] loading userlist from tenant P2V-PROD  [7.5282847 s]
[2024-08-06 14:06:23] - [INFO] loading userlist from tenant P2V_BENCHMARK
[2024-08-06 14:06:33] - [INFO] loading userlist from tenant P2V_BENCHMARK  [9.9088622 s]
[2024-08-06 14:06:34] - [INFO] loading userlist from tenant P2V_DEMO
[2024-08-06 14:06:42] - [INFO] loading userlist from tenant P2V_DEMO  [8.7425221 s]
[2024-08-06 14:06:43] - [INFO] loading userlist from tenant P2V_TEST
[2024-08-06 14:06:52] - [INFO] loading userlist from tenant P2V_TEST  [8.6357428 s]
[2024-08-06 14:06:53] - [INFO] loading userlist from tenant P2V_UPDATE
[2024-08-06 14:07:09] - [INFO] loading userlist from tenant P2V_UPDATE  [16.2177001 s]
[2024-08-06 14:07:11] - [INFO] loading userlist from tenant P2V_TRAINING
[2024-08-06 14:07:19] - [INFO] loading userlist from tenant P2V_TRAINING  [8.1015722 s]
[2024-08-06 14:08:34] - [INFO] [WW/adminx449222] started check_userprofile -xkey X01011210
[2024-08-06 14:08:34] - [INFO] [WW/adminx449222] on [SOMVAT502676] started [check_userprofile]
[2024-08-06 14:09:54] - [INFO] [WW/adminx449222] started P2V_sync_user -xkey X450367
[2024-08-06 14:10:07] - [INFO] loading userlist from tenant P2V_PRODTEST  [7.6673307 s]
[2024-08-06 14:10:17] - [INFO] loading userlist from tenant P2V-PROD  [7.130667 s]
[2024-08-06 14:10:25] - [INFO] loading userlist from tenant P2V_BENCHMARK  [7.6984259 s]
[2024-08-06 14:10:34] - [INFO] loading userlist from tenant P2V_DEMO  [7.9006102 s]
[2024-08-06 14:10:42] - [INFO] loading userlist from tenant P2V_TEST  [7.6775443 s]
[2024-08-06 14:13:54] - [INFO] loading userlist from tenant P2V_UPDATE  [191.1103918 s]
[2024-08-06 14:14:03] - [INFO] loading userlist from tenant P2V_TRAINING  [7.4354165 s]
[2024-08-06 14:20:02] - [INFO] [WW/adminx449222] started P2V_sync_user -xkey X450753
[2024-08-06 14:20:14] - [INFO] loading userlist from tenant P2V_PRODTEST  [7.5560182 s]
[2024-08-06 14:20:35] - [INFO] loading userlist from tenant P2V-PROD  [6.8440215 s]
[2024-08-06 14:20:43] - [INFO] loading userlist from tenant P2V_BENCHMARK  [7.6385151 s]
[2024-08-06 14:21:06] - [INFO] loading userlist from tenant P2V_DEMO  [21.8385561 s]
[2024-08-06 14:24:02] - [INFO] loading userlist from tenant P2V_TEST  [7.5372381 s]
[2024-08-06 14:24:14] - [INFO] loading userlist from tenant P2V_UPDATE  [10.8342933 s]
[2024-08-06 14:24:24] - [INFO] loading userlist from tenant P2V_TRAINING  [8.7619487 s]
[2024-08-06 14:25:09] - [INFO] [WW/adminx449222] started P2V_sync_user -xkey X450774
[2024-08-06 14:25:22] - [INFO] loading userlist from tenant P2V_PRODTEST  [8.4067316 s]
[2024-08-06 14:25:34] - [INFO] loading userlist from tenant P2V-PROD  [9.0531149 s]
[2024-08-06 14:25:46] - [INFO] loading userlist from tenant P2V_BENCHMARK  [11.5223702 s]
[2024-08-06 14:25:55] - [INFO] loading userlist from tenant P2V_DEMO  [7.9769401 s]
[2024-08-06 14:26:04] - [INFO] loading userlist from tenant P2V_TEST  [7.7329555 s]
[2024-08-06 14:26:20] - [INFO] loading userlist from tenant P2V_UPDATE  [15.2557552 s]
[2024-08-06 14:26:29] - [INFO] loading userlist from tenant P2V_TRAINING  [9.0064961 s]
[2024-08-06 14:29:53] - [INFO] [WW/adminx449222] started P2V_sync_user -xkey X451861
[2024-08-06 14:30:06] - [INFO] loading userlist from tenant P2V_PRODTEST  [8.5486727 s]
[2024-08-06 14:30:32] - [INFO] loading userlist from tenant P2V-PROD  [9.4606449 s]
[2024-08-06 14:30:41] - [INFO] loading userlist from tenant P2V_BENCHMARK  [8.3425941 s]
[2024-08-06 14:30:49] - [INFO] loading userlist from tenant P2V_DEMO  [7.8388313 s]
[2024-08-06 14:31:07] - [INFO] loading userlist from tenant P2V_TEST  [17.1841503 s]
[2024-08-06 14:31:24] - [INFO] loading userlist from tenant P2V_UPDATE  [16.0225272 s]
[2024-08-06 14:31:34] - [INFO] loading userlist from tenant P2V_TRAINING  [8.1083827 s]
[2024-08-06 14:32:14] - [INFO] [WW/adminx449222] started P2V_sync_user -xkey X451861
[2024-08-06 14:33:15] - [INFO] [WW/adminx449222] started P2V_sync_user -xkey X451861
[2024-08-06 14:33:35] - [INFO] loading userlist from tenant P2V_PRODTEST  [15.1552444 s]
[2024-08-06 14:33:47] - [INFO] loading userlist from tenant P2V-PROD  [7.6589007 s]
[2024-08-06 14:33:55] - [INFO] loading userlist from tenant P2V_BENCHMARK  [8.3193221 s]
[2024-08-06 14:35:00] - [INFO] loading userlist from tenant P2V_DEMO  [64.4115044 s]
[2024-08-06 14:35:35] - [INFO] loading userlist from tenant P2V_TEST  [34.9387369 s]
[2024-08-06 14:36:19] - [INFO] loading userlist from tenant P2V_UPDATE  [43.9350158 s]
[2024-08-06 14:36:27] - [INFO] loading userlist from tenant P2V_TRAINING  [7.570504 s]
[2024-08-06 14:36:42] - [INFO] [WW/adminx449222] started check_userprofile -xkey X449593
[2024-08-06 14:36:42] - [INFO] [WW/adminx449222] on [SOMVAT502676] started [check_userprofile]
[2024-08-06 14:37:10] - [INFO] [WW/adminx449222] started P2V_sync_user -xkey X449593
[2024-08-06 16:30:21] - [INFO] [WW/adminx449222] started P2V_sync_user -xkey X449593
[2024-08-06 16:30:35] - [INFO] loading userlist from tenant P2V_PRODTEST  [6.8671822 s]
[2024-08-06 16:30:48] - [INFO] loading userlist from tenant P2V-PROD  [7.9141834 s]
[2024-08-06 16:30:55] - [INFO] loading userlist from tenant P2V_BENCHMARK  [6.8801347 s]
[2024-08-06 16:31:03] - [INFO] loading userlist from tenant P2V_DEMO  [6.9330231 s]
[2024-08-06 16:31:12] - [INFO] loading userlist from tenant P2V_TEST  [8.1466784 s]
[2024-08-06 16:31:26] - [INFO] loading userlist from tenant P2V_UPDATE  [13.995085 s]
[2024-08-06 16:31:36] - [INFO] loading userlist from tenant P2V_TRAINING  [7.6309704 s]
[2024-08-06 16:32:14] - [INFO] [WW/adminx449222] started P2V_sync_user -xkey OLIVER30
[2024-08-06 16:32:26] - [INFO] loading userlist from tenant P2V_PRODTEST  [7.4125692 s]
[2024-08-06 16:32:40] - [INFO] loading userlist from tenant P2V-PROD  [7.8458737 s]
[2024-08-06 16:32:48] - [INFO] loading userlist from tenant P2V_BENCHMARK  [7.3977257 s]
[2024-08-06 16:32:59] - [INFO] loading userlist from tenant P2V_DEMO  [7.5010713 s]
[2024-08-06 16:33:08] - [INFO] loading userlist from tenant P2V_TEST  [7.9145506 s]
[2024-08-06 16:33:24] - [INFO] loading userlist from tenant P2V_UPDATE  [14.9597512 s]
[2024-08-06 16:33:34] - [INFO] loading userlist from tenant P2V_TRAINING  [8.563614 s]
[2024-08-06 16:39:56] - [INFO] [WW/adminx449222] started P2V_lock_user -xkey OLIVER30
[2024-08-06 16:40:01] - [INFO] [WW/adminx449222] started P2V_sync_user -xkey OLIVER30
[2024-08-06 16:40:13] - [INFO] loading userlist from tenant P2V_PRODTEST  [6.9685075 s]
[2024-08-06 16:40:23] - [INFO] loading userlist from tenant P2V-PROD  [7.1635022 s]
[2024-08-06 16:40:30] - [INFO] loading userlist from tenant P2V_BENCHMARK  [6.8268264 s]
[2024-08-06 16:40:37] - [INFO] loading userlist from tenant P2V_DEMO  [6.7334986 s]
[2024-08-06 16:40:44] - [INFO] loading userlist from tenant P2V_TEST  [7.105498 s]
[2024-08-06 16:40:51] - [INFO] loading userlist from tenant P2V_UPDATE  [6.6047073 s]
[2024-08-06 16:40:58] - [INFO] loading userlist from tenant P2V_TRAINING  [6.770127 s]
[2024-08-06 17:01:28] - [INFO] [WW/adminx449222] started P2V_sync_user -xkey X01000994
[2024-08-06 17:01:39] - [INFO] loading userlist from tenant P2V_PRODTEST  [7.3519504 s]
[2024-08-06 17:01:56] - [INFO] loading userlist from tenant P2V-PROD  [8.1264235 s]
[2024-08-06 17:02:04] - [INFO] loading userlist from tenant P2V_BENCHMARK  [7.2935958 s]
[2024-08-06 17:02:12] - [INFO] loading userlist from tenant P2V_DEMO  [7.0355023 s]
[2024-08-06 17:02:20] - [INFO] loading userlist from tenant P2V_TEST  [7.626461 s]
[2024-08-06 17:02:21] - [INFO] loading userlist from tenant PETROVR  [0.0329698 s]
[2024-08-06 17:02:29] - [INFO] loading userlist from tenant P2V_UPDATE  [7.8148602 s]
[2024-08-06 17:02:37] - [INFO] loading userlist from tenant P2V_TRAINING  [7.280095 s]
[2024-08-06 17:04:47] - [INFO] [WW/adminx449222] started P2V_sync_user -xkey X01000994
[2024-08-06 17:05:00] - [INFO] loading userlist from tenant P2V_PRODTEST  [7.9168562 s]
[2024-08-06 17:05:13] - [INFO] loading userlist from tenant P2V-PROD  [8.9507189 s]
[2024-08-06 17:05:21] - [INFO] loading userlist from tenant P2V_BENCHMARK  [7.7674545 s]
[2024-08-06 17:05:28] - [INFO] loading userlist from tenant P2V_DEMO  [6.9802102 s]
[2024-08-06 17:05:35] - [INFO] loading userlist from tenant P2V_TEST  [6.8224849 s]
[2024-08-06 17:16:41] - [INFO] [WW/adminx449222] started check_userprofile -xkey X01000994
[2024-08-06 17:16:41] - [INFO] [WW/adminx449222] on [SOMVAT502676] started [check_userprofile]
[2024-08-06 17:18:18] - [INFO] [WW/adminx449222] started check_userprofile -xkey X01000994
[2024-08-06 17:18:18] - [INFO] [WW/adminx449222] on [SOMVAT502676] started [check_userprofile]
[2024-08-06 17:18:29] - [INFO] [WW/adminx449222] started check_userprofile -xkey X01000994
[2024-08-06 17:18:29] - [INFO] [WW/adminx449222] on [SOMVAT502676] started [check_userprofile]
[2024-08-06 17:52:55] - [INFO] [WW/adminx449222] started check_userprofile -xkey X01000994
[2024-08-06 17:52:55] - [INFO] [WW/adminx449222] on [SOMVAT502676] started [check_userprofile]
[2024-08-06 18:00:50] - [INFO] [WW/adminx449222] started check_userprofile -xkey X01000994
[2024-08-06 18:00:50] - [INFO] [WW/adminx449222] on [SOMVAT502676] started [check_userprofile]
[2024-08-06 18:01:15] - [INFO] [WW/adminx449222] started check_userprofile -xkey X449222
[2024-08-06 18:01:15] - [INFO] [WW/adminx449222] on [SOMVAT502676] started [check_userprofile]
[2024-08-06 18:12:52] - [INFO] [WW/adminx449222] started check_userprofile -xkey X449222
[2024-08-06 18:12:53] - [INFO] [WW/adminx449222] on [SOMVAT502676] started [check_userprofile]
[2024-08-06 18:13:03] - [INFO] [WW/adminx449222] started P2V_sync_user -xkey X449222
[2024-08-06 18:13:14] - [INFO] loading userlist from tenant P2V_PRODTEST  [6.3642777 s]
[2024-08-06 18:15:59] - [INFO] loading userlist from tenant P2V-PROD  [8.5236939 s]
[2024-08-06 18:16:07] - [INFO] loading userlist from tenant P2V_BENCHMARK  [6.9204643 s]
[2024-08-06 18:16:15] - [INFO] loading userlist from tenant P2V_DEMO  [6.7884979 s]
[2024-08-06 18:16:23] - [INFO] loading userlist from tenant P2V_TEST  [7.3390581 s]
[2024-08-06 18:16:36] - [INFO] loading userlist from tenant P2V_UPDATE  [13.0637337 s]
[2024-08-06 18:16:45] - [INFO] loading userlist from tenant P2V_TRAINING  [6.9464376 s]
[2024-08-06 18:26:32] - [INFO] [WW/adminx449222] started P2V_sync_user -xkey X01000994
[2024-08-06 18:26:44] - [INFO] loading userlist from tenant P2V_PRODTEST  [7.1300515 s]
[2024-08-06 18:34:02] - [INFO] loading userlist from tenant P2V-PROD  [8.1156873 s]
[2024-08-06 18:34:10] - [INFO] loading userlist from tenant P2V_BENCHMARK  [7.0285242 s]
[2024-08-06 18:40:00] - [INFO] loading userlist from tenant P2V_DEMO  [7.7914901 s]
[2024-08-06 18:40:08] - [INFO] loading userlist from tenant P2V_TEST  [7.6685369 s]
[2024-08-06 18:40:15] - [INFO] loading userlist from tenant P2V_UPDATE  [6.9545125 s]
[2024-08-06 18:40:23] - [INFO] loading userlist from tenant P2V_TRAINING  [7.7902311 s]
[2024-08-06 18:45:43] - [INFO] [WW/adminx449222] started check_userprofile -xkey X01024067
[2024-08-06 18:45:43] - [INFO] [WW/adminx449222] on [SOMVAT502676] started [check_userprofile]
[2024-08-06 18:45:52] - [INFO] [WW/adminx449222] started P2V_sync_user -xkey X01024067
[2024-08-06 18:46:04] - [INFO] loading userlist from tenant P2V_PRODTEST  [6.9872838 s]
[2024-08-06 18:46:15] - [INFO] loading userlist from tenant P2V-PROD  [8.0985613 s]
[2024-08-06 18:46:24] - [INFO] loading userlist from tenant P2V_BENCHMARK  [8.2542604 s]
[2024-08-06 18:50:57] - [INFO] [WW/adminx449222] started P2V_sync_user -xkey X449222
[2024-08-06 18:51:01] - [INFO] [P2V_PRODTEST] , [] , [08/06/2024 18:51:01] 
[2024-08-06 18:51:08] - [INFO] loading userlist from tenant P2V_PRODTEST  [7.0054953 s]
[2024-08-06 18:51:12] - [INFO] [P2V-PROD] , [] , [08/06/2024 18:51:12] 
[2024-08-06 18:51:20] - [INFO] loading userlist from tenant P2V-PROD  [7.7901038 s]
[2024-08-06 18:51:20] - [INFO] [P2V_BENCHMARK] , [] , [08/06/2024 18:51:20] 
[2024-08-06 18:51:27] - [INFO] loading userlist from tenant P2V_BENCHMARK  [6.8279299 s]
[2024-08-06 18:51:27] - [INFO] [P2V_DEMO] , [] , [08/06/2024 18:51:27] 
[2024-08-06 18:51:34] - [INFO] loading userlist from tenant P2V_DEMO  [6.9793215 s]
[2024-08-06 18:51:34] - [INFO] [P2V_TEST] , [] , [08/06/2024 18:51:34] 
[2024-08-06 18:51:41] - [INFO] loading userlist from tenant P2V_TEST  [7.1167215 s]
[2024-08-06 18:51:41] - [INFO] [P2V_UPDATE] , [] , [08/06/2024 18:51:41] 
[2024-08-06 18:51:48] - [INFO] loading userlist from tenant P2V_UPDATE  [7.0121255 s]
[2024-08-06 18:51:48] - [INFO] [P2V_TRAINING] , [] , [08/06/2024 18:51:48] 
[2024-08-06 18:51:55] - [INFO] loading userlist from tenant P2V_TRAINING  [7.0451587 s]
[2024-08-06 18:59:03] - [INFO] [WW/adminx449222] started P2V_sync_user -xkey X01024067
[2024-08-06 18:59:07] - [INFO] [P2V_PRODTEST] , [08/06/2024 18:51:01] , [08/06/2024 18:59:07] 
[2024-08-06 18:59:17] - [INFO] [P2V-PROD] , [08/06/2024 18:51:12] , [08/06/2024 18:59:17] 
[2024-08-06 18:59:18] - [INFO] [P2V_BENCHMARK] , [08/06/2024 18:51:20] , [08/06/2024 18:59:18] 
[2024-08-06 18:59:18] - [INFO] [P2V_DEMO] , [08/06/2024 18:51:27] , [08/06/2024 18:59:18] 
[2024-08-06 18:59:18] - [INFO] [P2V_TEST] , [08/06/2024 18:51:34] , [08/06/2024 18:59:18] 
[2024-08-06 18:59:18] - [INFO] [P2V_UPDATE] , [08/06/2024 18:51:41] , [08/06/2024 18:59:18] 
[2024-08-06 18:59:18] - [INFO] [P2V_TRAINING] , [08/06/2024 18:51:48] , [08/06/2024 18:59:18] 
[2024-08-06 18:59:35] - [INFO] [WW/adminx449222] started P2V_lock_user -xkey X01024067
[2024-08-06 18:59:39] - [INFO] [P2V_PRODTEST] , [08/06/2024 18:51:01] , [08/06/2024 18:59:39] 
[2024-08-06 18:59:40] - [INFO] [P2V-PROD] , [08/06/2024 18:51:12] , [08/06/2024 18:59:40] 
[2024-08-06 18:59:41] - [INFO] [P2V_BENCHMARK] , [08/06/2024 18:51:20] , [08/06/2024 18:59:41] 
[2024-08-06 18:59:41] - [INFO] [P2V_DEMO] , [08/06/2024 18:51:27] , [08/06/2024 18:59:41] 
[2024-08-06 18:59:42] - [INFO] [P2V_TEST] , [08/06/2024 18:51:34] , [08/06/2024 18:59:42] 
[2024-08-06 18:59:42] - [INFO] [P2V_UPDATE] , [08/06/2024 18:51:41] , [08/06/2024 18:59:42] 
[2024-08-06 18:59:44] - [INFO] [P2V_TRAINING] , [08/06/2024 18:51:48] , [08/06/2024 18:59:44] 
[2024-08-06 19:00:40] - [INFO] [WW/adminx449222] started P2V_sync_user -xkey X01024385
[2024-08-06 19:00:45] - [INFO] [P2V_PRODTEST] , [08/06/2024 18:51:01] , [08/06/2024 19:00:45] 
[2024-08-06 19:00:48] - [INFO] [P2V-PROD] , [08/06/2024 18:51:12] , [08/06/2024 19:00:48] 
[2024-08-06 19:00:49] - [INFO] [P2V_BENCHMARK] , [08/06/2024 18:51:20] , [08/06/2024 19:00:49] 
[2024-08-06 19:00:49] - [INFO] [P2V_DEMO] , [08/06/2024 18:51:27] , [08/06/2024 19:00:49] 
[2024-08-06 19:00:50] - [INFO] [P2V_TEST] , [08/06/2024 18:51:34] , [08/06/2024 19:00:50] 
[2024-08-06 19:00:51] - [INFO] [P2V_UPDATE] , [08/06/2024 18:51:41] , [08/06/2024 19:00:51] 
[2024-08-06 19:00:52] - [INFO] [P2V_TRAINING] , [08/06/2024 18:51:48] , [08/06/2024 19:00:52] 
[2024-08-06 19:00:56] - [INFO] [WW/adminx449222] started P2V_lock_user -xkey X01024385
[2024-08-06 19:01:01] - [INFO] [P2V_PRODTEST] , [08/06/2024 18:51:01] , [08/06/2024 19:01:01] 
[2024-08-06 19:01:09] - [INFO] loading userlist from tenant P2V_PRODTEST  [7.3605188 s]
[2024-08-06 19:01:09] - [INFO] [P2V-PROD] , [08/06/2024 18:51:12] , [08/06/2024 19:01:09] 
[2024-08-06 19:01:10] - [INFO] [P2V_BENCHMARK] , [08/06/2024 18:51:20] , [08/06/2024 19:01:10] 
[2024-08-06 19:01:10] - [INFO] [P2V_DEMO] , [08/06/2024 18:51:27] , [08/06/2024 19:01:10] 
[2024-08-06 19:01:11] - [INFO] [P2V_TEST] , [08/06/2024 18:51:34] , [08/06/2024 19:01:11] 
[2024-08-06 19:01:12] - [INFO] [P2V_UPDATE] , [08/06/2024 18:51:41] , [08/06/2024 19:01:12] 
[2024-08-06 19:01:13] - [INFO] [P2V_TRAINING] , [08/06/2024 18:51:48] , [08/06/2024 19:01:13] 
[2024-08-06 19:02:30] - [INFO] [WW/adminx449222] started P2V_sync_user -xkey REIDAR1
[2024-08-06 19:02:33] - [INFO] [P2V_PRODTEST] , [08/06/2024 19:01:01] , [08/06/2024 19:02:33] 
[2024-08-06 19:02:42] - [INFO] [P2V-PROD] , [08/06/2024 18:51:12] , [08/06/2024 19:02:42] 
[2024-08-06 19:02:51] - [INFO] loading userlist from tenant P2V-PROD  [9.5155537 s]
[2024-08-06 19:02:52] - [INFO] [P2V_BENCHMARK] , [08/06/2024 18:51:20] , [08/06/2024 19:02:52] 
[2024-08-06 19:03:00] - [INFO] loading userlist from tenant P2V_BENCHMARK  [7.6095877 s]
[2024-08-06 19:03:00] - [INFO] [P2V_DEMO] , [08/06/2024 18:51:27] , [08/06/2024 19:03:00] 
[2024-08-06 19:03:08] - [INFO] loading userlist from tenant P2V_DEMO  [7.7635526 s]
[2024-08-06 19:03:09] - [INFO] [P2V_TEST] , [08/06/2024 18:51:34] , [08/06/2024 19:03:09] 
[2024-08-06 19:03:16] - [INFO] loading userlist from tenant P2V_TEST  [7.256525 s]
[2024-08-06 19:03:17] - [INFO] [P2V_UPDATE] , [08/06/2024 18:51:41] , [08/06/2024 19:03:17] 
[2024-08-06 19:03:30] - [INFO] loading userlist from tenant P2V_UPDATE  [13.1452722 s]
[2024-08-06 19:03:31] - [INFO] [P2V_TRAINING] , [08/06/2024 18:51:48] , [08/06/2024 19:03:31] 
[2024-08-06 19:03:40] - [INFO] loading userlist from tenant P2V_TRAINING  [8.3743887 s]
[2024-08-06 19:04:51] - [INFO] [WW/adminx449222] started P2V_sync_user -xkey REIDAR1
[2024-08-06 19:04:57] - [INFO] [P2V_PRODTEST] , [] , [08/06/2024 19:04:57] , [] 
[2024-08-06 19:05:03] - [INFO] loading userlist from tenant P2V_PRODTEST  [6.7252917 s]
[2024-08-06 19:11:14] - [INFO] [P2V-PROD] , [] , [08/06/2024 19:11:14] , [] 
[2024-08-06 19:11:21] - [INFO] loading userlist from tenant P2V-PROD  [7.5097218 s]
[2024-08-06 19:11:21] - [INFO] [P2V_BENCHMARK] , [] , [08/06/2024 19:11:21] , [] 
[2024-08-06 19:11:28] - [INFO] loading userlist from tenant P2V_BENCHMARK  [6.9968804 s]
[2024-08-06 19:11:28] - [INFO] [P2V_DEMO] , [] , [08/06/2024 19:11:28] , [] 
[2024-08-06 19:11:36] - [INFO] loading userlist from tenant P2V_DEMO  [7.0998247 s]
[2024-08-06 19:11:36] - [INFO] [P2V_TEST] , [] , [08/06/2024 19:11:36] , [] 
[2024-08-06 19:11:43] - [INFO] loading userlist from tenant P2V_TEST  [6.9852865 s]
[2024-08-06 19:11:43] - [INFO] [P2V_UPDATE] , [] , [08/06/2024 19:11:43] , [] 
[2024-08-06 19:11:56] - [INFO] loading userlist from tenant P2V_UPDATE  [12.7430344 s]
[2024-08-06 19:11:56] - [INFO] [P2V_TRAINING] , [] , [08/06/2024 19:11:56] , [] 
[2024-08-06 19:12:04] - [INFO] loading userlist from tenant P2V_TRAINING  [7.9394451 s]
[2024-08-06 19:12:21] - [INFO] [WW/adminx449222] started P2V_lock_user -xkey REIDAR1
[2024-08-06 19:12:25] - [INFO] [P2V_PRODTEST] , [08/06/2024 19:04:57] , [08/06/2024 19:12:25] , [7.47780745666667] 
[2024-08-06 19:12:26] - [INFO] [P2V-PROD] , [08/06/2024 19:11:14] , [08/06/2024 19:12:26] , [1.20586396666667] 
[2024-08-06 19:12:27] - [INFO] [P2V_BENCHMARK] , [08/06/2024 19:11:21] , [08/06/2024 19:12:27] , [1.08708577833333] 
[2024-08-06 19:12:27] - [INFO] [P2V_DEMO] , [08/06/2024 19:11:28] , [08/06/2024 19:12:27] , [0.976471563333333] 
[2024-08-06 19:12:28] - [INFO] [P2V_TEST] , [08/06/2024 19:11:36] , [08/06/2024 19:12:28] , [0.8640419] 
[2024-08-06 19:12:28] - [INFO] [P2V_UPDATE] , [08/06/2024 19:11:43] , [08/06/2024 19:12:28] , [0.75412115] 
[2024-08-06 19:12:29] - [INFO] [P2V_TRAINING] , [08/06/2024 19:11:56] , [08/06/2024 19:12:29] , [0.559038191666667] 
[2024-08-06 19:12:43] - [INFO] [WW/adminx449222] started P2V_sync_user -xkey AHMAD14
[2024-08-06 19:12:48] - [INFO] [P2V_PRODTEST] , [08/06/2024 19:04:57] , [08/06/2024 19:12:48] , [7.848782335] 
[2024-08-06 19:12:50] - [INFO] [P2V-PROD] , [08/06/2024 19:11:14] , [08/06/2024 19:12:50] , [1.60880783166667] 
[2024-08-06 19:12:51] - [INFO] [P2V_BENCHMARK] , [08/06/2024 19:11:21] , [08/06/2024 19:12:51] , [1.49186969666667] 
[2024-08-06 19:12:52] - [INFO] [P2V_DEMO] , [08/06/2024 19:11:28] , [08/06/2024 19:12:52] , [1.38444516833333] 
[2024-08-06 19:12:52] - [INFO] [P2V_TEST] , [08/06/2024 19:11:36] , [08/06/2024 19:12:52] , [1.27439977333333] 
[2024-08-06 19:12:53] - [INFO] [P2V_UPDATE] , [08/06/2024 19:11:43] , [08/06/2024 19:12:53] , [1.16612907666667] 
[2024-08-06 19:12:54] - [INFO] [P2V_TRAINING] , [08/06/2024 19:11:56] , [08/06/2024 19:12:54] , [0.973946413333333] 
[2024-08-06 19:13:02] - [INFO] [WW/adminx449222] started P2V_lock_user -xkey AHMAD14
[2024-08-06 19:13:08] - [INFO] [P2V_PRODTEST] , [08/06/2024 19:04:57] , [08/06/2024 19:13:08] , [8.18696430833333] 
[2024-08-06 19:13:08] - [INFO] [P2V-PROD] , [08/06/2024 19:11:14] , [08/06/2024 19:13:08] , [1.913704055] 
[2024-08-06 19:13:09] - [INFO] [P2V_BENCHMARK] , [08/06/2024 19:11:21] , [08/06/2024 19:13:09] , [1.79472595666667] 
[2024-08-06 19:13:10] - [INFO] [P2V_DEMO] , [08/06/2024 19:11:28] , [08/06/2024 19:13:10] , [1.68451167] 
[2024-08-06 19:13:10] - [INFO] [P2V_TEST] , [08/06/2024 19:11:36] , [08/06/2024 19:13:10] , [1.57216568833333] 
[2024-08-06 19:13:11] - [INFO] [P2V_UPDATE] , [08/06/2024 19:11:43] , [08/06/2024 19:13:11] , [1.46317811] 
[2024-08-06 19:13:12] - [INFO] [P2V_TRAINING] , [08/06/2024 19:11:56] , [08/06/2024 19:13:12] , [1.26737831833333] 
[2024-08-06 19:14:25] - [INFO] [WW/adminx449222] started P2V_sync_user -xkey IAN006
[2024-08-06 19:14:29] - [INFO] [P2V_PRODTEST] , [08/06/2024 19:04:57] , [08/06/2024 19:14:29] , [9.53794249166667] 
[2024-08-06 19:18:10] - [INFO] [P2V-PROD] , [08/06/2024 19:11:14] , [08/06/2024 19:18:10] , [6.93643095] 
[2024-08-06 19:18:11] - [INFO] [P2V_BENCHMARK] , [08/06/2024 19:11:21] , [08/06/2024 19:18:11] , [6.82058634333333] 
[2024-08-06 19:18:11] - [INFO] [P2V_DEMO] , [08/06/2024 19:11:28] , [08/06/2024 19:18:11] , [6.712422495] 
[2024-08-06 19:18:12] - [INFO] [P2V_TEST] , [08/06/2024 19:11:36] , [08/06/2024 19:18:12] , [6.60246041666667] 
[2024-08-06 19:18:13] - [INFO] [P2V_UPDATE] , [08/06/2024 19:11:43] , [08/06/2024 19:18:13] , [6.49537225] 
[2024-08-06 19:18:14] - [INFO] [P2V_TRAINING] , [08/06/2024 19:11:56] , [08/06/2024 19:18:14] , [6.30345614] 
[2024-08-06 19:19:21] - [INFO] [WW/adminx449222] started P2V_sync_user -xkey JOHANNES43
[2024-08-06 19:19:26] - [INFO] [P2V_PRODTEST] , [08/06/2024 19:04:57] , [08/06/2024 19:19:26] , [14.48236589] 
[2024-08-06 19:19:33] - [INFO] loading userlist from tenant P2V_PRODTEST  [7.5181489 s]
[2024-08-06 19:19:38] - [INFO] [P2V-PROD] , [08/06/2024 19:11:14] , [08/06/2024 19:19:38] , [8.40731488166667] 
[2024-08-06 19:19:39] - [INFO] [P2V_BENCHMARK] , [08/06/2024 19:11:21] , [08/06/2024 19:19:39] , [8.29016997333333] 
[2024-08-06 19:19:39] - [INFO] [P2V_DEMO] , [08/06/2024 19:11:28] , [08/06/2024 19:19:39] , [8.18258952666667] 
[2024-08-06 19:19:40] - [INFO] [P2V_TEST] , [08/06/2024 19:11:36] , [08/06/2024 19:19:40] , [8.07269307] 
[2024-08-06 19:19:41] - [INFO] [P2V_UPDATE] , [08/06/2024 19:11:43] , [08/06/2024 19:19:41] , [7.96543907666667] 
[2024-08-06 19:19:42] - [INFO] [P2V_TRAINING] , [08/06/2024 19:11:56] , [08/06/2024 19:19:42] , [7.77352330166667] 
[2024-08-06 19:19:47] - [INFO] [WW/adminx449222] started P2V_lock_user -xkey JOHANNES43
[2024-08-06 19:19:51] - [INFO] [P2V_PRODTEST] , [08/06/2024 19:19:26] , [08/06/2024 19:19:51] , [0.425696475] 
[2024-08-06 19:19:52] - [INFO] [P2V-PROD] , [08/06/2024 19:11:14] , [08/06/2024 19:19:52] , [8.63583601333333] 
[2024-08-06 19:19:52] - [INFO] [P2V_BENCHMARK] , [08/06/2024 19:11:21] , [08/06/2024 19:19:52] , [8.51801871166667] 
[2024-08-06 19:19:53] - [INFO] [P2V_DEMO] , [08/06/2024 19:11:28] , [08/06/2024 19:19:53] , [8.40780382333333] 
[2024-08-06 19:19:54] - [INFO] [P2V_TEST] , [08/06/2024 19:11:36] , [08/06/2024 19:19:54] , [8.29535726] 
[2024-08-06 19:19:54] - [INFO] [P2V_UPDATE] , [08/06/2024 19:11:43] , [08/06/2024 19:19:54] , [8.18678389666667] 
[2024-08-06 19:19:56] - [INFO] [P2V_TRAINING] , [08/06/2024 19:11:56] , [08/06/2024 19:19:56] , [7.994550635] 
