[2024-10-25 12:54:01] - [INFO] [WW/adminx449222] started check_userprofile -xkey ANTHONY1
[2024-10-25 12:54:01] - [INFO] [WW/adminx449222] on [SOMVAT502676] started [check_userprofile]
[2024-10-25 13:10:18] - [INFO] [WW/adminx449222] started P2V_unlock_user -xkey ANTHONY1
[2024-10-25 13:10:24] - [INFO] [P2V_PRODTEST] , [] , [10/25/2024 13:10:24] , [] 
[2024-10-25 13:10:31] - [INFO] loading userlist from tenant P2V_PRODTEST  [6.9911584 s]
[2024-10-25 13:10:31] - [INFO] [P2V-PROD] , [] , [10/25/2024 13:10:31] , [] 
[2024-10-25 13:10:41] - [INFO] loading userlist from tenant P2V-PROD  [10.1073114 s]
[2024-10-25 13:10:42] - [INFO] [P2V_BENCHMARK] , [] , [10/25/2024 13:10:42] , [] 
[2024-10-25 13:10:49] - [INFO] loading userlist from tenant P2V_BENCHMARK  [6.6973234 s]
[2024-10-25 13:10:49] - [INFO] [P2V_DEMO] , [] , [10/25/2024 13:10:49] , [] 
[2024-10-25 13:10:57] - [INFO] loading userlist from tenant P2V_DEMO  [7.1498327 s]
[2024-10-25 13:10:57] - [INFO] [P2V_TEST] , [] , [10/25/2024 13:10:57] , [] 
[2024-10-25 13:11:05] - [INFO] loading userlist from tenant P2V_TEST  [7.6551348 s]
[2024-10-25 13:11:05] - [INFO] [P2V_UPDATE] , [] , [10/25/2024 13:11:05] , [] 
[2024-10-25 13:11:13] - [INFO] loading userlist from tenant P2V_UPDATE  [7.383268 s]
[2024-10-25 13:26:14] - [INFO] [WW/adminx449222] started check_userprofile -xkey ANTHONY1
[2024-10-25 13:26:14] - [INFO] [WW/adminx449222] on [SOMVAT502676] started [check_userprofile]
[2024-10-25 13:28:55] - [INFO] [WW/adminx449222] started P2V_sync_user -xkey ANTHONY1
[2024-10-25 13:29:01] - [INFO] [P2V-PROD] , [] , [10/25/2024 13:29:01] , [] 
[2024-10-25 13:29:12] - [INFO] loading userlist from tenant P2V-PROD  [10.1307138 s]
[2024-10-25 13:29:20] - [INFO] [P2V_BENCHMARK] , [] , [10/25/2024 13:29:20] , [] 
[2024-10-25 13:29:28] - [INFO] loading userlist from tenant P2V_BENCHMARK  [8.139436 s]
[2024-10-25 13:29:29] - [INFO] [P2V_DEMO] , [] , [10/25/2024 13:29:29] , [] 
[2024-10-25 13:29:38] - [INFO] loading userlist from tenant P2V_DEMO  [8.5244148 s]
[2024-10-25 13:29:39] - [INFO] [P2V_TEST] , [] , [10/25/2024 13:29:39] , [] 
[2024-10-25 13:29:47] - [INFO] loading userlist from tenant P2V_TEST  [8.3672756 s]
[2024-10-25 13:29:48] - [INFO] [P2V_UPDATE] , [] , [10/25/2024 13:29:48] , [] 
[2024-10-25 13:29:55] - [INFO] loading userlist from tenant P2V_UPDATE  [7.0716345 s]
[2024-10-25 13:29:56] - [INFO] [P2V_TRAINING] , [] , [10/25/2024 13:29:56] , [] 
[2024-10-25 13:30:05] - [INFO] loading userlist from tenant P2V_TRAINING  [9.3224694 s]
[2024-10-25 13:34:47] - [INFO] [WW/adminx449222] started check_userprofile -xkey ANTHONY1
[2024-10-25 13:34:47] - [INFO] [WW/adminx449222] on [SOMVAT502676] started [check_userprofile]
[2024-10-25 13:35:08] - [INFO] [WW/adminx449222] started P2V_unlock_user -xkey ANTHONY1
[2024-10-25 13:35:15] - [INFO] [P2V-PROD] , [10/25/2024 13:29:01] , [10/25/2024 13:35:15] , [6.23227291] 
[2024-10-25 13:35:16] - [INFO] [P2V_BENCHMARK] , [10/25/2024 13:29:20] , [10/25/2024 13:35:16] , [5.93453046166667] 
[2024-10-25 13:35:17] - [INFO] [P2V_DEMO] , [10/25/2024 13:29:29] , [10/25/2024 13:35:17] , [5.79300679] 
[2024-10-25 13:35:17] - [INFO] [P2V_TEST] , [10/25/2024 13:29:39] , [10/25/2024 13:35:17] , [5.64690710166667] 
[2024-10-25 13:35:18] - [INFO] [P2V_UPDATE] , [10/25/2024 13:29:48] , [10/25/2024 13:35:18] , [5.50300896] 
[2024-10-25 13:35:19] - [INFO] [P2V_TRAINING] , [10/25/2024 13:29:56] , [10/25/2024 13:35:19] , [5.38270424] 
[2024-10-25 13:35:36] - [INFO] [WW/adminx449222] started check_userprofile -xkey ANTHONY1
[2024-10-25 13:35:36] - [INFO] [WW/adminx449222] on [SOMVAT502676] started [check_userprofile]
[2024-10-25 15:08:33] - [INFO] [WW/adminx449222] started check_userprofile -xkey ANTHONY1
[2024-10-25 15:08:33] - [INFO] [WW/adminx449222] on [SOMVAT502676] started [check_userprofile]
[2024-10-25 15:19:00] - [INFO] [WW/adminx449222] started P2V_sync_user -xkey ANTHONY1
[2024-10-25 15:19:09] - [INFO] [P2V_UPDATE] , [10/25/2024 13:29:48] , [10/25/2024 15:19:09] , [109.35132397] 
[2024-10-25 15:19:17] - [INFO] loading userlist from tenant P2V_UPDATE  [7.8233726 s]
[2024-10-25 15:19:20] - [INFO] [P2V_TRAINING] , [10/25/2024 13:29:56] , [10/25/2024 15:19:20] , [109.413778676667] 
[2024-10-25 15:19:29] - [INFO] loading userlist from tenant P2V_TRAINING  [8.7947057 s]
