[2024-06-25 09:00:47] - [INFO] [WW/adminx449222] started P2V_export_AD_users 
[2024-06-25 09:00:47] - [INFO] [WW/adminx449222] on [SOMVAT502676] started [P2V_export_AD_users]
[2024-06-25 09:00:47] - [INFO] [\\somvat202005\PPS_share\P2V_scripts\output\P2V_SAMLusers_profiles_AUTO.csv] deleted
[2024-06-25 11:19:15] - [INFO] [WW/adminx449222] started check_userprofile -xkey TOR001
[2024-06-25 11:19:15] - [INFO] [WW/adminx449222] on [SOMVAT502676] started [check_userprofile]
[2024-06-25 11:20:25] - [INFO] [WW/adminx449222] started check_userprofile -xkey HICHEM1
[2024-06-25 11:20:25] - [INFO] [WW/adminx449222] on [SOMVAT502676] started [check_userprofile]
[2024-06-25 11:21:34] - [INFO] [WW/adminx449222] started check_userprofile -xkey PRISCILLA1
[2024-06-25 11:21:34] - [INFO] [WW/adminx449222] on [SOMVAT502676] started [check_userprofile]
[2024-06-25 11:21:55] - [INFO] [WW/adminx449222] started P2V_lock_user -xkey PRISCILLA1
[2024-06-25 11:22:01] - [INFO] loading userlist from tenant P2V_PRODTEST
[2024-06-25 11:22:16] - [INFO] loading userlist from tenant P2V-PROD
[2024-06-25 11:22:28] - [INFO] loading userlist from tenant P2V_BENCHMARK
[2024-06-25 11:22:43] - [INFO] loading userlist from tenant P2V_DEMO
[2024-06-25 11:22:59] - [INFO] loading userlist from tenant P2V_TEST
[2024-06-25 11:23:16] - [INFO] loading userlist from tenant P2V_UPDATE
[2024-06-25 11:23:31] - [INFO] loading userlist from tenant P2V_TRAINING
[2024-06-25 11:24:26] - [INFO] [WW/adminx449222] started check_userprofile -xkey PRISCILLA1
[2024-06-25 11:24:26] - [INFO] [WW/adminx449222] on [SOMVAT502676] started [check_userprofile]
[2024-06-25 11:24:50] - [INFO] [WW/adminx449222] started check_userprofile -xkey VICTOR8
[2024-06-25 11:24:50] - [INFO] [WW/adminx449222] on [SOMVAT502676] started [check_userprofile]
[2024-06-25 11:25:03] - [INFO] [WW/adminx449222] started P2V_lock_user -xkey VICTOR8
[2024-06-25 11:26:06] - [INFO] [WW/adminx449222] started check_userprofile -xkey X01014962
[2024-06-25 11:26:06] - [INFO] [WW/adminx449222] on [SOMVAT502676] started [check_userprofile]
[2024-06-25 11:27:16] - [INFO] [WW/adminx449222] started check_userprofile -xkey PETER328
[2024-06-25 11:27:16] - [INFO] [WW/adminx449222] on [SOMVAT502676] started [check_userprofile]
[2024-06-26 11:26:23] - [INFO] [WW/adminx449222] started check_userprofile -xkey STEPHANIE3
[2024-06-26 11:26:23] - [INFO] [WW/adminx449222] on [SOMVAT502676] started [check_userprofile]
[2024-06-26 11:26:36] - [INFO] [WW/adminx449222] started P2V_sync_user -xkey STEPHANIE3
[2024-06-26 11:26:42] - [INFO] loading userlist from tenant P2V_PRODTEST
[2024-06-26 11:27:54] - [INFO] loading userlist from tenant P2V-PROD
[2024-06-26 11:28:05] - [INFO] loading userlist from tenant P2V_BENCHMARK
[2024-06-26 11:28:23] - [INFO] loading userlist from tenant P2V_DEMO
[2024-06-26 11:28:44] - [INFO] loading userlist from tenant P2V_TEST
[2024-06-26 11:29:02] - [INFO] loading userlist from tenant P2V_UPDATE
[2024-06-26 11:29:12] - [INFO] loading userlist from tenant P2V_TRAINING
[2024-06-26 11:29:51] - [INFO] [WW/adminx449222] started P2V_sync_user -xkey ULRICH2
[2024-06-26 11:31:20] - [INFO] [WW/adminx449222] started check_userprofile -xkey X436733
[2024-06-26 11:31:20] - [INFO] [WW/adminx449222] on [SOMVAT502676] started [check_userprofile]
[2024-06-26 11:31:44] - [INFO] [WW/adminx449222] started P2V_sync_user -xkey X436733
[2024-06-26 11:36:22] - [INFO] [WW/adminx449222] started P2V_sync_user -xkey MIHAELA37
[2024-06-26 11:36:51] - [INFO] [WW/adminx449222] started P2V_sync_user -xkey X450712
[2024-06-26 11:36:57] - [INFO] loading userlist from tenant P2V_PRODTEST
[2024-06-26 11:39:43] - [INFO] [WW/adminx449222] started P2V_sync_user -xkey X01000584
[2024-06-26 11:39:54] - [INFO] loading userlist from tenant P2V-PROD
[2024-06-26 11:40:05] - [INFO] loading userlist from tenant P2V_BENCHMARK
[2024-06-26 11:40:18] - [INFO] loading userlist from tenant P2V_DEMO
[2024-06-26 11:40:32] - [INFO] loading userlist from tenant P2V_TEST
[2024-06-26 11:40:45] - [INFO] loading userlist from tenant P2V_UPDATE
[2024-06-26 11:41:01] - [INFO] loading userlist from tenant P2V_TRAINING
[2024-06-26 11:42:37] - [INFO] [WW/adminx449222] started check_userprofile -xkey X01000585
[2024-06-26 11:42:37] - [INFO] [WW/adminx449222] on [SOMVAT502676] started [check_userprofile]
[2024-06-26 11:42:48] - [INFO] [WW/adminx449222] started P2V_sync_user -xkey X01000585
[2024-06-26 11:46:21] - [INFO] [WW/adminx449222] started check_userprofile -xkey X01000580
[2024-06-26 11:46:21] - [INFO] [WW/adminx449222] on [SOMVAT502676] started [check_userprofile]
[2024-06-26 11:46:32] - [INFO] [WW/adminx449222] started P2V_sync_user -xkey X01000580
[2024-06-26 11:47:20] - [INFO] [WW/adminx449222] started check_userprofile -xkey KINGA7
[2024-06-26 11:47:21] - [INFO] [WW/adminx449222] on [SOMVAT502676] started [check_userprofile]
[2024-06-26 11:47:35] - [INFO] [WW/adminx449222] started P2V_sync_user -xkey KINGA7
[2024-06-26 11:47:41] - [INFO] loading userlist from tenant P2V_PRODTEST
[2024-06-26 11:50:10] - [INFO] [WW/adminx449222] started check_userprofile -xkey X01026139
[2024-06-26 11:50:10] - [INFO] [WW/adminx449222] on [SOMVAT502676] started [check_userprofile]
[2024-06-26 11:50:21] - [INFO] [WW/adminx449222] started P2V_sync_user -xkey X01026139
[2024-06-26 11:50:33] - [INFO] loading userlist from tenant P2V-PROD
[2024-06-26 11:50:44] - [INFO] loading userlist from tenant P2V_BENCHMARK
[2024-06-26 11:51:03] - [INFO] loading userlist from tenant P2V_DEMO
[2024-06-26 11:51:19] - [INFO] loading userlist from tenant P2V_TEST
[2024-06-26 11:51:35] - [INFO] loading userlist from tenant P2V_UPDATE
[2024-06-26 11:51:52] - [INFO] loading userlist from tenant P2V_TRAINING
[2024-06-26 11:52:27] - [INFO] [WW/adminx449222] started check_userprofile -xkey X449156
[2024-06-26 11:52:27] - [INFO] [WW/adminx449222] on [SOMVAT502676] started [check_userprofile]
[2024-06-26 11:52:42] - [INFO] [WW/adminx449222] started P2V_sync_user -xkey X449156
[2024-06-26 12:05:59] - [INFO] [WW/adminx449222] started P2V_sync_user -xkey GABRIELA43
[2024-06-26 12:06:06] - [INFO] loading userlist from tenant P2V_PRODTEST
[2024-06-26 12:06:27] - [INFO] loading userlist from tenant P2V-PROD
[2024-06-26 12:06:38] - [INFO] loading userlist from tenant P2V_BENCHMARK
[2024-06-26 12:06:55] - [INFO] loading userlist from tenant P2V_DEMO
[2024-06-26 12:07:10] - [INFO] loading userlist from tenant P2V_TEST
[2024-06-26 12:07:25] - [INFO] loading userlist from tenant P2V_UPDATE
[2024-06-26 12:07:34] - [INFO] loading userlist from tenant P2V_TRAINING
[2024-06-26 12:07:59] - [INFO] [WW/adminx449222] started check_userprofile -xkey GABRIELA43
[2024-06-26 12:07:59] - [INFO] [WW/adminx449222] on [SOMVAT502676] started [check_userprofile]
[2024-06-26 12:08:28] - [INFO] [WW/adminx449222] started check_userprofile -xkey LARISA9
[2024-06-26 12:08:28] - [INFO] [WW/adminx449222] on [SOMVAT502676] started [check_userprofile]
[2024-06-26 12:08:38] - [INFO] [WW/adminx449222] started P2V_sync_user -xkey LARISA9
[2024-06-26 12:09:41] - [INFO] [WW/adminx449222] started check_userprofile -xkey X01025240
[2024-06-26 12:09:41] - [INFO] [WW/adminx449222] on [SOMVAT502676] started [check_userprofile]
[2024-06-26 12:11:09] - [INFO] [WW/adminx449222] started P2V_sync_user -xkey X01025240
[2024-06-26 12:12:43] - [INFO] [WW/adminx449222] started check_userprofile -xkey ZOLTAN30
[2024-06-26 12:12:43] - [INFO] [WW/adminx449222] on [SOMVAT502676] started [check_userprofile]
[2024-06-26 12:13:34] - [INFO] [WW/adminx449222] started P2V_sync_user -xkey ZOLTAN30
[2024-06-26 12:16:35] - [INFO] [WW/adminx449222] started P2V_sync_user -xkey MANUEL97
[2024-06-26 12:16:41] - [INFO] loading userlist from tenant P2V_PRODTEST
[2024-06-26 12:17:26] - [INFO] loading userlist from tenant P2V-PROD
[2024-06-26 12:17:36] - [INFO] loading userlist from tenant P2V_BENCHMARK
[2024-06-26 12:17:49] - [INFO] loading userlist from tenant P2V_DEMO
[2024-06-26 12:18:02] - [INFO] loading userlist from tenant P2V_TEST
[2024-06-26 12:18:16] - [INFO] loading userlist from tenant P2V_UPDATE
[2024-06-26 12:18:31] - [INFO] loading userlist from tenant P2V_TRAINING
[2024-06-26 12:20:14] - [INFO] [WW/adminx449222] started check_userprofile -xkey X01022417
[2024-06-26 12:20:14] - [INFO] [WW/adminx449222] on [SOMVAT502676] started [check_userprofile]
[2024-06-26 12:20:24] - [INFO] [WW/adminx449222] started P2V_sync_user -xkey X01022417
[2024-06-26 12:23:55] - [INFO] [WW/adminx449222] started P2V_sync_user -xkey SANDRA18
