[2024-08-29 13:50:39] - [INFO] [WW/adminx449222] started check_userprofile -xkey MICHAEL139
[2024-08-29 13:50:39] - [INFO] [WW/adminx449222] on [SOMVAT502676] started [check_userprofile]
[2024-08-29 13:50:52] - [INFO] [WW/adminx449222] started P2V_sync_user -xkey MICHAEL139
[2024-08-29 13:51:03] - [INFO] [P2V-PROD] , [] , [08/29/2024 13:51:03] , [] 
[2024-08-29 13:51:13] - [INFO] loading userlist from tenant P2V-PROD  [9.3213647 s]
[2024-08-29 13:51:27] - [INFO] [P2V_DEMO] , [] , [08/29/2024 13:51:27] , [] 
[2024-08-29 13:51:36] - [INFO] loading userlist from tenant P2V_DEMO  [8.4588288 s]
[2024-08-29 13:51:37] - [INFO] [P2V_TEST] , [] , [08/29/2024 13:51:37] , [] 
[2024-08-29 13:51:44] - [INFO] loading userlist from tenant P2V_TEST  [7.3408009 s]
[2024-08-29 13:51:45] - [INFO] [P2V_TRAINING] , [] , [08/29/2024 13:51:45] , [] 
[2024-08-29 13:51:52] - [INFO] loading userlist from tenant P2V_TRAINING  [7.137509 s]
[2024-08-29 13:51:53] - [INFO] [P2V_UPDATE] , [] , [08/29/2024 13:51:53] , [] 
[2024-08-29 13:52:00] - [INFO] loading userlist from tenant P2V_UPDATE  [6.8460672 s]
[2024-08-29 13:54:43] - [INFO] [WW/adminx449222] started check_userprofile -xkey XHAUSMA
[2024-08-29 13:54:43] - [INFO] [WW/adminx449222] on [SOMVAT502676] started [check_userprofile]
[2024-08-29 14:02:47] - [INFO] [WW/adminx449222] started check_userprofile -xkey XHAUSMA
[2024-08-29 14:02:47] - [INFO] [WW/adminx449222] on [SOMVAT502676] started [check_userprofile]
[2024-08-29 14:03:06] - [INFO] [WW/adminx449222] started P2V_calculate_groups_bd 
[2024-08-29 14:03:06] - [INFO] [WW/adminx449222] on [SOMVAT502676] started [P2V_calculate_groups_bd]
[2024-08-29 14:03:49] - [INFO] [P2V_TRAINING] , [08/29/2024 13:51:45] , [08/29/2024 14:03:49] , [12.0709217483333] 
[2024-08-29 14:03:56] - [INFO] loading userlist from tenant P2V_TRAINING  [6.7944644 s]
[2024-08-29 14:04:18] - [INFO] [WW/adminx449222] started P2V_sync_user -xkey XHAUSMA
[2024-08-29 14:04:21] - [INFO] [P2V_TRAINING] , [08/29/2024 14:03:49] , [08/29/2024 14:04:21] , [0.532554485] 
[2024-08-29 15:54:59] - [INFO] [WW/adminx449222] started check_userprofile -xkey XKOTZCH
[2024-08-29 15:54:59] - [INFO] [WW/adminx449222] on [SOMVAT502676] started [check_userprofile]
[2024-09-05 11:19:01] - [INFO] [WW/adminx449222] started check_userprofile -xkey SERGII1
[2024-09-05 11:19:01] - [INFO] [WW/adminx449222] on [SOMVAT502676] started [check_userprofile]
[2024-09-05 11:51:31] - [INFO] [WW/adminx449222] started P2V_sync_user -xkey SERGII1
[2024-09-05 11:51:37] - [INFO] [P2V_PRODTEST] , [] , [09/05/2024 11:51:37] , [] 
[2024-09-05 11:51:37] - [INFO] loading userlist from tenant P2V_PRODTEST  [0.0270108 s]
[2024-09-05 11:51:39] - [INFO] [P2V-PROD] , [08/29/2024 13:51:03] , [09/05/2024 11:51:39] , [9960.59438984833] 
[2024-09-05 11:51:48] - [INFO] loading userlist from tenant P2V-PROD  [9.0241646 s]
[2024-09-05 11:51:49] - [INFO] [P2V_BENCHMARK] , [] , [09/05/2024 11:51:49] , [] 
[2024-09-05 11:51:49] - [INFO] loading userlist from tenant P2V_BENCHMARK  [0.0110048 s]
[2024-09-05 11:51:49] - [INFO] [P2V_DEMO] , [08/29/2024 13:51:27] , [09/05/2024 11:51:49] , [9960.36438512833] 
[2024-09-05 11:51:56] - [INFO] loading userlist from tenant P2V_DEMO  [6.9908706 s]
[2024-09-05 11:51:57] - [INFO] [P2V_TEST] , [08/29/2024 13:51:37] , [09/05/2024 11:51:57] , [9960.33330189] 
[2024-09-05 11:52:04] - [INFO] loading userlist from tenant P2V_TEST  [7.0434906 s]
[2024-09-05 11:52:04] - [INFO] [PETROVR] , [] , [09/05/2024 11:52:04] , [] 
[2024-09-05 11:52:04] - [INFO] loading userlist from tenant PETROVR  [0.011015 s]
[2024-09-05 11:52:05] - [INFO] [P2V_UPDATE] , [08/29/2024 13:51:53] , [09/05/2024 11:52:05] , [9960.19633714167] 
[2024-09-05 11:52:12] - [INFO] loading userlist from tenant P2V_UPDATE  [7.2485231 s]
[2024-09-05 11:52:13] - [INFO] [P2V_TRAINING] , [08/29/2024 14:03:49] , [09/05/2024 11:52:13] , [9948.39532702833] 
[2024-09-05 11:52:21] - [INFO] loading userlist from tenant P2V_TRAINING  [8.543254 s]
[2024-09-05 11:52:40] - [INFO] [WW/adminx449222] started P2V_sync_user -xkey XKOTZCH
[2024-09-05 11:52:48] - [INFO] [P2V-PROD] , [09/05/2024 11:51:39] , [09/05/2024 11:52:48] , [1.14910977166667] 
[2024-09-05 11:52:53] - [INFO] [P2V_DEMO] , [09/05/2024 11:51:49] , [09/05/2024 11:52:53] , [1.06619512833333] 
[2024-09-05 11:52:54] - [INFO] [P2V_TEST] , [09/05/2024 11:51:57] , [09/05/2024 11:52:54] , [0.949189173333333] 
[2024-09-05 11:52:54] - [INFO] [P2V_TRAINING] , [09/05/2024 11:52:13] , [09/05/2024 11:52:54] , [0.692466216666667] 
[2024-09-05 11:52:55] - [INFO] [P2V_UPDATE] , [09/05/2024 11:52:05] , [09/05/2024 11:52:55] , [0.842885928333333] 
[2024-09-06 11:58:00] - [INFO] [WW/adminx449222] started check_userprofile -xkey X450774
[2024-09-06 11:58:00] - [INFO] [WW/adminx449222] on [SOMVAT502676] started [check_userprofile]
