[2024-04-12 09:11:57] - [INFO] [WW/adminx449222] started P2V_sync_user -xkey X449222
[2024-04-12 09:12:05] - [INFO] loading userlist from tenant P2V_PRODTEST
[2024-04-12 09:12:24] - [INFO] loading userlist from tenant P2V-PROD
[2024-04-12 09:12:38] - [INFO] loading userlist from tenant P2V_BENCHMARK
[2024-04-12 09:12:53] - [INFO] loading userlist from tenant P2V_DEMO
[2024-04-12 09:13:11] - [INFO] loading userlist from tenant P2V_TEST
[2024-04-12 09:13:22] - [INFO] loading userlist from tenant P2V_UPDATE
[2024-04-12 09:13:34] - [INFO] loading userlist from tenant P2V_TRAINING
[2024-04-12 09:15:41] - [INFO] [WW/adminx449222] started P2V_sync_user -xkey X449222
[2024-04-12 09:16:47] - [INFO] [WW/adminx449222] started P2V_sync_user -xkey X450712
[2024-04-12 09:26:45] - [INFO] [WW/adminx449222] started P2V_sync_user -xkey PHILIPP30
[2024-04-12 09:26:51] - [INFO] loading userlist from tenant P2V_PRODTEST
[2024-04-12 09:27:06] - [INFO] loading userlist from tenant P2V-PROD
[2024-04-12 09:27:18] - [INFO] loading userlist from tenant P2V_BENCHMARK
[2024-04-12 09:27:28] - [INFO] loading userlist from tenant P2V_DEMO
[2024-04-12 09:27:39] - [INFO] loading userlist from tenant P2V_TEST
[2024-04-12 09:27:49] - [INFO] loading userlist from tenant P2V_UPDATE
[2024-04-12 09:28:00] - [INFO] loading userlist from tenant P2V_TRAINING
[2024-04-12 13:56:18] - [INFO] [WW/adminx449222] started P2V_set_profiles 
[2024-04-12 13:56:18] - [INFO] [WW/adminx449222] on [SOMVAT502676] started [P2V_set_profiles]
[2024-04-12 13:57:23] - [INFO] [WW/adminx449222] started P2V_sync_user -xkey ADRIAN75
[2024-04-12 13:57:37] - [INFO] [WW/adminx449222] started P2V_sync_user -xkey ADRIAN75
[2024-04-12 13:57:45] - [INFO] loading userlist from tenant P2V_PRODTEST
[2024-04-12 13:58:23] - [INFO] loading userlist from tenant P2V-PROD
[2024-04-12 13:58:34] - [INFO] loading userlist from tenant P2V_BENCHMARK
[2024-04-12 13:58:45] - [INFO] loading userlist from tenant P2V_DEMO
[2024-04-12 13:59:03] - [INFO] loading userlist from tenant P2V_TEST
[2024-04-12 13:59:14] - [INFO] loading userlist from tenant P2V_UPDATE
[2024-04-12 13:59:34] - [INFO] loading userlist from tenant P2V_TRAINING
[2024-04-12 14:00:25] - [INFO] [WW/adminx449222] started P2V_sync_user -xkey X01001805
[2024-04-12 14:01:15] - [INFO] [WW/adminx449222] started P2V_sync_user -xkey X450313
[2024-04-12 14:02:35] - [INFO] [WW/adminx449222] started P2V_sync_user -xkey X450582
[2024-04-12 14:03:16] - [INFO] [WW/adminx449222] started P2V_sync_user -xkey XQURESHWA
