[2025-06-23 09:52:26] - [INFO] [WW/adminx449222] started check_userprofile -xkey BARTLOMIEJ3
[2025-06-23 09:52:26] - [INFO] [WW/adminx449222] on [SOMVAT502676] started [check_userprofile]
[2025-06-23 16:34:47] - [INFO] [WW/adminx449222] started check_userprofile -xkey X01024576
[2025-06-23 16:34:47] - [INFO] [WW/adminx449222] on [SOMVAT502676] started [check_userprofile]
[2025-06-23 17:24:19] - [INFO] [WW/adminx449222] started check_userprofile -xkey X01022534
[2025-06-23 17:24:19] - [INFO] [WW/adminx449222] on [SOMVAT502676] started [check_userprofile]
[2025-06-23 17:25:09] - [INFO] [WW/adminx449222] started P2V_sync_user -xkey X01022534
[2025-06-23 17:25:28] - [INFO] [PRODTEST] , [] , [06/23/2025 17:25:27] , [] 
[2025-06-23 17:25:36] - [INFO] loading userlist from tenant PRODTEST  [8.597086 s]
[2025-06-23 17:25:43] - [INFO] [TEST2] , [] , [06/23/2025 17:25:43] , [] 
[2025-06-23 17:25:51] - [INFO] loading userlist from tenant TEST2  [7.6837685 s]
[2025-06-23 17:25:52] - [INFO] [TEST1] , [] , [06/23/2025 17:25:52] , [] 
[2025-06-23 17:25:59] - [INFO] loading userlist from tenant TEST1  [7.386355 s]
[2025-06-23 17:26:00] - [INFO] [TRAINING] , [] , [06/23/2025 17:26:00] , [] 
[2025-06-23 17:26:08] - [INFO] loading userlist from tenant TRAINING  [7.7288141 s]
[2025-06-23 17:26:09] - [INFO] [UPDATE] , [] , [06/23/2025 17:26:09] , [] 
[2025-06-23 17:26:16] - [INFO] loading userlist from tenant UPDATE  [7.5763689 s]
[2025-06-23 17:26:17] - [INFO] [PROD] , [] , [06/23/2025 17:26:17] , [] 
[2025-06-23 17:26:26] - [INFO] loading userlist from tenant PROD  [8.558395 s]
[2025-06-23 17:26:52] - [INFO] [WW/adminx449222] started P2V_sync_user -xkey XMOUJBANI
[2025-06-23 17:27:01] - [INFO] [PRODTEST] , [06/23/2025 17:25:27] , [06/23/2025 17:27:01] , [1.554932455] 
[2025-06-23 17:27:06] - [INFO] [TEST2] , [06/23/2025 17:25:43] , [06/23/2025 17:27:06] , [1.38585653666667] 
[2025-06-23 17:27:07] - [INFO] [TEST1] , [06/23/2025 17:25:52] , [06/23/2025 17:27:07] , [1.25326274333333] 
[2025-06-23 17:27:08] - [INFO] [TRAINING] , [06/23/2025 17:26:00] , [06/23/2025 17:27:08] , [1.125267315] 
[2025-06-23 17:27:08] - [INFO] [UPDATE] , [06/23/2025 17:26:09] , [06/23/2025 17:27:08] , [0.993980216666667] 
[2025-06-23 17:27:09] - [INFO] [PROD] , [06/23/2025 17:26:17] , [06/23/2025 17:27:09] , [0.868471725] 
[2025-06-23 17:27:30] - [INFO] [WW/adminx449222] started P2V_sync_user -xkey X01024576
[2025-06-23 17:27:40] - [INFO] [PRODTEST] , [06/23/2025 17:25:27] , [06/23/2025 17:27:40] , [2.20256968833333] 
[2025-06-23 17:27:45] - [INFO] [TEST2] , [06/23/2025 17:25:43] , [06/23/2025 17:27:45] , [2.03109501] 
[2025-06-23 17:27:46] - [INFO] [TEST1] , [06/23/2025 17:25:52] , [06/23/2025 17:27:46] , [1.900115395] 
[2025-06-23 17:27:47] - [INFO] [TRAINING] , [06/23/2025 17:26:00] , [06/23/2025 17:27:47] , [1.77303705833333] 
[2025-06-23 17:27:47] - [INFO] [UPDATE] , [06/23/2025 17:26:09] , [06/23/2025 17:27:47] , [1.641836425] 
[2025-06-23 17:27:48] - [INFO] [PROD] , [06/23/2025 17:26:17] , [06/23/2025 17:27:48] , [1.51823038333333] 
[2025-06-23 17:27:58] - [INFO] [WW/adminx449222] started P2V_sync_user -xkey XBENCHIJA
[2025-06-23 17:28:08] - [INFO] [PRODTEST] , [06/23/2025 17:25:27] , [06/23/2025 17:28:08] , [2.67235658166667] 
[2025-06-23 17:28:11] - [INFO] [TEST2] , [06/23/2025 17:25:43] , [06/23/2025 17:28:11] , [2.45974981833333] 
[2025-06-23 17:28:11] - [INFO] [TEST1] , [06/23/2025 17:25:52] , [06/23/2025 17:28:11] , [2.32791091666667] 
[2025-06-23 17:28:12] - [INFO] [TRAINING] , [06/23/2025 17:26:00] , [06/23/2025 17:28:12] , [2.20192044333333] 
[2025-06-23 17:28:13] - [INFO] [UPDATE] , [06/23/2025 17:26:09] , [06/23/2025 17:28:13] , [2.07115427833333] 
[2025-06-23 17:28:14] - [INFO] [PROD] , [06/23/2025 17:26:17] , [06/23/2025 17:28:14] , [1.94400539833333] 
