[2024-05-31 16:45:56] - [INFO] [WW/adminx449222] started check_P2V_user -xkey X01026816
[2024-05-31 16:45:56] - [INFO] [WW/adminx449222] on [SOMVAT502676] started [check_P2V_user]
[2024-05-31 16:46:05] - [INFO] [WW/adminx449222] started check_userprofile -xkey X01026816
[2024-05-31 16:46:05] - [INFO] [WW/adminx449222] on [SOMVAT502676] started [check_userprofile]
[2024-05-31 16:46:33] - [INFO] [WW/adminx449222] started P2V_deactivate_user -xkey X01026816
[2024-05-31 16:46:38] - [INFO] loading userlist from tenant P2V_PRODTEST
[2024-05-31 16:46:46] - [INFO] loading userlist from tenant P2V-PROD
[2024-05-31 16:46:55] - [INFO] loading userlist from tenant P2V_BENCHMARK
[2024-05-31 16:47:03] - [INFO] loading userlist from tenant P2V_DEMO
[2024-05-31 16:47:11] - [INFO] loading userlist from tenant P2V_TEST
[2024-05-31 16:47:19] - [INFO] loading userlist from tenant P2V_UPDATE
[2024-05-31 16:47:27] - [INFO] loading userlist from tenant P2V_TRAINING
[2024-05-31 16:50:04] - [INFO] [WW/adminx449222] started check_userprofile -xkey X01026816
[2024-05-31 16:50:04] - [INFO] [WW/adminx449222] on [SOMVAT502676] started [check_userprofile]
[2024-05-31 17:21:15] - [INFO] [WW/adminx449222] started check_userprofile -xkey MONIKA2
[2024-05-31 17:21:15] - [INFO] [WW/adminx449222] on [SOMVAT502676] started [check_userprofile]
[2024-05-31 18:46:03] - [INFO] [WW/adminx449222] started P2V_sync_user -xkey X449157
[2024-05-31 18:46:07] - [INFO] loading userlist from tenant P2V_PRODTEST
[2024-05-31 18:46:29] - [INFO] loading userlist from tenant P2V-PROD
[2024-05-31 18:46:43] - [INFO] loading userlist from tenant P2V_BENCHMARK
[2024-05-31 18:46:55] - [INFO] loading userlist from tenant P2V_DEMO
[2024-05-31 18:47:07] - [INFO] loading userlist from tenant P2V_TEST
[2024-05-31 18:47:19] - [INFO] loading userlist from tenant P2V_UPDATE
[2024-05-31 18:47:29] - [INFO] loading userlist from tenant P2V_TRAINING
[2024-05-31 18:48:04] - [INFO] [WW/adminx449222] started P2V_deactivate_user -xkey X449157
[2024-05-31 18:59:30] - [INFO] [WW/adminx449222] started check_userprofile -xkey X01022534
[2024-05-31 18:59:30] - [INFO] [WW/adminx449222] on [SOMVAT502676] started [check_userprofile]
[2024-05-31 18:59:58] - [INFO] [WW/adminx449222] started check_userprofile -xkey XMUMTAZMU
[2024-05-31 18:59:58] - [INFO] [WW/adminx449222] on [SOMVAT502676] started [check_userprofile]
[2024-05-31 19:00:12] - [INFO] [WW/adminx449222] started P2V_sync_user -xkey XMUMTAZMU
[2024-05-31 19:00:17] - [INFO] loading userlist from tenant P2V_PRODTEST
[2024-05-31 19:00:27] - [INFO] loading userlist from tenant P2V-PROD
[2024-05-31 19:00:38] - [INFO] loading userlist from tenant P2V_BENCHMARK
[2024-05-31 19:00:48] - [INFO] loading userlist from tenant P2V_DEMO
[2024-05-31 19:01:01] - [INFO] loading userlist from tenant P2V_TEST
[2024-05-31 19:03:24] - [INFO] loading userlist from tenant P2V_UPDATE
[2024-05-31 19:03:38] - [INFO] loading userlist from tenant P2V_TRAINING
[2024-05-31 19:10:36] - [INFO] [WW/adminx449222] started P2V_deactivate_user -xkey XMUMTAZMU
[2024-05-31 19:12:44] - [INFO] loading userlist from tenant P2V_PRODTEST
[2024-05-31 19:12:55] - [INFO] loading userlist from tenant P2V-PROD
[2024-05-31 19:13:05] - [INFO] loading userlist from tenant P2V_BENCHMARK
[2024-05-31 19:13:15] - [INFO] loading userlist from tenant P2V_DEMO
[2024-05-31 19:13:26] - [INFO] loading userlist from tenant P2V_TEST
[2024-05-31 19:14:50] - [INFO] loading userlist from tenant P2V_UPDATE
[2024-05-31 19:15:06] - [INFO] loading userlist from tenant P2V_TRAINING
[2024-05-31 19:15:35] - [INFO] [WW/adminx449222] started check_userprofile -xkey XMUMTAZMU
[2024-05-31 19:15:35] - [INFO] [WW/adminx449222] on [SOMVAT502676] started [check_userprofile]
