[2024-05-15 07:44:11] - [INFO] [WW/adminx449222] started check_userprofile -xkey ANA044
[2024-05-15 07:44:11] - [INFO] [WW/adminx449222] on [SOMVAT502676] started [check_userprofile]
[2024-05-15 07:44:30] - [INFO] [WW/adminx449222] started check_userprofile -xkey X011443
[2024-05-15 07:44:30] - [INFO] [WW/adminx449222] on [SOMVAT502676] started [check_userprofile]
[2024-05-15 08:31:37] - [INFO] [WW/adminx449222] started check_userprofile -xkey X012753
[2024-05-15 08:31:37] - [INFO] [WW/adminx449222] on [SOMVAT502676] started [check_userprofile]
[2024-05-15 08:33:19] - [INFO] [WW/adminx449222] started check_userprofile -xkey X452233
[2024-05-15 08:33:19] - [INFO] [WW/adminx449222] on [SOMVAT502676] started [check_userprofile]
[2024-05-15 08:34:37] - [INFO] [WW/adminx449222] started check_userprofile -xkey HISHAM1
[2024-05-15 08:34:37] - [INFO] [WW/adminx449222] on [SOMVAT502676] started [check_userprofile]
[2024-05-15 08:36:37] - [INFO] [WW/adminx449222] started check_userprofile -xkey X451671
[2024-05-15 08:36:37] - [INFO] [WW/adminx449222] on [SOMVAT502676] started [check_userprofile]
[2024-05-15 08:37:30] - [INFO] [WW/adminx449222] started check_userprofile -xkey MARCO9
[2024-05-15 08:37:30] - [INFO] [WW/adminx449222] on [SOMVAT502676] started [check_userprofile]
[2024-05-15 08:38:13] - [INFO] [WW/adminx449222] started P2V_sync_user -xkey MARCO9
[2024-05-15 08:38:23] - [INFO] loading userlist from tenant P2V_PRODTEST
[2024-05-15 08:38:46] - [INFO] loading userlist from tenant P2V-PROD
[2024-05-15 08:38:58] - [INFO] loading userlist from tenant P2V_BENCHMARK
[2024-05-15 08:39:09] - [INFO] loading userlist from tenant P2V_DEMO
[2024-05-15 08:39:18] - [INFO] loading userlist from tenant P2V_TEST
[2024-05-15 08:39:31] - [INFO] loading userlist from tenant P2V_UPDATE
[2024-05-15 08:39:42] - [INFO] loading userlist from tenant P2V_TRAINING
[2024-05-15 08:40:31] - [INFO] [WW/adminx449222] started check_userprofile -xkey X011443
[2024-05-15 08:40:31] - [INFO] [WW/adminx449222] on [SOMVAT502676] started [check_userprofile]
[2024-05-15 08:40:39] - [INFO] [WW/adminx449222] started P2V_sync_user -xkey X011443
[2024-05-15 08:41:30] - [INFO] [WW/adminx449222] started P2V_sync_user -xkey X452233
[2024-05-15 08:42:03] - [INFO] [WW/adminx449222] started P2V_sync_user -xkey X451671
[2024-05-15 08:42:29] - [INFO] [WW/adminx449222] started P2V_activate_user -xkey X451671
[2024-05-15 08:42:52] - [INFO] [WW/adminx449222] started check_userprofile -xkey X451671
[2024-05-15 08:42:52] - [INFO] [WW/adminx449222] on [SOMVAT502676] started [check_userprofile]
[2024-05-15 08:43:04] - [INFO] [WW/adminx449222] started P2V_unlock_user -xkey X451671
[2024-05-15 08:43:23] - [INFO] [WW/adminx449222] started check_userprofile -xkey X451671
[2024-05-15 08:43:23] - [INFO] [WW/adminx449222] on [SOMVAT502676] started [check_userprofile]
[2024-05-15 08:43:34] - [INFO] [WW/adminx449222] started P2V_sync_user -xkey X451671
[2024-05-15 08:44:17] - [INFO] [WW/adminx449222] started check_userprofile -xkey MARCO9
[2024-05-15 08:44:17] - [INFO] [WW/adminx449222] on [SOMVAT502676] started [check_userprofile]
[2024-05-15 08:44:26] - [INFO] [WW/adminx449222] started P2V_sync_user -xkey MARCO9
[2024-05-15 08:45:03] - [INFO] [WW/adminx449222] started check_userprofile -xkey HISHAM1
[2024-05-15 08:45:04] - [INFO] [WW/adminx449222] on [SOMVAT502676] started [check_userprofile]
[2024-05-15 08:45:13] - [INFO] [WW/adminx449222] started P2V_sync_user -xkey HISHAM1
[2024-05-15 08:46:37] - [INFO] [WW/adminx449222] started check_userprofile -xkey XPACHNE
[2024-05-15 08:46:37] - [INFO] [WW/adminx449222] on [SOMVAT502676] started [check_userprofile]
[2024-05-15 08:46:52] - [INFO] [WW/adminx449222] started P2V_sync_user -xkey XPACHNE
[2024-05-15 08:47:58] - [INFO] [WW/adminx449222] started check_userprofile -xkey X448724
[2024-05-15 08:47:58] - [INFO] [WW/adminx449222] on [SOMVAT502676] started [check_userprofile]
[2024-05-15 08:48:36] - [INFO] [WW/adminx449222] started P2V_sync_user -xkey X448724
[2024-05-15 08:48:43] - [INFO] loading userlist from tenant P2V_PRODTEST
[2024-05-15 08:48:54] - [INFO] loading userlist from tenant P2V-PROD
[2024-05-15 08:49:03] - [INFO] loading userlist from tenant P2V_BENCHMARK
[2024-05-15 08:49:11] - [INFO] loading userlist from tenant P2V_DEMO
[2024-05-15 08:49:19] - [INFO] loading userlist from tenant P2V_TEST
[2024-05-15 08:49:40] - [INFO] [WW/adminx449222] started P2V_sync_user -xkey X448724
[2024-05-15 08:50:39] - [INFO] [WW/adminx449222] started check_userprofile -xkey X451820
[2024-05-15 08:50:39] - [INFO] [WW/adminx449222] on [SOMVAT502676] started [check_userprofile]
[2024-05-15 08:50:48] - [INFO] [WW/adminx449222] started P2V_sync_user -xkey X451820
[2024-05-15 08:51:05] - [INFO] loading userlist from tenant P2V_UPDATE
[2024-05-15 08:51:15] - [INFO] loading userlist from tenant P2V_TRAINING
[2024-05-15 08:52:53] - [INFO] [WW/adminx449222] started check_userprofile -xkey X449657
[2024-05-15 08:52:53] - [INFO] [WW/adminx449222] on [SOMVAT502676] started [check_userprofile]
[2024-05-15 08:53:07] - [INFO] [WW/adminx449222] started P2V_sync_user -xkey X449657
[2024-05-15 08:54:30] - [INFO] [WW/adminx449222] started check_userprofile -xkey X450796
[2024-05-15 08:54:30] - [INFO] [WW/adminx449222] on [SOMVAT502676] started [check_userprofile]
[2024-05-15 08:55:42] - [INFO] [WW/adminx449222] started check_userprofile -xkey X449571
[2024-05-15 08:55:42] - [INFO] [WW/adminx449222] on [SOMVAT502676] started [check_userprofile]
[2024-05-15 08:55:56] - [INFO] [WW/adminx449222] started P2V_sync_user -xkey X449571
[2024-05-15 08:56:20] - [INFO] [WW/adminx449222] started check_userprofile -xkey X449571
[2024-05-15 08:56:20] - [INFO] [WW/adminx449222] on [SOMVAT502676] started [check_userprofile]
[2024-05-15 08:56:34] - [INFO] [WW/adminx449222] started P2V_activate_user -xkey X449571
[2024-05-15 08:56:56] - [INFO] [WW/adminx449222] started P2V_sync_user -xkey X449571
[2024-05-15 08:58:54] - [INFO] [WW/adminx449222] started check_userprofile -xkey X449593
[2024-05-15 08:58:54] - [INFO] [WW/adminx449222] on [SOMVAT502676] started [check_userprofile]
[2024-05-15 08:59:17] - [INFO] [WW/adminx449222] started P2V_unlock_user -xkey X449593
[2024-05-15 08:59:24] - [INFO] loading userlist from tenant P2V_PRODTEST
[2024-05-15 08:59:32] - [INFO] loading userlist from tenant P2V-PROD
[2024-05-15 08:59:41] - [INFO] loading userlist from tenant P2V_BENCHMARK
[2024-05-15 08:59:50] - [INFO] loading userlist from tenant P2V_DEMO
[2024-05-15 08:59:58] - [INFO] loading userlist from tenant P2V_TEST
[2024-05-15 09:00:40] - [INFO] [WW/adminx449222] started P2V_sync_user -xkey X449593
[2024-05-15 09:19:23] - [INFO] [WW/adminx449222] started check_userprofile -xkey X01024954
[2024-05-15 09:19:23] - [INFO] [WW/adminx449222] on [SOMVAT502676] started [check_userprofile]
[2024-05-15 10:54:10] - [INFO] [WW/adminx449222] started P2V_sync_user -xkey X452233
[2024-05-15 10:54:18] - [INFO] loading userlist from tenant P2V_TEST
[2024-05-15 10:54:27] - [INFO] loading userlist from tenant P2V_PRODTEST
[2024-05-15 10:54:44] - [INFO] [WW/adminx449222] started check_userprofile -xkey X452233
[2024-05-15 10:54:44] - [INFO] [WW/adminx449222] on [SOMVAT502676] started [check_userprofile]
[2024-05-15 10:54:55] - [INFO] [WW/adminx449222] started P2V_calculate_groups_bd 
[2024-05-15 10:54:56] - [INFO] [WW/adminx449222] on [SOMVAT502676] started [P2V_calculate_groups_bd]
[2024-05-15 11:06:16] - [INFO] [WW/adminx449222] started P2V_calculate_groups_bd 
[2024-05-15 11:06:17] - [INFO] [WW/adminx449222] on [SOMVAT502676] started [P2V_calculate_groups_bd]
[2024-05-15 11:10:58] - [INFO] loading userlist from tenant P2V_TEST
[2024-05-15 11:11:39] - [INFO] loading userlist from tenant P2V_PRODTEST
[2024-05-15 11:16:17] - [INFO] [WW/adminx449222] started P2V_calculate_groups_bd 
[2024-05-15 11:16:17] - [INFO] [WW/adminx449222] on [SOMVAT502676] started [P2V_calculate_groups_bd]
[2024-05-15 11:41:09] - [INFO] [WW/adminx449222] started P2V_calculate_groups_bd 
[2024-05-15 11:41:09] - [INFO] [WW/adminx449222] on [SOMVAT502676] started [P2V_calculate_groups_bd]
[2024-05-15 11:44:44] - [INFO] [WW/adminx449222] started P2V_calculate_groups_bd 
[2024-05-15 11:44:44] - [INFO] [WW/adminx449222] on [SOMVAT502676] started [P2V_calculate_groups_bd]
[2024-05-15 11:46:02] - [INFO] [WW/adminx449222] started P2V_calculate_groups_bd 
[2024-05-15 11:46:02] - [INFO] [WW/adminx449222] on [SOMVAT502676] started [P2V_calculate_groups_bd]
[2024-05-15 11:49:20] - [INFO] [WW/adminx449222] started P2V_calculate_groups_bd 
[2024-05-15 11:49:20] - [INFO] [WW/adminx449222] on [SOMVAT502676] started [P2V_calculate_groups_bd]
[2024-05-15 11:51:12] - [INFO] [WW/adminx449222] started P2V_calculate_groups_bd 
[2024-05-15 11:51:13] - [INFO] [WW/adminx449222] on [SOMVAT502676] started [P2V_calculate_groups_bd]
[2024-05-15 11:55:16] - [INFO] [WW/adminx449222] started P2V_calculate_groups_bd 
[2024-05-15 11:55:17] - [INFO] [WW/adminx449222] on [SOMVAT502676] started [P2V_calculate_groups_bd]
[2024-05-15 11:57:02] - [INFO] loading userlist from tenant P2V_TEST
[2024-05-15 11:57:29] - [INFO] loading userlist from tenant P2V_PRODTEST
[2024-05-15 11:59:10] - [INFO] [WW/adminx449222] started P2V_calculate_groups_bd 
[2024-05-15 11:59:10] - [INFO] [WW/adminx449222] on [SOMVAT502676] started [P2V_calculate_groups_bd]
[2024-05-15 12:02:12] - [INFO] [WW/adminx449222] started P2V_calculate_groups_bd 
[2024-05-15 12:02:13] - [INFO] [WW/adminx449222] on [SOMVAT502676] started [P2V_calculate_groups_bd]
[2024-05-15 12:05:51] - [INFO] [WW/adminx449222] started P2V_calculate_groups_bd 
[2024-05-15 12:05:52] - [INFO] [WW/adminx449222] on [SOMVAT502676] started [P2V_calculate_groups_bd]
[2024-05-15 12:06:28] - [INFO] loading userlist from tenant P2V_TEST
[2024-05-15 12:23:35] - [INFO] [WW/adminx449222] started P2V_calculate_groups_bd 
[2024-05-15 12:23:36] - [INFO] [WW/adminx449222] on [SOMVAT502676] started [P2V_calculate_groups_bd]
[2024-05-15 12:27:31] - [INFO] [WW/adminx449222] started P2V_calculate_groups_bd 
[2024-05-15 12:27:31] - [INFO] [WW/adminx449222] on [SOMVAT502676] started [P2V_calculate_groups_bd]
[2024-05-15 12:28:19] - [INFO] loading userlist from tenant P2V_TEST
[2024-05-15 12:28:46] - [INFO] loading userlist from tenant P2V_PRODTEST
[2024-05-15 12:31:35] - [INFO] [WW/adminx449222] started P2V_calculate_groups_bd 
[2024-05-15 12:31:35] - [INFO] [WW/adminx449222] on [SOMVAT502676] started [P2V_calculate_groups_bd]
[2024-05-15 12:35:00] - [INFO] [WW/adminx449222] started P2V_calculate_groups_bd 
[2024-05-15 12:35:01] - [INFO] [WW/adminx449222] on [SOMVAT502676] started [P2V_calculate_groups_bd]
[2024-05-15 12:35:32] - [INFO] loading userlist from tenant P2V_TEST
[2024-05-15 12:36:07] - [INFO] loading userlist from tenant P2V_PRODTEST
[2024-05-15 12:39:41] - [INFO] [WW/adminx449222] started P2V_calculate_groups_bd 
[2024-05-15 12:39:41] - [INFO] [WW/adminx449222] on [SOMVAT502676] started [P2V_calculate_groups_bd]
[2024-05-15 12:41:53] - [INFO] [WW/adminx449222] started P2V_calculate_groups_bd 
[2024-05-15 12:41:53] - [INFO] [WW/adminx449222] on [SOMVAT502676] started [P2V_calculate_groups_bd]
[2024-05-15 12:42:48] - [INFO] loading userlist from tenant P2V_TEST
[2024-05-15 12:43:17] - [INFO] loading userlist from tenant P2V_PRODTEST
[2024-05-15 12:46:06] - [INFO] [WW/adminx449222] started P2V_calculate_groups_bd 
[2024-05-15 12:46:06] - [INFO] [WW/adminx449222] on [SOMVAT502676] started [P2V_calculate_groups_bd]
[2024-05-15 12:51:57] - [INFO] [WW/adminx449222] started P2V_calculate_groups_bd 
[2024-05-15 12:51:57] - [INFO] [WW/adminx449222] on [SOMVAT502676] started [P2V_calculate_groups_bd]
[2024-05-15 12:54:18] - [INFO] [WW/adminx449222] started P2V_calculate_groups_bd 
[2024-05-15 12:54:19] - [INFO] [WW/adminx449222] on [SOMVAT502676] started [P2V_calculate_groups_bd]
[2024-05-15 12:58:04] - [INFO] [WW/adminx449222] started P2V_calculate_groups_bd 
[2024-05-15 12:58:04] - [INFO] [WW/adminx449222] on [SOMVAT502676] started [P2V_calculate_groups_bd]
[2024-05-15 13:00:56] - [INFO] [WW/adminx449222] started P2V_calculate_groups_bd 
[2024-05-15 13:00:56] - [INFO] [WW/adminx449222] on [SOMVAT502676] started [P2V_calculate_groups_bd]
[2024-05-15 13:05:06] - [INFO] [WW/adminx449222] started P2V_calculate_groups_bd 
[2024-05-15 13:05:07] - [INFO] [WW/adminx449222] on [SOMVAT502676] started [P2V_calculate_groups_bd]
[2024-05-15 13:08:09] - [INFO] [WW/adminx449222] started P2V_calculate_groups_bd 
[2024-05-15 13:08:10] - [INFO] [WW/adminx449222] on [SOMVAT502676] started [P2V_calculate_groups_bd]
[2024-05-15 13:11:22] - [INFO] [WW/adminx449222] started P2V_calculate_groups_bd 
[2024-05-15 13:11:22] - [INFO] [WW/adminx449222] on [SOMVAT502676] started [P2V_calculate_groups_bd]
[2024-05-15 13:12:41] - [INFO] [WW/adminx449222] started P2V_calculate_groups_bd 
[2024-05-15 13:12:41] - [INFO] [WW/adminx449222] on [SOMVAT502676] started [P2V_calculate_groups_bd]
[2024-05-15 13:14:20] - [INFO] [WW/adminx449222] started P2V_calculate_groups_bd 
[2024-05-15 13:14:21] - [INFO] [WW/adminx449222] on [SOMVAT502676] started [P2V_calculate_groups_bd]
[2024-05-15 13:20:43] - [INFO] [WW/adminx449222] started P2V_calculate_groups_bd 
[2024-05-15 13:20:44] - [INFO] [WW/adminx449222] on [SOMVAT502676] started [P2V_calculate_groups_bd]
[2024-05-15 13:24:49] - [INFO] [WW/adminx449222] started P2V_calculate_groups_bd 
[2024-05-15 13:24:49] - [INFO] [WW/adminx449222] on [SOMVAT502676] started [P2V_calculate_groups_bd]
[2024-05-15 13:26:21] - [INFO] [WW/adminx449222] started P2V_calculate_groups_bd 
[2024-05-15 13:26:21] - [INFO] [WW/adminx449222] on [SOMVAT502676] started [P2V_calculate_groups_bd]
[2024-05-15 13:30:03] - [INFO] [WW/adminx449222] started P2V_calculate_groups_bd 
[2024-05-15 13:30:04] - [INFO] [WW/adminx449222] on [SOMVAT502676] started [P2V_calculate_groups_bd]
[2024-05-15 13:35:30] - [INFO] [WW/adminx449222] started P2V_calculate_groups_bd 
[2024-05-15 13:35:30] - [INFO] [WW/adminx449222] on [SOMVAT502676] started [P2V_calculate_groups_bd]
[2024-05-15 13:37:07] - [INFO] [WW/adminx449222] started P2V_calculate_groups_bd 
[2024-05-15 13:37:07] - [INFO] [WW/adminx449222] on [SOMVAT502676] started [P2V_calculate_groups_bd]
[2024-05-15 13:38:26] - [INFO] [WW/adminx449222] started P2V_calculate_groups_bd 
[2024-05-15 13:38:26] - [INFO] [WW/adminx449222] on [SOMVAT502676] started [P2V_calculate_groups_bd]
[2024-05-15 13:49:47] - [INFO] [WW/adminx449222] started P2V_calculate_groups_dependencies
[2024-05-15 13:49:48] - [INFO] [WW/adminx449222] on [SOMVAT502676] started [P2V_calculate_groups_dependencies]
[2024-05-15 13:49:53] - [INFO] [WW/adminx449222] started P2V_calculate_groups_bd 
[2024-05-15 13:49:54] - [INFO] [WW/adminx449222] on [SOMVAT502676] started [P2V_calculate_groups_bd]
[2024-05-15 13:50:37] - [INFO] loading userlist from tenant P2V_TEST
[2024-05-15 13:51:15] - [INFO] [P2V_TEST]-[Z.BD.021.allow] : add Loidl Benjamin (X452233) - done
[2024-05-15 13:51:15] - [INFO] loading userlist from tenant P2V_PRODTEST
[2024-05-15 13:51:46] - [INFO] [P2V_PRODTEST]-[Z.BD.021.allow] : add Loidl Benjamin (X452233) - done
[2024-05-15 13:55:58] - [INFO] [WW/adminx449222] started P2V_calculate_groups_bd 
[2024-05-15 13:55:58] - [INFO] [WW/adminx449222] on [SOMVAT502676] started [P2V_calculate_groups_bd]
[2024-05-15 13:58:23] - [INFO] loading userlist from tenant P2V_DEMO
[2024-05-15 13:58:50] - [INFO] loading userlist from tenant P2V_TRAINING
[2024-05-15 13:59:52] - [INFO] [WW/adminx449222] started P2V_calculate_groups_bd 
[2024-05-15 13:59:53] - [INFO] [WW/adminx449222] on [SOMVAT502676] started [P2V_calculate_groups_bd]
[2024-05-15 14:00:39] - [INFO] loading userlist from tenant P2V_TEST
[2024-05-15 14:05:13] - [INFO] [WW/adminx449222] started P2V_calculate_groups_bd 
[2024-05-15 14:05:13] - [INFO] [WW/adminx449222] on [SOMVAT502676] started [P2V_calculate_groups_bd]
[2024-05-15 14:06:15] - [INFO] loading userlist from tenant P2V_TEST
[2024-05-15 14:08:22] - [INFO] [P2V_TEST]-[Z.BD.021.deny] : remove Loidl Benjamin (X452233) - done
[2024-05-15 14:08:23] - [INFO] loading userlist from tenant P2V_PRODTEST
[2024-05-15 18:22:39] - [INFO] [P2V_PRODTEST]-[Z.BD.022.deny] : remove Loidl Benjamin (X452233) - done
[2024-05-15 18:22:40] - [INFO] [P2V_PRODTEST]-[Z.BD.021.deny] : remove Loidl Benjamin (X452233) - done
[2024-05-15 18:22:40] - [INFO] loading userlist from tenant P2V_TRAINING
[2024-05-15 18:23:17] - [INFO] [P2V_TRAINING]-[Z.BD.022.deny] : remove Loidl Benjamin (X452233) - done
[2024-05-15 18:23:18] - [INFO] [P2V_TRAINING]-[Z.BD.021.deny] : remove Loidl Benjamin (X452233) - done
[2024-05-15 18:28:44] - [INFO] [WW/adminx449222] started P2V_calculate_groups_bd 
[2024-05-15 18:28:44] - [INFO] [WW/adminx449222] on [SOMVAT502676] started [P2V_calculate_groups_bd]
[2024-05-15 18:29:47] - [INFO] loading userlist from tenant P2V_TEST
[2024-05-15 18:31:41] - [INFO] loading userlist from tenant P2V_PRODTEST
[2024-05-15 18:32:13] - [INFO] loading userlist from tenant P2V_TRAINING
[2024-05-15 19:07:43] - [INFO] [WW/adminx449222] started P2V_calculate_groups_bd 
[2024-05-15 19:07:43] - [INFO] [WW/adminx449222] on [SOMVAT502676] started [P2V_calculate_groups_bd]
[2024-05-15 19:24:41] - [INFO] [WW/adminx449222] started check_userprofile -xkey X01024954
[2024-05-15 19:24:41] - [INFO] [WW/adminx449222] on [SOMVAT502676] started [check_userprofile]
[2024-05-15 19:45:38] - [INFO] [WW/adminx449222] started P2V_sync_user -xkey X01024954
[2024-05-15 19:47:35] - [INFO] loading userlist from tenant P2V_PRODTEST
[2024-05-15 19:47:57] - [INFO] loading userlist from tenant P2V-PROD
[2024-05-15 19:48:11] - [INFO] loading userlist from tenant P2V_BENCHMARK
[2024-05-15 19:48:24] - [INFO] loading userlist from tenant P2V_DEMO
[2024-05-15 19:48:37] - [INFO] loading userlist from tenant P2V_TEST
[2024-05-15 19:48:49] - [INFO] loading userlist from tenant P2V_UPDATE
[2024-05-15 19:49:02] - [INFO] loading userlist from tenant P2V_TRAINING
[2024-05-15 19:49:56] - [INFO] [WW/adminx449222] started check_userprofile -xkey X012753
[2024-05-15 19:49:56] - [INFO] [WW/adminx449222] on [SOMVAT502676] started [check_userprofile]
[2024-05-15 19:50:08] - [INFO] [WW/adminx449222] started P2V_sync_user -xkey X012753
[2024-05-15 19:50:52] - [INFO] [WW/adminx449222] started check_userprofile -xkey ANA044
[2024-05-15 19:50:52] - [INFO] [WW/adminx449222] on [SOMVAT502676] started [check_userprofile]
[2024-05-15 19:51:03] - [INFO] [WW/adminx449222] started P2V_sync_user -xkey ANA044
[2024-05-15 19:51:49] - [INFO] [WW/adminx449222] started check_userprofile -xkey X450796
[2024-05-15 19:51:49] - [INFO] [WW/adminx449222] on [SOMVAT502676] started [check_userprofile]
[2024-05-15 19:51:59] - [INFO] [WW/adminx449222] started P2V_sync_user -xkey X450796
[2024-05-15 19:52:59] - [INFO] [WW/adminx449222] started P2V_sync_user -xkey X452233
[2024-05-15 19:53:17] - [INFO] [WW/adminx449222] started P2V_sync_user -xkey X011443
[2024-05-15 19:53:39] - [INFO] [WW/adminx449222] started P2V_sync_user -xkey HISHAM1
[2024-05-15 19:54:00] - [INFO] [WW/adminx449222] started P2V_sync_user -xkey MARCO9
[2024-05-15 19:54:21] - [INFO] [WW/adminx449222] started P2V_sync_user -xkey X451671
[2024-05-15 19:54:49] - [INFO] [WW/adminx449222] started P2V_sync_user -xkey XPACHNE
[2024-05-15 19:55:16] - [INFO] [WW/adminx449222] started P2V_sync_user -xkey X01024954
[2024-05-15 19:55:55] - [INFO] [WW/adminx449222] started P2V_sync_user -xkey X448724
[2024-05-15 19:56:16] - [INFO] [WW/adminx449222] started P2V_sync_user -xkey X451820
[2024-05-15 19:56:49] - [INFO] [WW/adminx449222] started P2V_sync_user -xkey X449657
[2024-05-15 19:57:11] - [INFO] [WW/adminx449222] started P2V_sync_user -xkey X449593
[2024-05-15 19:57:29] - [INFO] [WW/adminx449222] started P2V_sync_user -xkey X450796
[2024-05-15 19:58:02] - [INFO] [WW/adminx449222] started P2V_sync_user -xkey X449571
[2024-05-15 19:58:08] - [INFO] loading userlist from tenant P2V_PRODTEST
[2024-05-15 19:58:18] - [INFO] loading userlist from tenant P2V-PROD
[2024-05-15 19:58:27] - [INFO] loading userlist from tenant P2V_BENCHMARK
[2024-05-15 19:58:37] - [INFO] loading userlist from tenant P2V_DEMO
[2024-05-15 19:58:47] - [INFO] loading userlist from tenant P2V_TEST
[2024-05-15 19:58:57] - [INFO] loading userlist from tenant P2V_UPDATE
[2024-05-15 19:59:06] - [INFO] loading userlist from tenant P2V_TRAINING
[2024-05-15 19:59:56] - [INFO] [WW/adminx449222] started P2V_calculate_groups_bd 
[2024-05-15 19:59:57] - [INFO] [WW/adminx449222] on [SOMVAT502676] started [P2V_calculate_groups_bd]
[2024-05-15 20:03:37] - [INFO] [P2V_PRODTEST]-[Z.BD.022.deny] : remove remove remove remove remove add remove remove remove remove remove remove remove remove remove add remove remove remove remove remove remove remove remove remove remove remove remove remove remove remove remove remove remove remove remove remove remove remove remove remove remove remove remove remove remove remove add remove remove remove add remove remove remove remove remove Zacharias Alexander (X012753) Loidl Benjamin (X452233) Tauschitz Christian (X449194) Pantazescu Cosmin-Ionut (X01022598) Auer Dominik (X449884) Kwiecinski Edward (X451861) Neubauer Elisabeth (ELISABETH10) Pineda Emma (EMMA04) Rodgers Emma (X449890) Bencsik Enikö (ENIKOE1) Martinez Porqueras Ester (ESTER1) Biltan Florin (X01021197) Antes Gerald (X449077) Verient Gery (X451624) Scheruga-Rosmarion Harald (X011481) Baily Heather (HEATHER4) Scsepka Hermann (X400044) Pascanu Ioana (IOANA5) Wallace James (XWALJAM) Six Jörg (X451555) Mandl Johannes (X450654) Hannke Katharine Louise (X449612) Brock Lewis Daniel (LEWIS1) Calin Livia-Madalina (LIVIA11) Coada-Petre Madalina (X01024526) Pertl Maria (X449156) Rodriguez Chavez Mario-Luis (X451671) Abaza Marius-Tudor (X01026867) Floimayr Martin (X452159) Gnauer Matthias (X450615) Elliott Michael Thomas (MICHAEL21) Griac Michal (MICHAL29) Dobre Mihaela-Nicoleta (MIHAELA37) Fallah Mohammad (X903220) Ementon Neil Andrew (NEIL08) Gebhardt Peter (PETER328) Podurets Petro (PEDRO8) Calinescu Petruta Alina (X01015446) Jipa Radu-Ionut (X01023752) Hercus Samuel James (XHERCUSSA) Saidi Sara (XSAIDISA) Stürzenbecher Sascha (SASCHA15) Ofori Solomon (SOLOMON2) Reiter Stefan (STEFAN377) Hannke Stephan (X449593) Staber Stephan (X450696) Haberfehlner Stephanie (STEPHANIE3) PowerBI GW 15 (s.at.p2vpbi15) Baumgartner Tanja Maria (X451558) Gether Thomas (X450605) Posch Thomas (X451690) Gieles Thomas Ruben (X452110) Chitu Maria Valentina (X01020092) Otto Volker (X449571) Hirsch Wolfgang (X012629) Sever Vitez Zarko (ZARKO3) Süle Zoltan (ZOLTAN30) - done
[2024-05-15 20:03:38] - [INFO] [P2V_PRODTEST]-[Z.BD.022.allow] : add add add add add add add add add add add add add add add add add add add add add add add add add add add add add add add add add add add add add add add add add add add add add add add add remove add add add add add Zacharias Alexander (X012753) Loidl Benjamin (X452233) Tauschitz Christian (X449194) Pantazescu Cosmin-Ionut (X01022598) Auer Dominik (X449884) Neubauer Elisabeth (ELISABETH10) Pineda Emma (EMMA04) Rodgers Emma (X449890) Bencsik Enikö (ENIKOE1) Martinez Porqueras Ester (ESTER1) Biltan Florin (X01021197) Antes Gerald (X449077) Verient Gery (X451624) Scheruga-Rosmarion Harald (X011481) Scsepka Hermann (X400044) Pascanu Ioana (IOANA5) Wallace James (XWALJAM) Six Jörg (X451555) Mandl Johannes (X450654) Hannke Katharine Louise (X449612) Brock Lewis Daniel (LEWIS1) Calin Livia-Madalina (LIVIA11) Coada-Petre Madalina (X01024526) Pertl Maria (X449156) Rodriguez Chavez Mario-Luis (X451671) Abaza Marius-Tudor (X01026867) Floimayr Martin (X452159) Gnauer Matthias (X450615) Elliott Michael Thomas (MICHAEL21) Griac Michal (MICHAL29) Dobre Mihaela-Nicoleta (MIHAELA37) Fallah Mohammad (X903220) Ementon Neil Andrew (NEIL08) Gebhardt Peter (PETER328) Podurets Petro (PEDRO8) Calinescu Petruta Alina (X01015446) Jipa Radu-Ionut (X01023752) Hercus Samuel James (XHERCUSSA) Saidi Sara (XSAIDISA) Stürzenbecher Sascha (SASCHA15) Ofori Solomon (SOLOMON2) Reiter Stefan (STEFAN377) Hannke Stephan (X449593) Staber Stephan (X450696) Haberfehlner Stephanie (STEPHANIE3) Baumgartner Tanja Maria (X451558) Gether Thomas (X450605) Posch Thomas (X451690) Gieles Thomas Ruben (X452110) Chitu Maria Valentina (X01020092) Otto Volker (X449571) Hirsch Wolfgang (X012629) Sever Vitez Zarko (ZARKO3) Süle Zoltan (ZOLTAN30) - done
[2024-05-15 20:03:39] - [INFO] [P2V_PRODTEST]-[Z.BD.021.deny] : remove remove remove add remove remove remove remove add remove remove remove remove remove remove remove add remove remove remove remove remove remove remove remove remove remove remove remove remove remove remove remove remove remove remove remove remove remove remove remove remove remove remove remove add remove remove remove remove remove remove remove Zacharias Alexander (X012753) Loidl Benjamin (X452233) Michielsen Bastiaan Hendrikus (BASTIAAN2) Davidescu Bogdan-George (X01026000) Tauschitz Christian (X449194) Pantazescu Cosmin-Ionut (X01022598) Kunaver Daniel (X450017) Auer Dominik (X449884) Kwiecinski Edward (X451861) Pineda Emma (EMMA04) Bencsik Enikö (ENIKOE1) Martinez Porqueras Ester (ESTER1) Dutzler Florian (FLORIAN109) Biltan Florin (X01021197) Cantarella Giuseppe (X452241) Scheruga-Rosmarion Harald (X011481) Baily Heather (HEATHER4) Pascanu Ioana (IOANA5) Wallace James (XWALJAM) Six Jörg (X451555) Mandl Johannes (X450654) Hannke Katharine Louise (X449612) Calin Livia-Madalina (LIVIA11) Uspanov Marat (MARAT1) Pertl Maria (X449156) Rodriguez Chavez Mario-Luis (X451671) Datler Martin (MARTIN106) Floimayr Martin (X452159) Etz Mathias (X450761) Elliott Michael Thomas (MICHAEL21) Griac Michal (MICHAL29) Dobre Mihaela-Nicoleta (MIHAELA37) Fallah Mohammad (X903220) Ementon Neil Andrew (NEIL08) Gratzer Oliver (OLIVER3) Gebhardt Peter (PETER328) Krois Peter (X427542) Malin Razvan (X903143) Möbius Rolf (X452109) Hercus Samuel James (XHERCUSSA) Stürzenbecher Sascha (SASCHA15) Secklehner Severin (X449657) Hannke Stephan (X449593) Staber Stephan (X450696) Haberfehlner Stephanie (STEPHANIE3) PowerBI GW 15 (s.at.p2vpbi15) Baumgartner Tanja Maria (X451558) Gether Thomas (X450605) Posch Thomas (X451690) Bieg Ulrich (ULRICH2) Otto Volker (X449571) Hirsch Wolfgang (X012629) Sever Vitez Zarko (ZARKO3) - done
[2024-05-15 20:03:41] - [INFO] [P2V_PRODTEST]-[bd.base] : add add remove add add add add add add add remove add add remove remove add remove add remove remove remove remove add remove add remove remove remove remove add remove add remove add add add add add remove remove remove remove add add add add add add add remove remove add add add add add add add add add remove add add remove add add add add add add add add remove add add remove remove add add remove remove add remove add add add add add remove add add remove remove add remove remove add add remove remove add add add add remove add add remove add add add add add Zacharias Alexander (X012753) Loidl Benjamin (X452233) Novotny Bernhard (X011443) Mumtaz Muhammad Ajmal (XMUMTAZMU) Burchisis Alexandru-Mihai (ALEXANDRU170) Dinescu Anca-Ica (ANCA10) Stockinger Andreas (ANDREAS60) Schmid Angelika (X450289) Borovina Ante (ANTE01) Khan Muhammad Arsalan (X01026816) Pencea Aurelian (X01000580) Michielsen Bastiaan Hendrikus (BASTIAAN2) Dinu Bogdan-Marius (X01022417) Reid Brendon (BRENDON2) Sledz Christian (CHRISTIAN87) Pantazescu Cosmin-Ionut (X01022598) Butnaru Crina-Maria (X01023902) Kunaver Daniel (X450017) Dordea Daniela (X450334) File Daniela Aurelia (X01012158) Kovacs Daniel Alexander (DANIEL63) Tomasevic Darijo (DARIJO1) Gmoser David (X451547) Puscasu Denisa-Florentina (X01025667) Auer Dominik (X449884) Dimitriu Elena-Cristina (X01014234) Ene Elena (X01022657) Lupu Elena (X01012359) Matei Elena (X01014962) Neubauer Elisabeth (ELISABETH10) Vindt Emil Cornel (X01000632) Tulan Emilia (X01025982) Stoica Emilia-Daniela (X01000585) Rodgers Emma (X449890) Martinez Porqueras Ester (ESTER1) Dutzler Florian (FLORIAN109) Biltan Florin (X01021197) Ho Ik Sing Francis (X01020712) Bauer Franz (X450683) Ionescu Gabriel-Liviu (X01000927) Duta Gabriela-Georgeta (X01000587) Stanciu Giorgiana (X01010664) Gonzalez Uribe German Alonso (X450706) Verient Gery (X451624) Cantarella Giuseppe (X452241) Hendizadeh Hadi (X450133) Scheruga-Rosmarion Harald (X011481) Scsepka Hermann (X400044) Pascanu Ioana (IOANA5) Dinu Irene-Claudia (X01000584) Surubaru Iulia Carmen (X01004284) Wallace James (XWALJAM) Six Jörg (X451555) Heimann-Sorger Judith (JUDITH2) Guibert D Amore Karine (KARINE1) Hannke Katharine Louise (X449612) Wagner Larisa (LARISA9) Umani Leonardo (LEONARDO1) Brock Lewis Daniel (LEWIS1) Calin Livia-Madalina (LIVIA11) Bunescu Florina (X01003515) Lameiro Manuel Victoriano (MANUEL97) Uspanov Marat (MARAT1) Bresciani Marco Renzo (MARCO9) Pertl Maria (X449156) Rodriguez Chavez Mario-Luis (X451671) Abaza Marius-Tudor (X01026867) Datler Martin (MARTIN106) Hubbig Martin (MARTIN26) Waldner Martina (X449157) Etz Mathias (X450761) Gnauer Matthias (X450615) Bierbaumer Michael (X436733) Dammerer-Kerbl Michael (X01024385) Elliott Michael Thomas (MICHAEL21) Stairs Michael (X01022519) Stanca Mihaela-Cristina (X01000589) Dobre Mihaela-Nicoleta (MIHAELA37) Wannenmacher Nico (NICO23) Mujescu Nicoleta (X01016018) Savulescu Nicoleta Cristina (X01021852) Toma Nicoleta-Adriana (X01026454) Ciora Octavian-Mihai (X01022560) Gratzer Oliver (OLIVER3) Mitterlehner Paul (X451207) Gebhardt Peter (PETER328) Janiczek Peter (X451740) Krois Peter (X427542) Strauss Philipp (X448724) Jipa Radu-Ionut (X01023752) Duque - Ramirez Jose Rafael (JOSE1) Cruceru Irina-Raluca (X01003379) Sava Raluca Maria (X01SAVRAL) Möbius Rolf (X452109) Catu-Sascioreanu Roxana (X01000582) Culjak Sandra (SANDRA18) Stürzenbecher Sascha (SASCHA15) Secklehner Severin (X449657) Vatafu Simona (X01026139) Coanda Simona-Daniela (X01007748) Ofori Solomon (SOLOMON2) Reiter Stefan (STEFAN377) Staber Stephan (X450696) Tahirov Tahir (TAHIR3) Nastase Teodor-Vladut (X01022484) Gether Thomas (X450605) Bieg Ulrich (ULRICH2) Broto Palomera Victor (VICTOR77) Otto Volker (X449571) Hirsch Wolfgang (X012629) Maknine Yosri (XMAKNINYO) Sever Vitez Zarko (ZARKO3) Süle Zoltan (ZOLTAN30) - done
[2024-05-15 20:03:42] - [INFO] [P2V_PRODTEST]-[Z.BD.021.allow] : add add add remove add add add add add add add add add add add add add add add add add add add add add add add add add add add add add add add add add add add add add add add add add add add add add add Zacharias Alexander (X012753) Loidl Benjamin (X452233) Michielsen Bastiaan Hendrikus (BASTIAAN2) Davidescu Bogdan-George (X01026000) Tauschitz Christian (X449194) Pantazescu Cosmin-Ionut (X01022598) Kunaver Daniel (X450017) Auer Dominik (X449884) Pineda Emma (EMMA04) Bencsik Enikö (ENIKOE1) Martinez Porqueras Ester (ESTER1) Dutzler Florian (FLORIAN109) Biltan Florin (X01021197) Cantarella Giuseppe (X452241) Scheruga-Rosmarion Harald (X011481) Pascanu Ioana (IOANA5) Wallace James (XWALJAM) Six Jörg (X451555) Mandl Johannes (X450654) Hannke Katharine Louise (X449612) Calin Livia-Madalina (LIVIA11) Uspanov Marat (MARAT1) Pertl Maria (X449156) Rodriguez Chavez Mario-Luis (X451671) Datler Martin (MARTIN106) Floimayr Martin (X452159) Etz Mathias (X450761) Elliott Michael Thomas (MICHAEL21) Griac Michal (MICHAL29) Dobre Mihaela-Nicoleta (MIHAELA37) Fallah Mohammad (X903220) Ementon Neil Andrew (NEIL08) Gratzer Oliver (OLIVER3) Gebhardt Peter (PETER328) Krois Peter (X427542) Malin Razvan (X903143) Möbius Rolf (X452109) Hercus Samuel James (XHERCUSSA) Stürzenbecher Sascha (SASCHA15) Secklehner Severin (X449657) Hannke Stephan (X449593) Staber Stephan (X450696) Haberfehlner Stephanie (STEPHANIE3) Baumgartner Tanja Maria (X451558) Gether Thomas (X450605) Posch Thomas (X451690) Bieg Ulrich (ULRICH2) Otto Volker (X449571) Hirsch Wolfgang (X012629) Sever Vitez Zarko (ZARKO3) - done
[2024-05-15 20:04:21] - [INFO] [WW/adminx449222] started P2V_calculate_groups_bd 
[2024-05-15 20:04:21] - [INFO] [WW/adminx449222] on [SOMVAT502676] started [P2V_calculate_groups_bd]
[2024-05-15 20:05:16] - [INFO] [P2V_PRODTEST]-[Z.BD.016.deny] : add add add add Dobany Kinga (KINGA7) Baily Heather (HEATHER4) Kwiecinski Edward (X451861) Dinu Bogdan-Marius (X01022417) - done
[2024-05-15 20:05:17] - [INFO] [P2V_PRODTEST]-[Z.BD.039.deny] : add add remove Baily Heather (HEATHER4) Kwiecinski Edward (X451861) Hlavacek Josef (X450149) - done
[2024-05-15 20:05:18] - [INFO] [P2V_PRODTEST]-[Z.BD.009.deny] : add add Baily Heather (HEATHER4) Kwiecinski Edward (X451861) - done
[2024-05-15 20:05:19] - [INFO] [P2V_PRODTEST]-[Z.BD.027.deny] : add add add Baily Heather (HEATHER4) Kwiecinski Edward (X451861) Dinu Bogdan-Marius (X01022417) - done
[2024-05-15 20:05:20] - [INFO] [P2V_PRODTEST]-[Z.BD.018.deny] : add add remove Baily Heather (HEATHER4) Kwiecinski Edward (X451861) Hlavacek Josef (X450149) - done
[2024-05-15 20:05:21] - [INFO] [P2V_PRODTEST]-[Z.BD.032.deny] : add add add remove Baily Heather (HEATHER4) Kwiecinski Edward (X451861) Bulgariu Razvan (X01001805) Hlavacek Josef (X450149) - done
[2024-05-15 20:05:22] - [INFO] [P2V_PRODTEST]-[Z.BD.026.deny] : add add add add add add add add add add add remove add TEST-AGENT 1 (s.ro.testagent1) TEST-AGENT 3 (s.ro.testagent3) Baily Heather (HEATHER4) Kwiecinski Edward (X451861) Bulgariu Razvan (X01001805) TEST-AGENT 5 (s.ro.testagent5) TEST-AGENT 4 (s.ro.testagent4) Kufner Martin (adminx449222) User Administration Arekhov Vladislav (VLADISLAV9) TEST-AGENT 2 (s.ro.testagent2) Hlavacek Josef (X450149) Shaw Arun (ARUN05) - done
[2024-05-15 20:05:23] - [INFO] [P2V_PRODTEST]-[Z.BD.028.allow] : remove Bulgariu Razvan (X01001805) - done
[2024-05-15 20:05:24] - [INFO] [P2V_PRODTEST]-[Z.BD.036.allow] : remove Dobany Kinga (KINGA7) - done
[2024-05-15 20:05:24] - [INFO] [P2V_PRODTEST]-[Z.BD.037.allow] : add Hlavacek Josef (X450149) - done
[2024-05-15 20:05:25] - [INFO] [P2V_PRODTEST]-[Z.BD.031.deny] : add add add add Podurets Petro (PEDRO8) Baily Heather (HEATHER4) Kwiecinski Edward (X451861) Dinu Bogdan-Marius (X01022417) - done
[2024-05-15 20:05:26] - [INFO] [P2V_PRODTEST]-[Z.BD.040.deny] : add add remove Baily Heather (HEATHER4) Kwiecinski Edward (X451861) Hlavacek Josef (X450149) - done
[2024-05-15 20:05:27] - [INFO] [P2V_PRODTEST]-[Z.BD.033.deny] : add add add add Baily Heather (HEATHER4) Kwiecinski Edward (X451861) Bulgariu Razvan (X01001805) Wood Jonathan (JONATHAN14) - done
[2024-05-15 20:05:28] - [INFO] [P2V_PRODTEST]-[Z.BD.013.deny] : add add Baily Heather (HEATHER4) Kwiecinski Edward (X451861) - done
[2024-05-15 20:05:29] - [INFO] [P2V_PRODTEST]-[Z.BD.024.allow] : add Duta Gabriela-Georgeta (X01000587) - done
[2024-05-15 20:05:30] - [INFO] [P2V_PRODTEST]-[Z.BD.004.deny] : add add Baily Heather (HEATHER4) Kwiecinski Edward (X451861) - done
[2024-05-15 20:05:31] - [INFO] [P2V_PRODTEST]-[Z.BD.025.deny] : add add remove Baily Heather (HEATHER4) Kwiecinski Edward (X451861) Hlavacek Josef (X450149) - done
[2024-05-15 20:05:32] - [INFO] [P2V_PRODTEST]-[Z.BD.040.allow] : add Hlavacek Josef (X450149) - done
[2024-05-15 20:05:32] - [INFO] [P2V_PRODTEST]-[Z.BD.023.allow] : add Hlavacek Josef (X450149) - done
[2024-05-15 20:05:33] - [INFO] [P2V_PRODTEST]-[Z.BD.003.deny] : add add Baily Heather (HEATHER4) Kwiecinski Edward (X451861) - done
[2024-05-15 20:05:34] - [INFO] [P2V_PRODTEST]-[Z.BD.006.deny] : add add Baily Heather (HEATHER4) Kwiecinski Edward (X451861) - done
[2024-05-15 20:05:35] - [INFO] [P2V_PRODTEST]-[Z.BD.038.deny] : add add remove Baily Heather (HEATHER4) Kwiecinski Edward (X451861) Hlavacek Josef (X450149) - done
[2024-05-15 20:05:36] - [INFO] [P2V_PRODTEST]-[Z.BD.038.allow] : add Hlavacek Josef (X450149) - done
[2024-05-15 20:05:37] - [INFO] [P2V_PRODTEST]-[Z.BD.013.allow] : add Dimitriu Elena-Cristina (X01014234) - done
[2024-05-15 20:05:38] - [INFO] [P2V_PRODTEST]-[Z.BD.007.deny] : add add add Baily Heather (HEATHER4) Kwiecinski Edward (X451861) Verbruggen Marinus Hendricus Wilhelmus (MARINUS1) - done
[2024-05-15 20:05:39] - [INFO] [P2V_PRODTEST]-[Z.BD.031.allow] : remove add remove Podurets Petro (PEDRO8) Bulgariu Razvan (X01001805) Dinu Bogdan-Marius (X01022417) - done
[2024-05-15 20:05:39] - [INFO] [P2V_PRODTEST]-[Z.BD.019.deny] : add add Baily Heather (HEATHER4) Kwiecinski Edward (X451861) - done
[2024-05-15 20:05:40] - [INFO] [P2V_PRODTEST]-[Z.BD.005.deny] : add add Baily Heather (HEATHER4) Kwiecinski Edward (X451861) - done
[2024-05-15 20:05:41] - [INFO] [P2V_PRODTEST]-[Z.BD.029.deny] : add add add add add add add add add add add add TEST-AGENT 1 (s.ro.testagent1) TEST-AGENT 3 (s.ro.testagent3) Baily Heather (HEATHER4) Kwiecinski Edward (X451861) Bulgariu Razvan (X01001805) TEST-AGENT 5 (s.ro.testagent5) TEST-AGENT 4 (s.ro.testagent4) Kufner Martin (adminx449222) User Administration Arekhov Vladislav (VLADISLAV9) TEST-AGENT 2 (s.ro.testagent2) Shaw Arun (ARUN05) - done
[2024-05-15 20:05:42] - [INFO] [P2V_PRODTEST]-[Z.BD.032.allow] : add Hlavacek Josef (X450149) - done
[2024-05-15 20:05:43] - [INFO] [P2V_PRODTEST]-[Z.BD.016.allow] : remove remove Dobany Kinga (KINGA7) Dinu Bogdan-Marius (X01022417) - done
[2024-05-15 20:05:44] - [INFO] [P2V_PRODTEST]-[Z.BD.034.allow] : remove Hussain Fida (XHUSSAIFI) - done
[2024-05-15 20:05:45] - [INFO] [P2V_PRODTEST]-[Z.BD.035.deny] : add Dobany Kinga (KINGA7) - done
[2024-05-15 20:05:46] - [INFO] [P2V_PRODTEST]-[Z.BD.010.deny] : add add Baily Heather (HEATHER4) Kwiecinski Edward (X451861) - done
[2024-05-15 20:05:46] - [INFO] [P2V_PRODTEST]-[Z.BD.018.allow] : add Hlavacek Josef (X450149) - done
[2024-05-15 20:05:47] - [INFO] [P2V_PRODTEST]-[Z.BD.037.deny] : add add remove Baily Heather (HEATHER4) Kwiecinski Edward (X451861) Hlavacek Josef (X450149) - done
[2024-05-15 20:05:48] - [INFO] [P2V_PRODTEST]-[Z.BD.012.deny] : add add Baily Heather (HEATHER4) Kwiecinski Edward (X451861) - done
[2024-05-15 20:05:49] - [INFO] [P2V_PRODTEST]-[Z.BD.014.deny] : add add Baily Heather (HEATHER4) Kwiecinski Edward (X451861) - done
[2024-05-15 20:05:50] - [INFO] [P2V_PRODTEST]-[Z.BD.028.deny] : add add add add add add add add add add add add TEST-AGENT 1 (s.ro.testagent1) TEST-AGENT 3 (s.ro.testagent3) Baily Heather (HEATHER4) Kwiecinski Edward (X451861) Bulgariu Razvan (X01001805) TEST-AGENT 5 (s.ro.testagent5) TEST-AGENT 4 (s.ro.testagent4) Kufner Martin (adminx449222) User Administration Arekhov Vladislav (VLADISLAV9) TEST-AGENT 2 (s.ro.testagent2) Shaw Arun (ARUN05) - done
[2024-05-15 20:05:51] - [INFO] [P2V_PRODTEST]-[Z.BD.017.allow] : add Hlavacek Josef (X450149) - done
[2024-05-15 20:05:52] - [INFO] [P2V_PRODTEST]-[Z.BD.023.deny] : add add add add add add add add add add add add add remove add TEST-AGENT 1 (s.ro.testagent1) TEST-AGENT 3 (s.ro.testagent3) Neff Pascale (X450712) Baily Heather (HEATHER4) Kwiecinski Edward (X451861) Bulgariu Razvan (X01001805) TEST-AGENT 5 (s.ro.testagent5) TEST-AGENT 4 (s.ro.testagent4) Kufner Martin (adminx449222) User Administration Fisher Samuel (XFISHERSA) Arekhov Vladislav (VLADISLAV9) TEST-AGENT 2 (s.ro.testagent2) Hlavacek Josef (X450149) Shaw Arun (ARUN05) - done
[2024-05-15 20:05:52] - [INFO] [P2V_PRODTEST]-[Z.BD.024.deny] : add add Baily Heather (HEATHER4) Kwiecinski Edward (X451861) - done
[2024-05-15 20:05:53] - [INFO] [P2V_PRODTEST]-[bd.base] : remove add remove remove remove remove remove remove remove remove remove remove remove remove remove remove remove remove Costa de Almeida Sousa Teles Catarina Sofia (X452088) Rodgers Emma (X449890) Vindt Emil Cornel (X01000632) Dobany Kinga (KINGA7) Bogar Andras (ANDRAS9) Savulescu Nicoleta Cristina (X01021852) Sava Raluca Maria (X01SAVRAL) Poldlehner Andreas (X451272) Gauer Albert Lorenz (ALBERT3) Bierbaumer Michael (X436733) Bauer Jan Erik (X450487) Nastase Teodor-Vladut (X01022484) Dordea Daniela (X450334) Kwon Richard (RICHARD31) Male-Pirker Barbara (X451645) Martinus Gabriela (GABRIELA43) Scholz Christian (CHRISTIAN130) Butler Claire (CLAIRE3) - done
[2024-05-15 20:05:54] - [INFO] [P2V_PRODTEST]-[Z.BD.027.allow] : remove Dinu Bogdan-Marius (X01022417) - done
[2024-05-15 20:05:55] - [INFO] [P2V_PRODTEST]-[Z.BD.002.deny] : add add Baily Heather (HEATHER4) Kwiecinski Edward (X451861) - done
[2024-05-15 20:05:56] - [INFO] [P2V_PRODTEST]-[Z.BD.029.allow] : remove Bulgariu Razvan (X01001805) - done
[2024-05-15 20:05:57] - [INFO] [P2V_PRODTEST]-[Z.BD.025.allow] : add Hlavacek Josef (X450149) - done
[2024-05-15 20:05:58] - [INFO] [P2V_PRODTEST]-[Z.BD.020.allow] : remove add Bulgariu Razvan (X01001805) Hlavacek Josef (X450149) - done
[2024-05-15 20:05:59] - [INFO] [P2V_PRODTEST]-[Z.BD.033.allow] : remove Bulgariu Razvan (X01001805) - done
[2024-05-15 20:06:00] - [INFO] [P2V_PRODTEST]-[Z.BD.017.deny] : add add remove Baily Heather (HEATHER4) Kwiecinski Edward (X451861) Hlavacek Josef (X450149) - done
[2024-05-15 20:06:01] - [INFO] [P2V_PRODTEST]-[Z.BD.026.allow] : add Hlavacek Josef (X450149) - done
[2024-05-15 20:06:01] - [INFO] [P2V_PRODTEST]-[Z.BD.011.deny] : add add Baily Heather (HEATHER4) Kwiecinski Edward (X451861) - done
[2024-05-15 20:06:02] - [INFO] [P2V_PRODTEST]-[Z.BD.020.deny] : add add add remove Baily Heather (HEATHER4) Kwiecinski Edward (X451861) Bulgariu Razvan (X01001805) Hlavacek Josef (X450149) - done
[2024-05-15 20:06:03] - [INFO] [P2V_PRODTEST]-[Z.BD.030.deny] : add add add add add add add add add add add add TEST-AGENT 1 (s.ro.testagent1) TEST-AGENT 3 (s.ro.testagent3) Baily Heather (HEATHER4) Kwiecinski Edward (X451861) Bulgariu Razvan (X01001805) TEST-AGENT 5 (s.ro.testagent5) TEST-AGENT 4 (s.ro.testagent4) Kufner Martin (adminx449222) User Administration Arekhov Vladislav (VLADISLAV9) TEST-AGENT 2 (s.ro.testagent2) Shaw Arun (ARUN05) - done
[2024-05-15 20:06:04] - [INFO] [P2V_PRODTEST]-[Z.BD.030.allow] : remove Bulgariu Razvan (X01001805) - done
[2024-05-15 20:06:05] - [INFO] [P2V_PRODTEST]-[Z.BD.034.deny] : add add add add add add Qureshi Waqas (XQURESHWA) Hussain Fida (XHUSSAIFI) Neff Pascale (X450712) Baily Heather (HEATHER4) Kwiecinski Edward (X451861) Bulgariu Razvan (X01001805) - done
[2024-05-15 20:06:06] - [INFO] [P2V_PRODTEST]-[Z.BD.039.allow] : add Hlavacek Josef (X450149) - done
[2024-05-22 13:15:51] - [INFO] [WW/adminx449222] started check_userprofile -xkey X012753
[2024-05-22 13:15:51] - [INFO] [WW/adminx449222] on [SOMVAT502676] started [check_userprofile]
[2024-05-22 13:28:40] - [INFO] [WW/adminx449222] started P2V_sync_user -xkey X012753
[2024-05-22 13:28:46] - [INFO] loading userlist from tenant P2V_PRODTEST
[2024-05-22 13:28:55] - [INFO] loading userlist from tenant P2V-PROD
[2024-05-22 13:29:04] - [INFO] loading userlist from tenant P2V_BENCHMARK
[2024-05-22 13:29:13] - [INFO] loading userlist from tenant P2V_DEMO
[2024-05-22 13:29:22] - [INFO] loading userlist from tenant P2V_TEST
[2024-05-22 13:29:30] - [INFO] loading userlist from tenant P2V_UPDATE
[2024-05-22 13:29:39] - [INFO] loading userlist from tenant P2V_TRAINING
[2024-05-22 16:01:17] - [INFO] [WW/adminx449222] started P2V_sync_user -xkey X012753
[2024-05-22 16:01:25] - [INFO] loading userlist from tenant P2V_TEST
[2024-05-22 16:01:33] - [INFO] loading userlist from tenant P2V_DEMO
[2024-05-22 16:01:42] - [INFO] loading userlist from tenant P2V_PRODTEST
[2024-05-22 16:01:50] - [INFO] loading userlist from tenant P2V_TRAINING
