[2024-07-16 09:28:18] - [INFO] [WW/adminx449222] started check_userprofile -xkey XWALJAM
[2024-07-16 09:28:18] - [INFO] [WW/adminx449222] on [SOMVAT502676] started [check_userprofile]
[2024-07-16 09:29:14] - [INFO] [WW/adminx449222] started P2V_deactivate_user -xkey XWALJAM
[2024-07-16 09:29:23] - [INFO] loading userlist from tenant P2V_PRODTEST
[2024-07-16 09:29:37] - [INFO] loading userlist from tenant P2V-PROD
[2024-07-16 09:29:47] - [INFO] loading userlist from tenant P2V_DEMO
[2024-07-16 09:30:11] - [INFO] loading userlist from tenant P2V_TEST
[2024-07-16 09:30:21] - [INFO] loading userlist from tenant P2V_UPDATE
[2024-07-16 09:30:35] - [INFO] loading userlist from tenant P2V_TRAINING
[2024-07-16 09:31:31] - [INFO] [WW/adminx449222] started check_userprofile -xkey XWALJAM
[2024-07-16 09:31:31] - [INFO] [WW/adminx449222] on [SOMVAT502676] started [check_userprofile]
[2024-07-16 09:32:08] - [INFO] [WW/adminx449222] started check_userprofile -xkey X450706
[2024-07-16 09:32:08] - [INFO] [WW/adminx449222] on [SOMVAT502676] started [check_userprofile]
[2024-07-16 09:33:23] - [INFO] [WW/adminx449222] started P2V_sync_user -xkey X450706
[2024-07-16 09:33:53] - [INFO] [WW/adminx449222] started check_userprofile -xkey X450706
[2024-07-16 09:33:53] - [INFO] [WW/adminx449222] on [SOMVAT502676] started [check_userprofile]
[2024-07-16 09:34:37] - [INFO] [WW/adminx449222] started P2V_deactivate_user -xkey X450706
[2024-07-16 09:36:10] - [INFO] [WW/adminx449222] started check_userprofile -xkey X450706
[2024-07-16 09:36:10] - [INFO] [WW/adminx449222] on [SOMVAT502676] started [check_userprofile]
[2024-07-16 09:42:28] - [INFO] [WW/adminx449222] started check_userprofile -xkey X01008024
[2024-07-16 09:42:28] - [INFO] [WW/adminx449222] on [SOMVAT502676] started [check_userprofile]
[2024-07-16 09:45:24] - [INFO] [WW/adminx449222] started check_userprofile -xkey X01008024
[2024-07-16 09:45:24] - [INFO] [WW/adminx449222] on [SOMVAT502676] started [check_userprofile]
[2024-07-16 09:45:46] - [INFO] [WW/adminx449222] started check_userprofile -xkey X01000527
[2024-07-16 09:45:46] - [INFO] [WW/adminx449222] on [SOMVAT502676] started [check_userprofile]
[2024-07-16 09:46:40] - [INFO] [WW/adminx449222] started P2V_sync_user -xkey X01000527
[2024-07-16 09:46:47] - [INFO] loading userlist from tenant P2V_PRODTEST
[2024-07-16 09:47:15] - [INFO] loading userlist from tenant P2V-PROD
[2024-07-16 09:47:25] - [INFO] loading userlist from tenant P2V_DEMO
[2024-07-16 09:47:37] - [INFO] loading userlist from tenant P2V_TEST
[2024-07-16 09:47:47] - [INFO] loading userlist from tenant P2V_UPDATE
[2024-07-16 09:48:04] - [INFO] loading userlist from tenant P2V_TRAINING
[2024-07-16 09:48:29] - [INFO] [WW/adminx449222] started check_userprofile -xkey X01000527
[2024-07-16 09:48:29] - [INFO] [WW/adminx449222] on [SOMVAT502676] started [check_userprofile]
[2024-07-16 09:50:31] - [INFO] [WW/adminx449222] started check_userprofile -xkey X01000527
[2024-07-16 09:50:31] - [INFO] [WW/adminx449222] on [SOMVAT502676] started [check_userprofile]
[2024-07-16 09:50:39] - [INFO] [WW/adminx449222] started P2V_deactivate_user -xkey X01000527
[2024-07-16 09:51:04] - [INFO] [WW/adminx449222] started check_userprofile -xkey X01000527
[2024-07-16 09:51:04] - [INFO] [WW/adminx449222] on [SOMVAT502676] started [check_userprofile]
[2024-07-16 09:55:07] - [INFO] [WW/adminx449222] started check_userprofile -xkey X01014962
[2024-07-16 09:55:07] - [INFO] [WW/adminx449222] on [SOMVAT502676] started [check_userprofile]
[2024-07-16 09:55:32] - [INFO] [WW/adminx449222] started P2V_lock_user -xkey X01014962
[2024-07-16 09:55:40] - [INFO] [WW/adminx449222] started check_userprofile -xkey X01014962
[2024-07-16 09:55:40] - [INFO] [WW/adminx449222] on [SOMVAT502676] started [check_userprofile]
[2024-07-16 09:55:50] - [INFO] [WW/adminx449222] started P2V_sync_user -xkey X01014962
[2024-07-16 09:56:36] - [INFO] [WW/adminx449222] started P2V_lock_user -xkey X01014962
[2024-07-16 09:57:57] - [INFO] [WW/adminx449222] started check_userprofile -xkey RADE01
[2024-07-16 09:57:57] - [INFO] [WW/adminx449222] on [SOMVAT502676] started [check_userprofile]
[2024-07-16 09:58:10] - [INFO] [WW/adminx449222] started P2V_sync_user -xkey RADE01
[2024-07-16 09:58:18] - [INFO] loading userlist from tenant P2V_PRODTEST
[2024-07-16 10:23:45] - [INFO] loading userlist from tenant P2V-PROD
[2024-07-16 10:23:53] - [INFO] loading userlist from tenant P2V_DEMO
[2024-07-16 10:24:03] - [INFO] loading userlist from tenant P2V_TEST
[2024-07-16 10:24:13] - [INFO] loading userlist from tenant P2V_UPDATE
[2024-07-16 10:24:21] - [INFO] loading userlist from tenant P2V_TRAINING
[2024-07-16 10:29:44] - [INFO] [WW/adminx449222] started P2V_lock_user -xkey RADE01
[2024-07-16 10:29:52] - [INFO] loading userlist from tenant P2V_PRODTEST
[2024-07-16 10:30:29] - [INFO] [WW/adminx449222] started check_userprofile -xkey X01014962
[2024-07-16 10:30:30] - [INFO] [WW/adminx449222] on [SOMVAT502676] started [check_userprofile]
[2024-07-16 10:35:56] - [INFO] [WW/adminx449222] started check_userprofile -xkey X450774
[2024-07-16 10:35:57] - [INFO] [WW/adminx449222] on [SOMVAT502676] started [check_userprofile]
[2024-07-16 10:39:22] - [INFO] [WW/adminx449222] started check_userprofile -xkey XNEAGUAND
[2024-07-16 10:39:22] - [INFO] [WW/adminx449222] on [SOMVAT502676] started [check_userprofile]
[2024-07-16 10:40:00] - [INFO] [WW/adminx449222] started P2V_sync_user -xkey XNEAGUAND
[2024-07-16 10:40:05] - [INFO] loading userlist from tenant P2V_PRODTEST
[2024-07-16 10:40:16] - [INFO] loading userlist from tenant P2V-PROD
[2024-07-16 10:40:27] - [INFO] loading userlist from tenant P2V_DEMO
[2024-07-16 10:40:36] - [INFO] loading userlist from tenant P2V_TEST
[2024-07-16 10:40:46] - [INFO] loading userlist from tenant P2V_UPDATE
[2024-07-16 10:40:54] - [INFO] loading userlist from tenant P2V_TRAINING
[2024-07-16 10:41:28] - [INFO] [WW/adminx449222] started P2V_lock_user -xkey XNEAGUAND
[2024-07-16 10:42:18] - [INFO] [WW/adminx449222] started check_userprofile -xkey XNEAGUAND
[2024-07-16 10:42:18] - [INFO] [WW/adminx449222] on [SOMVAT502676] started [check_userprofile]
[2024-07-16 10:42:32] - [INFO] [WW/adminx449222] started check_userprofile -xkey SAMYUKUTHA1
[2024-07-16 10:42:32] - [INFO] [WW/adminx449222] on [SOMVAT502676] started [check_userprofile]
[2024-07-16 10:42:56] - [INFO] [WW/adminx449222] started P2V_lock_user -xkey SAMYUKUTHA1
[2024-07-16 10:44:54] - [INFO] [WW/adminx449222] started check_userprofile -xkey X01008024
[2024-07-16 10:44:54] - [INFO] [WW/adminx449222] on [SOMVAT502676] started [check_userprofile]
[2024-07-16 10:45:08] - [INFO] [WW/adminx449222] started P2V_sync_user -xkey X01008024
[2024-07-16 10:45:41] - [INFO] [WW/adminx449222] started P2V_lock_user -xkey X01008024
[2024-07-16 10:46:18] - [INFO] [WW/adminx449222] started check_userprofile -xkey X01008024
[2024-07-16 10:46:18] - [INFO] [WW/adminx449222] on [SOMVAT502676] started [check_userprofile]
[2024-07-16 10:49:07] - [INFO] [WW/adminx449222] started P2V_sync_user -xkey X01022508
[2024-07-16 10:49:31] - [INFO] [WW/adminx449222] started P2V_deactivate_user -xkey X01022508
[2024-07-16 10:49:40] - [INFO] loading userlist from tenant P2V_BENCHMARK
[2024-07-16 10:49:57] - [INFO] [WW/adminx449222] started check_userprofile -xkey X01022508
[2024-07-16 10:49:57] - [INFO] [WW/adminx449222] on [SOMVAT502676] started [check_userprofile]
[2024-07-16 10:50:35] - [INFO] [WW/adminx449222] started check_userprofile -xkey X01027241
[2024-07-16 10:50:35] - [INFO] [WW/adminx449222] on [SOMVAT502676] started [check_userprofile]
[2024-07-16 10:50:53] - [INFO] [WW/adminx449222] started P2V_sync_user -xkey X01027241
[2024-07-16 10:50:58] - [INFO] loading userlist from tenant P2V_PRODTEST
[2024-07-16 10:51:09] - [INFO] loading userlist from tenant P2V-PROD
[2024-07-16 10:51:19] - [INFO] loading userlist from tenant P2V_DEMO
[2024-07-16 10:51:28] - [INFO] loading userlist from tenant P2V_TEST
[2024-07-16 10:51:38] - [INFO] loading userlist from tenant P2V_UPDATE
[2024-07-16 10:51:46] - [INFO] loading userlist from tenant P2V_TRAINING
[2024-07-16 10:52:12] - [INFO] [WW/adminx449222] started P2V_deactivate_user -xkey X01027241
[2024-07-16 10:52:54] - [INFO] [WW/adminx449222] started check_userprofile -xkey X01027241
[2024-07-16 10:52:54] - [INFO] [WW/adminx449222] on [SOMVAT502676] started [check_userprofile]
[2024-07-16 10:57:57] - [INFO] [WW/adminx449222] started check_userprofile -xkey X01027241
[2024-07-16 10:57:57] - [INFO] [WW/adminx449222] on [SOMVAT502676] started [check_userprofile]
[2024-07-16 11:04:19] - [INFO] [WW/adminx449222] started check_userprofile -xkey X01027241
[2024-07-16 11:04:19] - [INFO] [WW/adminx449222] on [SOMVAT502676] started [check_userprofile]
[2024-07-16 11:04:45] - [INFO] [WW/adminx449222] started check_userprofile -xkey X01012359
[2024-07-16 11:04:45] - [INFO] [WW/adminx449222] on [SOMVAT502676] started [check_userprofile]
[2024-07-16 11:05:02] - [INFO] [WW/adminx449222] started P2V_sync_user -xkey X01012359
[2024-07-16 11:05:08] - [INFO] loading userlist from tenant P2V_PRODTEST
[2024-07-16 11:05:21] - [INFO] loading userlist from tenant P2V-PROD
[2024-07-16 11:05:32] - [INFO] loading userlist from tenant P2V_DEMO
[2024-07-16 11:05:41] - [INFO] loading userlist from tenant P2V_TEST
[2024-07-16 11:05:51] - [INFO] loading userlist from tenant P2V_UPDATE
[2024-07-16 11:06:00] - [INFO] loading userlist from tenant P2V_TRAINING
[2024-07-16 11:06:09] - [INFO] [WW/adminx449222] started P2V_deactivate_user -xkey X01012359
[2024-07-16 11:07:26] - [INFO] [WW/adminx449222] started check_userprofile -xkey X01012359
[2024-07-16 11:07:26] - [INFO] [WW/adminx449222] on [SOMVAT502676] started [check_userprofile]
[2024-07-16 11:08:15] - [INFO] [WW/adminx449222] started check_userprofile -xkey X01008024
[2024-07-16 11:08:15] - [INFO] [WW/adminx449222] on [SOMVAT502676] started [check_userprofile]
[2024-07-16 11:09:15] - [INFO] [WW/adminx449222] started P2V_unlock_user -xkey X01008024
[2024-07-16 11:09:34] - [INFO] [WW/adminx449222] started P2V_deactivate_user -xkey X01008024
[2024-07-16 11:09:55] - [INFO] [WW/adminx449222] started check_userprofile -xkey X01008024
[2024-07-16 11:09:55] - [INFO] [WW/adminx449222] on [SOMVAT502676] started [check_userprofile]
[2024-07-16 12:45:45] - [INFO] [WW/adminx449222] started check_userprofile -xkey X01022402
[2024-07-16 12:45:45] - [INFO] [WW/adminx449222] on [SOMVAT502676] started [check_userprofile]
[2024-07-16 12:45:59] - [INFO] [WW/adminx449222] started P2V_sync_user -xkey X01022402
[2024-07-16 12:46:07] - [INFO] loading userlist from tenant P2V_PRODTEST
[2024-07-16 12:46:24] - [INFO] loading userlist from tenant P2V-PROD
[2024-07-16 12:46:33] - [INFO] loading userlist from tenant P2V_DEMO
[2024-07-16 12:46:43] - [INFO] loading userlist from tenant P2V_TEST
[2024-07-16 12:47:09] - [INFO] loading userlist from tenant P2V_UPDATE
[2024-07-16 12:47:20] - [INFO] loading userlist from tenant P2V_TRAINING
[2024-07-16 12:48:30] - [INFO] [WW/adminx449222] started P2V_unlock_user -xkey X01022402
[2024-07-16 12:49:13] - [INFO] [WW/adminx449222] started P2V_deactivate_user -xkey X01022402
[2024-07-16 12:49:36] - [INFO] [WW/adminx449222] started check_userprofile -xkey X01022402
[2024-07-16 12:49:36] - [INFO] [WW/adminx449222] on [SOMVAT502676] started [check_userprofile]
[2024-07-16 12:50:06] - [INFO] [WW/adminx449222] started check_userprofile -xkey X451547
[2024-07-16 12:50:06] - [INFO] [WW/adminx449222] on [SOMVAT502676] started [check_userprofile]
[2024-07-16 12:50:38] - [INFO] [WW/adminx449222] started P2V_sync_user -xkey X451547
[2024-07-16 12:50:51] - [INFO] [WW/adminx449222] started P2V_unlock_user -xkey X451547
[2024-07-16 12:51:07] - [INFO] [WW/adminx449222] started P2V_deactivate_user -xkey X451547
[2024-07-16 12:51:29] - [INFO] [WW/adminx449222] started check_userprofile -xkey X451547
[2024-07-16 12:51:29] - [INFO] [WW/adminx449222] on [SOMVAT502676] started [check_userprofile]
[2024-07-16 12:51:57] - [INFO] [WW/adminx449222] started check_userprofile -xkey X01022402
[2024-07-16 12:51:57] - [INFO] [WW/adminx449222] on [SOMVAT502676] started [check_userprofile]
[2024-07-16 12:52:15] - [INFO] [WW/adminx449222] started check_userprofile -xkey X01025538
[2024-07-16 12:52:15] - [INFO] [WW/adminx449222] on [SOMVAT502676] started [check_userprofile]
[2024-07-16 12:52:24] - [INFO] [WW/adminx449222] started P2V_sync_user -xkey X01025538
[2024-07-16 12:52:44] - [INFO] [WW/adminx449222] started P2V_unlock_user -xkey X01025538
[2024-07-16 12:53:08] - [INFO] [WW/adminx449222] started P2V_deactivate_user -xkey X01025538
[2024-07-16 12:53:31] - [INFO] [WW/adminx449222] started check_userprofile -xkey X01025538
[2024-07-16 12:53:31] - [INFO] [WW/adminx449222] on [SOMVAT502676] started [check_userprofile]
[2024-07-16 12:53:51] - [INFO] [WW/adminx449222] started check_userprofile -xkey X01015586
[2024-07-16 12:53:51] - [INFO] [WW/adminx449222] on [SOMVAT502676] started [check_userprofile]
[2024-07-16 12:54:01] - [INFO] [WW/adminx449222] started P2V_sync_user -xkey X01015586
[2024-07-16 12:54:19] - [INFO] [WW/adminx449222] started P2V_unlock_user -xkey X01015586
[2024-07-16 12:54:49] - [INFO] [WW/adminx449222] started P2V_deactivate_user -xkey X01015586
[2024-07-16 12:55:18] - [INFO] [WW/adminx449222] started check_userprofile -xkey X01015586
[2024-07-16 12:55:18] - [INFO] [WW/adminx449222] on [SOMVAT502676] started [check_userprofile]
[2024-07-16 12:55:55] - [INFO] [WW/adminx449222] started check_userprofile -xkey X01016000
[2024-07-16 12:55:55] - [INFO] [WW/adminx449222] on [SOMVAT502676] started [check_userprofile]
[2024-07-16 12:56:05] - [INFO] [WW/adminx449222] started P2V_sync_user -xkey X01016000
[2024-07-16 12:56:13] - [INFO] loading userlist from tenant P2V_PRODTEST
[2024-07-16 12:56:31] - [INFO] loading userlist from tenant P2V-PROD
[2024-07-16 12:56:41] - [INFO] loading userlist from tenant P2V_DEMO
[2024-07-16 12:56:52] - [INFO] loading userlist from tenant P2V_TEST
[2024-07-16 12:57:11] - [INFO] loading userlist from tenant P2V_UPDATE
[2024-07-16 12:57:22] - [INFO] loading userlist from tenant P2V_TRAINING
[2024-07-16 12:57:52] - [INFO] [WW/adminx449222] started P2V_unlock_user -xkey X01016000
[2024-07-16 12:58:17] - [INFO] [WW/adminx449222] started P2V_deactivate_user -xkey X01016000
[2024-07-16 12:58:57] - [INFO] [WW/adminx449222] started P2V_sync_user -xkey X01016000
[2024-07-16 12:59:33] - [INFO] [WW/adminx449222] started check_userprofile -xkey X01016000
[2024-07-16 12:59:33] - [INFO] [WW/adminx449222] on [SOMVAT502676] started [check_userprofile]
[2024-07-16 12:59:51] - [INFO] [WW/adminx449222] started check_userprofile -xkey X01022492
[2024-07-16 12:59:51] - [INFO] [WW/adminx449222] on [SOMVAT502676] started [check_userprofile]
[2024-07-16 13:00:00] - [INFO] [WW/adminx449222] started P2V_sync_user -xkey X01022492
[2024-07-16 13:00:32] - [INFO] [WW/adminx449222] started P2V_unlock_user -xkey X01022492
[2024-07-16 13:00:54] - [INFO] [WW/adminx449222] started P2V_deactivate_user -xkey X01022492
[2024-07-16 13:03:34] - [INFO] [WW/adminx449222] started check_userprofile -xkey X01022492
[2024-07-16 13:03:34] - [INFO] [WW/adminx449222] on [SOMVAT502676] started [check_userprofile]
[2024-07-16 13:04:59] - [INFO] [WW/adminx449222] started check_userprofile -xkey X01022559
[2024-07-16 13:04:59] - [INFO] [WW/adminx449222] on [SOMVAT502676] started [check_userprofile]
[2024-07-16 13:05:11] - [INFO] [WW/adminx449222] started P2V_sync_user -xkey X01022559
[2024-07-16 13:05:41] - [INFO] [WW/adminx449222] started check_userprofile -xkey X01022559
[2024-07-16 13:05:41] - [INFO] [WW/adminx449222] on [SOMVAT502676] started [check_userprofile]
[2024-07-16 13:05:50] - [INFO] [WW/adminx449222] started P2V_unlock_user -xkey X01022559
[2024-07-16 13:06:07] - [INFO] [WW/adminx449222] started P2V_deactivate_user -xkey X01022559
[2024-07-16 13:06:46] - [INFO] [WW/adminx449222] started check_userprofile -xkey X01022559
[2024-07-16 13:06:46] - [INFO] [WW/adminx449222] on [SOMVAT502676] started [check_userprofile]
[2024-07-16 13:07:10] - [INFO] [WW/adminx449222] started check_userprofile -xkey X903143
[2024-07-16 13:07:10] - [INFO] [WW/adminx449222] on [SOMVAT502676] started [check_userprofile]
[2024-07-16 13:07:23] - [INFO] [WW/adminx449222] started P2V_sync_user -xkey X903143
[2024-07-16 13:07:29] - [INFO] loading userlist from tenant P2V_PRODTEST
[2024-07-16 13:08:24] - [INFO] loading userlist from tenant P2V-PROD
[2024-07-16 13:08:33] - [INFO] loading userlist from tenant P2V_DEMO
[2024-07-16 13:08:43] - [INFO] loading userlist from tenant P2V_TEST
[2024-07-16 13:08:53] - [INFO] loading userlist from tenant P2V_UPDATE
[2024-07-16 13:09:04] - [INFO] loading userlist from tenant P2V_TRAINING
[2024-07-16 13:09:41] - [INFO] [WW/adminx449222] started P2V_unlock_user -xkey X903143
[2024-07-16 13:10:02] - [INFO] [WW/adminx449222] started P2V_deactivate_user -xkey X903143
[2024-07-16 13:29:30] - [INFO] [WW/adminx449222] started check_userprofile -xkey X903143
[2024-07-16 13:29:30] - [INFO] [WW/adminx449222] on [SOMVAT502676] started [check_userprofile]
[2024-07-16 13:30:11] - [INFO] [WW/adminx449222] started check_userprofile -xkey DANIELA34
[2024-07-16 13:30:11] - [INFO] [WW/adminx449222] on [SOMVAT502676] started [check_userprofile]
[2024-07-16 13:31:19] - [INFO] [WW/adminx449222] started P2V_sync_user -xkey DANIELA34
[2024-07-16 13:31:33] - [INFO] loading userlist from tenant P2V_PRODTEST
[2024-07-16 13:33:23] - [INFO] loading userlist from tenant P2V-PROD
[2024-07-16 13:33:33] - [INFO] loading userlist from tenant P2V_DEMO
[2024-07-16 13:33:49] - [INFO] loading userlist from tenant P2V_TEST
[2024-07-16 13:34:12] - [INFO] loading userlist from tenant P2V_UPDATE
[2024-07-16 13:34:23] - [INFO] loading userlist from tenant P2V_TRAINING
[2024-07-16 13:35:24] - [INFO] [WW/adminx449222] started P2V_unlock_user -xkey DANIELA34
[2024-07-16 13:36:11] - [INFO] [WW/adminx449222] started P2V_deactivate_user -xkey DANIELA34
[2024-07-16 13:37:37] - [INFO] [WW/adminx449222] started check_userprofile -xkey DANIELA34
[2024-07-16 13:37:37] - [INFO] [WW/adminx449222] on [SOMVAT502676] started [check_userprofile]
[2024-07-16 13:38:44] - [INFO] [WW/adminx449222] started check_userprofile -xkey X01016011
[2024-07-16 13:38:44] - [INFO] [WW/adminx449222] on [SOMVAT502676] started [check_userprofile]
[2024-07-16 13:39:13] - [INFO] [WW/adminx449222] started P2V_sync_user -xkey X01016011
[2024-07-16 13:40:03] - [INFO] [WW/adminx449222] started P2V_unlock_user -xkey X01016011
[2024-07-16 13:40:56] - [INFO] [WW/adminx449222] started P2V_deactivate_user -xkey X01016011
[2024-07-16 13:42:00] - [INFO] [WW/adminx449222] started check_userprofile -xkey X01016011
[2024-07-16 13:42:00] - [INFO] [WW/adminx449222] on [SOMVAT502676] started [check_userprofile]
[2024-07-16 13:42:45] - [INFO] [WW/adminx449222] started check_userprofile -xkey X01003379
[2024-07-16 13:42:45] - [INFO] [WW/adminx449222] on [SOMVAT502676] started [check_userprofile]
[2024-07-16 13:43:18] - [INFO] [WW/adminx449222] started P2V_sync_user -xkey X01003379
[2024-07-16 13:43:23] - [INFO] loading userlist from tenant P2V_PRODTEST
[2024-07-16 13:44:31] - [INFO] loading userlist from tenant P2V-PROD
[2024-07-16 13:44:44] - [INFO] loading userlist from tenant P2V_DEMO
[2024-07-16 13:45:17] - [INFO] loading userlist from tenant P2V_TEST
[2024-07-16 13:45:42] - [INFO] loading userlist from tenant P2V_UPDATE
[2024-07-16 13:46:03] - [INFO] loading userlist from tenant P2V_TRAINING
[2024-07-16 13:48:09] - [INFO] [WW/adminx449222] started P2V_deactivate_user -xkey X01003379
[2024-07-16 14:00:35] - [INFO] [WW/adminx449222] started check_userprofile -xkey X01003379
[2024-07-16 14:00:35] - [INFO] [WW/adminx449222] on [SOMVAT502676] started [check_userprofile]
[2024-07-16 14:39:05] - [INFO] [WW/adminx449222] started check_userprofile -xkey X01009245
[2024-07-16 14:39:05] - [INFO] [WW/adminx449222] on [SOMVAT502676] started [check_userprofile]
[2024-07-16 14:39:21] - [INFO] [WW/adminx449222] started P2V_sync_user -xkey X01009245
[2024-07-16 14:39:27] - [INFO] loading userlist from tenant P2V_PRODTEST
[2024-07-16 14:39:40] - [INFO] loading userlist from tenant P2V-PROD
[2024-07-16 14:39:51] - [INFO] loading userlist from tenant P2V_DEMO
[2024-07-16 14:40:01] - [INFO] loading userlist from tenant P2V_TEST
[2024-07-16 14:40:12] - [INFO] loading userlist from tenant P2V_UPDATE
[2024-07-16 14:40:29] - [INFO] loading userlist from tenant P2V_TRAINING
[2024-07-16 14:40:53] - [INFO] [WW/adminx449222] started P2V_deactivate_user -xkey X01009245
[2024-07-16 14:41:31] - [INFO] [WW/adminx449222] started check_userprofile -xkey X01009245
[2024-07-16 14:41:31] - [INFO] [WW/adminx449222] on [SOMVAT502676] started [check_userprofile]
[2024-07-16 14:42:04] - [INFO] [WW/adminx449222] started check_userprofile -xkey X01010024
[2024-07-16 14:42:04] - [INFO] [WW/adminx449222] on [SOMVAT502676] started [check_userprofile]
[2024-07-16 14:42:14] - [INFO] [WW/adminx449222] started P2V_sync_user -xkey X01010024
[2024-07-16 14:42:42] - [INFO] [WW/adminx449222] started P2V_deactivate_user -xkey X01010024
[2024-07-16 14:43:10] - [INFO] [WW/adminx449222] started check_userprofile -xkey X01010024
[2024-07-16 14:43:10] - [INFO] [WW/adminx449222] on [SOMVAT502676] started [check_userprofile]
[2024-07-16 14:43:29] - [INFO] [WW/adminx449222] started check_userprofile -xkey X01006617
[2024-07-16 14:43:29] - [INFO] [WW/adminx449222] on [SOMVAT502676] started [check_userprofile]
[2024-07-16 14:43:39] - [INFO] [WW/adminx449222] started P2V_sync_user -xkey X01006617
[2024-07-16 14:43:57] - [INFO] [WW/adminx449222] started P2V_deactivate_user -xkey X01006617
[2024-07-16 14:44:28] - [INFO] [WW/adminx449222] started check_userprofile -xkey X01006617
[2024-07-16 14:44:29] - [INFO] [WW/adminx449222] on [SOMVAT502676] started [check_userprofile]
[2024-07-16 14:44:44] - [INFO] [WW/adminx449222] started P2V_sync_user -xkey X01006617
[2024-07-16 14:45:11] - [INFO] [WW/adminx449222] started P2V_deactivate_user -xkey X01006617
[2024-07-16 14:45:40] - [INFO] [WW/adminx449222] started check_userprofile -xkey X01006617
[2024-07-16 14:45:40] - [INFO] [WW/adminx449222] on [SOMVAT502676] started [check_userprofile]
[2024-07-16 14:45:59] - [INFO] [WW/adminx449222] started check_userprofile -xkey BERNHARD10
[2024-07-16 14:45:59] - [INFO] [WW/adminx449222] on [SOMVAT502676] started [check_userprofile]
[2024-07-16 14:46:14] - [INFO] [WW/adminx449222] started P2V_sync_user -xkey BERNHARD10
[2024-07-16 14:46:38] - [INFO] [WW/adminx449222] started P2V_deactivate_user -xkey BERNHARD10
[2024-07-16 14:47:02] - [INFO] [WW/adminx449222] started check_userprofile -xkey BERNHARD10
[2024-07-16 14:47:02] - [INFO] [WW/adminx449222] on [SOMVAT502676] started [check_userprofile]
[2024-07-16 14:47:17] - [INFO] [WW/adminx449222] started check_userprofile -xkey VALENTIN74
[2024-07-16 14:47:17] - [INFO] [WW/adminx449222] on [SOMVAT502676] started [check_userprofile]
[2024-07-16 14:47:32] - [INFO] [WW/adminx449222] started P2V_deactivate_user -xkey VALENTIN74
[2024-07-16 14:48:00] - [INFO] [WW/adminx449222] started check_userprofile -xkey VALENTIN74
[2024-07-16 14:48:00] - [INFO] [WW/adminx449222] on [SOMVAT502676] started [check_userprofile]
[2024-07-16 14:48:24] - [INFO] [WW/adminx449222] started check_userprofile -xkey X449370
[2024-07-16 14:48:24] - [INFO] [WW/adminx449222] on [SOMVAT502676] started [check_userprofile]
[2024-07-16 14:48:37] - [INFO] [WW/adminx449222] started P2V_sync_user -xkey X449370
[2024-07-16 14:49:05] - [INFO] [WW/adminx449222] started P2V_deactivate_user -xkey X449370
[2024-07-16 14:49:25] - [INFO] [WW/adminx449222] started check_userprofile -xkey X449370
[2024-07-16 14:49:26] - [INFO] [WW/adminx449222] on [SOMVAT502676] started [check_userprofile]
[2024-07-16 14:49:59] - [INFO] [WW/adminx449222] started check_userprofile -xkey X01008370
[2024-07-16 14:49:59] - [INFO] [WW/adminx449222] on [SOMVAT502676] started [check_userprofile]
[2024-07-16 14:50:18] - [INFO] [WW/adminx449222] started P2V_deactivate_user -xkey X01008370
[2024-07-16 14:50:25] - [INFO] loading userlist from tenant P2V_PRODTEST
[2024-07-16 14:50:36] - [INFO] loading userlist from tenant P2V-PROD
[2024-07-16 14:50:47] - [INFO] loading userlist from tenant P2V_DEMO
[2024-07-16 14:50:57] - [INFO] loading userlist from tenant P2V_TEST
[2024-07-16 14:52:12] - [INFO] loading userlist from tenant P2V_UPDATE
[2024-07-16 14:52:51] - [INFO] loading userlist from tenant P2V_TRAINING
[2024-07-16 14:53:23] - [INFO] [WW/adminx449222] started P2V_sync_user -xkey X01008370
[2024-07-16 14:53:47] - [INFO] [WW/adminx449222] started check_userprofile -xkey X01008370
[2024-07-16 14:53:47] - [INFO] [WW/adminx449222] on [SOMVAT502676] started [check_userprofile]
[2024-07-16 14:54:20] - [INFO] [WW/adminx449222] started check_userprofile -xkey SIMONA21
[2024-07-16 14:54:20] - [INFO] [WW/adminx449222] on [SOMVAT502676] started [check_userprofile]
[2024-07-16 14:54:45] - [INFO] [WW/adminx449222] started P2V_sync_user -xkey SIMONA21
[2024-07-16 14:55:52] - [INFO] [WW/adminx449222] started P2V_deactivate_user -xkey SIMONA21
[2024-07-16 14:56:38] - [INFO] [WW/adminx449222] started check_userprofile -xkey SIMONA21
[2024-07-16 14:56:38] - [INFO] [WW/adminx449222] on [SOMVAT502676] started [check_userprofile]
[2024-07-16 14:56:57] - [INFO] [WW/adminx449222] started check_userprofile -xkey X01002577
[2024-07-16 14:56:57] - [INFO] [WW/adminx449222] on [SOMVAT502676] started [check_userprofile]
[2024-07-16 14:57:18] - [INFO] [WW/adminx449222] started P2V_sync_user -xkey X01002577
[2024-07-16 14:59:16] - [INFO] [WW/adminx449222] started P2V_deactivate_user -xkey X01002577
[2024-07-16 15:00:06] - [INFO] [WW/adminx449222] started check_userprofile -xkey X01002577
[2024-07-16 15:00:06] - [INFO] [WW/adminx449222] on [SOMVAT502676] started [check_userprofile]
[2024-07-16 15:00:38] - [INFO] [WW/adminx449222] started check_userprofile -xkey X01001056
[2024-07-16 15:00:38] - [INFO] [WW/adminx449222] on [SOMVAT502676] started [check_userprofile]
[2024-07-16 15:00:51] - [INFO] [WW/adminx449222] started P2V_sync_user -xkey X01001056
[2024-07-16 15:00:56] - [INFO] loading userlist from tenant P2V_PRODTEST
[2024-07-16 15:01:07] - [INFO] loading userlist from tenant P2V-PROD
[2024-07-16 15:01:18] - [INFO] loading userlist from tenant P2V_DEMO
[2024-07-16 15:01:26] - [INFO] loading userlist from tenant P2V_TEST
[2024-07-16 15:01:46] - [INFO] [WW/adminx449222] started P2V_deactivate_user -xkey X01001056
[2024-07-16 15:02:12] - [INFO] [WW/adminx449222] started check_userprofile -xkey X01001056
[2024-07-16 15:02:12] - [INFO] [WW/adminx449222] on [SOMVAT502676] started [check_userprofile]
[2024-07-16 15:02:55] - [INFO] [WW/adminx449222] started check_userprofile -xkey X451684
[2024-07-16 15:02:55] - [INFO] [WW/adminx449222] on [SOMVAT502676] started [check_userprofile]
[2024-07-16 15:03:03] - [INFO] [WW/adminx449222] started P2V_sync_user -xkey X451684
[2024-07-16 15:03:15] - [INFO] loading userlist from tenant P2V_UPDATE
[2024-07-16 15:03:23] - [INFO] loading userlist from tenant P2V_TRAINING
[2024-07-16 15:03:32] - [INFO] [WW/adminx449222] started P2V_deactivate_user -xkey X451684
[2024-07-16 15:03:50] - [INFO] [WW/adminx449222] started P2V_deactivate_user -xkey X451684
[2024-07-16 15:04:00] - [INFO] [WW/adminx449222] started check_userprofile -xkey X451684
[2024-07-16 15:04:00] - [INFO] [WW/adminx449222] on [SOMVAT502676] started [check_userprofile]
[2024-07-16 15:04:19] - [INFO] [WW/adminx449222] started check_userprofile -xkey X01STOEWA
[2024-07-16 15:04:19] - [INFO] [WW/adminx449222] on [SOMVAT502676] started [check_userprofile]
[2024-07-16 15:04:28] - [INFO] [WW/adminx449222] started P2V_sync_user -xkey X01STOEWA
[2024-07-16 15:04:50] - [INFO] [WW/adminx449222] started P2V_deactivate_user -xkey X01STOEWA
[2024-07-16 15:05:14] - [INFO] [WW/adminx449222] started check_userprofile -xkey X01STOEWA
[2024-07-16 15:05:14] - [INFO] [WW/adminx449222] on [SOMVAT502676] started [check_userprofile]
[2024-07-16 15:05:20] - [INFO] [WW/adminx449222] started check_userprofile -xkey X01STOEWA
[2024-07-16 15:05:20] - [INFO] [WW/adminx449222] on [SOMVAT502676] started [check_userprofile]
[2024-07-16 15:14:35] - [INFO] [WW/adminx449222] started check_userprofile -xkey X01020563
[2024-07-16 15:14:35] - [INFO] [WW/adminx449222] on [SOMVAT502676] started [check_userprofile]
[2024-07-16 15:14:50] - [INFO] [WW/adminx449222] started P2V_sync_user -xkey X01020563
[2024-07-16 15:14:57] - [INFO] loading userlist from tenant P2V_PRODTEST
[2024-07-16 15:15:09] - [INFO] loading userlist from tenant P2V-PROD
[2024-07-16 15:15:20] - [INFO] loading userlist from tenant P2V_DEMO
[2024-07-16 15:15:30] - [INFO] loading userlist from tenant P2V_TEST
[2024-07-16 15:15:39] - [INFO] loading userlist from tenant P2V_UPDATE
[2024-07-16 15:15:49] - [INFO] loading userlist from tenant P2V_TRAINING
[2024-07-16 15:18:48] - [INFO] [WW/adminx449222] started check_userprofile -xkey X01020563
[2024-07-16 15:18:48] - [INFO] [WW/adminx449222] on [SOMVAT502676] started [check_userprofile]
[2024-07-16 15:19:00] - [INFO] [WW/adminx449222] started P2V_deactivate_user -xkey X01020563
[2024-07-16 15:19:51] - [INFO] [WW/adminx449222] started check_userprofile -xkey X01018903
[2024-07-16 15:19:51] - [INFO] [WW/adminx449222] on [SOMVAT502676] started [check_userprofile]
[2024-07-16 15:20:07] - [INFO] [WW/adminx449222] started P2V_sync_user -xkey X01018903
[2024-07-16 15:22:57] - [INFO] [WW/adminx449222] started P2V_sync_user -xkey X450761
[2024-07-16 15:23:27] - [INFO] [WW/adminx449222] started P2V_lock_user -xkey X450761
[2024-07-16 15:24:30] - [INFO] [WW/adminx449222] started P2V_sync_user -xkey X451207
[2024-07-16 15:24:48] - [INFO] [WW/adminx449222] started check_userprofile -xkey X451207
[2024-07-16 15:24:48] - [INFO] [WW/adminx449222] on [SOMVAT502676] started [check_userprofile]
[2024-07-16 15:24:56] - [INFO] [WW/adminx449222] started check_userprofile -xkey X451207
[2024-07-16 15:24:56] - [INFO] [WW/adminx449222] on [SOMVAT502676] started [check_userprofile]
[2024-07-16 15:25:03] - [INFO] [WW/adminx449222] started P2V_lock_user -xkey X451207
[2024-07-16 15:25:10] - [INFO] loading userlist from tenant P2V_PRODTEST
[2024-07-16 15:25:20] - [INFO] loading userlist from tenant P2V-PROD
[2024-07-16 15:25:30] - [INFO] loading userlist from tenant P2V_DEMO
[2024-07-16 15:25:39] - [INFO] loading userlist from tenant P2V_TEST
[2024-07-16 15:25:49] - [INFO] loading userlist from tenant P2V_UPDATE
[2024-07-16 15:25:58] - [INFO] loading userlist from tenant P2V_TRAINING
[2024-07-16 15:28:34] - [INFO] [WW/adminx449222] started P2V_sync_user -xkey JUDITH2
[2024-07-16 15:28:55] - [INFO] [WW/adminx449222] started P2V_deactivate_user -xkey JUDITH2
[2024-07-16 15:29:14] - [INFO] [WW/adminx449222] started check_userprofile -xkey JUDITH2
[2024-07-16 15:29:14] - [INFO] [WW/adminx449222] on [SOMVAT502676] started [check_userprofile]
[2024-07-16 15:32:23] - [INFO] [WW/adminx449222] started P2V_sync_user -xkey X400044
[2024-07-16 15:32:39] - [INFO] [WW/adminx449222] started P2V_lock_user -xkey X400044
[2024-07-16 15:32:54] - [INFO] [WW/adminx449222] started check_userprofile -xkey X400044
[2024-07-16 15:32:55] - [INFO] [WW/adminx449222] on [SOMVAT502676] started [check_userprofile]
[2024-07-16 15:33:44] - [INFO] [WW/adminx449222] started P2V_sync_user -xkey X449132
[2024-07-16 15:36:32] - [INFO] [WW/adminx449222] started P2V_deactivate_user -xkey X449132
[2024-07-16 15:36:38] - [INFO] loading userlist from tenant P2V_PRODTEST
[2024-07-16 15:36:48] - [INFO] loading userlist from tenant P2V-PROD
[2024-07-16 15:37:00] - [INFO] loading userlist from tenant P2V_DEMO
[2024-07-16 15:37:10] - [INFO] loading userlist from tenant P2V_TEST
[2024-07-16 15:37:20] - [INFO] loading userlist from tenant P2V_UPDATE
[2024-07-16 15:37:29] - [INFO] loading userlist from tenant P2V_TRAINING
[2024-07-16 15:39:25] - [INFO] [WW/adminx449222] started check_userprofile -xkey CHRISTOPHE26
[2024-07-16 15:39:25] - [INFO] [WW/adminx449222] on [SOMVAT502676] started [check_userprofile]
[2024-07-16 15:39:42] - [INFO] [WW/adminx449222] started P2V_sync_user -xkey CHRISTOPHE26
[2024-07-16 15:41:29] - [INFO] [WW/adminx449222] started P2V_deactivate_user -xkey CHRISTOPHE26
[2024-07-16 15:41:59] - [INFO] [WW/adminx449222] started check_userprofile -xkey CHRISTOPHE26
[2024-07-16 15:42:00] - [INFO] [WW/adminx449222] on [SOMVAT502676] started [check_userprofile]
[2024-07-16 15:42:12] - [INFO] [WW/adminx449222] started check_userprofile -xkey X01022598
[2024-07-16 15:42:12] - [INFO] [WW/adminx449222] on [SOMVAT502676] started [check_userprofile]
[2024-07-16 15:42:21] - [INFO] [WW/adminx449222] started P2V_sync_user -xkey X01022598
[2024-07-16 15:42:51] - [INFO] [WW/adminx449222] started P2V_deactivate_user -xkey X01022598
[2024-07-16 15:59:32] - [INFO] [WW/adminx449222] started check_userprofile -xkey X01022598
[2024-07-16 15:59:32] - [INFO] [WW/adminx449222] on [SOMVAT502676] started [check_userprofile]
[2024-07-16 16:03:01] - [INFO] [WW/adminx449222] started check_userprofile -xkey X448916
[2024-07-16 16:03:01] - [INFO] [WW/adminx449222] on [SOMVAT502676] started [check_userprofile]
[2024-07-16 16:03:33] - [INFO] [WW/adminx449222] started P2V_sync_user -xkey X448916
[2024-07-16 16:05:11] - [INFO] loading userlist from tenant P2V_PRODTEST
[2024-07-16 16:05:22] - [INFO] loading userlist from tenant P2V-PROD
[2024-07-16 16:05:31] - [INFO] loading userlist from tenant P2V_DEMO
[2024-07-16 16:05:40] - [INFO] loading userlist from tenant P2V_TEST
[2024-07-16 16:05:49] - [INFO] loading userlist from tenant P2V_UPDATE
[2024-07-16 16:05:59] - [INFO] loading userlist from tenant P2V_TRAINING
[2024-07-16 16:07:43] - [INFO] [WW/adminx449222] started check_userprofile -xkey X448916
[2024-07-16 16:07:43] - [INFO] [WW/adminx449222] on [SOMVAT502676] started [check_userprofile]
[2024-07-16 16:10:46] - [INFO] [WW/adminx449222] started check_userprofile -xkey X448916
[2024-07-16 16:10:46] - [INFO] [WW/adminx449222] on [SOMVAT502676] started [check_userprofile]
[2024-07-16 16:10:54] - [INFO] [WW/adminx449222] started P2V_unlock_user -xkey X448916
[2024-07-16 16:11:11] - [INFO] [WW/adminx449222] started P2V_deactivate_user -xkey X448916
[2024-07-16 16:11:32] - [INFO] [WW/adminx449222] started check_userprofile -xkey X448916
[2024-07-16 16:11:32] - [INFO] [WW/adminx449222] on [SOMVAT502676] started [check_userprofile]
[2024-07-16 16:11:59] - [INFO] [WW/adminx449222] started P2V_sync_user -xkey X450017
[2024-07-16 16:13:08] - [INFO] [WW/adminx449222] started check_userprofile -xkey X450017
[2024-07-16 16:13:08] - [INFO] [WW/adminx449222] on [SOMVAT502676] started [check_userprofile]
[2024-07-16 16:13:33] - [INFO] [WW/adminx449222] started P2V_deactivate_user -xkey X450017
[2024-07-16 16:13:54] - [INFO] [WW/adminx449222] started P2V_unlock_user -xkey X450017
[2024-07-16 16:14:10] - [INFO] [WW/adminx449222] started check_userprofile -xkey X450017
[2024-07-16 16:14:10] - [INFO] [WW/adminx449222] on [SOMVAT502676] started [check_userprofile]
[2024-07-16 16:15:11] - [INFO] [WW/adminx449222] started check_userprofile -xkey XINOUN
[2024-07-16 16:15:11] - [INFO] [WW/adminx449222] on [SOMVAT502676] started [check_userprofile]
[2024-07-16 16:15:19] - [INFO] [WW/adminx449222] started P2V_sync_user -xkey XINOUN
[2024-07-16 16:15:24] - [INFO] loading userlist from tenant P2V_PRODTEST
[2024-07-16 16:15:35] - [INFO] loading userlist from tenant P2V-PROD
[2024-07-16 16:15:44] - [INFO] loading userlist from tenant P2V_DEMO
[2024-07-16 16:15:52] - [INFO] loading userlist from tenant P2V_TEST
[2024-07-16 16:16:00] - [INFO] loading userlist from tenant P2V_UPDATE
[2024-07-16 16:16:10] - [INFO] loading userlist from tenant P2V_TRAINING
[2024-07-16 16:16:24] - [INFO] [WW/adminx449222] started P2V_unlock_user -xkey XINOUN
[2024-07-16 16:17:14] - [INFO] [WW/adminx449222] started P2V_deactivate_user -xkey XINOUN
[2024-07-16 16:17:45] - [INFO] [WW/adminx449222] started check_userprofile -xkey XINOUN
[2024-07-16 16:17:45] - [INFO] [WW/adminx449222] on [SOMVAT502676] started [check_userprofile]
[2024-07-16 16:23:15] - [INFO] [WW/adminx449222] started check_userprofile -xkey X450017
[2024-07-16 16:23:15] - [INFO] [WW/adminx449222] on [SOMVAT502676] started [check_userprofile]
[2024-07-16 16:23:34] - [INFO] [WW/adminx449222] started check_userprofile -xkey X448916
[2024-07-16 16:23:34] - [INFO] [WW/adminx449222] on [SOMVAT502676] started [check_userprofile]
[2024-07-16 16:23:54] - [INFO] [WW/adminx449222] started check_userprofile -xkey XINOUN
[2024-07-16 16:23:54] - [INFO] [WW/adminx449222] on [SOMVAT502676] started [check_userprofile]
