[2024-10-08 11:19:20] - [INFO] [WW/adminx449222] started check_userprofile -xkey SEBASTIAN14
[2024-10-08 11:19:20] - [INFO] [WW/adminx449222] on [SOMVAT502676] started [check_userprofile]
[2024-10-08 11:20:10] - [INFO] [WW/adminx449222] started P2V_super_sync -xkey SEBASTIAN14 
[2024-10-08 11:20:10] - [INFO] [WW/adminx449222] on [SOMVAT502676] started [P2V_super_sync]
[2024-10-08 12:25:16] - [INFO] [P2V_TEST] , [] , [10/08/2024 12:25:16] , [] 
[2024-10-08 12:25:24] - [INFO] loading userlist from tenant P2V_TEST  [7.461193 s]
[2024-10-08 12:31:00] - [INFO] [WW/adminx449222] started check_userprofile -xkey SEBASTIAN14
[2024-10-08 12:31:01] - [INFO] [WW/adminx449222] on [SOMVAT502676] started [check_userprofile]
[2024-10-08 13:22:49] - [INFO] [WW/adminx449222] started P2V_sync_user -xkey SEBASTIAN14
[2024-10-08 13:23:10] - [INFO] [P2V_PRODTEST] , [] , [10/08/2024 13:23:10] , [] 
[2024-10-08 13:23:11] - [INFO] loading userlist from tenant P2V_PRODTEST  [0.0450727 s]
[2024-10-08 13:23:16] - [INFO] [P2V-PROD] , [] , [10/08/2024 13:23:16] , [] 
[2024-10-08 13:23:24] - [INFO] loading userlist from tenant P2V-PROD  [8.7334355 s]
[2024-10-08 13:23:25] - [INFO] [P2V_BENCHMARK] , [] , [10/08/2024 13:23:25] , [] 
[2024-10-08 13:23:25] - [INFO] loading userlist from tenant P2V_BENCHMARK  [0.009987 s]
[2024-10-08 13:23:26] - [INFO] [P2V_DEMO] , [] , [10/08/2024 13:23:26] , [] 
[2024-10-08 13:23:35] - [INFO] loading userlist from tenant P2V_DEMO  [9.0887995 s]
[2024-10-08 13:23:36] - [INFO] [P2V_TEST] , [10/08/2024 12:25:16] , [10/08/2024 13:23:36] , [58.3187996983333] 
[2024-10-08 13:23:44] - [INFO] loading userlist from tenant P2V_TEST  [8.812674 s]
[2024-10-08 13:23:45] - [INFO] [PETROVR] , [] , [10/08/2024 13:23:45] , [] 
[2024-10-08 13:23:45] - [INFO] loading userlist from tenant PETROVR  [0.0169991 s]
[2024-10-08 13:23:45] - [INFO] [P2V_UPDATE] , [] , [10/08/2024 13:23:45] , [] 
[2024-10-08 13:23:54] - [INFO] loading userlist from tenant P2V_UPDATE  [8.7196149 s]
[2024-10-08 13:23:55] - [INFO] [P2V_TRAINING] , [] , [10/08/2024 13:23:55] , [] 
[2024-10-08 13:24:03] - [INFO] loading userlist from tenant P2V_TRAINING  [8.6015106 s]
