[2025-05-26 11:28:27] - [INFO] [WW/adminx449222] started check_userprofile -xkey X01008024
[2025-05-26 11:28:27] - [INFO] [WW/adminx449222] on [SOMVAT502676] started [check_userprofile]
[2025-05-26 11:30:06] - [INFO] [WW/adminx449222] started check_userprofile -xkey X01008024
[2025-05-26 11:30:06] - [INFO] [WW/adminx449222] on [SOMVAT502676] started [check_userprofile]
[2025-05-26 11:35:04] - [INFO] [WW/adminx449222] started P2V_activate_user -xkey X01008024
[2025-05-26 11:35:20] - [INFO] [TRAINING] , [] , [05/26/2025 11:35:20] , [] 
[2025-05-26 11:35:30] - [INFO] loading userlist from tenant TRAINING  [10.6918116 s]
[2025-05-26 11:38:47] - [INFO] [WW/adminx449222] started check_userprofile -xkey ELENA170
[2025-05-26 11:38:47] - [INFO] [WW/adminx449222] on [SOMVAT502676] started [check_userprofile]
[2025-05-26 11:47:57] - [INFO] [WW/adminx449222] started P2V_sync_user -xkey ELENA170
[2025-05-26 11:48:01] - [INFO] [BASE_TEST] , [] , [05/26/2025 11:48:01] , [] 
[2025-05-26 11:48:02] - [INFO] loading userlist from tenant BASE_TEST  [0.0519897 s]
[2025-05-26 11:48:03] - [INFO] [P2V-PROD] , [] , [05/26/2025 11:48:03] , [] 
[2025-05-26 11:48:03] - [INFO] loading userlist from tenant P2V-PROD  [0.0340009 s]
[2025-05-26 11:48:04] - [INFO] [BASE_PROD] , [] , [05/26/2025 11:48:04] , [] 
[2025-05-26 11:48:14] - [INFO] loading userlist from tenant BASE_PROD  [10.6652857 s]
[2025-05-26 11:48:14] - [INFO] [TEST2] , [] , [05/26/2025 11:48:14] , [] 
[2025-05-26 11:48:14] - [INFO] loading userlist from tenant TEST2  [0.0130006 s]
[2025-05-26 11:48:15] - [INFO] [P2V_TEST] , [] , [05/26/2025 11:48:15] , [] 
[2025-05-26 11:48:23] - [INFO] loading userlist from tenant P2V_TEST  [8.7166429 s]
[2025-05-26 11:48:25] - [INFO] [PRODTEST] , [] , [05/26/2025 11:48:25] , [] 
[2025-05-26 11:48:36] - [INFO] loading userlist from tenant PRODTEST  [11.1379921 s]
[2025-05-26 11:48:37] - [INFO] [P2V_PRODTEST] , [] , [05/26/2025 11:48:37] , [] 
[2025-05-26 11:48:37] - [INFO] loading userlist from tenant P2V_PRODTEST  [0.0179976 s]
[2025-05-26 11:48:37] - [INFO] [TEST1] , [] , [05/26/2025 11:48:37] , [] 
[2025-05-26 11:48:48] - [INFO] loading userlist from tenant TEST1  [10.3639455 s]
[2025-05-26 11:48:49] - [INFO] [TRAINING] , [05/26/2025 11:35:20] , [05/26/2025 11:48:49] , [13.4869922766667] 
[2025-05-26 11:49:00] - [INFO] loading userlist from tenant TRAINING  [11.1250789 s]
[2025-05-26 11:49:01] - [INFO] [BASE_UPDATE] , [] , [05/26/2025 11:49:01] , [] 
[2025-05-26 11:49:13] - [INFO] loading userlist from tenant BASE_UPDATE  [11.9382751 s]
[2025-05-26 11:49:13] - [INFO] [P2V_UPDATE] , [] , [05/26/2025 11:49:13] , [] 
[2025-05-26 11:49:23] - [INFO] loading userlist from tenant P2V_UPDATE  [9.8233875 s]
[2025-05-26 11:49:23] - [INFO] [UPDATE] , [] , [05/26/2025 11:49:23] , [] 
[2025-05-26 11:49:35] - [INFO] loading userlist from tenant UPDATE  [11.6865625 s]
[2025-05-26 11:49:37] - [INFO] [PROD] , [] , [05/26/2025 11:49:36] , [] 
[2025-05-26 11:49:45] - [INFO] loading userlist from tenant PROD  [8.5324094 s]
[2025-05-26 11:49:46] - [INFO] [P2V_TRAINING] , [] , [05/26/2025 11:49:46] , [] 
[2025-05-26 11:49:46] - [INFO] loading userlist from tenant P2V_TRAINING  [0.0130032 s]
[2025-05-26 11:49:46] - [INFO] [P2V_DEMO] , [] , [05/26/2025 11:49:46] , [] 
[2025-05-26 11:49:55] - [INFO] loading userlist from tenant P2V_DEMO  [9.1808956 s]
[2025-05-26 11:50:16] - [INFO] [WW/adminx449222] started check_userprofile -xkey X01008024
[2025-05-26 11:50:16] - [INFO] [WW/adminx449222] on [SOMVAT502676] started [check_userprofile]
[2025-05-26 11:50:51] - [INFO] [WW/adminx449222] started P2V_sync_user -xkey X01008024
[2025-05-26 11:51:10] - [INFO] [PROD] , [05/26/2025 11:49:36] , [05/26/2025 11:51:10] , [1.56605060833333] 
[2025-05-26 11:51:13] - [INFO] [PRODTEST] , [05/26/2025 11:48:25] , [05/26/2025 11:51:13] , [2.80400682] 
[2025-05-26 11:51:14] - [INFO] [TRAINING] , [05/26/2025 11:48:49] , [05/26/2025 11:51:14] , [2.41739814333333] 
[2025-05-26 11:51:15] - [INFO] [TEST1] , [05/26/2025 11:48:37] , [05/26/2025 11:51:15] , [2.62777838333333] 
[2025-05-26 11:51:16] - [INFO] [BASE_PROD] , [05/26/2025 11:48:04] , [05/26/2025 11:51:16] , [3.20855588833333] 
[2025-05-26 12:01:26] - [INFO] [WW/adminx449222] started check_P2V_user -xkey X01008024
[2025-05-26 12:01:31] - [INFO] [TRAINING] , [05/26/2025 11:48:49] , [05/26/2025 12:01:31] , [12.70679092] 
[2025-05-26 12:01:42] - [INFO] loading userlist from tenant TRAINING  [11.077453 s]
[2025-05-26 12:03:19] - [INFO] [WW/adminx449222] started check_P2V_user -xkey ELENA170
[2025-05-26 12:03:19] - [INFO] [WW/adminx449222] on [SOMVAT502676] started [check_P2V_user]
[2025-05-26 12:03:24] - [INFO] [TRAINING] , [05/26/2025 12:01:31] , [05/26/2025 12:03:24] , [1.880675855] 
[2025-05-26 12:15:36] - [INFO] [WW/adminx449222] started check_userprofile -xkey X449344
[2025-05-26 12:15:36] - [INFO] [WW/adminx449222] on [SOMVAT502676] started [check_userprofile]
[2025-05-26 12:16:09] - [INFO] [WW/adminx449222] started P2V_sync_user -xkey X449344
[2025-05-26 12:16:23] - [INFO] [PROD] , [05/26/2025 11:49:36] , [05/26/2025 12:16:23] , [26.7831590883333] 
[2025-05-26 12:16:34] - [INFO] loading userlist from tenant PROD  [10.0958852 s]
[2025-05-26 12:16:42] - [INFO] [PRODTEST] , [05/26/2025 11:48:25] , [05/26/2025 12:16:42] , [28.2951757266667] 
[2025-05-26 12:16:52] - [INFO] loading userlist from tenant PRODTEST  [9.3313564 s]
[2025-05-26 12:16:53] - [INFO] [TRAINING] , [05/26/2025 12:01:31] , [05/26/2025 12:16:53] , [15.3573928233333] 
[2025-05-26 12:17:05] - [INFO] loading userlist from tenant TRAINING  [11.9398843 s]
[2025-05-26 12:17:06] - [INFO] [TEST1] , [05/26/2025 11:48:37] , [05/26/2025 12:17:06] , [28.4762585783333] 
[2025-05-26 12:17:17] - [INFO] loading userlist from tenant TEST1  [11.0022153 s]
[2025-05-26 12:18:41] - [INFO] [WW/adminx449222] started P2V_sync_user -xkey X01008024
[2025-05-26 12:18:55] - [INFO] [PROD] , [05/26/2025 12:16:23] , [05/26/2025 12:18:55] , [2.518999265] 
[2025-05-26 12:18:56] - [INFO] [PRODTEST] , [05/26/2025 12:16:42] , [05/26/2025 12:18:56] , [2.23507699666667] 
[2025-05-26 12:18:57] - [INFO] [TRAINING] , [05/26/2025 12:16:53] , [05/26/2025 12:18:57] , [2.07957089333333] 
[2025-05-26 12:18:58] - [INFO] [TEST1] , [05/26/2025 12:17:06] , [05/26/2025 12:18:58] , [1.86350959] 
[2025-05-26 12:20:27] - [INFO] [WW/adminx449222] started check_userprofile -xkey X01008024
[2025-05-26 12:20:27] - [INFO] [WW/adminx449222] on [SOMVAT502676] started [check_userprofile]
[2025-05-26 12:24:59] - [INFO] [WW/adminxkotzch] started check_userprofile -xkey XKOTZCH
[2025-05-26 12:24:59] - [INFO] [WW/adminxkotzch] on [SOMVAT502676] started [check_userprofile]
[2025-05-26 12:26:18] - [INFO] [WW/adminxkotzch] started check_P2V_user -xkey XKOTZCH
[2025-05-26 12:26:18] - [INFO] [WW/adminxkotzch] on [SOMVAT502676] started [check_P2V_user]
[2025-05-26 12:26:44] - [INFO] [PROD] , [] , [05/26/2025 12:26:44] , [] 
[2025-05-26 12:26:51] - [INFO] loading userlist from tenant PROD  [7.5721347 s]
[2025-05-27 10:52:13] - [INFO] [WW/adminx449222] started check_userprofile -xkey X450149
[2025-05-27 10:52:13] - [INFO] [WW/adminx449222] on [SOMVAT502676] started [check_userprofile]
[2025-05-27 10:53:46] - [INFO] [WW/adminx449222] started P2V_lock_user -xkey X450149
[2025-05-27 10:53:58] - [INFO] [PROD] , [05/26/2025 12:16:23] , [05/27/2025 10:53:58] , [1357.57264354167] 
[2025-05-27 10:54:09] - [INFO] loading userlist from tenant PROD  [10.9583056 s]
[2025-05-27 10:54:10] - [INFO] [PRODTEST] , [05/26/2025 12:16:42] , [05/27/2025 10:54:10] , [1357.45910927] 
[2025-05-27 10:54:20] - [INFO] loading userlist from tenant PRODTEST  [10.3547624 s]
[2025-05-27 10:54:21] - [INFO] [TRAINING] , [05/26/2025 12:16:53] , [05/27/2025 10:54:21] , [1357.476321155] 
[2025-05-27 10:54:34] - [INFO] loading userlist from tenant TRAINING  [12.3381787 s]
[2025-05-27 10:54:34] - [INFO] [TEST1] , [05/26/2025 12:17:06] , [05/27/2025 10:54:34] , [1357.47666384833] 
[2025-05-27 10:54:45] - [INFO] loading userlist from tenant TEST1  [10.6387886 s]
[2025-05-27 10:54:46] - [INFO] [UPDATE] , [05/26/2025 11:49:23] , [05/27/2025 10:54:46] , [1385.38037169167] 
[2025-05-27 10:54:55] - [INFO] loading userlist from tenant UPDATE  [8.9761808 s]
[2025-05-27 11:00:15] - [INFO] [WW/adminx449222] started check_userprofile -xkey X450149
[2025-05-27 11:00:16] - [INFO] [WW/adminx449222] on [SOMVAT502676] started [check_userprofile]
[2025-05-27 11:01:32] - [INFO] [WW/adminx449222] started P2V_calculate_groups_bd 
[2025-05-27 11:01:33] - [INFO] [WW/adminx449222] on [SOMVAT502676] started [P2V_calculate_groups_bd]
[2025-05-27 11:03:02] - [INFO] [PROD] , [05/27/2025 10:53:58] , [05/27/2025 11:03:02] , [9.07467880333333] 
[2025-05-27 11:07:37] - [INFO] [TRAINING] , [05/27/2025 10:54:21] , [05/27/2025 11:07:37] , [13.2673733166667] 
[2025-05-27 11:07:49] - [INFO] loading userlist from tenant TRAINING  [11.2468928 s]
[2025-05-27 11:37:17] - [INFO] [TEST1] , [05/27/2025 10:54:34] , [05/27/2025 11:37:17] , [42.70708956] 
[2025-05-27 11:37:27] - [INFO] loading userlist from tenant TEST1  [10.0220581 s]
[2025-05-27 11:41:39] - [INFO] [UPDATE] , [05/27/2025 10:54:46] , [05/27/2025 11:41:39] , [46.8905069833333] 
[2025-05-27 11:41:52] - [INFO] loading userlist from tenant UPDATE  [12.1993271 s]
[2025-05-27 12:12:28] - [INFO] [WW/adminx449222] started check_userprofile -xkey ALEXANDER317
[2025-05-27 12:12:29] - [INFO] [WW/adminx449222] on [SOMVAT502676] started [check_userprofile]
[2025-05-27 12:12:57] - [INFO] [WW/adminx449222] started P2V_deactivate_user -xkey ALEXANDER317
[2025-05-27 12:13:09] - [INFO] [WW/adminx449222] started check_userprofile -xkey ALEXANDER317
[2025-05-27 12:13:09] - [INFO] [WW/adminx449222] on [SOMVAT502676] started [check_userprofile]
[2025-05-27 12:14:22] - [INFO] [WW/adminx449222] started P2V_deactivate_user -xkey ALEXANDER317
[2025-05-27 12:14:27] - [INFO] [BASE_TEST] , [05/26/2025 11:48:01] , [05/27/2025 12:14:27] , [1466.43267613667] 
[2025-05-27 12:14:28] - [INFO] loading userlist from tenant BASE_TEST  [0.0132802 s]
[2025-05-27 12:14:29] - [INFO] [P2V-PROD] , [05/26/2025 11:48:03] , [05/27/2025 12:14:29] , [1466.42644304] 
[2025-05-27 12:14:29] - [INFO] loading userlist from tenant P2V-PROD  [0.0279956 s]
[2025-05-27 12:14:33] - [INFO] [BASE_PROD] , [05/26/2025 11:48:04] , [05/27/2025 12:14:33] , [1466.496657555] 
[2025-05-27 12:14:46] - [INFO] loading userlist from tenant BASE_PROD  [12.7939263 s]
[2025-05-27 12:14:47] - [INFO] [TEST2] , [05/26/2025 11:48:14] , [05/27/2025 12:14:47] , [1466.543462455] 
[2025-05-27 12:14:47] - [INFO] loading userlist from tenant TEST2  [0.0270048 s]
[2025-05-27 12:14:49] - [INFO] [P2V_TEST] , [05/26/2025 11:48:15] , [05/27/2025 12:14:49] , [1466.566626645] 
[2025-05-27 12:15:06] - [INFO] loading userlist from tenant P2V_TEST  [17.7507063 s]
[2025-05-27 12:15:09] - [INFO] [PRODTEST] , [05/27/2025 10:54:10] , [05/27/2025 12:15:09] , [80.98425082] 
[2025-05-27 12:15:21] - [INFO] loading userlist from tenant PRODTEST  [12.3253844 s]
[2025-05-27 12:15:24] - [INFO] [P2V_PRODTEST] , [05/26/2025 11:48:37] , [05/27/2025 12:15:24] , [1466.78704816667] 
[2025-05-27 12:15:25] - [INFO] loading userlist from tenant P2V_PRODTEST  [0.0160003 s]
[2025-05-27 12:15:28] - [INFO] [TEST1] , [05/27/2025 11:37:17] , [05/27/2025 12:15:28] , [38.1862302666667] 
[2025-05-27 12:15:42] - [INFO] loading userlist from tenant TEST1  [14.1093913 s]
[2025-05-27 12:15:53] - [INFO] [TRAINING] , [05/27/2025 11:07:37] , [05/27/2025 12:15:53] , [68.2671110966667] 
[2025-05-27 12:16:05] - [INFO] loading userlist from tenant TRAINING  [11.8314001 s]
[2025-05-27 12:16:07] - [INFO] [BASE_UPDATE] , [05/26/2025 11:49:01] , [05/27/2025 12:16:07] , [1467.095102645] 
[2025-05-27 12:16:20] - [INFO] loading userlist from tenant BASE_UPDATE  [12.9739593 s]
[2025-05-27 12:16:21] - [INFO] [P2V_UPDATE] , [05/26/2025 11:49:13] , [05/27/2025 12:16:21] , [1467.125002725] 
[2025-05-27 12:16:34] - [INFO] loading userlist from tenant P2V_UPDATE  [13.4216395 s]
[2025-05-27 12:16:35] - [INFO] [UPDATE] , [05/27/2025 11:41:39] , [05/27/2025 12:16:35] , [34.9287712683333] 
[2025-05-27 12:17:03] - [INFO] loading userlist from tenant UPDATE  [27.8890047 s]
[2025-05-27 12:17:18] - [INFO] [PROD] , [05/27/2025 10:53:58] , [05/27/2025 12:17:18] , [83.33651987] 
[2025-05-27 12:17:29] - [INFO] loading userlist from tenant PROD  [11.3313764 s]
[2025-05-27 12:17:31] - [INFO] [P2V_TRAINING] , [05/26/2025 11:49:46] , [05/27/2025 12:17:31] , [1467.755959835] 
[2025-05-27 12:17:32] - [INFO] loading userlist from tenant P2V_TRAINING  [0.0250023 s]
[2025-05-27 12:17:35] - [INFO] [P2V_DEMO] , [05/26/2025 11:49:46] , [05/27/2025 12:17:35] , [1467.81259711667] 
[2025-05-27 12:17:48] - [INFO] loading userlist from tenant P2V_DEMO  [13.0753973 s]
[2025-05-27 12:25:06] - [INFO] [WW/adminx449222] started check_userprofile -xkey ALEXANDER317
[2025-05-27 12:25:06] - [INFO] [WW/adminx449222] on [SOMVAT502676] started [check_userprofile]
[2025-05-27 12:26:03] - [INFO] [WW/adminx449222] started check_userprofile -xkey SHAIZATUL1
[2025-05-27 12:26:03] - [INFO] [WW/adminx449222] on [SOMVAT502676] started [check_userprofile]
[2025-05-27 12:26:51] - [INFO] [WW/adminx449222] started P2V_deactivate_user -xkey SHAIZATUL1
[2025-05-27 12:26:59] - [INFO] [BASE_TEST] , [05/27/2025 12:14:27] , [05/27/2025 12:26:59] , [12.5277194883333] 
[2025-05-27 12:27:01] - [INFO] [P2V-PROD] , [05/27/2025 12:14:29] , [05/27/2025 12:27:01] , [12.52956032] 
[2025-05-27 12:27:01] - [INFO] loading userlist from tenant P2V-PROD  [0.0190006 s]
[2025-05-27 12:27:05] - [INFO] [BASE_PROD] , [05/27/2025 12:14:33] , [05/27/2025 12:27:05] , [12.52549076] 
[2025-05-27 12:27:14] - [INFO] loading userlist from tenant BASE_PROD  [8.7998157 s]
[2025-05-27 12:27:15] - [INFO] [TEST2] , [05/27/2025 12:14:47] , [05/27/2025 12:27:15] , [12.4708776616667] 
[2025-05-27 12:27:15] - [INFO] loading userlist from tenant TEST2  [0.0121149 s]
[2025-05-27 12:27:17] - [INFO] [P2V_TEST] , [05/27/2025 12:14:49] , [05/27/2025 12:27:17] , [12.4708645183333] 
[2025-05-27 12:27:27] - [INFO] loading userlist from tenant P2V_TEST  [10.5150336 s]
[2025-05-27 12:27:29] - [INFO] [PRODTEST] , [05/27/2025 12:15:09] , [05/27/2025 12:27:29] , [12.33379885] 
[2025-05-27 12:27:37] - [INFO] loading userlist from tenant PRODTEST  [8.2777311 s]
[2025-05-27 12:27:39] - [INFO] [P2V_PRODTEST] , [05/27/2025 12:15:24] , [05/27/2025 12:27:39] , [12.2378972033333] 
[2025-05-27 12:27:39] - [INFO] loading userlist from tenant P2V_PRODTEST  [0.0110039 s]
[2025-05-27 12:27:42] - [INFO] [TEST1] , [05/27/2025 12:15:28] , [05/27/2025 12:27:42] , [12.2322865516667] 
[2025-05-27 12:27:53] - [INFO] loading userlist from tenant TEST1  [10.9857414 s]
[2025-05-27 12:27:55] - [INFO] [TRAINING] , [05/27/2025 12:15:53] , [05/27/2025 12:27:55] , [12.0270635216667] 
[2025-05-27 12:28:05] - [INFO] loading userlist from tenant TRAINING  [10.5841595 s]
[2025-05-27 12:28:07] - [INFO] [BASE_UPDATE] , [05/27/2025 12:16:07] , [05/27/2025 12:28:07] , [12.0085358216667] 
[2025-05-27 12:28:20] - [INFO] loading userlist from tenant BASE_UPDATE  [12.7477889 s]
[2025-05-27 12:28:23] - [INFO] [P2V_UPDATE] , [05/27/2025 12:16:21] , [05/27/2025 12:28:23] , [12.03196203] 
[2025-05-27 12:28:33] - [INFO] loading userlist from tenant P2V_UPDATE  [10.3845174 s]
[2025-05-27 12:28:36] - [INFO] [UPDATE] , [05/27/2025 12:16:35] , [05/27/2025 12:28:36] , [12.0104158483333] 
[2025-05-27 12:28:48] - [INFO] loading userlist from tenant UPDATE  [11.9713804 s]
[2025-05-27 12:28:50] - [INFO] [PROD] , [05/27/2025 12:17:18] , [05/27/2025 12:28:50] , [11.5272968] 
[2025-05-27 12:28:59] - [INFO] loading userlist from tenant PROD  [9.2649108 s]
[2025-05-27 12:29:01] - [INFO] [P2V_TRAINING] , [05/27/2025 12:17:31] , [05/27/2025 12:29:01] , [11.4850121] 
[2025-05-27 12:29:01] - [INFO] loading userlist from tenant P2V_TRAINING  [0.0228938 s]
[2025-05-27 12:29:04] - [INFO] [P2V_DEMO] , [05/27/2025 12:17:35] , [05/27/2025 12:29:04] , [11.4814474333333] 
[2025-05-27 12:29:13] - [INFO] loading userlist from tenant P2V_DEMO  [9.242108 s]
[2025-05-27 12:41:05] - [INFO] [WW/adminx449222] started check_userprofile -xkey SHAIZATUL1
[2025-05-27 12:41:06] - [INFO] [WW/adminx449222] on [SOMVAT502676] started [check_userprofile]
[2025-05-27 12:44:55] - [INFO] [WW/adminx449222] started check_userprofile -xkey STEFAN377
[2025-05-27 12:44:55] - [INFO] [WW/adminx449222] on [SOMVAT502676] started [check_userprofile]
[2025-05-27 12:45:43] - [INFO] [WW/adminx449222] started P2V_deactivate_user -xkey STEFAN377
[2025-05-27 12:45:49] - [INFO] [BASE_TEST] , [05/27/2025 12:26:59] , [05/27/2025 12:45:49] , [18.82507199] 
[2025-05-27 12:45:49] - [INFO] loading userlist from tenant BASE_TEST  [0.0120006 s]
[2025-05-27 12:45:50] - [INFO] [P2V-PROD] , [05/27/2025 12:27:01] , [05/27/2025 12:45:50] , [18.8208686683333] 
[2025-05-27 12:45:50] - [INFO] loading userlist from tenant P2V-PROD  [0.0170016 s]
[2025-05-27 12:45:54] - [INFO] [BASE_PROD] , [05/27/2025 12:27:05] , [05/27/2025 12:45:54] , [18.8226622216667] 
[2025-05-27 12:46:04] - [INFO] loading userlist from tenant BASE_PROD  [9.9844685 s]
[2025-05-27 12:46:06] - [INFO] [TEST2] , [05/27/2025 12:27:15] , [05/27/2025 12:46:06] , [18.8426116466667] 
[2025-05-27 12:46:06] - [INFO] loading userlist from tenant TEST2  [0.02008 s]
[2025-05-27 12:46:07] - [INFO] [P2V_TEST] , [05/27/2025 12:27:17] , [05/27/2025 12:46:07] , [18.84366148] 
[2025-05-27 12:46:18] - [INFO] loading userlist from tenant P2V_TEST  [10.3118433 s]
[2025-05-27 12:46:20] - [INFO] [PRODTEST] , [05/27/2025 12:27:29] , [05/27/2025 12:46:20] , [18.8454229233333] 
[2025-05-27 12:46:31] - [INFO] loading userlist from tenant PRODTEST  [10.9310265 s]
[2025-05-27 12:46:32] - [INFO] [P2V_PRODTEST] , [05/27/2025 12:27:39] , [05/27/2025 12:46:32] , [18.895140005] 
[2025-05-27 12:46:32] - [INFO] loading userlist from tenant P2V_PRODTEST  [0.0200905 s]
[2025-05-27 12:46:36] - [INFO] [TEST1] , [05/27/2025 12:27:42] , [05/27/2025 12:46:36] , [18.8989462583333] 
[2025-05-27 12:46:48] - [INFO] loading userlist from tenant TEST1  [12.5283529 s]
[2025-05-27 12:46:50] - [INFO] [TRAINING] , [05/27/2025 12:27:55] , [05/27/2025 12:46:50] , [18.924382165] 
[2025-05-27 12:47:05] - [INFO] loading userlist from tenant TRAINING  [14.1997068 s]
[2025-05-27 12:47:06] - [INFO] [BASE_UPDATE] , [05/27/2025 12:28:07] , [05/27/2025 12:47:06] , [18.9859607766667] 
[2025-05-27 12:47:21] - [INFO] loading userlist from tenant BASE_UPDATE  [14.4497555 s]
[2025-05-27 12:47:24] - [INFO] [P2V_UPDATE] , [05/27/2025 12:28:23] , [05/27/2025 12:47:24] , [19.0175870083333] 
[2025-05-27 12:47:34] - [INFO] loading userlist from tenant P2V_UPDATE  [10.2138877 s]
[2025-05-27 12:47:35] - [INFO] [UPDATE] , [05/27/2025 12:28:36] , [05/27/2025 12:47:35] , [18.9921257083333] 
[2025-05-27 12:47:47] - [INFO] loading userlist from tenant UPDATE  [11.9482599 s]
[2025-05-27 12:47:49] - [INFO] [PROD] , [05/27/2025 12:28:50] , [05/27/2025 12:47:49] , [18.99481613] 
[2025-05-27 12:47:58] - [INFO] loading userlist from tenant PROD  [8.8637129 s]
[2025-05-27 12:48:00] - [INFO] [P2V_TRAINING] , [05/27/2025 12:29:01] , [05/27/2025 12:48:00] , [18.9875161433333] 
[2025-05-27 12:48:00] - [INFO] loading userlist from tenant P2V_TRAINING  [0.0150037 s]
[2025-05-27 12:48:03] - [INFO] [P2V_DEMO] , [05/27/2025 12:29:04] , [05/27/2025 12:48:03] , [18.98876167] 
[2025-05-27 12:48:13] - [INFO] loading userlist from tenant P2V_DEMO  [9.8912858 s]
[2025-05-27 13:04:37] - [INFO] [WW/adminx449222] started check_userprofile -xkey STEFAN377
[2025-05-27 13:04:37] - [INFO] [WW/adminx449222] on [SOMVAT502676] started [check_userprofile]
[2025-05-27 13:06:13] - [INFO] [WW/adminx449222] started check_userprofile -xkey X449612
[2025-05-27 13:06:13] - [INFO] [WW/adminx449222] on [SOMVAT502676] started [check_userprofile]
[2025-05-27 13:08:52] - [INFO] [WW/adminx449222] started check_userprofile -xkey X450766
[2025-05-27 13:08:52] - [INFO] [WW/adminx449222] on [SOMVAT502676] started [check_userprofile]
[2025-05-27 13:10:22] - [INFO] [WW/adminx449222] started P2V_deactivate_user -xkey X450766
[2025-05-27 13:10:25] - [INFO] [BASE_TEST] , [05/27/2025 12:45:49] , [05/27/2025 13:10:25] , [24.614479975] 
[2025-05-27 13:10:26] - [INFO] loading userlist from tenant BASE_TEST  [0.0110039 s]
[2025-05-27 13:10:27] - [INFO] [P2V-PROD] , [05/27/2025 12:45:50] , [05/27/2025 13:10:27] , [24.6140199766667] 
[2025-05-27 13:10:27] - [INFO] loading userlist from tenant P2V-PROD  [0.0160003 s]
[2025-05-27 13:10:31] - [INFO] [BASE_PROD] , [05/27/2025 12:45:54] , [05/27/2025 13:10:31] , [24.61453305] 
[2025-05-27 13:10:42] - [INFO] loading userlist from tenant BASE_PROD  [10.8575952 s]
[2025-05-27 13:10:44] - [INFO] [TEST2] , [05/27/2025 12:46:06] , [05/27/2025 13:10:44] , [24.6299444383333] 
[2025-05-27 13:10:44] - [INFO] loading userlist from tenant TEST2  [0.0119983 s]
[2025-05-27 13:10:45] - [INFO] [P2V_TEST] , [05/27/2025 12:46:07] , [05/27/2025 13:10:45] , [24.62498638] 
[2025-05-27 13:10:56] - [INFO] loading userlist from tenant P2V_TEST  [11.296282 s]
[2025-05-27 13:10:58] - [INFO] [PRODTEST] , [05/27/2025 12:46:20] , [05/27/2025 13:10:58] , [24.6378670833333] 
[2025-05-27 13:11:09] - [INFO] loading userlist from tenant PRODTEST  [11.3221587 s]
[2025-05-27 13:11:11] - [INFO] [P2V_PRODTEST] , [05/27/2025 12:46:32] , [05/27/2025 13:11:11] , [24.6444091566667] 
[2025-05-27 13:11:11] - [INFO] loading userlist from tenant P2V_PRODTEST  [0.0290038 s]
[2025-05-27 13:11:14] - [INFO] [TEST1] , [05/27/2025 12:46:36] , [05/27/2025 13:11:14] , [24.642470285] 
[2025-05-27 13:11:26] - [INFO] loading userlist from tenant TEST1  [11.2497901 s]
[2025-05-27 13:11:28] - [INFO] [TRAINING] , [05/27/2025 12:46:50] , [05/27/2025 13:11:28] , [24.6221352283333] 
[2025-05-27 13:11:38] - [INFO] loading userlist from tenant TRAINING  [10.2602197 s]
[2025-05-27 13:11:40] - [INFO] [BASE_UPDATE] , [05/27/2025 12:47:06] , [05/27/2025 13:11:40] , [24.5563744333333] 
[2025-05-27 13:11:52] - [INFO] loading userlist from tenant BASE_UPDATE  [11.7404446 s]
[2025-05-27 13:11:54] - [INFO] [P2V_UPDATE] , [05/27/2025 12:47:24] , [05/27/2025 13:11:54] , [24.498430965] 
[2025-05-27 13:12:05] - [INFO] loading userlist from tenant P2V_UPDATE  [11.2615847 s]
[2025-05-27 13:12:06] - [INFO] [UPDATE] , [05/27/2025 12:47:35] , [05/27/2025 13:12:06] , [24.5176285316667] 
[2025-05-27 13:12:18] - [INFO] loading userlist from tenant UPDATE  [11.7756179 s]
[2025-05-27 13:12:20] - [INFO] [PROD] , [05/27/2025 12:47:49] , [05/27/2025 13:12:20] , [24.5140357933333] 
[2025-05-27 13:12:31] - [INFO] loading userlist from tenant PROD  [10.4678719 s]
[2025-05-27 13:12:32] - [INFO] [P2V_TRAINING] , [05/27/2025 12:48:00] , [05/27/2025 13:12:32] , [24.5418948116667] 
[2025-05-27 13:12:32] - [INFO] loading userlist from tenant P2V_TRAINING  [0.0180031 s]
[2025-05-27 13:12:36] - [INFO] [P2V_DEMO] , [05/27/2025 12:48:03] , [05/27/2025 13:12:36] , [24.542816245] 
[2025-05-27 13:12:48] - [INFO] loading userlist from tenant P2V_DEMO  [11.7431155 s]
[2025-05-27 13:13:32] - [INFO] [WW/adminx449222] started check_userprofile -xkey MARIANA31
[2025-05-27 13:14:07] - [INFO] [WW/adminx449222] started P2V_deactivate_user -xkey MARIANA31
[2025-05-27 13:14:10] - [INFO] [BASE_TEST] , [05/27/2025 13:10:25] , [05/27/2025 13:14:10] , [3.74947885833333] 
[2025-05-27 13:14:12] - [INFO] [P2V-PROD] , [05/27/2025 13:10:27] , [05/27/2025 13:14:12] , [3.748062125] 
[2025-05-27 13:14:16] - [INFO] [BASE_PROD] , [05/27/2025 13:10:31] , [05/27/2025 13:14:16] , [3.74570285166667] 
[2025-05-27 13:14:17] - [INFO] [TEST2] , [05/27/2025 13:10:44] , [05/27/2025 13:14:17] , [3.5638094] 
[2025-05-27 13:14:19] - [INFO] [P2V_TEST] , [05/27/2025 13:10:45] , [05/27/2025 13:14:19] , [3.56548401] 
[2025-05-27 13:14:20] - [INFO] [PRODTEST] , [05/27/2025 13:10:58] , [05/27/2025 13:14:20] , [3.37456564166667] 
[2025-05-27 13:14:22] - [INFO] [P2V_PRODTEST] , [05/27/2025 13:11:11] , [05/27/2025 13:14:22] , [3.18004513166667] 
[2025-05-27 13:14:25] - [INFO] [TEST1] , [05/27/2025 13:11:14] , [05/27/2025 13:14:25] , [3.17788698833333] 
[2025-05-27 13:14:27] - [INFO] [TRAINING] , [05/27/2025 13:11:28] , [05/27/2025 13:14:27] , [2.99218276166667] 
[2025-05-27 13:14:29] - [INFO] [BASE_UPDATE] , [05/27/2025 13:11:40] , [05/27/2025 13:14:29] , [2.816823455] 
[2025-05-27 13:14:31] - [INFO] [P2V_UPDATE] , [05/27/2025 13:11:54] , [05/27/2025 13:14:31] , [2.626220355] 
[2025-05-27 13:14:34] - [INFO] [UPDATE] , [05/27/2025 13:12:06] , [05/27/2025 13:14:34] , [2.45310681] 
[2025-05-27 13:14:36] - [INFO] [PROD] , [05/27/2025 13:12:20] , [05/27/2025 13:14:36] , [2.25573744666667] 
[2025-05-27 13:14:37] - [INFO] [P2V_TRAINING] , [05/27/2025 13:12:32] , [05/27/2025 13:14:37] , [2.07946808166667] 
[2025-05-27 13:14:40] - [INFO] [P2V_DEMO] , [05/27/2025 13:12:36] , [05/27/2025 13:14:40] , [2.075376195] 
[2025-05-27 13:15:12] - [INFO] [WW/adminx449222] started check_userprofile -xkey X01000630
[2025-05-27 13:15:13] - [INFO] [WW/adminx449222] on [SOMVAT502676] started [check_userprofile]
[2025-05-27 13:17:10] - [INFO] [WW/adminx449222] started P2V_deactivate_user -xkey X01000630
[2025-05-27 13:17:14] - [INFO] [BASE_TEST] , [05/27/2025 13:10:25] , [05/27/2025 13:17:14] , [6.804408805] 
[2025-05-27 13:17:15] - [INFO] [P2V-PROD] , [05/27/2025 13:10:27] , [05/27/2025 13:17:15] , [6.80457545333333] 
[2025-05-27 13:17:19] - [INFO] [BASE_PROD] , [05/27/2025 13:10:31] , [05/27/2025 13:17:19] , [6.80370235166667] 
[2025-05-27 13:17:21] - [INFO] [TEST2] , [05/27/2025 13:10:44] , [05/27/2025 13:17:21] , [6.62366736666667] 
[2025-05-27 13:17:22] - [INFO] [P2V_TEST] , [05/27/2025 13:10:45] , [05/27/2025 13:17:22] , [6.62437757333333] 
[2025-05-27 13:17:24] - [INFO] [PRODTEST] , [05/27/2025 13:10:58] , [05/27/2025 13:17:24] , [6.43315106833333] 
[2025-05-27 13:17:26] - [INFO] [P2V_PRODTEST] , [05/27/2025 13:11:11] , [05/27/2025 13:17:26] , [6.24154116166667] 
[2025-05-27 13:17:29] - [INFO] [TEST1] , [05/27/2025 13:11:14] , [05/27/2025 13:17:29] , [6.23871461] 
[2025-05-27 13:17:31] - [INFO] [TRAINING] , [05/27/2025 13:11:28] , [05/27/2025 13:17:31] , [6.04945749] 
[2025-05-27 13:17:32] - [INFO] [BASE_UPDATE] , [05/27/2025 13:11:40] , [05/27/2025 13:17:32] , [5.87664691666667] 
[2025-05-27 13:17:35] - [INFO] [P2V_UPDATE] , [05/27/2025 13:11:54] , [05/27/2025 13:17:35] , [5.682870995] 
[2025-05-27 13:17:36] - [INFO] [UPDATE] , [05/27/2025 13:12:06] , [05/27/2025 13:17:36] , [5.49337043333333] 
[2025-05-27 13:17:38] - [INFO] [PROD] , [05/27/2025 13:12:20] , [05/27/2025 13:17:38] , [5.29517097333333] 
[2025-05-27 13:17:40] - [INFO] [P2V_TRAINING] , [05/27/2025 13:12:32] , [05/27/2025 13:17:40] , [5.119631305] 
[2025-05-27 13:17:43] - [INFO] [P2V_DEMO] , [05/27/2025 13:12:36] , [05/27/2025 13:17:43] , [5.11650858833333] 
[2025-05-27 13:19:07] - [INFO] [WW/adminx449222] started check_userprofile -xkey X01000630
[2025-05-27 13:19:07] - [INFO] [WW/adminx449222] on [SOMVAT502676] started [check_userprofile]
[2025-05-27 13:19:55] - [INFO] [WW/adminx449222] started check_userprofile -xkey X01005430
[2025-05-27 13:19:55] - [INFO] [WW/adminx449222] on [SOMVAT502676] started [check_userprofile]
[2025-05-27 13:22:09] - [INFO] [WW/adminx449222] started P2V_deactivate_user -xkey X01005430
[2025-05-27 13:22:12] - [INFO] [BASE_TEST] , [05/27/2025 13:10:25] , [05/27/2025 13:22:12] , [11.7783239283333] 
[2025-05-27 13:22:12] - [INFO] loading userlist from tenant BASE_TEST  [0.0299614 s]
[2025-05-27 13:22:14] - [INFO] [P2V-PROD] , [05/27/2025 13:10:27] , [05/27/2025 13:22:14] , [11.778690655] 
[2025-05-27 13:22:14] - [INFO] loading userlist from tenant P2V-PROD  [0.040006 s]
[2025-05-27 13:22:18] - [INFO] [BASE_PROD] , [05/27/2025 13:10:31] , [05/27/2025 13:22:18] , [11.77677437] 
[2025-05-27 13:22:28] - [INFO] loading userlist from tenant BASE_PROD  [10.3824797 s]
[2025-05-27 13:22:30] - [INFO] [TEST2] , [05/27/2025 13:10:44] , [05/27/2025 13:22:30] , [11.7674090566667] 
[2025-05-27 13:22:30] - [INFO] loading userlist from tenant TEST2  [0.0129986 s]
[2025-05-27 13:22:31] - [INFO] [P2V_TEST] , [05/27/2025 13:10:45] , [05/27/2025 13:22:31] , [11.769069625] 
[2025-05-27 13:22:44] - [INFO] loading userlist from tenant P2V_TEST  [13.0542248 s]
[2025-05-27 13:22:46] - [INFO] [PRODTEST] , [05/27/2025 13:10:58] , [05/27/2025 13:22:46] , [11.8008181333333] 
[2025-05-27 13:22:57] - [INFO] loading userlist from tenant PRODTEST  [10.8506859 s]
[2025-05-27 13:22:58] - [INFO] [P2V_PRODTEST] , [05/27/2025 13:11:11] , [05/27/2025 13:22:58] , [11.79077351] 
[2025-05-27 13:22:59] - [INFO] loading userlist from tenant P2V_PRODTEST  [0.0190049 s]
[2025-05-27 13:23:03] - [INFO] [TEST1] , [05/27/2025 13:11:14] , [05/27/2025 13:23:03] , [11.8021090883333] 
[2025-05-27 13:23:14] - [INFO] loading userlist from tenant TEST1  [11.7952929 s]
[2025-05-27 13:23:16] - [INFO] [TRAINING] , [05/27/2025 13:11:28] , [05/27/2025 13:23:16] , [11.8050840533333] 
[2025-05-27 13:23:28] - [INFO] loading userlist from tenant TRAINING  [11.9622598 s]
[2025-05-27 13:23:30] - [INFO] [BASE_UPDATE] , [05/27/2025 13:11:40] , [05/27/2025 13:23:30] , [11.8306289283333] 
[2025-05-27 13:23:43] - [INFO] loading userlist from tenant BASE_UPDATE  [12.9222928 s]
[2025-05-27 13:23:45] - [INFO] [P2V_UPDATE] , [05/27/2025 13:11:54] , [05/27/2025 13:23:45] , [11.85018197] 
[2025-05-27 13:23:58] - [INFO] loading userlist from tenant P2V_UPDATE  [13.2304677 s]
[2025-05-27 13:24:00] - [INFO] [UPDATE] , [05/27/2025 13:12:06] , [05/27/2025 13:24:00] , [11.8906414816667] 
[2025-05-27 13:24:14] - [INFO] loading userlist from tenant UPDATE  [13.8710064 s]
[2025-05-27 13:24:16] - [INFO] [PROD] , [05/27/2025 13:12:20] , [05/27/2025 13:24:16] , [11.9282383866667] 
[2025-05-27 13:24:27] - [INFO] loading userlist from tenant PROD  [10.8120048 s]
[2025-05-27 13:24:28] - [INFO] [P2V_TRAINING] , [05/27/2025 13:12:32] , [05/27/2025 13:24:28] , [11.9357866066667] 
[2025-05-27 13:24:29] - [INFO] loading userlist from tenant P2V_TRAINING  [0.0156379 s]
[2025-05-27 13:24:32] - [INFO] [P2V_DEMO] , [05/27/2025 13:12:36] , [05/27/2025 13:24:32] , [11.9384649633333] 
[2025-05-27 13:24:46] - [INFO] loading userlist from tenant P2V_DEMO  [14.3618916 s]
[2025-05-27 13:25:26] - [INFO] [WW/adminx449222] started check_userprofile -xkey X01005430
[2025-05-27 13:25:26] - [INFO] [WW/adminx449222] on [SOMVAT502676] started [check_userprofile]
[2025-05-27 13:26:11] - [INFO] [WW/adminx449222] started check_userprofile -xkey X01006195
[2025-05-27 13:26:11] - [INFO] [WW/adminx449222] on [SOMVAT502676] started [check_userprofile]
[2025-05-27 13:27:12] - [INFO] [WW/adminx449222] started P2V_deactivate_user -xkey X01006195
[2025-05-27 13:27:17] - [INFO] [BASE_TEST] , [05/27/2025 13:22:12] , [05/27/2025 13:27:17] , [5.075364545] 
[2025-05-27 13:27:18] - [INFO] [P2V-PROD] , [05/27/2025 13:22:14] , [05/27/2025 13:27:18] , [5.07358112333333] 
[2025-05-27 13:27:22] - [INFO] [BASE_PROD] , [05/27/2025 13:22:18] , [05/27/2025 13:27:22] , [5.074780755] 
[2025-05-27 13:27:24] - [INFO] [TEST2] , [05/27/2025 13:22:30] , [05/27/2025 13:27:24] , [4.904155135] 
[2025-05-27 13:27:25] - [INFO] [P2V_TEST] , [05/27/2025 13:22:31] , [05/27/2025 13:27:25] , [4.90182774] 
[2025-05-27 13:27:27] - [INFO] [PRODTEST] , [05/27/2025 13:22:46] , [05/27/2025 13:27:27] , [4.67840717] 
[2025-05-27 13:27:29] - [INFO] [P2V_PRODTEST] , [05/27/2025 13:22:58] , [05/27/2025 13:27:29] , [4.50274786666667] 
[2025-05-27 13:27:32] - [INFO] [TEST1] , [05/27/2025 13:23:03] , [05/27/2025 13:27:32] , [4.48857889] 
[2025-05-27 13:27:34] - [INFO] [TRAINING] , [05/27/2025 13:23:16] , [05/27/2025 13:27:34] , [4.29285043333333] 
[2025-05-27 13:27:35] - [INFO] [BASE_UPDATE] , [05/27/2025 13:23:30] , [05/27/2025 13:27:35] , [4.09456565666667] 
[2025-05-27 13:27:37] - [INFO] [P2V_UPDATE] , [05/27/2025 13:23:45] , [05/27/2025 13:27:37] , [3.88118362166667] 
[2025-05-27 13:27:39] - [INFO] [UPDATE] , [05/27/2025 13:24:00] , [05/27/2025 13:27:39] , [3.65474604666667] 
[2025-05-27 13:27:41] - [INFO] [PROD] , [05/27/2025 13:24:16] , [05/27/2025 13:27:41] , [3.42230537833333] 
[2025-05-27 13:27:43] - [INFO] [P2V_TRAINING] , [05/27/2025 13:24:28] , [05/27/2025 13:27:43] , [3.24665825333333] 
[2025-05-27 13:27:47] - [INFO] [P2V_DEMO] , [05/27/2025 13:24:32] , [05/27/2025 13:27:47] , [3.24328985166667] 
[2025-05-27 13:30:45] - [INFO] [WW/adminx449222] started check_userprofile -xkey X01006195
[2025-05-27 13:30:45] - [INFO] [WW/adminx449222] on [SOMVAT502676] started [check_userprofile]
[2025-05-27 13:31:31] - [INFO] [WW/adminx449222] started check_userprofile -xkey X01007122
[2025-05-27 13:31:31] - [INFO] [WW/adminx449222] on [SOMVAT502676] started [check_userprofile]
[2025-05-27 13:32:23] - [INFO] [WW/adminx449222] started P2V_deactivate_user -xkey X01007122
[2025-05-27 13:32:27] - [INFO] [BASE_TEST] , [05/27/2025 13:22:12] , [05/27/2025 13:32:27] , [10.2505833166667] 
[2025-05-27 13:32:27] - [INFO] loading userlist from tenant BASE_TEST  [0.0139938 s]
[2025-05-27 13:32:29] - [INFO] [P2V-PROD] , [05/27/2025 13:22:14] , [05/27/2025 13:32:29] , [10.2492484616667] 
[2025-05-27 13:32:29] - [INFO] loading userlist from tenant P2V-PROD  [0.0149943 s]
[2025-05-27 13:32:33] - [INFO] [BASE_PROD] , [05/27/2025 13:22:18] , [05/27/2025 13:32:33] , [10.2472095366667] 
[2025-05-27 13:32:43] - [INFO] loading userlist from tenant BASE_PROD  [10.7550861 s]
[2025-05-27 13:32:45] - [INFO] [TEST2] , [05/27/2025 13:22:30] , [05/27/2025 13:32:45] , [10.2589595433333] 
[2025-05-27 13:32:45] - [INFO] loading userlist from tenant TEST2  [0.0229983 s]
[2025-05-27 13:32:47] - [INFO] [P2V_TEST] , [05/27/2025 13:22:31] , [05/27/2025 13:32:47] , [10.2611950033333] 
[2025-05-27 13:32:57] - [INFO] loading userlist from tenant P2V_TEST  [10.0142859 s]
[2025-05-27 13:32:58] - [INFO] [PRODTEST] , [05/27/2025 13:22:46] , [05/27/2025 13:32:58] , [10.2043557266667] 
[2025-05-27 13:33:07] - [INFO] loading userlist from tenant PRODTEST  [9.0699195 s]
[2025-05-27 13:33:09] - [INFO] [P2V_PRODTEST] , [05/27/2025 13:22:58] , [05/27/2025 13:33:09] , [10.1742523866667] 
[2025-05-27 13:33:09] - [INFO] loading userlist from tenant P2V_PRODTEST  [0.012993 s]
[2025-05-27 13:33:12] - [INFO] [TEST1] , [05/27/2025 13:23:03] , [05/27/2025 13:33:12] , [10.1614866666667] 
[2025-05-27 13:33:23] - [INFO] loading userlist from tenant TEST1  [10.3253309 s]
[2025-05-27 13:33:25] - [INFO] [TRAINING] , [05/27/2025 13:23:16] , [05/27/2025 13:33:25] , [10.1470624716667] 
[2025-05-27 13:33:36] - [INFO] loading userlist from tenant TRAINING  [11.1149317 s]
[2025-05-27 13:33:38] - [INFO] [BASE_UPDATE] , [05/27/2025 13:23:30] , [05/27/2025 13:33:38] , [10.1317245833333] 
[2025-05-27 13:33:50] - [INFO] loading userlist from tenant BASE_UPDATE  [12.4184147 s]
[2025-05-27 13:33:52] - [INFO] [P2V_UPDATE] , [05/27/2025 13:23:45] , [05/27/2025 13:33:52] , [10.1273410883333] 
[2025-05-27 13:34:03] - [INFO] loading userlist from tenant P2V_UPDATE  [11.1313594 s]
[2025-05-27 13:34:05] - [INFO] [UPDATE] , [05/27/2025 13:24:00] , [05/27/2025 13:34:05] , [10.083012405] 
[2025-05-27 13:34:18] - [INFO] loading userlist from tenant UPDATE  [13.3393628 s]
[2025-05-27 13:34:20] - [INFO] [PROD] , [05/27/2025 13:24:16] , [05/27/2025 13:34:20] , [10.0747831183333] 
[2025-05-27 13:34:35] - [INFO] loading userlist from tenant PROD  [14.9253466 s]
[2025-05-27 13:34:37] - [INFO] [P2V_TRAINING] , [05/27/2025 13:24:28] , [05/27/2025 13:34:37] , [10.141511385] 
[2025-05-27 13:34:37] - [INFO] loading userlist from tenant P2V_TRAINING  [0.0119986 s]
[2025-05-27 13:34:40] - [INFO] [P2V_DEMO] , [05/27/2025 13:24:32] , [05/27/2025 13:34:40] , [10.13787515] 
[2025-05-27 13:34:53] - [INFO] loading userlist from tenant P2V_DEMO  [12.2431348 s]
[2025-05-27 13:35:28] - [INFO] [WW/adminx449222] started check_userprofile -xkey X01007122
[2025-05-27 13:35:28] - [INFO] [WW/adminx449222] on [SOMVAT502676] started [check_userprofile]
[2025-05-27 13:36:05] - [INFO] [WW/adminx449222] started check_userprofile -xkey X01010501
[2025-05-27 13:36:05] - [INFO] [WW/adminx449222] on [SOMVAT502676] started [check_userprofile]
[2025-05-27 13:37:09] - [INFO] [WW/adminx449222] started P2V_deactivate_user -xkey X01010501
[2025-05-27 13:37:14] - [INFO] [BASE_TEST] , [05/27/2025 13:32:27] , [05/27/2025 13:37:14] , [4.77329630666667] 
[2025-05-27 13:37:15] - [INFO] [P2V-PROD] , [05/27/2025 13:32:29] , [05/27/2025 13:37:15] , [4.77125649166667] 
[2025-05-27 13:37:19] - [INFO] [BASE_PROD] , [05/27/2025 13:32:33] , [05/27/2025 13:37:19] , [4.76740943833333] 
[2025-05-27 13:37:20] - [INFO] [TEST2] , [05/27/2025 13:32:45] , [05/27/2025 13:37:20] , [4.58575071166667] 
[2025-05-27 13:37:22] - [INFO] [P2V_TEST] , [05/27/2025 13:32:47] , [05/27/2025 13:37:22] , [4.58264622] 
[2025-05-27 13:37:23] - [INFO] [PRODTEST] , [05/27/2025 13:32:58] , [05/27/2025 13:37:23] , [4.41325791333333] 
[2025-05-27 13:37:25] - [INFO] [P2V_PRODTEST] , [05/27/2025 13:33:09] , [05/27/2025 13:37:25] , [4.26077841] 
[2025-05-27 13:37:28] - [INFO] [TEST1] , [05/27/2025 13:33:12] , [05/27/2025 13:37:28] , [4.25873042333333] 
[2025-05-27 13:37:29] - [INFO] [TRAINING] , [05/27/2025 13:33:25] , [05/27/2025 13:37:29] , [4.07771759833333] 
[2025-05-27 13:37:31] - [INFO] [BASE_UPDATE] , [05/27/2025 13:33:38] , [05/27/2025 13:37:31] , [3.89598120166667] 
[2025-05-27 13:37:33] - [INFO] [P2V_UPDATE] , [05/27/2025 13:33:52] , [05/27/2025 13:37:33] , [3.68636906333333] 
[2025-05-27 13:37:35] - [INFO] [UPDATE] , [05/27/2025 13:34:05] , [05/27/2025 13:37:35] , [3.50006432666667] 
[2025-05-27 13:37:37] - [INFO] [PROD] , [05/27/2025 13:34:20] , [05/27/2025 13:37:37] , [3.27145403833333] 
[2025-05-27 13:37:38] - [INFO] [P2V_TRAINING] , [05/27/2025 13:34:37] , [05/27/2025 13:37:38] , [3.01896700166667] 
[2025-05-27 13:37:41] - [INFO] [P2V_DEMO] , [05/27/2025 13:34:40] , [05/27/2025 13:37:41] , [3.01506319666667] 
[2025-05-27 13:38:12] - [INFO] [WW/adminx449222] started check_userprofile -xkey X01010501
[2025-05-27 13:38:12] - [INFO] [WW/adminx449222] on [SOMVAT502676] started [check_userprofile]
[2025-05-27 13:39:36] - [INFO] [WW/adminx449222] started check_userprofile -xkey X01004087
[2025-05-27 13:39:36] - [INFO] [WW/adminx449222] on [SOMVAT502676] started [check_userprofile]
[2025-05-27 13:40:38] - [INFO] [WW/adminx449222] started P2V_deactivate_user -xkey X01004087
[2025-05-27 13:40:41] - [INFO] [BASE_TEST] , [05/27/2025 13:32:27] , [05/27/2025 13:40:41] , [8.23335671333333] 
[2025-05-27 13:40:43] - [INFO] [P2V-PROD] , [05/27/2025 13:32:29] , [05/27/2025 13:40:43] , [8.23419135333333] 
[2025-05-27 13:40:46] - [INFO] [BASE_PROD] , [05/27/2025 13:32:33] , [05/27/2025 13:40:46] , [8.22835779333333] 
[2025-05-27 13:40:48] - [INFO] [TEST2] , [05/27/2025 13:32:45] , [05/27/2025 13:40:48] , [8.046398605] 
[2025-05-27 13:40:49] - [INFO] [P2V_TEST] , [05/27/2025 13:32:47] , [05/27/2025 13:40:49] , [8.04296073833333] 
[2025-05-27 13:40:51] - [INFO] [PRODTEST] , [05/27/2025 13:32:58] , [05/27/2025 13:40:51] , [7.8739638] 
[2025-05-27 13:40:52] - [INFO] [P2V_PRODTEST] , [05/27/2025 13:33:09] , [05/27/2025 13:40:52] , [7.7213292] 
[2025-05-27 13:40:56] - [INFO] [TEST1] , [05/27/2025 13:33:12] , [05/27/2025 13:40:56] , [7.719947085] 
[2025-05-27 13:40:57] - [INFO] [TRAINING] , [05/27/2025 13:33:25] , [05/27/2025 13:40:57] , [7.53915494833333] 
[2025-05-27 13:40:59] - [INFO] [BASE_UPDATE] , [05/27/2025 13:33:38] , [05/27/2025 13:40:59] , [7.34997201166667] 
[2025-05-27 13:41:01] - [INFO] [P2V_UPDATE] , [05/27/2025 13:33:52] , [05/27/2025 13:41:01] , [7.14251189833333] 
[2025-05-27 13:41:02] - [INFO] [UPDATE] , [05/27/2025 13:34:05] , [05/27/2025 13:41:02] , [6.956321085] 
[2025-05-27 13:41:04] - [INFO] [PROD] , [05/27/2025 13:34:20] , [05/27/2025 13:41:04] , [6.732277555] 
[2025-05-27 13:41:06] - [INFO] [P2V_TRAINING] , [05/27/2025 13:34:37] , [05/27/2025 13:41:06] , [6.48115064166667] 
[2025-05-27 13:41:09] - [INFO] [P2V_DEMO] , [05/27/2025 13:34:40] , [05/27/2025 13:41:09] , [6.477880625] 
[2025-05-27 13:41:25] - [INFO] [WW/adminx449222] started check_userprofile -xkey X01004087
[2025-05-27 13:41:25] - [INFO] [WW/adminx449222] on [SOMVAT502676] started [check_userprofile]
[2025-05-27 13:42:09] - [INFO] [WW/adminx449222] started check_userprofile -xkey X01006078
[2025-05-27 13:42:09] - [INFO] [WW/adminx449222] on [SOMVAT502676] started [check_userprofile]
[2025-05-27 13:42:53] - [INFO] [WW/adminx449222] started P2V_deactivate_user -xkey X01006078
[2025-05-27 13:42:56] - [INFO] [BASE_TEST] , [05/27/2025 13:32:27] , [05/27/2025 13:42:56] , [10.4879861983333] 
[2025-05-27 13:42:57] - [INFO] loading userlist from tenant BASE_TEST  [0.0152398 s]
[2025-05-27 13:42:58] - [INFO] [P2V-PROD] , [05/27/2025 13:32:29] , [05/27/2025 13:42:58] , [10.4945377633333] 
[2025-05-27 13:42:58] - [INFO] loading userlist from tenant P2V-PROD  [0.0192398 s]
[2025-05-27 13:43:02] - [INFO] [BASE_PROD] , [05/27/2025 13:32:33] , [05/27/2025 13:43:02] , [10.4972761083333] 
[2025-05-27 13:43:12] - [INFO] loading userlist from tenant BASE_PROD  [9.4145122 s]
[2025-05-27 13:43:13] - [INFO] [TEST2] , [05/27/2025 13:32:45] , [05/27/2025 13:43:13] , [10.46973323] 
[2025-05-27 13:43:14] - [INFO] loading userlist from tenant TEST2  [0.0150076 s]
[2025-05-27 13:43:15] - [INFO] [P2V_TEST] , [05/27/2025 13:32:47] , [05/27/2025 13:43:15] , [10.4697952833333] 
[2025-05-27 13:43:25] - [INFO] loading userlist from tenant P2V_TEST  [10.3481025 s]
[2025-05-27 13:43:27] - [INFO] [PRODTEST] , [05/27/2025 13:32:58] , [05/27/2025 13:43:27] , [10.47405368] 
[2025-05-27 13:43:37] - [INFO] loading userlist from tenant PRODTEST  [9.8962149 s]
[2025-05-27 13:43:38] - [INFO] [P2V_PRODTEST] , [05/27/2025 13:33:09] , [05/27/2025 13:43:38] , [10.4883129516667] 
[2025-05-27 13:43:38] - [INFO] loading userlist from tenant P2V_PRODTEST  [0.0170057 s]
[2025-05-27 13:43:42] - [INFO] [TEST1] , [05/27/2025 13:33:12] , [05/27/2025 13:43:42] , [10.488994835] 
[2025-05-27 13:43:53] - [INFO] loading userlist from tenant TEST1  [11.4242498 s]
[2025-05-27 13:43:55] - [INFO] [TRAINING] , [05/27/2025 13:33:25] , [05/27/2025 13:43:55] , [10.5033650583333] 
[2025-05-27 13:44:07] - [INFO] loading userlist from tenant TRAINING  [12.1412726 s]
[2025-05-27 13:44:09] - [INFO] [BASE_UPDATE] , [05/27/2025 13:33:38] , [05/27/2025 13:44:09] , [10.5199896683333] 
[2025-05-27 13:44:22] - [INFO] loading userlist from tenant BASE_UPDATE  [13.4432113 s]
[2025-05-27 13:44:24] - [INFO] [P2V_UPDATE] , [05/27/2025 13:33:52] , [05/27/2025 13:44:24] , [10.5358498] 
[2025-05-27 13:44:40] - [INFO] loading userlist from tenant P2V_UPDATE  [15.5414347 s]
[2025-05-27 13:44:41] - [INFO] [UPDATE] , [05/27/2025 13:34:05] , [05/27/2025 13:44:41] , [10.6108461733333] 
[2025-05-27 13:44:53] - [INFO] loading userlist from tenant UPDATE  [11.908953 s]
[2025-05-27 13:44:55] - [INFO] [PROD] , [05/27/2025 13:34:20] , [05/27/2025 13:44:55] , [10.57933327] 
[2025-05-27 13:45:55] - [INFO] loading userlist from tenant PROD  [12.6319762 s]
[2025-05-27 13:46:01] - [INFO] [P2V_TRAINING] , [05/27/2025 13:34:37] , [05/27/2025 13:46:01] , [11.40663974] 
[2025-05-27 13:46:02] - [INFO] loading userlist from tenant P2V_TRAINING  [0.0290003 s]
[2025-05-27 13:46:05] - [INFO] [P2V_DEMO] , [05/27/2025 13:34:40] , [05/27/2025 13:46:05] , [11.4108722983333] 
[2025-05-27 13:46:18] - [INFO] loading userlist from tenant P2V_DEMO  [12.7334452 s]
[2025-05-27 13:46:47] - [INFO] [WW/adminx449222] started check_userprofile -xkey X01006078
[2025-05-27 13:46:48] - [INFO] [WW/adminx449222] on [SOMVAT502676] started [check_userprofile]
[2025-05-27 13:47:32] - [INFO] [WW/adminx449222] started check_userprofile -xkey X01005827
[2025-05-27 13:47:33] - [INFO] [WW/adminx449222] on [SOMVAT502676] started [check_userprofile]
[2025-05-27 13:48:04] - [INFO] [WW/adminx449222] started P2V_deactivate_user -xkey X01005827
[2025-05-27 13:48:09] - [INFO] [BASE_TEST] , [05/27/2025 13:42:56] , [05/27/2025 13:48:09] , [5.20812646333333] 
[2025-05-27 13:48:10] - [INFO] [P2V-PROD] , [05/27/2025 13:42:58] , [05/27/2025 13:48:10] , [5.20342254] 
[2025-05-27 13:48:15] - [INFO] [BASE_PROD] , [05/27/2025 13:43:02] , [05/27/2025 13:48:15] , [5.20707521333333] 
[2025-05-27 13:48:16] - [INFO] [TEST2] , [05/27/2025 13:43:13] , [05/27/2025 13:48:16] , [5.051734435] 
[2025-05-27 13:48:18] - [INFO] [P2V_TEST] , [05/27/2025 13:43:15] , [05/27/2025 13:48:18] , [5.04945322] 
[2025-05-27 13:48:19] - [INFO] [PRODTEST] , [05/27/2025 13:43:27] , [05/27/2025 13:48:19] , [4.87717572] 
[2025-05-27 13:48:21] - [INFO] [P2V_PRODTEST] , [05/27/2025 13:43:38] , [05/27/2025 13:48:21] , [4.70897374] 
[2025-05-27 13:48:24] - [INFO] [TEST1] , [05/27/2025 13:43:42] , [05/27/2025 13:48:24] , [4.70865618666667] 
[2025-05-27 13:48:26] - [INFO] [TRAINING] , [05/27/2025 13:43:55] , [05/27/2025 13:48:26] , [4.51419684666667] 
[2025-05-27 13:48:28] - [INFO] [BASE_UPDATE] , [05/27/2025 13:44:09] , [05/27/2025 13:48:28] , [4.31718820833333] 
[2025-05-27 13:48:30] - [INFO] [P2V_UPDATE] , [05/27/2025 13:44:24] , [05/27/2025 13:48:30] , [4.093809905] 
[2025-05-27 13:48:31] - [INFO] [UPDATE] , [05/27/2025 13:44:41] , [05/27/2025 13:48:31] , [3.83384814166667] 
[2025-05-27 13:48:34] - [INFO] [PROD] , [05/27/2025 13:44:55] , [05/27/2025 13:48:34] , [3.63993992333333] 
[2025-05-27 13:48:35] - [INFO] [P2V_TRAINING] , [05/27/2025 13:46:01] , [05/27/2025 13:48:35] , [2.56105542666667] 
[2025-05-27 13:48:38] - [INFO] [P2V_DEMO] , [05/27/2025 13:46:05] , [05/27/2025 13:48:38] , [2.55290913833333] 
[2025-05-27 13:48:56] - [INFO] [WW/adminx449222] started check_userprofile -xkey X01005827
[2025-05-27 13:48:56] - [INFO] [WW/adminx449222] on [SOMVAT502676] started [check_userprofile]
[2025-05-27 13:50:24] - [INFO] [WW/adminx449222] started check_userprofile -xkey X427542
[2025-05-27 13:50:24] - [INFO] [WW/adminx449222] on [SOMVAT502676] started [check_userprofile]
[2025-05-27 13:52:02] - [INFO] [WW/adminx449222] started P2V_deactivate_user -xkey X427542
[2025-05-27 13:52:05] - [INFO] [BASE_TEST] , [05/27/2025 13:42:56] , [05/27/2025 13:52:05] , [9.14951523] 
[2025-05-27 13:52:07] - [INFO] [P2V-PROD] , [05/27/2025 13:42:58] , [05/27/2025 13:52:07] , [9.14156179] 
[2025-05-27 13:52:10] - [INFO] [BASE_PROD] , [05/27/2025 13:43:02] , [05/27/2025 13:52:10] , [9.13409087833333] 
[2025-05-27 13:52:12] - [INFO] [TEST2] , [05/27/2025 13:43:13] , [05/27/2025 13:52:12] , [8.976149645] 
[2025-05-27 13:52:13] - [INFO] [P2V_TEST] , [05/27/2025 13:43:15] , [05/27/2025 13:52:13] , [8.97281111] 
[2025-05-27 13:52:15] - [INFO] [PRODTEST] , [05/27/2025 13:43:27] , [05/27/2025 13:52:15] , [8.80030442166667] 
[2025-05-27 13:52:17] - [INFO] [P2V_PRODTEST] , [05/27/2025 13:43:38] , [05/27/2025 13:52:17] , [8.63775512833333] 
[2025-05-27 13:52:20] - [INFO] [TEST1] , [05/27/2025 13:43:42] , [05/27/2025 13:52:20] , [8.63487409666667] 
[2025-05-27 13:52:21] - [INFO] [TRAINING] , [05/27/2025 13:43:55] , [05/27/2025 13:52:21] , [8.43738591666667] 
[2025-05-27 13:52:23] - [INFO] [BASE_UPDATE] , [05/27/2025 13:44:09] , [05/27/2025 13:52:23] , [8.241228635] 
[2025-05-27 13:52:25] - [INFO] [P2V_UPDATE] , [05/27/2025 13:44:24] , [05/27/2025 13:52:25] , [8.01318036333333] 
[2025-05-27 13:52:27] - [INFO] [UPDATE] , [05/27/2025 13:44:41] , [05/27/2025 13:52:27] , [7.75436374666667] 
[2025-05-27 13:52:29] - [INFO] [PROD] , [05/27/2025 13:44:55] , [05/27/2025 13:52:29] , [7.55996783833333] 
[2025-05-27 13:52:30] - [INFO] [P2V_TRAINING] , [05/27/2025 13:46:01] , [05/27/2025 13:52:30] , [6.48330273] 
[2025-05-27 13:52:34] - [INFO] [P2V_DEMO] , [05/27/2025 13:46:05] , [05/27/2025 13:52:34] , [6.47594859166667] 
[2025-05-27 13:52:56] - [INFO] [WW/adminx449222] started check_userprofile -xkey X427542
[2025-05-27 13:52:56] - [INFO] [WW/adminx449222] on [SOMVAT502676] started [check_userprofile]
[2025-05-27 13:53:34] - [INFO] [WW/adminx449222] started check_userprofile -xkey X011481
[2025-05-27 13:53:34] - [INFO] [WW/adminx449222] on [SOMVAT502676] started [check_userprofile]
[2025-05-27 13:54:56] - [INFO] [WW/adminx449222] started P2V_deactivate_user -xkey X011481
[2025-05-27 13:55:00] - [INFO] [BASE_TEST] , [05/27/2025 13:42:56] , [05/27/2025 13:55:00] , [12.0573083933333] 
[2025-05-27 13:55:00] - [INFO] loading userlist from tenant BASE_TEST  [0.0139972 s]
[2025-05-27 13:55:01] - [INFO] [P2V-PROD] , [05/27/2025 13:42:58] , [05/27/2025 13:55:01] , [12.0524416983333] 
[2025-05-27 13:55:01] - [INFO] loading userlist from tenant P2V-PROD  [0.0209952 s]
[2025-05-27 13:55:05] - [INFO] [BASE_PROD] , [05/27/2025 13:43:02] , [05/27/2025 13:55:05] , [12.0472962666667] 
[2025-05-27 13:55:15] - [INFO] loading userlist from tenant BASE_PROD  [10.1841204 s]
[2025-05-27 13:55:17] - [INFO] [TEST2] , [05/27/2025 13:43:13] , [05/27/2025 13:55:17] , [12.0622579066667] 
[2025-05-27 13:55:17] - [INFO] loading userlist from tenant TEST2  [0.0109988 s]
[2025-05-27 13:55:19] - [INFO] [P2V_TEST] , [05/27/2025 13:43:15] , [05/27/2025 13:55:19] , [12.0608212666667] 
[2025-05-27 13:55:33] - [INFO] loading userlist from tenant P2V_TEST  [14.1276655 s]
[2025-05-27 13:55:34] - [INFO] [PRODTEST] , [05/27/2025 13:43:27] , [05/27/2025 13:55:34] , [12.127571155] 
[2025-05-27 13:55:44] - [INFO] loading userlist from tenant PRODTEST  [10.0179947 s]
[2025-05-27 13:55:46] - [INFO] [P2V_PRODTEST] , [05/27/2025 13:43:38] , [05/27/2025 13:55:46] , [12.1317841433333] 
[2025-05-27 13:55:46] - [INFO] loading userlist from tenant P2V_PRODTEST  [0.0209882 s]
[2025-05-27 13:55:50] - [INFO] [TEST1] , [05/27/2025 13:43:42] , [05/27/2025 13:55:50] , [12.1347434566667] 
[2025-05-27 13:55:59] - [INFO] loading userlist from tenant TEST1  [9.6231453 s]
[2025-05-27 13:56:01] - [INFO] [TRAINING] , [05/27/2025 13:43:55] , [05/27/2025 13:56:01] , [12.0988871916667] 
[2025-05-27 13:56:11] - [INFO] loading userlist from tenant TRAINING  [10.1638866 s]
[2025-05-27 13:56:13] - [INFO] [BASE_UPDATE] , [05/27/2025 13:44:09] , [05/27/2025 13:56:13] , [12.069287] 
[2025-05-27 13:56:26] - [INFO] loading userlist from tenant BASE_UPDATE  [12.7500498 s]
[2025-05-27 13:56:28] - [INFO] [P2V_UPDATE] , [05/27/2025 13:44:24] , [05/27/2025 13:56:28] , [12.0572581816667] 
[2025-05-27 13:56:40] - [INFO] loading userlist from tenant P2V_UPDATE  [11.8862474 s]
[2025-05-27 13:56:41] - [INFO] [UPDATE] , [05/27/2025 13:44:41] , [05/27/2025 13:56:41] , [11.9960412133333] 
[2025-05-27 13:56:53] - [INFO] loading userlist from tenant UPDATE  [11.9747671 s]
[2025-05-27 13:56:55] - [INFO] [PROD] , [05/27/2025 13:44:55] , [05/27/2025 13:56:55] , [12.0006208383333] 
[2025-05-27 13:57:06] - [INFO] loading userlist from tenant PROD  [10.7377976 s]
[2025-05-27 13:57:08] - [INFO] [P2V_TRAINING] , [05/27/2025 13:46:01] , [05/27/2025 13:57:08] , [11.1052414716667] 
[2025-05-27 13:57:08] - [INFO] loading userlist from tenant P2V_TRAINING  [0.0150025 s]
[2025-05-27 13:57:11] - [INFO] [P2V_DEMO] , [05/27/2025 13:46:05] , [05/27/2025 13:57:11] , [11.104082445] 
[2025-05-27 13:57:22] - [INFO] loading userlist from tenant P2V_DEMO  [10.5910992 s]
[2025-05-27 13:57:58] - [INFO] [WW/adminx449222] started check_userprofile -xkey X011481
[2025-05-27 13:57:58] - [INFO] [WW/adminx449222] on [SOMVAT502676] started [check_userprofile]
[2025-05-27 15:20:00] - [INFO] [WW/adminx449222] started check_userprofile -xkey MARIANA31
[2025-05-27 15:20:53] - [INFO] [WW/adminx449222] started check_userprofile -xkey X427542
[2025-05-27 15:20:54] - [INFO] [WW/adminx449222] on [SOMVAT502676] started [check_userprofile]
[2025-05-27 15:21:46] - [INFO] [WW/adminx449222] started check_userprofile -xkey X01004087
[2025-05-27 15:21:46] - [INFO] [WW/adminx449222] on [SOMVAT502676] started [check_userprofile]
[2025-05-27 15:22:31] - [INFO] [WW/adminx449222] started check_userprofile -xkey X01000630
[2025-05-27 15:22:31] - [INFO] [WW/adminx449222] on [SOMVAT502676] started [check_userprofile]
[2025-05-27 16:47:11] - [INFO] [WW/adminx449222] started check_userprofile -xkey X449612
[2025-05-27 16:47:11] - [INFO] [WW/adminx449222] on [SOMVAT502676] started [check_userprofile]
[2025-05-27 16:47:38] - [INFO] [WW/adminx449222] started P2V_deactivate_user -xkey X449612
[2025-05-27 16:47:41] - [INFO] [BASE_TEST] , [05/27/2025 13:55:00] , [05/27/2025 16:47:41] , [172.690744646667] 
[2025-05-27 16:47:41] - [INFO] loading userlist from tenant BASE_TEST  [0.014626 s]
[2025-05-27 16:47:43] - [INFO] [P2V-PROD] , [05/27/2025 13:55:01] , [05/27/2025 16:47:43] , [172.695114965] 
[2025-05-27 16:47:43] - [INFO] loading userlist from tenant P2V-PROD  [0.0180005 s]
[2025-05-27 16:47:47] - [INFO] [BASE_PROD] , [05/27/2025 13:55:05] , [05/27/2025 16:47:47] , [172.699477791667] 
[2025-05-27 16:47:57] - [INFO] loading userlist from tenant BASE_PROD  [9.6054263 s]
[2025-05-27 16:47:59] - [INFO] [TEST2] , [05/27/2025 13:55:17] , [05/27/2025 16:47:59] , [172.694170785] 
[2025-05-27 16:47:59] - [INFO] loading userlist from tenant TEST2  [0.0283879 s]
[2025-05-27 16:48:00] - [INFO] [P2V_TEST] , [05/27/2025 13:55:19] , [05/27/2025 16:48:00] , [172.696374293333] 
[2025-05-27 16:48:12] - [INFO] loading userlist from tenant P2V_TEST  [11.576082 s]
[2025-05-27 16:48:14] - [INFO] [PRODTEST] , [05/27/2025 13:55:34] , [05/27/2025 16:48:14] , [172.656346663333] 
[2025-05-27 16:48:25] - [INFO] loading userlist from tenant PRODTEST  [11.2065649 s]
[2025-05-27 16:48:27] - [INFO] [P2V_PRODTEST] , [05/27/2025 13:55:46] , [05/27/2025 16:48:27] , [172.676365351667] 
[2025-05-27 16:48:27] - [INFO] loading userlist from tenant P2V_PRODTEST  [0.0569996 s]
[2025-05-27 16:48:30] - [INFO] [TEST1] , [05/27/2025 13:55:50] , [05/27/2025 16:48:30] , [172.676824253333] 
[2025-05-27 16:48:40] - [INFO] loading userlist from tenant TEST1  [9.9167247 s]
[2025-05-27 16:48:42] - [INFO] [TRAINING] , [05/27/2025 13:56:01] , [05/27/2025 16:48:42] , [172.682945256667] 
[2025-05-27 16:48:52] - [INFO] loading userlist from tenant TRAINING  [9.7922045 s]
[2025-05-27 16:48:53] - [INFO] [BASE_UPDATE] , [05/27/2025 13:56:13] , [05/27/2025 16:48:53] , [172.671078335] 
[2025-05-27 16:49:05] - [INFO] loading userlist from tenant BASE_UPDATE  [12.2501937 s]
[2025-05-27 16:49:08] - [INFO] [P2V_UPDATE] , [05/27/2025 13:56:28] , [05/27/2025 16:49:08] , [172.666736896667] 
[2025-05-27 16:49:19] - [INFO] loading userlist from tenant P2V_UPDATE  [11.3306933 s]
[2025-05-27 16:49:21] - [INFO] [UPDATE] , [05/27/2025 13:56:41] , [05/27/2025 16:49:21] , [172.661208188333] 
[2025-05-27 16:49:32] - [INFO] loading userlist from tenant UPDATE  [11.5318301 s]
[2025-05-27 16:49:34] - [INFO] [PROD] , [05/27/2025 13:56:55] , [05/27/2025 16:49:34] , [172.654516585] 
[2025-05-27 16:49:45] - [INFO] loading userlist from tenant PROD  [10.9600872 s]
[2025-05-27 16:49:48] - [INFO] [P2V_TRAINING] , [05/27/2025 13:57:08] , [05/27/2025 16:49:48] , [172.668594535] 
[2025-05-27 16:49:48] - [INFO] loading userlist from tenant P2V_TRAINING  [0.0118378 s]
[2025-05-27 16:49:51] - [INFO] [P2V_DEMO] , [05/27/2025 13:57:11] , [05/27/2025 16:49:51] , [172.665798083333] 
[2025-05-27 16:50:04] - [INFO] loading userlist from tenant P2V_DEMO  [12.2851714 s]
[2025-05-27 19:14:03] - [INFO] [WW/adminx449222] started check_userprofile -xkey X449612
[2025-05-27 19:14:03] - [INFO] [WW/adminx449222] on [SOMVAT502676] started [check_userprofile]
[2025-05-29 09:24:32] - [INFO] [WW/adminx449222] started check_userprofile -xkey X01022492
[2025-05-29 09:24:32] - [INFO] [WW/adminx449222] on [SOMVAT502676] started [check_userprofile]
[2025-05-30 12:39:17] - [INFO] [WW/adminx449222] started check_userprofile -xkey X01022492
[2025-05-30 12:39:17] - [INFO] [WW/adminx449222] on [SOMVAT502676] started [check_userprofile]
[2025-05-30 12:50:00] - [INFO] [WW/adminx449222] started P2V_super_sync -xkey X01022492 
[2025-05-30 12:50:00] - [INFO] [WW/adminx449222] on [SOMVAT502676] started [P2V_super_sync]
[2025-05-30 12:55:44] - [INFO] [TEST1] , [05/27/2025 16:48:30] , [05/30/2025 12:55:44] , [4087.22356615833] 
[2025-05-30 12:55:53] - [INFO] loading userlist from tenant TEST1  [9.3950738 s]
[2025-05-30 13:07:46] - [INFO] [WW/adminx449222] started P2V_super_sync -xkey X01022492 
[2025-05-30 13:07:46] - [INFO] [WW/adminx449222] on [SOMVAT502676] started [P2V_super_sync]
[2025-05-30 13:16:30] - [INFO] [TEST1] , [05/30/2025 12:55:44] , [05/30/2025 13:16:30] , [20.7732159233333] 
[2025-05-30 13:16:40] - [INFO] loading userlist from tenant TEST1  [10.2290003 s]
[2025-05-30 13:17:49] - [INFO] [WW/adminx449222] started check_userprofile -xkey X01022492
[2025-05-30 13:17:49] - [INFO] [WW/adminx449222] on [SOMVAT502676] started [check_userprofile]
[2025-05-30 13:30:28] - [INFO] [WW/adminx449222] started P2V_sync_user -xkey X01022492
[2025-05-30 13:30:45] - [INFO] [PROD] , [05/27/2025 16:49:34] , [05/30/2025 13:30:45] , [4121.17055411333] 
[2025-05-30 13:30:54] - [INFO] loading userlist from tenant PROD  [9.3295501 s]
[2025-05-30 13:31:28] - [INFO] [PRODTEST] , [05/27/2025 16:48:14] , [05/30/2025 13:31:28] , [4123.23591320333] 
[2025-05-30 13:31:38] - [INFO] loading userlist from tenant PRODTEST  [10.2495185 s]
[2025-05-30 13:31:39] - [INFO] [TRAINING] , [05/27/2025 16:48:42] , [05/30/2025 13:31:39] , [4122.95197981333] 
[2025-05-30 13:31:52] - [INFO] loading userlist from tenant TRAINING  [13.3130314 s]
[2025-05-30 13:31:54] - [INFO] [TEST1] , [05/30/2025 13:16:30] , [05/30/2025 13:31:54] , [15.39222066] 
[2025-05-30 13:32:06] - [INFO] loading userlist from tenant TEST1  [12.6888441 s]
[2025-05-30 13:32:55] - [INFO] [WW/adminx449222] started check_P2V_user -xkey X01022492
[2025-05-30 13:32:56] - [INFO] [WW/adminx449222] on [SOMVAT502676] started [check_P2V_user]
[2025-05-30 13:33:00] - [INFO] [PROD] , [05/30/2025 13:30:45] , [05/30/2025 13:33:00] , [2.26017429] 
