[2024-08-01 12:42:08] - [INFO] [WW/adminx449222] started P2V_sync_user -xkey DAVID199
[2024-08-01 12:42:12] - [INFO] loading userlist from tenant P2V_PRODTEST
[2024-08-01 12:43:18] - [INFO] loading userlist from tenant P2V-PROD
[2024-08-01 12:43:29] - [INFO] loading userlist from tenant P2V_BENCHMARK
[2024-08-01 12:43:37] - [INFO] loading userlist from tenant P2V_DEMO
[2024-08-01 12:43:45] - [INFO] loading userlist from tenant P2V_TEST
[2024-08-01 12:43:53] - [INFO] loading userlist from tenant P2V_UPDATE
[2024-08-01 12:44:01] - [INFO] loading userlist from tenant P2V_TRAINING
[2024-08-02 17:18:06] - [INFO] [WW/adminx449222] started check_userprofile -xkey DAVID199
[2024-08-02 17:18:06] - [INFO] [WW/adminx449222] on [SOMVAT502676] started [check_userprofile]
[2024-08-02 17:33:15] - [INFO] [WW/adminx449222] started check_userprofile -xkey DAVID199
[2024-08-02 17:33:16] - [INFO] [WW/adminx449222] on [SOMVAT502676] started [check_userprofile]
[2024-08-02 17:35:19] - [INFO] [WW/adminx449222] started P2V_calculate_groups_bd 
[2024-08-02 17:35:20] - [INFO] [WW/adminx449222] on [SOMVAT502676] started [P2V_calculate_groups_bd]
[2024-08-02 17:37:36] - [INFO] loading userlist from tenant P2V_PRODTEST
[2024-08-02 17:38:05] - [INFO] [P2V_PRODTEST]-[bd.base] : add Oliva Marti David (DAVID199) - done
[2024-08-02 17:38:05] - [INFO] [P2V_PRODTEST]-[Z.BD.021.allow] : add Oliva Marti David (DAVID199) - done
[2024-08-02 17:38:06] - [INFO] [P2V_PRODTEST]-[Z.BD.021.deny] : remove Oliva Marti David (DAVID199) - done
[2024-08-02 17:38:07] - [INFO] [P2V_PRODTEST]-[Z.BD.022.deny] : remove Oliva Marti David (DAVID199) - done
[2024-08-02 17:38:07] - [INFO] [P2V_PRODTEST]-[Z.BD.022.allow] : add Oliva Marti David (DAVID199) - done
[2024-08-02 17:38:07] - [INFO] loading userlist from tenant P2V-PROD
[2024-08-02 17:38:39] - [INFO] [P2V-PROD]-[bd.base] : add Oliva Marti David (DAVID199) - done
[2024-08-02 17:38:41] - [INFO] [P2V-PROD]-[Z.BD.021.allow] : add Oliva Marti David (DAVID199) - done
[2024-08-02 17:38:42] - [INFO] [P2V-PROD]-[Z.BD.021.deny] : remove Oliva Marti David (DAVID199) - done
[2024-08-02 17:38:43] - [INFO] [P2V-PROD]-[Z.BD.022.deny] : remove Oliva Marti David (DAVID199) - done
[2024-08-02 17:38:44] - [INFO] [P2V-PROD]-[Z.BD.022.allow] : add Oliva Marti David (DAVID199) - done
[2024-08-02 17:38:44] - [INFO] loading userlist from tenant P2V_BENCHMARK
[2024-08-02 17:39:09] - [INFO] [P2V_BENCHMARK]-[bd.base] : add Oliva Marti David (DAVID199) - done
[2024-08-02 17:39:09] - [INFO] [P2V_BENCHMARK]-[Z.BD.021.allow] : add Oliva Marti David (DAVID199) - done
[2024-08-02 17:39:10] - [INFO] [P2V_BENCHMARK]-[Z.BD.021.deny] : remove Oliva Marti David (DAVID199) - done
[2024-08-02 17:39:11] - [INFO] [P2V_BENCHMARK]-[Z.BD.022.deny] : remove Oliva Marti David (DAVID199) - done
[2024-08-02 17:39:12] - [INFO] [P2V_BENCHMARK]-[Z.BD.022.allow] : add Oliva Marti David (DAVID199) - done
[2024-08-02 17:39:12] - [INFO] loading userlist from tenant P2V_DEMO
[2024-08-02 17:39:43] - [INFO] [P2V_DEMO]-[bd.base] : add Oliva Marti David (DAVID199) - done
[2024-08-02 17:39:44] - [INFO] [P2V_DEMO]-[Z.BD.021.allow] : add Oliva Marti David (DAVID199) - done
[2024-08-02 17:39:44] - [INFO] [P2V_DEMO]-[Z.BD.021.deny] : remove Oliva Marti David (DAVID199) - done
[2024-08-02 17:39:45] - [INFO] [P2V_DEMO]-[Z.BD.022.deny] : remove Oliva Marti David (DAVID199) - done
[2024-08-02 17:39:46] - [INFO] [P2V_DEMO]-[Z.BD.022.allow] : add Oliva Marti David (DAVID199) - done
[2024-08-02 17:39:46] - [INFO] loading userlist from tenant P2V_TEST
[2024-08-02 17:40:17] - [INFO] [P2V_TEST]-[bd.base] : add Oliva Marti David (DAVID199) - done
[2024-08-02 17:40:17] - [INFO] [P2V_TEST]-[Z.BD.021.allow] : add Oliva Marti David (DAVID199) - done
[2024-08-02 17:40:18] - [INFO] [P2V_TEST]-[Z.BD.021.deny] : remove Oliva Marti David (DAVID199) - done
[2024-08-02 17:40:19] - [INFO] [P2V_TEST]-[Z.BD.022.deny] : remove Oliva Marti David (DAVID199) - done
[2024-08-02 17:40:19] - [INFO] [P2V_TEST]-[Z.BD.022.allow] : add Oliva Marti David (DAVID199) - done
[2024-08-02 17:40:20] - [INFO] loading userlist from tenant P2V_UPDATE
[2024-08-02 17:40:54] - [INFO] [P2V_UPDATE]-[bd.base] : add Oliva Marti David (DAVID199) - done
[2024-08-02 17:40:55] - [INFO] [P2V_UPDATE]-[Z.BD.021.allow] : add Oliva Marti David (DAVID199) - done
[2024-08-02 17:40:57] - [INFO] [P2V_UPDATE]-[Z.BD.021.deny] : remove Oliva Marti David (DAVID199) - done
[2024-08-02 17:40:58] - [INFO] [P2V_UPDATE]-[Z.BD.022.deny] : remove Oliva Marti David (DAVID199) - done
[2024-08-02 17:40:59] - [INFO] [P2V_UPDATE]-[Z.BD.022.allow] : add Oliva Marti David (DAVID199) - done
[2024-08-02 17:41:00] - [INFO] loading userlist from tenant P2V_TRAINING
[2024-08-02 17:41:28] - [INFO] [P2V_TRAINING]-[bd.base] : add Oliva Marti David (DAVID199) - done
[2024-08-02 17:41:29] - [INFO] [P2V_TRAINING]-[Z.BD.021.allow] : add Oliva Marti David (DAVID199) - done
[2024-08-02 17:41:29] - [INFO] [P2V_TRAINING]-[Z.BD.021.deny] : remove Oliva Marti David (DAVID199) - done
[2024-08-02 17:41:30] - [INFO] [P2V_TRAINING]-[Z.BD.022.deny] : remove Oliva Marti David (DAVID199) - done
[2024-08-02 17:41:31] - [INFO] [P2V_TRAINING]-[Z.BD.022.allow] : add Oliva Marti David (DAVID199) - done
[2024-08-02 17:41:41] - [INFO] [WW/adminx449222] started P2V_sync_user -xkey DAVID199
[2024-08-02 17:41:46] - [INFO] loading userlist from tenant P2V_PRODTEST
[2024-08-02 17:42:03] - [INFO] loading userlist from tenant P2V-PROD
[2024-08-02 17:42:14] - [INFO] loading userlist from tenant P2V_BENCHMARK
[2024-08-02 17:42:22] - [INFO] loading userlist from tenant P2V_DEMO
[2024-08-02 17:42:30] - [INFO] loading userlist from tenant P2V_TEST
[2024-08-02 17:42:38] - [INFO] loading userlist from tenant P2V_UPDATE
[2024-08-02 17:42:54] - [INFO] loading userlist from tenant P2V_TRAINING
