[2024-12-19 09:26:16] - [INFO] [WW/adminx449222] started check_userprofile -xkey X450761
[2024-12-19 09:26:16] - [INFO] [WW/adminx449222] on [SOMVAT502676] started [check_userprofile]
[2024-12-19 09:28:12] - [INFO] [WW/adminx449222] started P2V_deactivate_user -xkey X450761
[2024-12-19 09:28:16] - [INFO] [P2V_PRODTEST] , [] , [12/19/2024 09:28:15] , [] 
[2024-12-19 09:28:25] - [INFO] loading userlist from tenant P2V_PRODTEST  [9.3058402 s]
[2024-12-19 09:28:27] - [INFO] [P2V-PROD] , [] , [12/19/2024 09:28:27] , [] 
[2024-12-19 09:28:34] - [INFO] loading userlist from tenant P2V-PROD  [7.3204761 s]
[2024-12-19 09:28:35] - [INFO] [PS20_TEST1] , [] , [12/19/2024 09:28:35] , [] 
[2024-12-19 09:28:42] - [INFO] loading userlist from tenant PS20_TEST1  [6.9133019 s]
[2024-12-19 09:28:46] - [INFO] [PS20_TRAINING] , [] , [12/19/2024 09:28:46] , [] 
[2024-12-19 09:28:54] - [INFO] loading userlist from tenant PS20_TRAINING  [7.5293719 s]
[2024-12-19 09:28:58] - [INFO] [P2V_BENCHMARK] , [] , [12/19/2024 09:28:58] , [] 
[2024-12-19 09:28:58] - [INFO] loading userlist from tenant P2V_BENCHMARK  [0.0100064 s]
[2024-12-19 09:29:01] - [INFO] [P2V_DEMO] , [] , [12/19/2024 09:29:01] , [] 
[2024-12-19 09:29:11] - [INFO] loading userlist from tenant P2V_DEMO  [9.5353641 s]
[2024-12-19 09:29:13] - [INFO] [TEST1] , [] , [12/19/2024 09:29:13] , [] 
[2024-12-19 09:29:21] - [INFO] loading userlist from tenant TEST1  [7.5036514 s]
[2024-12-19 09:29:26] - [INFO] [P2V_TEST] , [] , [12/19/2024 09:29:26] , [] 
[2024-12-19 09:29:35] - [INFO] loading userlist from tenant P2V_TEST  [9.76895 s]
[2024-12-19 09:29:37] - [INFO] [PETROVR] , [] , [12/19/2024 09:29:37] , [] 
[2024-12-19 09:29:37] - [INFO] loading userlist from tenant PETROVR  [0.0150074 s]
[2024-12-19 09:29:41] - [INFO] [P2V_UPDATE] , [] , [12/19/2024 09:29:41] , [] 
[2024-12-19 09:29:56] - [INFO] loading userlist from tenant P2V_UPDATE  [15.1364967 s]
[2024-12-19 09:29:59] - [INFO] [P2V_TRAINING] , [] , [12/19/2024 09:29:59] , [] 
[2024-12-19 09:30:10] - [INFO] loading userlist from tenant P2V_TRAINING  [10.971838 s]
[2024-12-19 13:01:09] - [INFO] [WW/adminx449222] started check_userprofile -xkey AMANINA1
[2024-12-19 13:01:09] - [INFO] [WW/adminx449222] on [SOMVAT502676] started [check_userprofile]
[2024-12-19 13:01:26] - [INFO] [WW/adminx449222] started P2V_deactivate_user -xkey AMANINA1
[2024-12-19 13:01:30] - [INFO] [P2V_PRODTEST] , [] , [12/19/2024 13:01:30] , [] 
[2024-12-19 13:01:39] - [INFO] loading userlist from tenant P2V_PRODTEST  [9.7507357 s]
[2024-12-19 13:01:41] - [INFO] [P2V-PROD] , [] , [12/19/2024 13:01:41] , [] 
[2024-12-19 13:01:48] - [INFO] loading userlist from tenant P2V-PROD  [7.2936772 s]
[2024-12-19 13:01:49] - [INFO] [PS20_TEST1] , [] , [12/19/2024 13:01:49] , [] 
[2024-12-19 13:01:57] - [INFO] loading userlist from tenant PS20_TEST1  [7.2957463 s]
[2024-12-19 13:02:00] - [INFO] [PS20_TRAINING] , [] , [12/19/2024 13:02:00] , [] 
[2024-12-19 13:02:07] - [INFO] loading userlist from tenant PS20_TRAINING  [7.1551723 s]
[2024-12-19 13:02:10] - [INFO] [P2V_BENCHMARK] , [] , [12/19/2024 13:02:10] , [] 
[2024-12-19 13:02:11] - [INFO] loading userlist from tenant P2V_BENCHMARK  [0.0149989 s]
[2024-12-19 13:02:14] - [INFO] [P2V_DEMO] , [] , [12/19/2024 13:02:14] , [] 
[2024-12-19 13:02:25] - [INFO] loading userlist from tenant P2V_DEMO  [10.9796743 s]
[2024-12-19 13:02:27] - [INFO] [TEST1] , [] , [12/19/2024 13:02:27] , [] 
[2024-12-19 13:02:35] - [INFO] loading userlist from tenant TEST1  [8.1509214 s]
[2024-12-19 13:02:39] - [INFO] [P2V_TEST] , [] , [12/19/2024 13:02:39] , [] 
[2024-12-19 13:02:51] - [INFO] loading userlist from tenant P2V_TEST  [11.319255 s]
[2024-12-19 13:02:52] - [INFO] [PETROVR] , [] , [12/19/2024 13:02:52] , [] 
[2024-12-19 13:02:52] - [INFO] loading userlist from tenant PETROVR  [0.0120026 s]
[2024-12-19 13:02:56] - [INFO] [P2V_UPDATE] , [] , [12/19/2024 13:02:56] , [] 
[2024-12-19 13:03:12] - [INFO] loading userlist from tenant P2V_UPDATE  [16.2946983 s]
[2024-12-19 13:03:15] - [INFO] [P2V_TRAINING] , [] , [12/19/2024 13:03:15] , [] 
[2024-12-19 13:03:26] - [INFO] loading userlist from tenant P2V_TRAINING  [10.7116727 s]
