[2024-09-16 14:50:19] - [INFO] [WW/adminx449222] started check_userprofile -xkey HELENE2
[2024-09-16 14:50:19] - [INFO] [WW/adminx449222] on [SOMVAT502676] started [check_userprofile]
[2024-09-16 14:50:33] - [INFO] [WW/adminx449222] started P2V_unlock_user -xkey HELENE2
[2024-09-16 14:50:44] - [INFO] [P2V-PROD] , [] , [09/16/2024 14:50:44] , [] 
[2024-09-16 14:50:54] - [INFO] loading userlist from tenant P2V-PROD  [9.4926569 s]
[2024-09-16 14:50:54] - [INFO] [P2V_DEMO] , [] , [09/16/2024 14:50:54] , [] 
[2024-09-16 14:51:01] - [INFO] loading userlist from tenant P2V_DEMO  [7.007486 s]
[2024-09-16 14:51:02] - [INFO] [P2V_TEST] , [] , [09/16/2024 14:51:02] , [] 
[2024-09-16 14:51:09] - [INFO] loading userlist from tenant P2V_TEST  [7.135504 s]
[2024-09-16 14:51:10] - [INFO] [P2V_TRAINING] , [] , [09/16/2024 14:51:10] , [] 
[2024-09-16 14:51:17] - [INFO] loading userlist from tenant P2V_TRAINING  [7.126499 s]
[2024-09-16 14:51:17] - [INFO] [P2V_UPDATE] , [] , [09/16/2024 14:51:17] , [] 
[2024-09-16 14:51:25] - [INFO] loading userlist from tenant P2V_UPDATE  [7.4275808 s]
[2024-09-16 14:51:35] - [INFO] [WW/adminx449222] started check_userprofile -xkey HELENE2
[2024-09-16 14:51:35] - [INFO] [WW/adminx449222] on [SOMVAT502676] started [check_userprofile]
[2024-09-16 14:51:49] - [INFO] [WW/adminx449222] started P2V_unlock_user -xkey HELENE2
[2024-09-16 14:51:57] - [INFO] [P2V_PRODTEST] , [] , [09/16/2024 14:51:57] , [] 
[2024-09-16 14:52:04] - [INFO] loading userlist from tenant P2V_PRODTEST  [7.9435557 s]
[2024-09-16 14:52:05] - [INFO] [P2V-PROD] , [09/16/2024 14:50:44] , [09/16/2024 14:52:05] , [1.349810955] 
[2024-09-16 14:52:06] - [INFO] [P2V_BENCHMARK] , [] , [09/16/2024 14:52:06] , [] 
[2024-09-16 14:52:13] - [INFO] loading userlist from tenant P2V_BENCHMARK  [7.4605247 s]
[2024-09-16 14:52:14] - [INFO] [P2V_DEMO] , [09/16/2024 14:50:54] , [09/16/2024 14:52:14] , [1.32570917833333] 
[2024-09-16 14:52:14] - [INFO] [P2V_TEST] , [09/16/2024 14:51:02] , [09/16/2024 14:52:14] , [1.20808445333333] 
[2024-09-16 14:52:15] - [INFO] [P2V_UPDATE] , [09/16/2024 14:51:17] , [09/16/2024 14:52:15] , [0.961400413333333] 
[2024-09-16 14:52:16] - [INFO] [P2V_TRAINING] , [09/16/2024 14:51:10] , [09/16/2024 14:52:16] , [1.10007656333333] 
[2024-09-16 14:52:24] - [INFO] [WW/adminx449222] started check_userprofile -xkey HELENE2
[2024-09-16 14:52:24] - [INFO] [WW/adminx449222] on [SOMVAT502676] started [check_userprofile]
[2024-09-16 14:52:34] - [INFO] [WW/adminx449222] started P2V_sync_user -xkey HELENE2
[2024-09-16 14:52:39] - [INFO] [P2V_PRODTEST] , [09/16/2024 14:51:57] , [09/16/2024 14:52:39] , [0.714533298333333] 
[2024-09-16 14:52:47] - [INFO] [P2V-PROD] , [09/16/2024 14:50:44] , [09/16/2024 14:52:47] , [2.04567629833333] 
[2024-09-16 14:52:48] - [INFO] [P2V_BENCHMARK] , [09/16/2024 14:52:06] , [09/16/2024 14:52:48] , [0.697965428333333] 
[2024-09-16 14:52:48] - [INFO] [P2V_DEMO] , [09/16/2024 14:50:54] , [09/16/2024 14:52:48] , [1.89915035833333] 
[2024-09-16 14:52:49] - [INFO] [P2V_TEST] , [09/16/2024 14:51:02] , [09/16/2024 14:52:49] , [1.78620813] 
[2024-09-16 14:52:50] - [INFO] [P2V_UPDATE] , [09/16/2024 14:51:17] , [09/16/2024 14:52:50] , [1.54194093] 
[2024-09-16 14:52:51] - [INFO] [P2V_TRAINING] , [09/16/2024 14:51:10] , [09/16/2024 14:52:51] , [1.682850485] 
[2024-09-16 14:54:55] - [INFO] [WW/adminx449222] started check_userprofile -xkey HELENE2
[2024-09-16 14:54:55] - [INFO] [WW/adminx449222] on [SOMVAT502676] started [check_userprofile]
[2024-09-16 14:56:57] - [INFO] [WW/adminx449222] started check_userprofile -xkey XHARAMHE
[2024-09-16 14:56:57] - [INFO] [WW/adminx449222] on [SOMVAT502676] started [check_userprofile]
[2024-09-16 14:58:44] - [INFO] [WW/adminx449222] started check_userprofile -xkey XHARAMHE
[2024-09-16 14:58:44] - [INFO] [WW/adminx449222] on [SOMVAT502676] started [check_userprofile]
[2024-09-16 15:00:43] - [INFO] [WW/adminx449222] started check_userprofile -xkey HELENE2
[2024-09-16 15:00:43] - [INFO] [WW/adminx449222] on [SOMVAT502676] started [check_userprofile]
[2024-09-16 15:00:52] - [INFO] [WW/adminx449222] started P2V_sync_user -xkey HELENE2
[2024-09-16 15:00:56] - [INFO] [P2V_PRODTEST] , [09/16/2024 14:51:57] , [09/16/2024 15:00:56] , [8.99020589] 
[2024-09-16 15:01:14] - [INFO] [P2V-PROD] , [09/16/2024 14:50:44] , [09/16/2024 15:01:14] , [10.5014448016667] 
[2024-09-16 15:01:22] - [INFO] loading userlist from tenant P2V-PROD  [7.4405281 s]
[2024-09-16 15:01:22] - [INFO] [P2V_BENCHMARK] , [09/16/2024 14:52:06] , [09/16/2024 15:01:22] , [9.27844270833333] 
[2024-09-16 15:01:23] - [INFO] [P2V_DEMO] , [09/16/2024 14:50:54] , [09/16/2024 15:01:23] , [10.4808267116667] 
[2024-09-16 15:01:30] - [INFO] loading userlist from tenant P2V_DEMO  [6.9506136 s]
[2024-09-16 15:01:31] - [INFO] [P2V_TEST] , [09/16/2024 14:51:02] , [09/16/2024 15:01:31] , [10.4807269533333] 
[2024-09-16 15:01:38] - [INFO] loading userlist from tenant P2V_TEST  [7.3955136 s]
[2024-09-16 15:01:39] - [INFO] [P2V_UPDATE] , [09/16/2024 14:51:17] , [09/16/2024 15:01:39] , [10.35761829] 
[2024-09-16 15:01:47] - [INFO] loading userlist from tenant P2V_UPDATE  [7.7685421 s]
[2024-09-16 15:01:47] - [INFO] [P2V_TRAINING] , [09/16/2024 14:51:10] , [09/16/2024 15:01:47] , [10.6289703066667] 
[2024-09-16 15:01:55] - [INFO] loading userlist from tenant P2V_TRAINING  [7.61353 s]
[2024-09-16 15:02:41] - [INFO] [WW/adminx449222] started check_userprofile -xkey HELENE2
[2024-09-16 15:02:41] - [INFO] [WW/adminx449222] on [SOMVAT502676] started [check_userprofile]
[2024-09-16 15:03:45] - [INFO] [WW/adminx449222] started check_userprofile -xkey HELENE2
[2024-09-16 15:03:45] - [INFO] [WW/adminx449222] on [SOMVAT502676] started [check_userprofile]
[2024-09-16 15:06:42] - [INFO] [WW/adminx449222] started check_userprofile -xkey HELENE2
[2024-09-16 15:06:42] - [INFO] [WW/adminx449222] on [SOMVAT502676] started [check_userprofile]
[2024-09-16 15:09:20] - [INFO] [WW/adminx449222] started check_userprofile -xkey HELENE2
[2024-09-16 15:09:20] - [INFO] [WW/adminx449222] on [SOMVAT502676] started [check_userprofile]
[2024-09-16 16:12:59] - [INFO] [WW/adminx449222] started P2V_sync_user -xkey HELENE2
[2024-09-16 16:13:04] - [INFO] [P2V_PRODTEST] , [09/16/2024 14:51:57] , [09/16/2024 16:13:04] , [81.1194746066667] 
[2024-09-16 16:13:11] - [INFO] loading userlist from tenant P2V_PRODTEST  [7.5585185 s]
[2024-09-16 16:13:16] - [INFO] [P2V-PROD] , [09/16/2024 15:01:14] , [09/16/2024 16:13:16] , [72.02701148] 
[2024-09-16 16:13:24] - [INFO] loading userlist from tenant P2V-PROD  [7.9185719 s]
[2024-09-16 16:13:24] - [INFO] [P2V_BENCHMARK] , [09/16/2024 14:52:06] , [09/16/2024 16:13:24] , [81.3070044166667] 
[2024-09-16 16:13:32] - [INFO] loading userlist from tenant P2V_BENCHMARK  [7.6855276 s]
[2024-09-16 16:13:33] - [INFO] [P2V_DEMO] , [09/16/2024 15:01:23] , [09/16/2024 16:13:33] , [72.1574206583333] 
[2024-09-16 16:13:40] - [INFO] loading userlist from tenant P2V_DEMO  [7.4055257 s]
[2024-09-16 16:13:40] - [INFO] [P2V_TEST] , [09/16/2024 15:01:31] , [09/16/2024 16:13:40] , [72.15960386] 
[2024-09-16 16:13:49] - [INFO] loading userlist from tenant P2V_TEST  [8.4345996 s]
[2024-09-16 16:13:49] - [INFO] [P2V_UPDATE] , [09/16/2024 15:01:39] , [09/16/2024 16:13:49] , [72.1701713333333] 
[2024-09-16 16:14:08] - [INFO] loading userlist from tenant P2V_UPDATE  [19.3543591 s]
[2024-09-16 16:14:09] - [INFO] [P2V_TRAINING] , [09/16/2024 15:01:47] , [09/16/2024 16:14:09] , [72.3583511833333] 
[2024-09-16 16:14:17] - [INFO] loading userlist from tenant P2V_TRAINING  [7.6925316 s]
