[2024-09-10 08:36:51] - [INFO] [WW/adminx449222] started check_userprofile -xkey PHILIPP30
[2024-09-10 08:36:51] - [INFO] [WW/adminx449222] on [SOMVAT502676] started [check_userprofile]
[2024-09-10 08:39:07] - [INFO] [WW/adminx449222] started check_userprofile -xkey PHILIPP30
[2024-09-10 08:39:07] - [INFO] [WW/adminx449222] on [SOMVAT502676] started [check_userprofile]
[2024-09-10 08:39:18] - [INFO] [WW/adminx449222] started P2V_sync_user -xkey PHILIPP30
[2024-09-10 08:50:12] - [INFO] [WW/adminx449222] started P2V_sync_user -xkey PHILIPP30
[2024-09-10 08:50:16] - [INFO] [P2V_PRODTEST] , [] , [09/10/2024 08:50:16] , [] 
[2024-09-10 08:50:31] - [INFO] loading userlist from tenant P2V_PRODTEST  [14.899052 s]
[2024-09-10 08:50:53] - [INFO] [P2V-PROD] , [] , [09/10/2024 08:50:53] , [] 
[2024-09-10 08:51:02] - [INFO] loading userlist from tenant P2V-PROD  [8.2295719 s]
[2024-09-10 08:51:02] - [INFO] [P2V_BENCHMARK] , [] , [09/10/2024 08:51:02] , [] 
[2024-09-10 08:51:10] - [INFO] loading userlist from tenant P2V_BENCHMARK  [7.3315123 s]
[2024-09-10 08:51:10] - [INFO] [P2V_DEMO] , [] , [09/10/2024 08:51:10] , [] 
[2024-09-10 08:51:24] - [INFO] loading userlist from tenant P2V_DEMO  [13.4749455 s]
[2024-09-10 08:51:26] - [INFO] [P2V_TEST] , [] , [09/10/2024 08:51:26] , [] 
[2024-09-10 08:51:41] - [INFO] loading userlist from tenant P2V_TEST  [15.3810699 s]
[2024-09-10 08:51:45] - [INFO] [PETROVR] , [] , [09/10/2024 08:51:45] , [] 
[2024-09-10 08:51:45] - [INFO] loading userlist from tenant PETROVR  [0.0150047 s]
[2024-09-10 08:51:45] - [INFO] [P2V_UPDATE] , [] , [09/10/2024 08:51:45] , [] 
[2024-09-10 08:51:52] - [INFO] loading userlist from tenant P2V_UPDATE  [7.0855011 s]
[2024-09-10 08:51:53] - [INFO] [P2V_TRAINING] , [] , [09/10/2024 08:51:53] , [] 
[2024-09-10 08:52:06] - [INFO] loading userlist from tenant P2V_TRAINING  [12.8809115 s]
[2024-09-11 15:38:18] - [INFO] [WW/adminx449222] started check_userprofile -xkey LEWIS1
[2024-09-11 15:38:18] - [INFO] [WW/adminx449222] on [SOMVAT502676] started [check_userprofile]
[2024-09-12 13:13:01] - [INFO] [WW/adminx449222] started P2V_sync_user -xkey PHILIPP30
[2024-09-12 13:13:07] - [INFO] [P2V_PRODTEST] , [09/10/2024 08:50:16] , [09/12/2024 13:13:07] , [3142.84943482833] 
[2024-09-12 13:13:07] - [INFO] loading userlist from tenant P2V_PRODTEST  [0.1490133 s]
[2024-09-12 13:13:11] - [INFO] [P2V-PROD] , [09/10/2024 08:50:53] , [09/12/2024 13:13:11] , [3142.29316257667] 
[2024-09-12 13:13:19] - [INFO] loading userlist from tenant P2V-PROD  [7.9186806 s]
[2024-09-12 13:13:19] - [INFO] [P2V_BENCHMARK] , [09/10/2024 08:51:02] , [09/12/2024 13:13:19] , [3142.28056252667] 
[2024-09-12 13:13:19] - [INFO] loading userlist from tenant P2V_BENCHMARK  [0.0100076 s]
[2024-09-12 13:13:19] - [INFO] [P2V_DEMO] , [09/10/2024 08:51:10] , [09/12/2024 13:13:19] , [3142.149552475] 
[2024-09-12 13:13:28] - [INFO] loading userlist from tenant P2V_DEMO  [9.12772 s]
[2024-09-12 13:13:29] - [INFO] [P2V_TEST] , [09/10/2024 08:51:26] , [09/12/2024 13:13:29] , [3142.04354507667] 
[2024-09-12 13:13:37] - [INFO] loading userlist from tenant P2V_TEST  [8.1506027 s]
[2024-09-12 13:13:37] - [INFO] [P2V_UPDATE] , [09/10/2024 08:51:45] , [09/12/2024 13:13:37] , [3141.87139978167] 
[2024-09-12 13:13:45] - [INFO] loading userlist from tenant P2V_UPDATE  [7.5665336 s]
[2024-09-12 13:13:45] - [INFO] [P2V_TRAINING] , [09/10/2024 08:51:53] , [09/12/2024 13:13:45] , [3141.87214984167] 
[2024-09-12 13:14:17] - [INFO] loading userlist from tenant P2V_TRAINING  [32.3102736 s]
[2024-09-12 13:15:43] - [INFO] [WW/adminx449222] started P2V_calculate_groups_bd 
[2024-09-12 13:15:44] - [INFO] [WW/adminx449222] on [SOMVAT502676] started [P2V_calculate_groups_bd]
[2024-09-12 13:17:21] - [INFO] [P2V_PRODTEST] , [09/12/2024 13:13:07] , [09/12/2024 13:17:21] , [4.227680355] 
[2024-09-12 13:17:22] - [INFO] [P2V-PROD] , [09/12/2024 13:13:11] , [09/12/2024 13:17:22] , [4.18862768] 
[2024-09-12 13:17:49] - [INFO] [P2V-PROD]-[Z.BD.022.deny] : remove Knauhs Philipp (PHILIPP30) - done
[2024-09-12 13:17:50] - [INFO] [P2V-PROD]-[Z.BD.021.allow] : add Knauhs Philipp (PHILIPP30) - done
[2024-09-12 13:17:51] - [INFO] [P2V-PROD]-[Z.BD.021.deny] : remove Knauhs Philipp (PHILIPP30) - done
[2024-09-12 13:17:52] - [INFO] [P2V-PROD]-[Z.BD.022.allow] : add Knauhs Philipp (PHILIPP30) - done
[2024-09-12 13:17:52] - [INFO] [P2V_BENCHMARK] , [09/12/2024 13:13:19] , [09/12/2024 13:17:52] , [4.55356885333333] 
[2024-09-12 13:18:07] - [INFO] [P2V_BENCHMARK]-[Z.BD.022.deny] : remove Knauhs Philipp (PHILIPP30) - done
[2024-09-12 13:18:09] - [INFO] [P2V_BENCHMARK]-[Z.BD.021.allow] : add Knauhs Philipp (PHILIPP30) - done
[2024-09-12 13:18:10] - [INFO] [P2V_BENCHMARK]-[Z.BD.021.deny] : remove Knauhs Philipp (PHILIPP30) - done
[2024-09-12 13:18:12] - [INFO] [P2V_BENCHMARK]-[Z.BD.022.allow] : add Knauhs Philipp (PHILIPP30) - done
[2024-09-12 13:18:12] - [INFO] [P2V_DEMO] , [09/12/2024 13:13:19] , [09/12/2024 13:18:12] , [4.88112843166667] 
[2024-09-12 13:18:45] - [INFO] [P2V_DEMO]-[Z.BD.022.deny] : remove Knauhs Philipp (PHILIPP30) - done
[2024-09-12 13:18:45] - [INFO] [P2V_DEMO]-[Z.BD.021.allow] : add Knauhs Philipp (PHILIPP30) - done
[2024-09-12 13:18:46] - [INFO] [P2V_DEMO]-[Z.BD.021.deny] : remove Knauhs Philipp (PHILIPP30) - done
[2024-09-12 13:18:47] - [INFO] [P2V_DEMO]-[Z.BD.022.allow] : add Knauhs Philipp (PHILIPP30) - done
[2024-09-12 13:18:47] - [INFO] [P2V_TEST] , [09/12/2024 13:13:29] , [09/12/2024 13:18:47] , [5.30930616333333] 
[2024-09-12 13:19:19] - [INFO] [P2V_TEST]-[Z.BD.022.deny] : remove Knauhs Philipp (PHILIPP30) - done
[2024-09-12 13:19:23] - [INFO] [P2V_TEST]-[Z.BD.021.allow] : add Knauhs Philipp (PHILIPP30) - done
[2024-09-12 13:19:27] - [INFO] [P2V_TEST]-[Z.BD.021.deny] : remove Knauhs Philipp (PHILIPP30) - done
[2024-09-12 13:19:32] - [INFO] [P2V_TEST]-[Z.BD.022.allow] : add Knauhs Philipp (PHILIPP30) - done
[2024-09-12 13:19:32] - [INFO] [PETROVR] , [09/10/2024 08:51:45] , [09/12/2024 13:19:32] , [3147.79321569167] 
[2024-09-12 13:19:32] - [INFO] loading userlist from tenant PETROVR  [0.0719998 s]
[2024-09-12 13:19:50] - [INFO] [PETROVR]-[Z.BD.022.deny] : remove Knauhs Philipp (PHILIPP30) - done
[2024-09-12 13:19:52] - [INFO] [PETROVR]-[Z.BD.021.allow] : add Knauhs Philipp (PHILIPP30) - done
[2024-09-12 13:19:54] - [INFO] [PETROVR]-[Z.BD.021.deny] : remove Knauhs Philipp (PHILIPP30) - done
[2024-09-12 13:19:55] - [INFO] [PETROVR]-[Z.BD.022.allow] : add Knauhs Philipp (PHILIPP30) - done
[2024-09-12 13:19:56] - [INFO] [P2V_UPDATE] , [09/12/2024 13:13:37] , [09/12/2024 13:19:56] , [6.30677633166667] 
[2024-09-12 13:21:24] - [INFO] [P2V_UPDATE]-[Z.BD.022.deny] : remove Knauhs Philipp (PHILIPP30) - done
[2024-09-12 13:21:25] - [INFO] [P2V_UPDATE]-[Z.BD.021.allow] : add Knauhs Philipp (PHILIPP30) - done
[2024-09-12 13:21:25] - [INFO] [P2V_UPDATE]-[Z.BD.021.deny] : remove Knauhs Philipp (PHILIPP30) - done
[2024-09-12 13:21:26] - [INFO] [P2V_UPDATE]-[Z.BD.022.allow] : add Knauhs Philipp (PHILIPP30) - done
[2024-09-12 13:21:26] - [INFO] [P2V_TRAINING] , [09/12/2024 13:13:45] , [09/12/2024 13:21:26] , [7.68653657833333] 
[2024-09-12 13:21:54] - [INFO] [P2V_TRAINING]-[Z.BD.022.deny] : remove Knauhs Philipp (PHILIPP30) - done
[2024-09-12 13:21:55] - [INFO] [P2V_TRAINING]-[Z.BD.021.allow] : add Knauhs Philipp (PHILIPP30) - done
[2024-09-12 13:21:56] - [INFO] [P2V_TRAINING]-[Z.BD.021.deny] : remove Knauhs Philipp (PHILIPP30) - done
[2024-09-12 13:21:56] - [INFO] [P2V_TRAINING]-[Z.BD.022.allow] : add Knauhs Philipp (PHILIPP30) - done
