[2025-05-12 17:56:31] - [INFO] [WW/adminx449222] started P2V_sync_user -xkey X450313
[2025-05-12 17:56:36] - [INFO] [TRAINING] , [] , [05/12/2025 17:56:36] , [] 
[2025-05-12 17:56:43] - [INFO] loading userlist from tenant TRAINING  [6.8138177 s]
[2025-05-12 17:56:48] - [INFO] [P2V-PROD] , [] , [05/12/2025 17:56:48] , [] 
[2025-05-12 17:56:48] - [INFO] loading userlist from tenant P2V-PROD  [0.0410031 s]
[2025-05-12 17:56:48] - [INFO] [BASE_PROD] , [] , [05/12/2025 17:56:48] , [] 
[2025-05-12 17:56:48] - [INFO] loading userlist from tenant BASE_PROD  [0.0270018 s]
[2025-05-12 17:56:48] - [INFO] [TEST2] , [] , [05/12/2025 17:56:48] , [] 
[2025-05-12 17:56:55] - [INFO] loading userlist from tenant TEST2  [7.0403269 s]
[2025-05-12 17:56:56] - [INFO] [P2V_TEST] , [] , [05/12/2025 17:56:56] , [] 
[2025-05-12 17:57:05] - [INFO] loading userlist from tenant P2V_TEST  [9.1372713 s]
[2025-05-12 17:57:06] - [INFO] [PRODTEST] , [] , [05/12/2025 17:57:06] , [] 
[2025-05-12 17:57:13] - [INFO] loading userlist from tenant PRODTEST  [6.8050843 s]
[2025-05-12 17:57:15] - [INFO] [P2V_PRODTEST] , [] , [05/12/2025 17:57:15] , [] 
[2025-05-12 17:57:15] - [INFO] loading userlist from tenant P2V_PRODTEST  [0.0169999 s]
[2025-05-12 17:57:15] - [INFO] [TEST1] , [] , [05/12/2025 17:57:15] , [] 
[2025-05-12 17:57:22] - [INFO] loading userlist from tenant TEST1  [7.4034739 s]
[2025-05-12 17:57:23] - [INFO] [BASE_TEST] , [] , [05/12/2025 17:57:23] , [] 
[2025-05-12 17:57:23] - [INFO] loading userlist from tenant BASE_TEST  [0.0159998 s]
[2025-05-12 17:57:23] - [INFO] [BASE_UPDATE] , [] , [05/12/2025 17:57:23] , [] 
[2025-05-12 17:57:23] - [INFO] loading userlist from tenant BASE_UPDATE  [0.1030027 s]
[2025-05-12 17:57:23] - [INFO] [P2V_UPDATE] , [] , [05/12/2025 17:57:23] , [] 
[2025-05-12 17:57:31] - [INFO] loading userlist from tenant P2V_UPDATE  [7.9160607 s]
[2025-05-12 17:57:32] - [INFO] [UPDATE] , [] , [05/12/2025 17:57:32] , [] 
[2025-05-12 17:57:42] - [INFO] loading userlist from tenant UPDATE  [9.7542437 s]
[2025-05-12 17:57:43] - [INFO] [PROD] , [] , [05/12/2025 17:57:43] , [] 
[2025-05-12 17:57:50] - [INFO] loading userlist from tenant PROD  [6.5783181 s]
[2025-05-12 17:57:50] - [INFO] [P2V_TRAINING] , [] , [05/12/2025 17:57:50] , [] 
[2025-05-12 17:57:50] - [INFO] loading userlist from tenant P2V_TRAINING  [0.0140006 s]
[2025-05-12 17:57:51] - [INFO] [P2V_DEMO] , [] , [05/12/2025 17:57:51] , [] 
[2025-05-12 17:58:01] - [INFO] loading userlist from tenant P2V_DEMO  [10.0045865 s]
[2025-05-12 17:59:07] - [INFO] [WW/adminx449222] started P2V_sync_user -xkey X451782
[2025-05-12 17:59:24] - [INFO] [TEST2] , [05/12/2025 17:56:48] , [05/12/2025 17:59:24] , [2.59526956166667] 
[2025-05-12 17:59:27] - [INFO] [PRODTEST] , [05/12/2025 17:57:06] , [05/12/2025 17:59:27] , [2.349726525] 
[2025-05-12 17:59:27] - [INFO] [BASE_TEST] , [05/12/2025 17:57:23] , [05/12/2025 17:59:27] , [2.07387276333333] 
[2025-05-12 17:59:28] - [INFO] [TRAINING] , [05/12/2025 17:56:36] , [05/12/2025 17:59:28] , [2.85436322666667] 
[2025-05-12 17:59:28] - [INFO] [BASE_PROD] , [05/12/2025 17:56:48] , [05/12/2025 17:59:28] , [2.674586305] 
[2025-05-12 17:59:28] - [INFO] [BASE_UPDATE] , [05/12/2025 17:57:23] , [05/12/2025 17:59:28] , [2.088006255] 
[2025-05-12 17:59:29] - [INFO] [TEST1] , [05/12/2025 17:57:15] , [05/12/2025 17:59:29] , [2.23124773] 
[2025-05-12 17:59:29] - [INFO] [UPDATE] , [05/12/2025 17:57:32] , [05/12/2025 17:59:29] , [1.95337657666667] 
[2025-05-12 17:59:30] - [INFO] [PROD] , [05/12/2025 17:57:43] , [05/12/2025 17:59:30] , [1.786392495] 
[2025-05-13 09:58:26] - [INFO] [WW/adminx449222] started P2V_set_profiles 
[2025-05-13 09:58:27] - [INFO] [WW/adminx449222] on [SOMVAT502676] started [P2V_set_profiles]
