[2024-09-20 10:50:27] - [INFO] [WW/adminx449222] started check_userprofile -xkey X451861
[2024-09-20 10:50:27] - [INFO] [WW/adminx449222] on [SOMVAT502676] started [check_userprofile]
[2024-09-20 11:03:27] - [INFO] [WW/adminx449222] started check_userprofile -xkey X451861
[2024-09-20 11:03:27] - [INFO] [WW/adminx449222] on [SOMVAT502676] started [check_userprofile]
[2024-09-20 11:48:01] - [INFO] [WW/adminx449222] started check_userprofile -xkey X451861
[2024-09-20 11:48:01] - [INFO] [WW/adminx449222] on [SOMVAT502676] started [check_userprofile]
[2024-09-20 11:48:20] - [INFO] [WW/adminx449222] started P2V_sync_user -xkey X451861
[2024-09-20 11:48:34] - [INFO] [P2V-PROD] , [] , [09/20/2024 11:48:34] , [] 
[2024-09-20 11:48:42] - [INFO] loading userlist from tenant P2V-PROD  [7.5985351 s]
[2024-09-20 11:48:45] - [INFO] [P2V_DEMO] , [] , [09/20/2024 11:48:45] , [] 
[2024-09-20 11:48:52] - [INFO] loading userlist from tenant P2V_DEMO  [6.5844698 s]
[2024-09-20 11:48:52] - [INFO] [P2V_TEST] , [] , [09/20/2024 11:48:52] , [] 
[2024-09-20 11:48:59] - [INFO] loading userlist from tenant P2V_TEST  [6.8634802 s]
[2024-09-20 11:48:59] - [INFO] [P2V_TRAINING] , [] , [09/20/2024 11:48:59] , [] 
[2024-09-20 11:49:06] - [INFO] loading userlist from tenant P2V_TRAINING  [7.2135009 s]
[2024-09-20 11:49:06] - [INFO] [P2V_UPDATE] , [] , [09/20/2024 11:49:06] , [] 
[2024-09-20 11:49:13] - [INFO] loading userlist from tenant P2V_UPDATE  [6.8424895 s]
[2024-09-20 11:49:35] - [INFO] [WW/adminx449222] started check_userprofile -xkey X451861
[2024-09-20 11:49:35] - [INFO] [WW/adminx449222] on [SOMVAT502676] started [check_userprofile]
[2024-09-20 13:07:09] - [INFO] [WW/adminx449222] started P2V_sync_user -xkey XHARAMHE
[2024-09-20 13:07:35] - [INFO] [P2V-PROD] , [09/20/2024 11:48:34] , [09/20/2024 13:07:35] , [79.0237807333333] 
[2024-09-20 13:07:45] - [INFO] loading userlist from tenant P2V-PROD  [9.7646843 s]
[2024-09-20 13:18:57] - [INFO] [P2V_DEMO] , [09/20/2024 11:48:45] , [09/20/2024 13:18:57] , [90.1899056133333] 
[2024-09-20 13:19:04] - [INFO] loading userlist from tenant P2V_DEMO  [7.1605301 s]
[2024-09-20 13:19:05] - [INFO] [P2V_TEST] , [09/20/2024 11:48:52] , [09/20/2024 13:19:05] , [90.2094906833333] 
[2024-09-20 13:19:12] - [INFO] loading userlist from tenant P2V_TEST  [7.6825787 s]
[2024-09-20 13:19:13] - [INFO] [P2V_TRAINING] , [09/20/2024 11:48:59] , [09/20/2024 13:19:13] , [90.232926245] 
[2024-09-20 13:19:20] - [INFO] loading userlist from tenant P2V_TRAINING  [6.9315081 s]
[2024-09-20 13:19:21] - [INFO] [P2V_UPDATE] , [09/20/2024 11:49:06] , [09/20/2024 13:19:21] , [90.237210325] 
[2024-09-20 13:19:28] - [INFO] loading userlist from tenant P2V_UPDATE  [7.3025464 s]
