[2024-05-22 17:20:48] - [INFO] [WW/adminx449222] started P2V_calculate_groups_bd 
[2024-05-22 17:20:48] - [INFO] [WW/adminx449222] on [SOMVAT502676] started [P2V_calculate_groups_bd]
[2024-05-22 17:21:35] - [INFO] loading userlist from tenant P2V-PROD
[2024-05-22 17:22:17] - [INFO] [P2V-PROD]-[bd.base] : add Zacharias Alexander (X012753) - done
[2024-05-22 17:22:19] - [INFO] [P2V-PROD]-[Z.BD.021.allow] : add Zacharias Alexander (X012753) - done
[2024-05-22 17:22:20] - [INFO] [P2V-PROD]-[Z.BD.021.deny] : remove Zacharias Alexander (X012753) - done
[2024-05-22 17:22:21] - [INFO] [P2V-PROD]-[Z.BD.022.deny] : remove Zacharias Alexander (X012753) - done
[2024-05-22 17:22:22] - [INFO] [P2V-PROD]-[Z.BD.022.allow] : add Zacharias Alexander (X012753) - done
[2024-05-22 17:22:22] - [INFO] loading userlist from tenant P2V_TEST
[2024-05-22 17:23:09] - [INFO] [P2V_TEST]-[bd.base] : add Zacharias Alexander (X012753) - done
[2024-05-22 17:23:09] - [INFO] [P2V_TEST]-[Z.BD.021.allow] : add Zacharias Alexander (X012753) - done
[2024-05-22 17:23:10] - [INFO] [P2V_TEST]-[Z.BD.021.deny] : remove Zacharias Alexander (X012753) - done
[2024-05-22 17:23:11] - [INFO] [P2V_TEST]-[Z.BD.022.deny] : remove Zacharias Alexander (X012753) - done
[2024-05-22 17:23:12] - [INFO] [P2V_TEST]-[Z.BD.022.allow] : add Zacharias Alexander (X012753) - done
[2024-05-22 17:23:12] - [INFO] loading userlist from tenant P2V_TRAINING
[2024-05-22 17:23:43] - [INFO] [P2V_TRAINING]-[bd.base] : add Zacharias Alexander (X012753) - done
[2024-05-22 17:23:44] - [INFO] [P2V_TRAINING]-[Z.BD.021.allow] : add Zacharias Alexander (X012753) - done
[2024-05-22 17:23:45] - [INFO] [P2V_TRAINING]-[Z.BD.021.deny] : remove Zacharias Alexander (X012753) - done
[2024-05-22 17:23:46] - [INFO] [P2V_TRAINING]-[Z.BD.022.deny] : remove Zacharias Alexander (X012753) - done
[2024-05-22 17:23:46] - [INFO] [P2V_TRAINING]-[Z.BD.022.allow] : add Zacharias Alexander (X012753) - done
[2024-05-22 17:25:32] - [INFO] [WW/adminx449222] started check_userprofile -xkey ANA044
[2024-05-22 17:25:32] - [INFO] [WW/adminx449222] on [SOMVAT502676] started [check_userprofile]
[2024-05-22 17:25:48] - [INFO] [WW/adminx449222] started P2V_calculate_groups_bd 
[2024-05-22 17:25:48] - [INFO] [WW/adminx449222] on [SOMVAT502676] started [P2V_calculate_groups_bd]
[2024-05-22 17:27:12] - [INFO] [WW/adminx449222] started check_userprofile -xkey X452233
[2024-05-22 17:27:12] - [INFO] [WW/adminx449222] on [SOMVAT502676] started [check_userprofile]
[2024-05-22 17:27:22] - [INFO] [WW/adminx449222] started P2V_calculate_groups_bd 
[2024-05-22 17:27:23] - [INFO] [WW/adminx449222] on [SOMVAT502676] started [P2V_calculate_groups_bd]
[2024-05-22 17:29:10] - [INFO] [WW/adminx449222] started check_userprofile -xkey X011443
[2024-05-22 17:29:10] - [INFO] [WW/adminx449222] on [SOMVAT502676] started [check_userprofile]
[2024-05-22 17:29:30] - [INFO] [WW/adminx449222] started P2V_calculate_groups_bd 
[2024-05-22 17:29:30] - [INFO] [WW/adminx449222] on [SOMVAT502676] started [P2V_calculate_groups_bd]
[2024-05-22 17:30:42] - [INFO] [WW/adminx449222] started P2V_calculate_groups_bd 
[2024-05-22 17:30:42] - [INFO] [WW/adminx449222] on [SOMVAT502676] started [P2V_calculate_groups_bd]
[2024-05-22 17:31:54] - [INFO] [WW/adminx449222] started P2V_calculate_groups_bd 
[2024-05-22 17:31:54] - [INFO] [WW/adminx449222] on [SOMVAT502676] started [P2V_calculate_groups_bd]
[2024-05-22 17:32:12] - [INFO] loading userlist from tenant P2V-PROD
[2024-05-22 17:32:32] - [INFO] loading userlist from tenant P2V_TEST
[2024-05-22 17:33:12] - [INFO] loading userlist from tenant P2V_TRAINING
[2024-05-22 17:35:05] - [INFO] [WW/adminx449222] started check_userprofile -xkey X451671
[2024-05-22 17:35:05] - [INFO] [WW/adminx449222] on [SOMVAT502676] started [check_userprofile]
[2024-05-22 17:35:15] - [INFO] [WW/adminx449222] started P2V_calculate_groups_bd 
[2024-05-22 17:35:15] - [INFO] [WW/adminx449222] on [SOMVAT502676] started [P2V_calculate_groups_bd]
[2024-05-22 17:36:20] - [INFO] [WW/adminx449222] started check_userprofile -xkey XPACHNE
[2024-05-22 17:36:20] - [INFO] [WW/adminx449222] on [SOMVAT502676] started [check_userprofile]
[2024-05-22 17:36:32] - [INFO] [WW/adminx449222] started P2V_calculate_groups_bd 
[2024-05-22 17:36:32] - [INFO] [WW/adminx449222] on [SOMVAT502676] started [P2V_calculate_groups_bd]
[2024-05-22 17:38:11] - [INFO] [WW/adminx449222] started P2V_calculate_groups_bd 
[2024-05-22 17:38:12] - [INFO] [WW/adminx449222] on [SOMVAT502676] started [P2V_calculate_groups_bd]
[2024-05-22 17:40:02] - [INFO] [WW/adminx449222] started P2V_calculate_groups_bd 
[2024-05-22 17:40:02] - [INFO] [WW/adminx449222] on [SOMVAT502676] started [P2V_calculate_groups_bd]
