[2025-03-04 10:24:47] - [INFO] [WW/adminx449222] started check_userprofile -xkey MARC27
[2025-03-04 10:24:47] - [INFO] [WW/adminx449222] on [SOMVAT502676] started [check_userprofile]
[2025-03-04 11:22:03] - [INFO] [WW/adminx449222] started check_userprofile -xkey MARC27
[2025-03-04 11:22:03] - [INFO] [WW/adminx449222] on [SOMVAT502676] started [check_userprofile]
[2025-03-04 16:15:07] - [INFO] [WW/adminx449222] started check_userprofile -xkey X01015355
[2025-03-04 16:15:07] - [INFO] [WW/adminx449222] on [SOMVAT502676] started [check_userprofile]
[2025-03-04 16:15:22] - [INFO] [WW/adminx449222] started P2V_sync_user -xkey X01015355
[2025-03-04 16:15:41] - [INFO] [PROD] , [] , [03/04/2025 16:15:40] , [] 
[2025-03-04 16:15:47] - [INFO] loading userlist from tenant PROD  [6.480936 s]
[2025-03-04 16:16:00] - [INFO] [TRAINING] , [] , [03/04/2025 16:16:00] , [] 
[2025-03-04 16:16:12] - [INFO] loading userlist from tenant TRAINING  [11.7218427 s]
[2025-03-04 16:16:13] - [INFO] [P2V_TRAINING] , [] , [03/04/2025 16:16:13] , [] 
[2025-03-04 16:16:20] - [INFO] loading userlist from tenant P2V_TRAINING  [7.220503 s]
[2025-03-04 16:16:21] - [INFO] [TEST1] , [] , [03/04/2025 16:16:21] , [] 
[2025-03-04 16:16:30] - [INFO] loading userlist from tenant TEST1  [8.7693354 s]
[2025-03-04 16:16:31] - [INFO] [P2V_DEMO] , [] , [03/04/2025 16:16:31] , [] 
[2025-03-04 16:16:39] - [INFO] loading userlist from tenant P2V_DEMO  [8.0535844 s]
[2025-03-04 16:16:40] - [INFO] [WW/adminx449222] started P2V_sync_user -xkey X01015355
[2025-03-04 16:16:45] - [INFO] [WW/adminx449222] started P2V_sync_user -xkey X01015355
[2025-03-04 16:17:01] - [INFO] [P2V-PROD] , [] , [03/04/2025 16:17:01] , [] 
[2025-03-04 16:17:08] - [INFO] loading userlist from tenant P2V-PROD  [7.587557 s]
[2025-03-04 16:17:12] - [INFO] [TRAINING] , [03/04/2025 16:16:00] , [03/04/2025 16:17:12] , [1.20794084833333] 
[2025-03-04 16:17:14] - [INFO] [P2V_TRAINING] , [03/04/2025 16:16:13] , [03/04/2025 16:17:14] , [1.01013091166667] 
[2025-03-04 16:17:14] - [INFO] [TEST1] , [03/04/2025 16:16:21] , [03/04/2025 16:17:14] , [0.891373593333333] 
[2025-03-04 16:17:15] - [INFO] [P2V_DEMO] , [03/04/2025 16:16:31] , [03/04/2025 16:17:15] , [0.744134761666667] 
[2025-03-04 16:17:38] - [INFO] [WW/adminx449222] started P2V_sync_user -xkey STANISLAV7
[2025-03-04 16:17:48] - [INFO] [P2V-PROD] , [03/04/2025 16:17:01] , [03/04/2025 16:17:48] , [0.782678826666667] 
[2025-03-04 16:17:52] - [INFO] [TRAINING] , [03/04/2025 16:16:00] , [03/04/2025 16:17:52] , [1.86672292333333] 
[2025-03-04 16:17:54] - [INFO] [P2V_TRAINING] , [03/04/2025 16:16:13] , [03/04/2025 16:17:54] , [1.67519170833333] 
[2025-03-04 16:17:55] - [INFO] [TEST1] , [03/04/2025 16:16:21] , [03/04/2025 16:17:55] , [1.57016836666667] 
[2025-03-04 16:17:56] - [INFO] [P2V_DEMO] , [03/04/2025 16:16:31] , [03/04/2025 16:17:56] , [1.42247913333333] 
[2025-03-04 16:18:29] - [INFO] [WW/adminx449222] started P2V_sync_user -xkey MAUSAM1
[2025-03-04 16:18:38] - [INFO] [P2V-PROD] , [03/04/2025 16:17:01] , [03/04/2025 16:18:38] , [1.620317495] 
[2025-03-04 16:18:41] - [INFO] [TRAINING] , [03/04/2025 16:16:00] , [03/04/2025 16:18:41] , [2.682512515] 
[2025-03-04 16:18:42] - [INFO] [P2V_TRAINING] , [03/04/2025 16:16:13] , [03/04/2025 16:18:42] , [2.490281465] 
[2025-03-04 16:18:43] - [INFO] [TEST1] , [03/04/2025 16:16:21] , [03/04/2025 16:18:43] , [2.37110657166667] 
[2025-03-04 16:18:44] - [INFO] [P2V_DEMO] , [03/04/2025 16:16:31] , [03/04/2025 16:18:44] , [2.221717385] 
[2025-03-05 09:08:22] - [INFO] [WW/adminx449222] started check_userprofile -xkey X012753
[2025-03-05 09:08:22] - [INFO] [WW/adminx449222] on [SOMVAT502676] started [check_userprofile]
[2025-03-05 09:20:54] - [INFO] [WW/adminx449222] started P2V_lock_user -xkey X012753
[2025-03-05 09:21:43] - [INFO] [PRODTEST] , [] , [03/05/2025 09:21:43] , [] 
[2025-03-05 09:21:43] - [INFO] loading userlist from tenant PRODTEST  [0.0799922 s]
[2025-03-05 09:21:44] - [INFO] [P2V_PRODTEST] , [] , [03/05/2025 09:21:44] , [] 
[2025-03-05 09:21:44] - [INFO] loading userlist from tenant P2V_PRODTEST  [0.0180019 s]
[2025-03-05 09:21:45] - [INFO] [P2V_BENCHMARK] , [] , [03/05/2025 09:21:45] , [] 
[2025-03-05 09:21:45] - [INFO] loading userlist from tenant P2V_BENCHMARK  [0.0460037 s]
[2025-03-05 09:21:47] - [INFO] [BASE_PROD] , [] , [03/05/2025 09:21:47] , [] 
[2025-03-05 09:21:47] - [INFO] loading userlist from tenant BASE_PROD  [0.0090029 s]
[2025-03-05 09:21:47] - [INFO] [PETROVR] , [] , [03/05/2025 09:21:47] , [] 
[2025-03-05 09:21:47] - [INFO] loading userlist from tenant PETROVR  [0.010996 s]
[2025-03-05 09:21:49] - [INFO] [PROD] , [03/04/2025 16:15:40] , [03/05/2025 09:21:49] , [1026.136518005] 
[2025-03-05 09:21:58] - [INFO] loading userlist from tenant PROD  [8.8205017 s]
[2025-03-05 12:20:59] - [INFO] [WW/adminx449222] started check_userprofile -xkey X012753
[2025-03-05 12:20:59] - [INFO] [WW/adminx449222] on [SOMVAT502676] started [check_userprofile]
[2025-03-05 12:21:31] - [INFO] [WW/adminx449222] started P2V_lock_user -xkey X012753
[2025-03-05 12:21:48] - [INFO] [PROD] , [03/05/2025 09:21:49] , [03/05/2025 12:21:48] , [179.988075355] 
[2025-03-05 12:21:57] - [INFO] loading userlist from tenant PROD  [9.2314318 s]
[2025-03-05 12:21:58] - [INFO] [P2V-PROD] , [03/04/2025 16:17:01] , [03/05/2025 12:21:58] , [1204.962967695] 
[2025-03-05 12:22:06] - [INFO] loading userlist from tenant P2V-PROD  [7.767187 s]
[2025-03-05 12:22:07] - [INFO] [TRAINING] , [03/04/2025 16:16:00] , [03/05/2025 12:22:07] , [1206.11409843833] 
[2025-03-05 12:22:16] - [INFO] loading userlist from tenant TRAINING  [8.783028 s]
[2025-03-05 12:22:17] - [INFO] [TEST1] , [03/04/2025 16:16:21] , [03/05/2025 12:22:17] , [1205.92912093] 
[2025-03-05 12:22:26] - [INFO] loading userlist from tenant TEST1  [9.6930273 s]
[2025-03-05 12:22:27] - [INFO] [P2V_DEMO] , [03/04/2025 16:16:31] , [03/05/2025 12:22:27] , [1205.94371602833] 
[2025-03-05 12:22:37] - [INFO] loading userlist from tenant P2V_DEMO  [9.6933413 s]
