[2024-06-04 09:04:57] - [INFO] [WW/adminx449222] started P2V_sync_user -xkey ADAM30
[2024-06-04 09:05:03] - [INFO] loading userlist from tenant P2V_PRODTEST
[2024-06-04 09:05:15] - [INFO] loading userlist from tenant P2V-PROD
[2024-06-04 09:05:23] - [INFO] loading userlist from tenant P2V_BENCHMARK
[2024-06-04 09:05:31] - [INFO] loading userlist from tenant P2V_DEMO
[2024-06-04 09:05:39] - [INFO] loading userlist from tenant P2V_TEST
[2024-06-04 09:05:47] - [INFO] loading userlist from tenant P2V_UPDATE
[2024-06-04 09:05:55] - [INFO] loading userlist from tenant P2V_TRAINING
[2024-06-04 09:12:00] - [INFO] [WW/adminx449222] started check_userprofile -xkey X012629
[2024-06-04 09:12:01] - [INFO] [WW/adminx449222] on [SOMVAT502676] started [check_userprofile]
[2024-06-04 09:12:18] - [INFO] [WW/adminx449222] started P2V_sync_user -xkey X012629
[2024-06-04 09:12:40] - [INFO] [WW/adminx449222] started P2V_deactivate_user -xkey X012629
[2024-06-04 09:12:59] - [INFO] [WW/adminx449222] started check_userprofile -xkey X012629
[2024-06-04 09:12:59] - [INFO] [WW/adminx449222] on [SOMVAT502676] started [check_userprofile]
[2024-06-04 09:14:20] - [INFO] [WW/adminx449222] started check_userprofile -xkey X012629
[2024-06-04 09:14:20] - [INFO] [WW/adminx449222] on [SOMVAT502676] started [check_userprofile]
[2024-06-04 09:14:38] - [INFO] [WW/adminx449222] started check_userprofile -xkey VICTOR77
[2024-06-04 09:14:38] - [INFO] [WW/adminx449222] on [SOMVAT502676] started [check_userprofile]
[2024-06-04 09:14:48] - [INFO] [WW/adminx449222] started P2V_sync_user -xkey VICTOR77
[2024-06-04 09:18:02] - [INFO] [WW/adminx449222] started check_userprofile -xkey VICTOR77
[2024-06-04 09:18:02] - [INFO] [WW/adminx449222] on [SOMVAT502676] started [check_userprofile]
[2024-06-04 09:18:44] - [INFO] [WW/adminx449222] started check_userprofile -xkey VICTOR77
[2024-06-04 09:18:44] - [INFO] [WW/adminx449222] on [SOMVAT502676] started [check_userprofile]
