[2024-02-28 11:01:58] - [INFO] directory  created
[2024-02-28 11:03:38] - [INFO] [WW/adminx449222] started P2V_export_AD_users 
[2024-02-28 11:07:38] - [INFO] [WW/adminx449222] on [SOMVAT502676] started [P2V_export_AD_users]
[2024-02-28 11:20:38] - [INFO] [WW/adminx449222] started P2V_calculate_groups_bd 
[2024-02-28 11:20:39] - [INFO] [WW/adminx449222] on [SOMVAT502676] started [P2V_calculate_groups_bd]
[2024-02-28 11:28:49] - [INFO] [WW/adminx449222] started P2V_calculate_groups_bd 
[2024-02-28 11:30:04] - [INFO] [WW/adminx449222] on [SOMVAT502676] started [P2V_calculate_groups_bd]
[2024-02-28 12:00:47] - [INFO] loading userlist from tenant P2V_TEST
[2024-02-28 12:07:01] - [INFO] [WW/adminx449222] started P2V_export_AD_users 
[2024-02-28 12:07:02] - [INFO] [WW/adminx449222] on [SOMVAT502676] started [P2V_export_AD_users]
[2024-02-28 12:55:54] - [INFO] [WW/adminx449222] started P2V_calculate_groups_bd 
[2024-02-28 12:55:55] - [INFO] [WW/adminx449222] on [SOMVAT502676] started [P2V_calculate_groups_bd]
[2024-02-28 14:43:26] - [INFO] [WW/adminx449222] started check_userprofile -xkey X01014234
[2024-02-28 14:43:26] - [INFO] [WW/adminx449222] on [SOMVAT502676] started [check_userprofile]
[2024-02-28 14:43:55] - [INFO] [WW/adminx449222] started P2V_lock_user -xkey X01014234
[2024-02-28 14:44:04] - [INFO] loading userlist from tenant P2V_PRODTEST
[2024-02-28 14:44:13] - [INFO] loading userlist from tenant P2V-PROD
[2024-02-28 14:44:21] - [INFO] loading userlist from tenant P2V_BENCHMARK
[2024-02-28 14:44:29] - [INFO] loading userlist from tenant P2V_DEMO
[2024-02-28 14:44:38] - [INFO] loading userlist from tenant P2V_TEST
[2024-02-28 14:44:47] - [INFO] loading userlist from tenant P2V_UPDATE
[2024-02-28 14:44:55] - [INFO] loading userlist from tenant P2V_TRAINING
[2024-02-28 14:57:48] - [INFO] [WW/adminx449222] started check_userprofile -xkey X01014234
[2024-02-28 14:57:48] - [INFO] [WW/adminx449222] on [SOMVAT502676] started [check_userprofile]
[2024-02-28 14:58:09] - [INFO] [WW/adminx449222] started check_userprofile -xkey X01014234
[2024-02-28 14:58:09] - [INFO] [WW/adminx449222] on [SOMVAT502676] started [check_userprofile]
