[2024-04-05 10:01:52] - [INFO] [WW/adminx449222] started P2V_activate_user -xkey SHAHRAM2
[2024-04-05 12:18:52] - [INFO] [WW/adminx449222] started check_userprofile -xkey SHAHRAM2
[2024-04-05 12:18:53] - [INFO] [WW/adminx449222] on [SOMVAT502676] started [check_userprofile]
[2024-04-08 09:33:18] - [INFO] [WW/adminx449222] started P2V_sync_user -xkey SHAHRAM2
[2024-04-08 09:33:50] - [INFO] [WW/adminx449222] started P2V_sync_user -xkey CATARINA1
[2024-04-08 09:33:54] - [INFO] loading userlist from tenant P2V-PROD
[2024-04-08 09:45:55] - [INFO] [WW/adminx449222] started check_userprofile -xkey SIMON41
[2024-04-08 09:45:55] - [INFO] [WW/adminx449222] on [SOMVAT502676] started [check_userprofile]
[2024-04-08 09:46:21] - [INFO] [WW/adminx449222] started P2V_deactivate_user -xkey SIMON41
[2024-04-08 09:46:31] - [INFO] loading userlist from tenant P2V_PRODTEST
[2024-04-08 09:46:39] - [INFO] loading userlist from tenant P2V-PROD
[2024-04-08 09:46:50] - [INFO] loading userlist from tenant P2V_BENCHMARK
[2024-04-08 09:46:58] - [INFO] loading userlist from tenant P2V_DEMO
[2024-04-08 09:47:08] - [INFO] loading userlist from tenant P2V_TEST
[2024-04-08 09:47:18] - [INFO] loading userlist from tenant P2V_UPDATE
[2024-04-08 09:47:29] - [INFO] loading userlist from tenant P2V_TRAINING
[2024-04-08 09:48:15] - [INFO] [WW/adminx449222] started check_userprofile -xkey SIMON41
[2024-04-08 09:48:15] - [INFO] [WW/adminx449222] on [SOMVAT502676] started [check_userprofile]
[2024-04-08 09:48:40] - [INFO] [WW/adminx449222] started check_userprofile -xkey X01000651
[2024-04-08 09:48:40] - [INFO] [WW/adminx449222] on [SOMVAT502676] started [check_userprofile]
[2024-04-08 09:48:55] - [INFO] [WW/adminx449222] started P2V_deactivate_user -xkey X01000651
[2024-04-08 09:51:18] - [INFO] [WW/adminx449222] started check_userprofile -xkey X01000651
[2024-04-08 09:51:18] - [INFO] [WW/adminx449222] on [SOMVAT502676] started [check_userprofile]
[2024-04-08 09:53:51] - [INFO] [WW/adminx449222] started check_userprofile -xkey X01007657
[2024-04-08 09:53:51] - [INFO] [WW/adminx449222] on [SOMVAT502676] started [check_userprofile]
[2024-04-08 09:54:09] - [INFO] [WW/adminx449222] started P2V_deactivate_user -xkey X01007657
[2024-04-08 10:01:23] - [INFO] [WW/adminx449222] started check_userprofile -xkey X446583
[2024-04-08 10:01:23] - [INFO] [WW/adminx449222] on [SOMVAT502676] started [check_userprofile]
[2024-04-08 10:02:02] - [INFO] [WW/adminx449222] started P2V_sync_user -xkey X446583
[2024-04-08 10:02:07] - [INFO] loading userlist from tenant P2V_TEST
[2024-04-08 10:02:47] - [INFO] [WW/adminx449222] started P2V_sync_user -xkey X446583
[2024-04-08 10:02:51] - [INFO] loading userlist from tenant P2V_PRODTEST
[2024-04-08 10:03:04] - [INFO] loading userlist from tenant P2V-PROD
[2024-04-08 10:03:31] - [INFO] loading userlist from tenant P2V_BENCHMARK
[2024-04-08 10:03:41] - [INFO] loading userlist from tenant P2V_DEMO
[2024-04-08 10:03:55] - [INFO] loading userlist from tenant P2V_UPDATE
[2024-04-08 10:04:06] - [INFO] loading userlist from tenant P2V_TRAINING
[2024-04-08 10:05:25] - [INFO] [WW/adminx449222] started check_userprofile -xkey X450225
[2024-04-08 10:05:25] - [INFO] [WW/adminx449222] on [SOMVAT502676] started [check_userprofile]
[2024-04-08 10:05:37] - [INFO] [WW/adminx449222] started P2V_deactivate_user -xkey X450225
[2024-04-08 10:07:51] - [INFO] [WW/adminx449222] started check_userprofile -xkey X450225
[2024-04-08 10:07:51] - [INFO] [WW/adminx449222] on [SOMVAT502676] started [check_userprofile]
[2024-04-08 10:09:24] - [INFO] [WW/adminx449222] started check_userprofile -xkey LINDA2
[2024-04-08 10:09:24] - [INFO] [WW/adminx449222] on [SOMVAT502676] started [check_userprofile]
[2024-04-08 10:10:30] - [INFO] [WW/adminx449222] started P2V_deactivate_user -xkey LINDA2
[2024-04-08 10:11:03] - [INFO] [WW/adminx449222] started check_userprofile -xkey AGATE1
[2024-04-08 10:11:03] - [INFO] [WW/adminx449222] on [SOMVAT502676] started [check_userprofile]
[2024-04-08 10:11:25] - [INFO] [WW/adminx449222] started P2V_deactivate_user -xkey AGATE1
[2024-04-08 10:11:47] - [INFO] [WW/adminx449222] started check_userprofile -xkey AGATE1
[2024-04-08 10:11:47] - [INFO] [WW/adminx449222] on [SOMVAT502676] started [check_userprofile]
[2024-04-08 10:13:07] - [INFO] [WW/adminx449222] started check_userprofile -xkey NORADILA2
[2024-04-08 10:13:07] - [INFO] [WW/adminx449222] on [SOMVAT502676] started [check_userprofile]
[2024-04-08 10:13:20] - [INFO] [WW/adminx449222] started P2V_deactivate_user -xkey NORADILA2
[2024-04-08 10:13:25] - [INFO] loading userlist from tenant P2V_PRODTEST
[2024-04-08 10:13:34] - [INFO] loading userlist from tenant P2V-PROD
[2024-04-08 10:13:46] - [INFO] loading userlist from tenant P2V_BENCHMARK
[2024-04-08 10:13:56] - [INFO] loading userlist from tenant P2V_DEMO
[2024-04-08 10:14:08] - [INFO] loading userlist from tenant P2V_TEST
[2024-04-08 10:14:39] - [INFO] loading userlist from tenant P2V_UPDATE
[2024-04-08 10:15:02] - [INFO] loading userlist from tenant P2V_TRAINING
[2024-04-08 10:15:44] - [INFO] [WW/adminx449222] started check_userprofile -xkey NUR010
[2024-04-08 10:15:44] - [INFO] [WW/adminx449222] on [SOMVAT502676] started [check_userprofile]
[2024-04-08 10:16:09] - [INFO] [WW/adminx449222] started P2V_deactivate_user -xkey NUR010
[2024-04-08 10:22:21] - [INFO] [WW/adminx449222] started check_userprofile -xkey XREDFORD
[2024-04-08 10:22:21] - [INFO] [WW/adminx449222] on [SOMVAT502676] started [check_userprofile]
[2024-04-08 10:22:34] - [INFO] [WW/adminx449222] started P2V_deactivate_user -xkey XREDFORD
[2024-04-08 10:24:28] - [INFO] [WW/adminx449222] started check_userprofile -xkey SANCHECA
[2024-04-08 10:24:28] - [INFO] [WW/adminx449222] on [SOMVAT502676] started [check_userprofile]
[2024-04-08 10:24:41] - [INFO] [WW/adminx449222] started P2V_deactivate_user -xkey SANCHECA
[2024-04-08 10:24:46] - [INFO] loading userlist from tenant P2V_PRODTEST
[2024-04-08 10:24:58] - [INFO] loading userlist from tenant P2V-PROD
[2024-04-08 10:25:09] - [INFO] loading userlist from tenant P2V_BENCHMARK
[2024-04-08 10:25:20] - [INFO] loading userlist from tenant P2V_DEMO
[2024-04-08 10:25:31] - [INFO] loading userlist from tenant P2V_TEST
[2024-04-08 10:25:41] - [INFO] loading userlist from tenant P2V_UPDATE
[2024-04-08 10:26:11] - [INFO] loading userlist from tenant P2V_TRAINING
[2024-04-08 10:26:30] - [INFO] [WW/adminx449222] started check_userprofile -xkey SANCHECA
[2024-04-08 10:26:30] - [INFO] [WW/adminx449222] on [SOMVAT502676] started [check_userprofile]
[2024-04-08 10:35:07] - [INFO] [WW/adminx449222] started P2V_lock_inactive_users 
[2024-04-08 10:35:07] - [INFO] [WW/adminx449222] on [SOMVAT502676] started [P2V_lock_inactive_users]
[2024-04-08 10:35:12] - [INFO] loading userlist from tenant P2V_PRODTEST
[2024-04-08 11:28:01] - [INFO] [WW/adminx449222] started P2V_lock_inactive_users 
[2024-04-08 11:28:02] - [INFO] [WW/adminx449222] on [SOMVAT502676] started [P2V_lock_inactive_users]
[2024-04-08 11:28:06] - [INFO] loading userlist from tenant P2V_PRODTEST
