[2024-10-04 08:22:15] - [INFO] [WW/adminx449222] started check_userprofile -xkey SEMRA1
[2024-10-04 08:22:15] - [INFO] [WW/adminx449222] on [SOMVAT502676] started [check_userprofile]
[2024-10-04 08:22:41] - [INFO] [WW/adminx449222] started P2V_activate_user -xkey SEMRA1
[2024-10-04 08:22:48] - [INFO] [P2V-PROD] , [] , [10/04/2024 08:22:48] , [] 
[2024-10-04 08:22:56] - [INFO] loading userlist from tenant P2V-PROD  [7.8446887 s]
[2024-10-04 08:22:56] - [INFO] [P2V_DEMO] , [] , [10/04/2024 08:22:56] , [] 
[2024-10-04 08:23:04] - [INFO] loading userlist from tenant P2V_DEMO  [7.5331864 s]
[2024-10-04 08:23:04] - [INFO] [P2V_TEST] , [] , [10/04/2024 08:23:04] , [] 
[2024-10-04 08:23:12] - [INFO] loading userlist from tenant P2V_TEST  [7.2906447 s]
[2024-10-04 08:23:12] - [INFO] [P2V_TRAINING] , [] , [10/04/2024 08:23:12] , [] 
[2024-10-04 08:23:20] - [INFO] loading userlist from tenant P2V_TRAINING  [7.2973936 s]
[2024-10-04 08:23:20] - [INFO] [P2V_UPDATE] , [] , [10/04/2024 08:23:20] , [] 
[2024-10-04 08:23:27] - [INFO] loading userlist from tenant P2V_UPDATE  [7.0322387 s]
[2024-10-04 08:30:20] - [INFO] [WW/adminx449222] started check_userprofile -xkey SEMRA1
[2024-10-04 08:30:20] - [INFO] [WW/adminx449222] on [SOMVAT502676] started [check_userprofile]
[2024-10-04 08:30:37] - [INFO] [WW/adminx449222] started P2V_super_sync -xkey SEMRA1 
[2024-10-04 08:30:37] - [INFO] [WW/adminx449222] on [SOMVAT502676] started [P2V_super_sync]
[2024-10-04 08:32:01] - [INFO] [P2V_DEMO] , [10/04/2024 08:22:56] , [10/04/2024 08:32:01] , [9.07212917333333] 
[2024-10-04 08:32:22] - [INFO] [WW/adminx449222] started check_P2V_user -xkey SEMRA1
[2024-10-04 08:32:22] - [INFO] [WW/adminx449222] on [SOMVAT502676] started [check_P2V_user]
[2024-10-04 08:32:25] - [INFO] [P2V_DEMO] , [10/04/2024 08:22:56] , [10/04/2024 08:32:25] , [9.472425645] 
