[2024-04-16 15:45:03] - [INFO] [WW/adminx449222] started P2V_sync_user -xkey XHUSSAIFI
[2024-04-16 15:45:09] - [INFO] loading userlist from tenant P2V_PRODTEST
[2024-04-16 15:45:43] - [INFO] loading userlist from tenant P2V-PROD
[2024-04-16 15:45:57] - [INFO] loading userlist from tenant P2V_BENCHMARK
[2024-04-16 15:46:09] - [INFO] loading userlist from tenant P2V_DEMO
[2024-04-16 15:46:21] - [INFO] loading userlist from tenant P2V_TEST
[2024-04-16 15:46:34] - [INFO] loading userlist from tenant P2V_UPDATE
[2024-04-16 15:46:45] - [INFO] loading userlist from tenant P2V_TRAINING
[2024-04-16 15:47:31] - [INFO] [WW/adminx449222] started P2V_check_UPNs 
[2024-04-16 15:53:48] - [INFO] [WW/adminx449222] started P2V_check_UPNs 
[2024-04-16 16:07:58] - [INFO] loading userlist from tenant P2V_TEST
[2024-04-16 16:10:31] - [INFO] [WW/adminx449222] started P2V_sync_user -xkey VALENTIN74
[2024-04-16 16:10:35] - [INFO] loading userlist from tenant P2V_PRODTEST
[2024-04-16 16:11:21] - [INFO] [WW/adminx449222] started P2V_sync_user -xkey VALENTIN74
[2024-04-16 16:11:37] - [INFO] [WW/adminx449222] started check_userprofile -xkey VALENTIN74
[2024-04-16 16:11:37] - [INFO] [WW/adminx449222] on [SOMVAT502676] started [check_userprofile]
[2024-04-16 16:12:03] - [INFO] [WW/adminx449222] started P2V_sync_user -xkey VALENTIN74
[2024-04-16 16:46:15] - [INFO] loading userlist from tenant P2V_PRODTEST
[2024-04-16 16:46:59] - [INFO] [WW/adminx449222] started P2V_check_UPNs 
[2024-04-16 16:47:01] - [INFO] loading userlist from tenant P2V-PROD
[2024-04-16 16:52:00] - [INFO] [WW/adminx449222] started P2V_check_UPNs 
[2024-04-16 16:56:40] - [INFO] [WW/adminx449222] started P2V_sync_user -xkey VALENTIN74
[2024-04-16 17:13:44] - [INFO] loading userlist from tenant P2V_TEST
[2024-04-16 17:14:06] - [INFO] [WW/adminx449222] started P2V_sync_user -xkey VALENTIN74
[2024-04-16 17:14:11] - [INFO] loading userlist from tenant P2V-PROD
[2024-04-16 17:14:59] - [INFO] [WW/adminx449222] started P2V_sync_user -xkey DANIEL63
[2024-04-16 17:15:25] - [INFO] [WW/adminx449222] started P2V_sync_user -xkey ALEXANDER47
[2024-04-16 17:16:00] - [INFO] [WW/adminx449222] started P2V_sync_user -xkey PEDRO8
[2024-04-16 17:16:20] - [INFO] [WW/adminx449222] started P2V_sync_user -xkey CHRISTIAN87
[2024-04-16 17:16:49] - [INFO] [WW/adminx449222] started P2V_sync_user -xkey X450149
[2024-04-16 17:19:11] - [INFO] [WW/adminx449222] started P2V_sync_user -xkey CHRISTIAN130
[2024-04-16 17:20:15] - [INFO] [WW/adminx449222] started P2V_sync_user -xkey STEPHANIE3
[2024-04-16 17:20:53] - [INFO] [WW/adminx449222] started P2V_sync_user -xkey CLAIRE3
[2024-04-16 17:21:37] - [INFO] [WW/adminx449222] started P2V_sync_user -xkey LUKAS80
[2024-04-16 17:22:25] - [INFO] [WW/adminx449222] started P2V_sync_user -xkey ALEXANDRU170
[2024-04-16 17:22:46] - [INFO] [WW/adminx449222] started P2V_sync_user -xkey MARTIN26
[2024-04-16 17:23:06] - [INFO] [WW/adminx449222] started P2V_sync_user -xkey X450487
