[2024-05-28 15:50:09] - [INFO] [WW/adminx449222] started P2V_lock_inactive_users 
[2024-05-28 15:50:10] - [INFO] [WW/adminx449222] on [SOMVAT502676] started [P2V_lock_inactive_users]
[2024-05-28 15:50:20] - [INFO] loading userlist from tenant P2V_PRODTEST
[2024-05-28 15:52:28] - [INFO] [WW/adminx449222] started check_userprofile -xkey X01005447
[2024-05-28 15:52:29] - [INFO] [WW/adminx449222] on [SOMVAT502676] started [check_userprofile]
[2024-05-28 15:52:45] - [INFO] [WW/adminx449222] started P2V_deactivate_user -xkey X01005447
[2024-05-28 15:52:55] - [INFO] loading userlist from tenant P2V-PROD
[2024-05-28 15:53:04] - [INFO] loading userlist from tenant P2V_BENCHMARK
[2024-05-28 15:53:14] - [INFO] loading userlist from tenant P2V_DEMO
[2024-05-28 15:53:24] - [INFO] loading userlist from tenant P2V_TEST
[2024-05-28 15:53:35] - [INFO] loading userlist from tenant P2V_UPDATE
[2024-05-28 15:53:44] - [INFO] loading userlist from tenant P2V_TRAINING
[2024-05-28 15:54:03] - [INFO] [WW/adminx449222] started P2V_deactivate_user -xkey X01005447
[2024-05-28 15:55:02] - [INFO] [WW/adminx449222] started check_userprofile -xkey X01005447
[2024-05-28 15:55:02] - [INFO] [WW/adminx449222] on [SOMVAT502676] started [check_userprofile]
[2024-05-28 16:02:17] - [INFO] [WW/adminx449222] started check_userprofile -xkey X01022657
[2024-05-28 16:02:17] - [INFO] [WW/adminx449222] on [SOMVAT502676] started [check_userprofile]
[2024-05-28 16:14:07] - [INFO] [WW/adminx449222] started check_userprofile -xkey X01018903
[2024-05-28 16:14:07] - [INFO] [WW/adminx449222] on [SOMVAT502676] started [check_userprofile]
[2024-05-28 16:35:50] - [INFO] [WW/adminx449222] started check_userprofile -xkey X01022380
[2024-05-28 16:35:50] - [INFO] [WW/adminx449222] on [SOMVAT502676] started [check_userprofile]
[2024-05-28 16:43:15] - [INFO] [WW/adminx449222] started check_userprofile -xkey X01022380
[2024-05-28 16:43:15] - [INFO] [WW/adminx449222] on [SOMVAT502676] started [check_userprofile]
[2024-05-28 16:46:45] - [INFO] [WW/adminx449222] started check_userprofile -xkey XZIYANI
[2024-05-28 16:46:45] - [INFO] [WW/adminx449222] on [SOMVAT502676] started [check_userprofile]
[2024-05-28 16:46:53] - [INFO] [WW/adminx449222] started check_userprofile -xkey XZIYANI
[2024-05-28 16:46:53] - [INFO] [WW/adminx449222] on [SOMVAT502676] started [check_userprofile]
[2024-05-28 16:54:02] - [INFO] [WW/adminx449222] started check_userprofile -xkey X452110
[2024-05-28 16:54:02] - [INFO] [WW/adminx449222] on [SOMVAT502676] started [check_userprofile]
[2024-05-28 16:56:37] - [INFO] [WW/adminx449222] started P2V_sync_user -xkey X452110
[2024-05-28 16:56:40] - [INFO] loading userlist from tenant P2V_PRODTEST
[2024-05-28 16:58:45] - [INFO] [WW/adminx449222] started P2V_sync_user -xkey X452110
[2024-05-28 16:58:53] - [INFO] loading userlist from tenant P2V-PROD
[2024-05-28 16:59:18] - [INFO] loading userlist from tenant P2V_DEMO
[2024-05-28 17:23:54] - [INFO] [WW/adminx449222] started check_userprofile -xkey X452110
[2024-05-28 17:23:54] - [INFO] [WW/adminx449222] on [SOMVAT502676] started [check_userprofile]
[2024-05-28 17:25:13] - [INFO] [WW/adminx449222] started P2V_deactivate_user -xkey X452110
[2024-05-28 17:25:22] - [INFO] [WW/adminx449222] started P2V_sync_user -xkey X452110
[2024-05-28 17:25:29] - [INFO] loading userlist from tenant P2V_PRODTEST
[2024-05-28 17:26:26] - [INFO] loading userlist from tenant P2V-PROD
[2024-05-28 17:26:39] - [INFO] loading userlist from tenant P2V_BENCHMARK
[2024-05-28 17:26:52] - [INFO] loading userlist from tenant P2V_DEMO
[2024-05-28 17:27:28] - [INFO] loading userlist from tenant P2V_TEST
[2024-05-28 17:27:41] - [INFO] loading userlist from tenant P2V_UPDATE
[2024-05-28 17:28:05] - [INFO] loading userlist from tenant P2V_TRAINING
[2024-05-28 17:30:15] - [INFO] [WW/adminx449222] started check_userprofile -xkey MANFRED5
[2024-05-28 17:30:15] - [INFO] [WW/adminx449222] on [SOMVAT502676] started [check_userprofile]
[2024-05-28 17:30:23] - [INFO] [WW/adminx449222] started check_userprofile -xkey MANFRED5
[2024-05-28 17:30:23] - [INFO] [WW/adminx449222] on [SOMVAT502676] started [check_userprofile]
[2024-05-28 17:32:50] - [INFO] [WW/adminx449222] started check_userprofile -xkey X01SAVRAL
[2024-05-28 17:32:50] - [INFO] [WW/adminx449222] on [SOMVAT502676] started [check_userprofile]
[2024-05-28 17:33:59] - [INFO] [WW/adminx449222] started check_userprofile -xkey JOSE1
[2024-05-28 17:33:59] - [INFO] [WW/adminx449222] on [SOMVAT502676] started [check_userprofile]
[2024-05-28 17:36:29] - [INFO] [WW/adminx449222] started check_userprofile -xkey X903365
[2024-05-28 17:36:29] - [INFO] [WW/adminx449222] on [SOMVAT502676] started [check_userprofile]
[2024-05-28 17:37:16] - [INFO] [WW/adminx449222] started P2V_sync_user -xkey X903365
[2024-05-28 17:37:25] - [INFO] loading userlist from tenant P2V_PRODTEST
[2024-05-28 17:37:41] - [INFO] loading userlist from tenant P2V-PROD
[2024-05-28 17:37:54] - [INFO] loading userlist from tenant P2V_BENCHMARK
[2024-05-28 17:38:06] - [INFO] loading userlist from tenant P2V_DEMO
[2024-05-28 17:38:41] - [INFO] loading userlist from tenant P2V_TEST
[2024-05-28 17:38:52] - [INFO] loading userlist from tenant P2V_UPDATE
[2024-05-28 17:39:05] - [INFO] loading userlist from tenant P2V_TRAINING
[2024-05-28 17:40:08] - [INFO] [WW/adminx449222] started P2V_deactivate_user -xkey X903365
[2024-05-28 17:41:36] - [INFO] [WW/adminx449222] started check_userprofile -xkey JOSE1
[2024-05-28 17:41:36] - [INFO] [WW/adminx449222] on [SOMVAT502676] started [check_userprofile]
[2024-05-28 17:41:44] - [INFO] [WW/adminx449222] started P2V_sync_user -xkey JOSE1
[2024-05-28 17:48:59] - [INFO] loading userlist from tenant P2V_TEST
[2024-05-28 17:49:11] - [INFO] loading userlist from tenant P2V_UPDATE
[2024-05-28 17:49:24] - [INFO] loading userlist from tenant P2V_TRAINING
[2024-05-28 17:50:03] - [INFO] [WW/adminx449222] started P2V_deactivate_user -xkey JOSE1
[2024-05-28 17:50:10] - [INFO] loading userlist from tenant P2V_PRODTEST
[2024-05-28 17:50:20] - [INFO] loading userlist from tenant P2V-PROD
[2024-05-28 17:50:30] - [INFO] loading userlist from tenant P2V_BENCHMARK
[2024-05-28 17:50:39] - [INFO] loading userlist from tenant P2V_DEMO
[2024-05-28 17:52:55] - [INFO] [WW/adminx449222] started check_userprofile -xkey X452110
[2024-05-28 17:52:55] - [INFO] [WW/adminx449222] on [SOMVAT502676] started [check_userprofile]
[2024-05-28 17:53:07] - [INFO] [WW/adminx449222] started P2V_deactivate_user -xkey X452110
[2024-05-28 17:53:34] - [INFO] [WW/adminx449222] started check_userprofile -xkey X452110
[2024-05-28 17:53:34] - [INFO] [WW/adminx449222] on [SOMVAT502676] started [check_userprofile]
[2024-05-28 17:54:36] - [INFO] [WW/adminx449222] started check_userprofile -xkey X01022380
[2024-05-28 17:54:36] - [INFO] [WW/adminx449222] on [SOMVAT502676] started [check_userprofile]
[2024-05-28 17:54:51] - [INFO] [WW/adminx449222] started P2V_deactivate_user -xkey X01022380
[2024-05-28 17:54:58] - [INFO] [WW/adminx449222] started P2V_sync_user -xkey X01022380
[2024-05-28 17:55:30] - [INFO] [WW/adminx449222] started check_userprofile -xkey X01022380
[2024-05-28 17:55:30] - [INFO] [WW/adminx449222] on [SOMVAT502676] started [check_userprofile]
[2024-05-28 17:55:40] - [INFO] [WW/adminx449222] started P2V_activate_user -xkey X01022380
[2024-05-28 17:55:49] - [INFO] [WW/adminx449222] started check_userprofile -xkey X01022380
[2024-05-28 17:55:49] - [INFO] [WW/adminx449222] on [SOMVAT502676] started [check_userprofile]
[2024-05-28 17:55:59] - [INFO] [WW/adminx449222] started P2V_unlock_user -xkey X01022380
[2024-05-28 17:56:08] - [INFO] [WW/adminx449222] started check_userprofile -xkey X01022380
[2024-05-28 17:56:08] - [INFO] [WW/adminx449222] on [SOMVAT502676] started [check_userprofile]
[2024-05-28 17:56:16] - [INFO] [WW/adminx449222] started P2V_deactivate_user -xkey X01022380
[2024-05-28 17:56:50] - [INFO] [WW/adminx449222] started check_userprofile -xkey X01022380
[2024-05-28 17:56:50] - [INFO] [WW/adminx449222] on [SOMVAT502676] started [check_userprofile]
[2024-05-28 17:57:21] - [INFO] [WW/adminx449222] started check_userprofile -xkey X01018903
[2024-05-28 17:57:21] - [INFO] [WW/adminx449222] on [SOMVAT502676] started [check_userprofile]
[2024-05-28 17:57:31] - [INFO] [WW/adminx449222] started P2V_unlock_user -xkey X01018903
[2024-05-28 17:57:40] - [INFO] [WW/adminx449222] started P2V_sync_user -xkey X01018903
[2024-05-28 17:58:03] - [INFO] [WW/adminx449222] started P2V_deactivate_user -xkey X01018903
[2024-05-28 17:58:46] - [INFO] [WW/adminx449222] started check_userprofile -xkey X01022834
[2024-05-28 17:58:46] - [INFO] [WW/adminx449222] on [SOMVAT502676] started [check_userprofile]
[2024-05-28 17:59:09] - [INFO] [WW/adminx449222] started P2V_unlock_user -xkey X01022834
[2024-05-28 17:59:17] - [INFO] [WW/adminx449222] started P2V_deactivate_user -xkey X01022834
[2024-05-28 17:59:29] - [INFO] loading userlist from tenant P2V_TEST
[2024-05-28 17:59:38] - [INFO] loading userlist from tenant P2V_UPDATE
[2024-05-28 17:59:47] - [INFO] loading userlist from tenant P2V_TRAINING
[2024-05-28 18:00:06] - [INFO] [WW/adminx449222] started check_userprofile -xkey X01022834
[2024-05-28 18:00:06] - [INFO] [WW/adminx449222] on [SOMVAT502676] started [check_userprofile]
[2024-05-28 18:03:03] - [INFO] [WW/adminx449222] started check_userprofile -xkey X01022657
[2024-05-28 18:03:03] - [INFO] [WW/adminx449222] on [SOMVAT502676] started [check_userprofile]
[2024-05-28 18:03:16] - [INFO] [WW/adminx449222] started P2V_unlock_user -xkey X01022657
[2024-05-28 18:03:20] - [INFO] loading userlist from tenant P2V_PRODTEST
[2024-05-28 18:03:30] - [INFO] [WW/adminx449222] started P2V_deactivate_user -xkey X01022657
[2024-05-28 18:03:36] - [INFO] loading userlist from tenant P2V-PROD
[2024-05-28 18:03:46] - [INFO] loading userlist from tenant P2V_BENCHMARK
[2024-05-28 18:03:56] - [INFO] loading userlist from tenant P2V_DEMO
[2024-05-28 18:04:18] - [INFO] [WW/adminx449222] started check_userprofile -xkey X01022657
[2024-05-28 18:04:18] - [INFO] [WW/adminx449222] on [SOMVAT502676] started [check_userprofile]
[2024-05-28 18:04:50] - [INFO] [WW/adminx449222] started check_userprofile -xkey X01SAVRAL
[2024-05-28 18:04:50] - [INFO] [WW/adminx449222] on [SOMVAT502676] started [check_userprofile]
[2024-05-28 18:05:20] - [INFO] [WW/adminx449222] started P2V_lock_user -xkey X01SAVRAL
[2024-05-28 18:05:25] - [INFO] [WW/adminx449222] started P2V_unlock_user -xkey X01SAVRAL
[2024-05-28 18:05:30] - [INFO] [WW/adminx449222] started P2V_unlock_user -xkey X01SAVRAL
[2024-05-28 18:05:41] - [INFO] [WW/adminx449222] started P2V_deactivate_user -xkey X01SAVRAL
[2024-05-28 18:06:08] - [INFO] [WW/adminx449222] started check_userprofile -xkey X01SAVRAL
[2024-05-28 18:06:08] - [INFO] [WW/adminx449222] on [SOMVAT502676] started [check_userprofile]
[2024-05-28 18:06:46] - [INFO] [WW/adminx449222] started check_userprofile -xkey MANFRED5
[2024-05-28 18:06:46] - [INFO] [WW/adminx449222] on [SOMVAT502676] started [check_userprofile]
[2024-05-28 18:06:57] - [INFO] [WW/adminx449222] started P2V_sync_user -xkey MANFRED5
[2024-05-28 18:07:30] - [INFO] [WW/adminx449222] started P2V_deactivate_user -xkey MANFRED5
[2024-05-28 18:07:55] - [INFO] [WW/adminx449222] started check_userprofile -xkey MANFRED5
[2024-05-28 18:07:55] - [INFO] [WW/adminx449222] on [SOMVAT502676] started [check_userprofile]
[2024-05-28 18:25:01] - [INFO] [WW/adminx449222] started check_userprofile -xkey MANFRED5
[2024-05-28 18:25:01] - [INFO] [WW/adminx449222] on [SOMVAT502676] started [check_userprofile]
[2024-05-28 18:25:16] - [INFO] [WW/adminx449222] started check_userprofile -xkey X01SAVRAL
[2024-05-28 18:25:16] - [INFO] [WW/adminx449222] on [SOMVAT502676] started [check_userprofile]
[2024-05-28 18:25:33] - [INFO] [WW/adminx449222] started check_userprofile -xkey X903365
[2024-05-28 18:25:33] - [INFO] [WW/adminx449222] on [SOMVAT502676] started [check_userprofile]
[2024-05-28 18:34:27] - [INFO] [WW/adminx449222] started check_userprofile -xkey XZIYANI
[2024-05-28 18:34:27] - [INFO] [WW/adminx449222] on [SOMVAT502676] started [check_userprofile]
[2024-05-28 18:37:54] - [INFO] [WW/adminx449222] started P2V_calculate_groups_bd 
[2024-05-28 18:37:54] - [INFO] [WW/adminx449222] on [SOMVAT502676] started [P2V_calculate_groups_bd]
[2024-05-28 18:38:42] - [INFO] loading userlist from tenant P2V_PRODTEST
[2024-05-28 18:39:08] - [INFO] loading userlist from tenant P2V-PROD
[2024-05-28 18:39:33] - [INFO] loading userlist from tenant P2V_BENCHMARK
[2024-05-28 18:39:57] - [INFO] loading userlist from tenant P2V_DEMO
[2024-05-28 18:40:20] - [INFO] loading userlist from tenant P2V_TEST
[2024-05-28 18:40:45] - [INFO] loading userlist from tenant P2V_UPDATE
[2024-05-28 18:41:08] - [INFO] loading userlist from tenant P2V_TRAINING
