[2024-07-17 13:40:11] - [INFO] [WW/adminx449222] started P2V_sync_user -xkey X449077
[2024-07-17 13:40:17] - [INFO] loading userlist from tenant P2V_PRODTEST
[2024-07-17 13:41:34] - [INFO] loading userlist from tenant P2V-PROD
[2024-07-17 13:41:43] - [INFO] loading userlist from tenant P2V_DEMO
[2024-07-17 13:41:53] - [INFO] loading userlist from tenant P2V_TEST
[2024-07-17 13:42:03] - [INFO] loading userlist from tenant P2V_UPDATE
[2024-07-17 13:42:14] - [INFO] loading userlist from tenant P2V_TRAINING
[2024-07-17 14:12:24] - [INFO] [WW/adminx449222] started check_userprofile -xkey CRAIG8
[2024-07-17 14:12:24] - [INFO] [WW/adminx449222] on [SOMVAT502676] started [check_userprofile]
[2024-07-17 14:12:36] - [INFO] [WW/adminx449222] started P2V_sync_user -xkey CRAIG8
[2024-07-17 14:12:41] - [INFO] loading userlist from tenant P2V_PRODTEST
[2024-07-17 14:23:59] - [INFO] loading userlist from tenant P2V-PROD
[2024-07-17 14:24:11] - [INFO] loading userlist from tenant P2V_DEMO
[2024-07-17 14:24:23] - [INFO] loading userlist from tenant P2V_TEST
[2024-07-17 14:24:34] - [INFO] loading userlist from tenant P2V_UPDATE
[2024-07-17 14:24:45] - [INFO] loading userlist from tenant P2V_TRAINING
[2024-07-17 14:28:19] - [INFO] [WW/adminx449222] started P2V_unlock_user -xkey CRAIG8
[2024-07-17 14:28:24] - [INFO] loading userlist from tenant P2V_PRODTEST
[2024-07-17 14:29:04] - [INFO] [WW/adminx449222] started check_userprofile -xkey CRAIG8
[2024-07-17 14:29:04] - [INFO] [WW/adminx449222] on [SOMVAT502676] started [check_userprofile]
[2024-07-17 14:29:15] - [INFO] [WW/adminx449222] started P2V_deactivate_user -xkey CRAIG8
[2024-07-17 14:34:40] - [INFO] [WW/adminx449222] started check_userprofile -xkey CRAIG8
[2024-07-17 14:34:40] - [INFO] [WW/adminx449222] on [SOMVAT502676] started [check_userprofile]
[2024-07-17 14:38:28] - [INFO] [WW/adminx449222] started check_userprofile -xkey X01026000
[2024-07-17 14:38:28] - [INFO] [WW/adminx449222] on [SOMVAT502676] started [check_userprofile]
[2024-07-17 14:40:25] - [INFO] [WW/adminx449222] started P2V_unlock_user -xkey X01026000
[2024-07-17 14:40:32] - [INFO] loading userlist from tenant P2V_PRODTEST
[2024-07-17 14:40:42] - [INFO] loading userlist from tenant P2V-PROD
[2024-07-17 14:40:53] - [INFO] loading userlist from tenant P2V_DEMO
[2024-07-17 14:41:04] - [INFO] loading userlist from tenant P2V_TEST
[2024-07-17 14:41:13] - [INFO] loading userlist from tenant P2V_UPDATE
[2024-07-17 14:41:25] - [INFO] loading userlist from tenant P2V_TRAINING
[2024-07-17 14:41:48] - [INFO] [WW/adminx449222] started P2V_sync_user -xkey X01026000
[2024-07-17 14:44:48] - [INFO] [WW/adminx449222] started check_userprofile -xkey X01026000
[2024-07-17 14:44:48] - [INFO] [WW/adminx449222] on [SOMVAT502676] started [check_userprofile]
[2024-07-17 14:45:00] - [INFO] [WW/adminx449222] started P2V_deactivate_user -xkey X01026000
[2024-07-17 14:45:27] - [INFO] [WW/adminx449222] started check_userprofile -xkey X01026000
[2024-07-17 14:45:27] - [INFO] [WW/adminx449222] on [SOMVAT502676] started [check_userprofile]
[2024-07-17 14:45:46] - [INFO] [WW/adminx449222] started check_userprofile -xkey X448827
[2024-07-17 14:45:46] - [INFO] [WW/adminx449222] on [SOMVAT502676] started [check_userprofile]
[2024-07-17 14:47:13] - [INFO] [WW/adminx449222] started P2V_sync_user -xkey X448827
[2024-07-17 14:47:50] - [INFO] [WW/adminx449222] started P2V_deactivate_user -xkey X448827
[2024-07-17 14:50:15] - [INFO] [WW/adminx449222] started P2V_sync_user -xkey OLIVER3
[2024-07-17 14:52:49] - [INFO] [WW/adminx449222] started check_userprofile -xkey OLIVER3
[2024-07-17 14:52:49] - [INFO] [WW/adminx449222] on [SOMVAT502676] started [check_userprofile]
[2024-07-17 14:54:43] - [INFO] [WW/adminx449222] started check_userprofile -xkey STEFAN131
[2024-07-17 14:54:43] - [INFO] [WW/adminx449222] on [SOMVAT502676] started [check_userprofile]
[2024-07-17 14:55:01] - [INFO] [WW/adminx449222] started P2V_sync_user -xkey STEFAN131
[2024-07-17 14:55:06] - [INFO] loading userlist from tenant P2V_PRODTEST
[2024-07-17 14:56:08] - [INFO] loading userlist from tenant P2V-PROD
[2024-07-17 14:56:18] - [INFO] loading userlist from tenant P2V_DEMO
[2024-07-17 14:56:30] - [INFO] loading userlist from tenant P2V_TEST
[2024-07-17 14:56:41] - [INFO] loading userlist from tenant P2V_UPDATE
[2024-07-17 14:56:52] - [INFO] loading userlist from tenant P2V_TRAINING
[2024-07-17 14:57:14] - [INFO] [WW/adminx449222] started check_userprofile -xkey STEFAN131
[2024-07-17 14:57:14] - [INFO] [WW/adminx449222] on [SOMVAT502676] started [check_userprofile]
[2024-07-17 14:58:23] - [INFO] [WW/adminx449222] started P2V_deactivate_user -xkey STEFAN131
[2024-07-17 15:04:13] - [INFO] [WW/adminx449222] started check_userprofile -xkey STEFAN131
[2024-07-17 15:04:13] - [INFO] [WW/adminx449222] on [SOMVAT502676] started [check_userprofile]
[2024-07-17 15:04:42] - [INFO] [WW/adminx449222] started check_userprofile -xkey CRAIG8
[2024-07-17 15:04:42] - [INFO] [WW/adminx449222] on [SOMVAT502676] started [check_userprofile]
[2024-07-17 15:05:10] - [INFO] [WW/adminx449222] started check_userprofile -xkey CRAIG8
[2024-07-17 15:05:10] - [INFO] [WW/adminx449222] on [SOMVAT502676] started [check_userprofile]
[2024-07-17 15:05:35] - [INFO] [WW/adminx449222] started check_userprofile -xkey X01026000
[2024-07-17 15:05:35] - [INFO] [WW/adminx449222] on [SOMVAT502676] started [check_userprofile]
[2024-07-17 15:06:44] - [INFO] [WW/adminx449222] started check_userprofile -xkey X01026000
[2024-07-17 15:06:44] - [INFO] [WW/adminx449222] on [SOMVAT502676] started [check_userprofile]
[2024-07-17 15:07:01] - [INFO] [WW/adminx449222] started check_userprofile -xkey CRAIG8
[2024-07-17 15:07:01] - [INFO] [WW/adminx449222] on [SOMVAT502676] started [check_userprofile]
[2024-07-17 15:07:15] - [INFO] [WW/adminx449222] started check_userprofile -xkey X448827
[2024-07-17 15:07:15] - [INFO] [WW/adminx449222] on [SOMVAT502676] started [check_userprofile]
[2024-07-17 15:07:37] - [INFO] [WW/adminx449222] started check_userprofile -xkey STEFAN131
[2024-07-17 15:07:37] - [INFO] [WW/adminx449222] on [SOMVAT502676] started [check_userprofile]
[2024-07-17 15:08:02] - [INFO] [WW/adminx449222] started check_userprofile -xkey X01026000
[2024-07-17 15:08:02] - [INFO] [WW/adminx449222] on [SOMVAT502676] started [check_userprofile]
