[2024-05-06 15:33:52] - [INFO] [WW/adminx449222] started check_userprofile -xkey SUSANNE18
[2024-05-06 15:33:52] - [INFO] [WW/adminx449222] on [SOMVAT502676] started [check_userprofile]
[2024-05-06 15:39:48] - [INFO] [WW/adminx449222] started check_userprofile -xkey X450149
[2024-05-06 15:39:48] - [INFO] [WW/adminx449222] on [SOMVAT502676] started [check_userprofile]
[2024-05-06 15:40:42] - [INFO] [WW/adminx449222] started check_P2V_user -xkey X450149
[2024-05-06 15:40:42] - [INFO] [WW/adminx449222] on [SOMVAT502676] started [check_P2V_user]
[2024-05-06 15:40:50] - [INFO] loading userlist from tenant P2V-PROD
[2024-05-06 15:43:36] - [INFO] [WW/adminx449222] started check_userprofile -xkey X450696
[2024-05-06 15:43:36] - [INFO] [WW/adminx449222] on [SOMVAT502676] started [check_userprofile]
[2024-05-06 15:48:09] - [INFO] [WW/adminx449222] started check_userprofile -xkey MICHAL29
[2024-05-06 15:48:09] - [INFO] [WW/adminx449222] on [SOMVAT502676] started [check_userprofile]
[2024-05-06 17:49:35] - [INFO] [WW/adminx449222] started check_userprofile -xkey X451558
[2024-05-06 17:49:35] - [INFO] [WW/adminx449222] on [SOMVAT502676] started [check_userprofile]
[2024-05-06 17:51:43] - [INFO] [WW/adminx449222] started check_userprofile -xkey X451558
[2024-05-06 17:51:43] - [INFO] [WW/adminx449222] on [SOMVAT502676] started [check_userprofile]
[2024-05-06 17:52:00] - [INFO] [WW/adminx449222] started check_P2V_user -xkey X451558
[2024-05-06 17:52:00] - [INFO] [WW/adminx449222] on [SOMVAT502676] started [check_P2V_user]
[2024-05-06 17:52:09] - [INFO] loading userlist from tenant P2V-PROD
[2024-05-06 17:52:17] - [INFO] loading userlist from tenant P2V_PRODTEST
[2024-05-06 18:32:02] - [INFO] [WW/adminx449222] started check_userprofile -xkey X450696
[2024-05-06 18:32:02] - [INFO] [WW/adminx449222] on [SOMVAT502676] started [check_userprofile]
[2024-05-06 18:34:41] - [INFO] [WW/adminx449222] started check_userprofile -xkey X01003515
[2024-05-06 18:34:41] - [INFO] [WW/adminx449222] on [SOMVAT502676] started [check_userprofile]
[2024-05-06 18:34:57] - [INFO] [WW/adminx449222] started P2V_unlock_user -xkey X01003515
[2024-05-06 18:35:03] - [INFO] loading userlist from tenant P2V_PRODTEST
[2024-05-06 18:35:12] - [INFO] loading userlist from tenant P2V-PROD
[2024-05-06 18:35:20] - [INFO] loading userlist from tenant P2V_BENCHMARK
[2024-05-06 18:35:29] - [INFO] loading userlist from tenant P2V_DEMO
[2024-05-06 18:35:38] - [INFO] loading userlist from tenant P2V_TEST
[2024-05-06 18:35:47] - [INFO] loading userlist from tenant P2V_UPDATE
[2024-05-06 18:35:55] - [INFO] loading userlist from tenant P2V_TRAINING
[2024-05-06 18:36:19] - [INFO] [WW/adminx449222] started check_userprofile -xkey X01018903
[2024-05-06 18:36:19] - [INFO] [WW/adminx449222] on [SOMVAT502676] started [check_userprofile]
[2024-05-06 18:36:32] - [INFO] [WW/adminx449222] started P2V_unlock_user -xkey X01018903
[2024-05-06 18:36:56] - [INFO] [WW/adminx449222] started check_userprofile -xkey X01018903
[2024-05-06 18:36:56] - [INFO] [WW/adminx449222] on [SOMVAT502676] started [check_userprofile]
[2024-05-06 18:37:15] - [INFO] [WW/adminx449222] started P2V_sync_user -xkey X01018903
[2024-05-06 18:38:37] - [INFO] [WW/adminx449222] started P2V_sync_user -xkey X01018903
[2024-05-06 18:39:14] - [INFO] [WW/adminx449222] started P2V_unlock_user -xkey X01018903
[2024-05-06 18:40:26] - [INFO] [WW/adminx449222] started P2V_sync_user -xkey X01018903
[2024-05-06 18:42:14] - [INFO] [WW/adminx449222] started P2V_sync_user -xkey X01018903
[2024-05-06 19:01:02] - [INFO] [WW/adminx449222] started P2V_sync_user -xkey X01018903
[2024-05-06 19:01:07] - [INFO] loading userlist from tenant P2V_TEST
[2024-05-06 19:01:21] - [INFO] [WW/adminx449222] started P2V_sync_user -xkey X01018903
[2024-05-06 19:01:26] - [INFO] loading userlist from tenant P2V_PRODTEST
[2024-05-06 19:01:34] - [INFO] loading userlist from tenant P2V-PROD
[2024-05-06 19:01:41] - [INFO] loading userlist from tenant P2V_BENCHMARK
[2024-05-06 19:01:49] - [INFO] loading userlist from tenant P2V_DEMO
[2024-05-06 19:01:58] - [INFO] loading userlist from tenant P2V_UPDATE
[2024-05-06 19:02:06] - [INFO] loading userlist from tenant P2V_TRAINING
[2024-05-06 19:02:41] - [INFO] [WW/adminx449222] started P2V_sync_user -xkey X01003515
[2024-05-06 19:03:45] - [INFO] [WW/adminx449222] started P2V_sync_user -xkey X450696
[2024-05-06 19:04:22] - [INFO] [WW/adminx449222] started P2V_sync_user -xkey X450696
[2024-05-07 11:49:55] - [INFO] [WW/adminx449222] started P2V_sync_user -xkey X450696
[2024-05-07 11:50:04] - [INFO] loading userlist from tenant P2V_PRODTEST
[2024-05-07 11:50:12] - [INFO] loading userlist from tenant P2V-PROD
[2024-05-07 11:50:22] - [INFO] loading userlist from tenant P2V_BENCHMARK
[2024-05-07 11:56:42] - [INFO] loading userlist from tenant P2V_DEMO
[2024-05-07 11:56:55] - [INFO] loading userlist from tenant P2V_TEST
[2024-05-07 11:57:09] - [INFO] loading userlist from tenant P2V_UPDATE
[2024-05-07 11:57:17] - [INFO] loading userlist from tenant P2V_TRAINING
[2024-05-07 11:59:04] - [INFO] [WW/adminx449222] started check_userprofile -xkey MICHAL29
[2024-05-07 11:59:04] - [INFO] [WW/adminx449222] on [SOMVAT502676] started [check_userprofile]
[2024-05-07 12:32:38] - [INFO] [WW/adminx449222] started check_userprofile -xkey MICHAL29
[2024-05-07 12:32:38] - [INFO] [WW/adminx449222] on [SOMVAT502676] started [check_userprofile]
[2024-05-07 12:48:07] - [INFO] [WW/adminx449222] started check_userprofile -xkey MICHAL29
[2024-05-07 12:48:07] - [INFO] [WW/adminx449222] on [SOMVAT502676] started [check_userprofile]
[2024-05-07 12:48:55] - [INFO] [WW/adminx449222] started check_userprofile -xkey MICHAL29
[2024-05-07 12:48:55] - [INFO] [WW/adminx449222] on [SOMVAT502676] started [check_userprofile]
[2024-05-07 12:53:13] - [INFO] [WW/adminx449222] started P2V_calculate_groups_bd 
[2024-05-07 12:53:13] - [INFO] [WW/adminx449222] on [SOMVAT502676] started [P2V_calculate_groups_bd]
[2024-05-07 12:58:31] - [INFO] loading userlist from tenant P2V-PROD
[2024-05-07 13:01:31] - [INFO] [WW/adminx449222] started P2V_sync_user -xkey MICHAL29
[2024-05-07 13:01:38] - [INFO] loading userlist from tenant P2V_PRODTEST
[2024-05-07 13:02:03] - [INFO] loading userlist from tenant P2V_BENCHMARK
[2024-05-07 13:02:16] - [INFO] loading userlist from tenant P2V_DEMO
[2024-05-07 13:02:29] - [INFO] loading userlist from tenant P2V_TEST
[2024-05-07 13:02:41] - [INFO] loading userlist from tenant P2V_UPDATE
[2024-05-07 13:02:55] - [INFO] loading userlist from tenant P2V_TRAINING
[2024-05-07 17:22:08] - [INFO] [WW/adminx449222] started check_userprofile -xkey CORINA17
[2024-05-07 17:22:08] - [INFO] [WW/adminx449222] on [SOMVAT502676] started [check_userprofile]
[2024-05-07 17:22:19] - [INFO] [WW/adminx449222] started P2V_sync_user -xkey CORINA17
[2024-05-07 17:22:25] - [INFO] loading userlist from tenant P2V_PRODTEST
[2024-05-07 17:22:38] - [INFO] loading userlist from tenant P2V-PROD
[2024-05-07 17:22:51] - [INFO] loading userlist from tenant P2V_BENCHMARK
[2024-05-07 17:23:07] - [INFO] loading userlist from tenant P2V_DEMO
[2024-05-07 17:23:18] - [INFO] loading userlist from tenant P2V_TEST
[2024-05-07 17:23:34] - [INFO] loading userlist from tenant P2V_UPDATE
[2024-05-07 17:23:47] - [INFO] loading userlist from tenant P2V_TRAINING
[2024-05-07 17:24:59] - [INFO] [WW/adminx449222] started P2V_calculate_groups_bd 
[2024-05-07 17:24:59] - [INFO] [WW/adminx449222] on [SOMVAT502676] started [P2V_calculate_groups_bd]
[2024-05-07 17:29:01] - [INFO] [WW/adminx449222] started P2V_check_data_access 
[2024-05-07 17:29:01] - [INFO] [WW/adminx449222] on [SOMVAT502676] started [P2V_check_data_access]
