[2025-06-26 17:53:43] - [INFO] [WW/adminx449222] started P2V_calculate_groups_bd 
[2025-06-26 17:53:44] - [INFO] [WW/adminx449222] on [SOMVAT502676] started [P2V_calculate_groups_bd]
[2025-06-26 17:55:01] - [INFO] [PRODTEST] , [] , [06/26/2025 17:55:00] , [] 
[2025-06-26 17:55:08] - [INFO] loading userlist from tenant PRODTEST  [7.3717374 s]
[2025-06-26 18:00:08] - [INFO] [WW/adminx449222] started P2V_export_users
[2025-06-26 18:00:08] - [INFO] [WW/adminx449222] on [SOMVAT502676] started [P2V_export_users]
[2025-06-26 18:00:08] - [INFO] [\\somvat202005\PPS_share\P2V_scripts\output\dashboard\all_users.csv] deleted
[2025-06-26 18:00:08] - [INFO] [\\somvat202005\PPS_share\P2V_scripts\output\dashboard\all_groups.csv] deleted
[2025-06-26 18:00:08] - [INFO] [\\somvat202005\PPS_share\P2V_scripts\output\dashboard\all_user_groups.csv] deleted
[2025-06-26 18:00:23] - [INFO] [\\somvat202005\PPS_share\P2V_scripts\output\\P2V-PROD-groups.csv] deleted
[2025-06-26 18:00:44] - [INFO] [P2V-PROD] , [] , [06/26/2025 18:00:44] , [] 
[2025-06-26 18:00:58] - [INFO] loading userlist from tenant P2V-PROD  [14.0386669 s]
[2025-06-26 18:00:58] - [INFO] [\\somvat202005\PPS_share\P2V_scripts\output\\P2V-PROD-users.csv] deleted
[2025-06-26 18:39:24] - [INFO] [\\somvat202005\PPS_share\P2V_scripts\output\\PROD-groups.csv] deleted
[2025-06-26 18:39:47] - [INFO] [PROD] , [] , [06/26/2025 18:39:47] , [] 
[2025-06-26 18:39:54] - [INFO] loading userlist from tenant PROD  [7.5572494 s]
[2025-06-26 18:39:54] - [INFO] [\\somvat202005\PPS_share\P2V_scripts\output\\PROD-users.csv] deleted
[2025-06-30 12:59:12] - [INFO] [WW/adminx449222] started check_userprofile -xkey X01008921
[2025-06-30 12:59:12] - [INFO] [WW/adminx449222] on [SOMVAT502676] started [check_userprofile]
[2025-06-30 13:00:10] - [INFO] [WW/adminx449222] started P2V_sync_user -xkey X01008921
[2025-06-30 13:00:25] - [INFO] [PRODTEST] , [06/26/2025 17:55:00] , [06/30/2025 13:00:25] , [5465.4145081] 
[2025-06-30 13:00:35] - [INFO] loading userlist from tenant PRODTEST  [9.6480171 s]
[2025-06-30 13:00:46] - [INFO] [TEST2] , [] , [06/30/2025 13:00:46] , [] 
[2025-06-30 13:00:55] - [INFO] loading userlist from tenant TEST2  [9.0781056 s]
[2025-06-30 13:00:56] - [INFO] [TEST1] , [] , [06/30/2025 13:00:56] , [] 
[2025-06-30 13:01:05] - [INFO] loading userlist from tenant TEST1  [8.8557659 s]
[2025-06-30 13:01:06] - [INFO] [TRAINING] , [] , [06/30/2025 13:01:06] , [] 
[2025-06-30 13:01:14] - [INFO] loading userlist from tenant TRAINING  [8.0388174 s]
[2025-06-30 13:01:15] - [INFO] [UPDATE] , [] , [06/30/2025 13:01:15] , [] 
[2025-06-30 13:01:24] - [INFO] loading userlist from tenant UPDATE  [8.8919678 s]
[2025-06-30 13:01:25] - [INFO] [PROD] , [06/26/2025 18:39:47] , [06/30/2025 13:01:25] , [5421.63885923333] 
[2025-06-30 13:01:35] - [INFO] loading userlist from tenant PROD  [9.69099 s]
