[2025-06-10 09:47:23] - [INFO] [WW/adminx449222] started check_userprofile -xkey BASTIAAN2
[2025-06-10 09:47:23] - [INFO] [WW/adminx449222] on [SOMVAT502676] started [check_userprofile]
[2025-06-10 10:03:42] - [INFO] [WW/adminx449222] started P2V_deactivate_user -xkey BASTIAAN2
[2025-06-10 10:04:01] - [INFO] [TEST2] , [] , [06/10/2025 10:04:01] , [] 
[2025-06-10 10:04:01] - [INFO] loading userlist from tenant TEST2  [0.1219627 s]
[2025-06-10 10:04:02] - [INFO] [PRODTEST] , [] , [06/10/2025 10:04:02] , [] 
[2025-06-10 10:04:11] - [INFO] loading userlist from tenant PRODTEST  [8.6100965 s]
[2025-06-10 10:04:13] - [INFO] [P2V-PROD] , [] , [06/10/2025 10:04:13] , [] 
[2025-06-10 10:04:23] - [INFO] loading userlist from tenant P2V-PROD  [10.2215886 s]
[2025-06-10 10:04:25] - [INFO] [PROD] , [] , [06/10/2025 10:04:25] , [] 
[2025-06-10 10:04:33] - [INFO] loading userlist from tenant PROD  [8.4384409 s]
[2025-06-10 10:04:35] - [INFO] [TRAINING] , [] , [06/10/2025 10:04:35] , [] 
[2025-06-10 10:04:44] - [INFO] loading userlist from tenant TRAINING  [9.0303607 s]
[2025-06-10 10:04:46] - [INFO] [BASE_PROD] , [] , [06/10/2025 10:04:46] , [] 
[2025-06-10 10:04:54] - [INFO] loading userlist from tenant BASE_PROD  [7.867522 s]
[2025-06-10 10:04:55] - [INFO] [BASE_TEST] , [] , [06/10/2025 10:04:55] , [] 
[2025-06-10 10:04:55] - [INFO] loading userlist from tenant BASE_TEST  [0.0120016 s]
[2025-06-10 10:04:57] - [INFO] [P2V_TEST] , [] , [06/10/2025 10:04:57] , [] 
[2025-06-10 10:05:08] - [INFO] loading userlist from tenant P2V_TEST  [11.2222067 s]
[2025-06-10 10:05:10] - [INFO] [TEST1] , [] , [06/10/2025 10:05:10] , [] 
[2025-06-10 10:05:20] - [INFO] loading userlist from tenant TEST1  [9.4006964 s]
[2025-06-10 10:05:21] - [INFO] [P2V_DEMO] , [] , [06/10/2025 10:05:21] , [] 
[2025-06-10 10:05:33] - [INFO] loading userlist from tenant P2V_DEMO  [12.0753904 s]
[2025-06-10 13:18:29] - [INFO] [WW/adminx449222] started check_userprofile -xkey BASTIAAN2
[2025-06-10 13:18:29] - [INFO] [WW/adminx449222] on [SOMVAT502676] started [check_userprofile]
[2025-06-10 13:20:48] - [INFO] [WW/adminx449222] started P2V_deactivate_user -xkey BASTIAAN2
[2025-06-10 13:21:11] - [INFO] [TEST2] , [06/10/2025 10:04:01] , [06/10/2025 13:21:11] , [197.178307033333] 
[2025-06-10 13:21:19] - [INFO] loading userlist from tenant TEST2  [8.0267711 s]
[2025-06-10 13:21:21] - [INFO] [PRODTEST] , [06/10/2025 10:04:02] , [06/10/2025 13:21:21] , [197.312677255] 
[2025-06-10 13:21:30] - [INFO] loading userlist from tenant PRODTEST  [9.1233439 s]
[2025-06-10 13:21:32] - [INFO] [P2V-PROD] , [06/10/2025 10:04:13] , [06/10/2025 13:21:32] , [197.324774955] 
[2025-06-10 13:21:44] - [INFO] loading userlist from tenant P2V-PROD  [11.4490354 s]
[2025-06-10 13:21:44] - [INFO] [PROD] , [06/10/2025 10:04:25] , [06/10/2025 13:21:44] , [197.313341741667] 
[2025-06-10 13:21:52] - [INFO] loading userlist from tenant PROD  [7.8096488 s]
[2025-06-10 13:21:52] - [INFO] [TRAINING] , [06/10/2025 10:04:35] , [06/10/2025 13:21:52] , [197.279680381667] 
[2025-06-10 13:22:00] - [INFO] loading userlist from tenant TRAINING  [7.9233367 s]
[2025-06-10 13:22:00] - [INFO] [BASE_PROD] , [06/10/2025 10:04:46] , [06/10/2025 13:22:00] , [197.23014747] 
[2025-06-10 13:22:07] - [INFO] loading userlist from tenant BASE_PROD  [7.6846175 s]
[2025-06-10 13:22:08] - [INFO] [BASE_TEST] , [06/10/2025 10:04:55] , [06/10/2025 13:22:08] , [197.201601935] 
[2025-06-10 13:22:16] - [INFO] loading userlist from tenant BASE_TEST  [7.972332 s]
[2025-06-10 13:22:17] - [INFO] [P2V_TEST] , [06/10/2025 10:04:57] , [06/10/2025 13:22:17] , [197.33517685] 
[2025-06-10 13:22:27] - [INFO] loading userlist from tenant P2V_TEST  [10.0077011 s]
[2025-06-10 13:22:27] - [INFO] [TEST1] , [06/10/2025 10:05:10] , [06/10/2025 13:22:27] , [197.281527225] 
[2025-06-10 13:22:37] - [INFO] loading userlist from tenant TEST1  [9.9958348 s]
[2025-06-10 13:22:37] - [INFO] [BASE_UPDATE] , [] , [06/10/2025 13:22:37] , [] 
[2025-06-10 13:22:47] - [INFO] loading userlist from tenant BASE_UPDATE  [9.7476689 s]
[2025-06-10 13:22:49] - [INFO] [UPDATE] , [] , [06/10/2025 13:22:49] , [] 
[2025-06-10 13:22:59] - [INFO] loading userlist from tenant UPDATE  [10.2808782 s]
[2025-06-10 13:23:00] - [INFO] [P2V_DEMO] , [06/10/2025 10:05:21] , [06/10/2025 13:23:00] , [197.653163373333] 
[2025-06-10 13:23:10] - [INFO] loading userlist from tenant P2V_DEMO  [10.017346 s]
[2025-06-10 16:47:11] - [INFO] [WW/adminx449222] started check_userprofile -xkey BASTIAAN2
[2025-06-10 16:47:11] - [INFO] [WW/adminx449222] on [SOMVAT502676] started [check_userprofile]
[2025-06-10 16:49:12] - [INFO] [WW/adminx449222] started check_userprofile -xkey BASTIAAN2
[2025-06-10 16:49:12] - [INFO] [WW/adminx449222] on [SOMVAT502676] started [check_userprofile]
[2025-06-10 16:52:00] - [INFO] [WW/adminx449222] started check_userprofile -xkey X449222
[2025-06-10 16:52:00] - [INFO] [WW/adminx449222] on [SOMVAT502676] started [check_userprofile]
