[2024-12-18 11:54:18] - [INFO] [WW/adminx449222] started check_userprofile -xkey NORMAN5
[2024-12-18 11:54:18] - [INFO] [WW/adminx449222] on [SOMVAT502676] started [check_userprofile]
[2024-12-18 11:57:53] - [INFO] [WW/adminx449222] started P2V_lock_user -xkey NORMAN5
[2024-12-18 11:58:47] - [INFO] [P2V-PROD] , [] , [12/18/2024 11:58:47] , [] 
[2024-12-18 11:58:56] - [INFO] loading userlist from tenant P2V-PROD  [9.035874 s]
[2024-12-18 11:58:57] - [INFO] [P2V_DEMO] , [] , [12/18/2024 11:58:57] , [] 
[2024-12-18 11:59:05] - [INFO] loading userlist from tenant P2V_DEMO  [8.5330359 s]
[2024-12-18 11:59:06] - [INFO] [P2V_PRODTEST] , [] , [12/18/2024 11:59:06] , [] 
[2024-12-18 11:59:15] - [INFO] loading userlist from tenant P2V_PRODTEST  [9.1275295 s]
[2024-12-18 11:59:16] - [INFO] [P2V_TRAINING] , [] , [12/18/2024 11:59:16] , [] 
[2024-12-18 11:59:25] - [INFO] loading userlist from tenant P2V_TRAINING  [9.5302144 s]
[2024-12-18 11:59:47] - [INFO] [WW/adminx449222] started check_userprofile -xkey JENNIFER11
[2024-12-18 11:59:47] - [INFO] [WW/adminx449222] on [SOMVAT502676] started [check_userprofile]
[2024-12-18 12:00:09] - [INFO] [WW/adminx449222] started P2V_activate_user -xkey JENNIFER11
[2024-12-18 12:00:14] - [INFO] [P2V_PRODTEST] , [12/18/2024 11:59:06] , [12/18/2024 12:00:14] , [1.12892529] 
[2024-12-18 12:00:15] - [INFO] [P2V-PROD] , [12/18/2024 11:58:47] , [12/18/2024 12:00:15] , [1.46167606333333] 
[2024-12-18 12:00:15] - [INFO] [PS20_TEST1] , [] , [12/18/2024 12:00:15] , [] 
[2024-12-18 12:00:22] - [INFO] loading userlist from tenant PS20_TEST1  [6.9689281 s]
[2024-12-18 12:00:23] - [INFO] [PS20_TRAINING] , [] , [12/18/2024 12:00:23] , [] 
[2024-12-18 12:00:31] - [INFO] loading userlist from tenant PS20_TRAINING  [7.5525373 s]
[2024-12-18 12:00:32] - [INFO] [P2V_BENCHMARK] , [] , [12/18/2024 12:00:32] , [] 
[2024-12-18 12:00:32] - [INFO] loading userlist from tenant P2V_BENCHMARK  [0.0120106 s]
[2024-12-18 12:00:33] - [INFO] [P2V_DEMO] , [12/18/2024 11:58:57] , [12/18/2024 12:00:33] , [1.60901749166667] 
[2024-12-18 12:00:34] - [INFO] [TEST1] , [] , [12/18/2024 12:00:34] , [] 
[2024-12-18 12:00:41] - [INFO] loading userlist from tenant TEST1  [6.9298424 s]
[2024-12-18 12:00:42] - [INFO] [P2V_TEST] , [] , [12/18/2024 12:00:42] , [] 
[2024-12-18 12:00:51] - [INFO] loading userlist from tenant P2V_TEST  [8.9982147 s]
[2024-12-18 12:00:52] - [INFO] [PETROVR] , [] , [12/18/2024 12:00:52] , [] 
[2024-12-18 12:00:52] - [INFO] loading userlist from tenant PETROVR  [0.0110143 s]
[2024-12-18 12:00:53] - [INFO] [P2V_UPDATE] , [] , [12/18/2024 12:00:53] , [] 
[2024-12-18 12:01:03] - [INFO] loading userlist from tenant P2V_UPDATE  [9.8063584 s]
[2024-12-18 12:01:04] - [INFO] [P2V_TRAINING] , [12/18/2024 11:59:16] , [12/18/2024 12:01:04] , [1.809819075] 
[2024-12-18 12:01:22] - [INFO] [WW/adminx449222] started P2V_lock_user -xkey JENNIFER11
[2024-12-18 12:01:37] - [INFO] [P2V_BENCHMARK] , [12/18/2024 12:00:32] , [12/18/2024 12:01:37] , [1.088663045] 
[2024-12-18 12:01:39] - [INFO] [P2V-PROD] , [12/18/2024 11:58:47] , [12/18/2024 12:01:39] , [2.86058923833333] 
[2024-12-18 12:01:39] - [INFO] [P2V_DEMO] , [12/18/2024 11:58:57] , [12/18/2024 12:01:39] , [2.70670797333333] 
[2024-12-18 12:01:40] - [INFO] [P2V_PRODTEST] , [12/18/2024 11:59:06] , [12/18/2024 12:01:40] , [2.56944156] 
[2024-12-18 12:01:41] - [INFO] [P2V_TRAINING] , [12/18/2024 11:59:16] , [12/18/2024 12:01:41] , [2.42443451833333] 
[2024-12-18 15:58:35] - [INFO] [WW/adminx449222] started check_userprofile -xkey MARC27
[2024-12-18 15:58:35] - [INFO] [WW/adminx449222] on [SOMVAT502676] started [check_userprofile]
[2024-12-18 15:58:58] - [INFO] [WW/adminx449222] started check_P2V_user -xkey MARC27
[2024-12-18 15:58:58] - [INFO] [WW/adminx449222] on [SOMVAT502676] started [check_P2V_user]
[2024-12-18 15:59:02] - [INFO] [TEST1] , [12/18/2024 12:00:34] , [12/18/2024 15:59:02] , [238.470763005] 
[2024-12-18 15:59:10] - [INFO] loading userlist from tenant TEST1  [7.6485323 s]
[2024-12-18 16:07:44] - [INFO] [WW/adminx449222] started check_userprofile -xkey MARC27
[2024-12-18 16:07:44] - [INFO] [WW/adminx449222] on [SOMVAT502676] started [check_userprofile]
[2024-12-18 16:08:06] - [INFO] [WW/adminx449222] started P2V_lock_user -xkey MARC27
[2024-12-18 16:08:13] - [INFO] [P2V-PROD] , [12/18/2024 11:58:47] , [12/18/2024 16:08:13] , [249.432510295] 
[2024-12-18 16:08:21] - [INFO] loading userlist from tenant P2V-PROD  [7.7360483 s]
[2024-12-18 16:08:32] - [INFO] [WW/adminx449222] started check_P2V_user -xkey MARC27
[2024-12-18 16:08:32] - [INFO] [WW/adminx449222] on [SOMVAT502676] started [check_P2V_user]
[2024-12-18 16:08:37] - [INFO] [TEST1] , [12/18/2024 15:59:02] , [12/18/2024 16:08:37] , [9.58162224666667] 
[2024-12-18 16:08:38] - [INFO] [P2V_TEST] , [12/18/2024 12:00:42] , [12/18/2024 16:08:38] , [247.928003826667] 
[2024-12-18 16:08:46] - [INFO] loading userlist from tenant P2V_TEST  [8.4459545 s]
[2024-12-18 16:09:51] - [INFO] [WW/adminx449222] started check_userprofile -xkey MARC27
[2024-12-18 16:09:51] - [INFO] [WW/adminx449222] on [SOMVAT502676] started [check_userprofile]
