[2025-04-28 16:52:03] - [INFO] [WW/adminx449222] started check_userprofile -xkey X449890
[2025-04-28 16:52:03] - [INFO] [WW/adminx449222] on [SOMVAT502676] started [check_userprofile]
[2025-04-28 16:52:19] - [INFO] [WW/adminx449222] started P2V_deactivate_user -xkey X449890
[2025-04-28 16:52:29] - [INFO] [PROD] , [] , [04/28/2025 16:52:29] , [] 
[2025-04-28 16:52:36] - [INFO] loading userlist from tenant PROD  [6.7550343 s]
[2025-04-28 16:52:47] - [INFO] [WW/adminx449222] started check_userprofile -xkey X449890
[2025-04-28 16:52:47] - [INFO] [WW/adminx449222] on [SOMVAT502676] started [check_userprofile]
[2025-04-28 16:53:16] - [INFO] [WW/adminx449222] started P2V_deactivate_user -xkey X449890
[2025-04-28 16:53:20] - [INFO] [TRAINING] , [] , [04/28/2025 16:53:20] , [] 
[2025-04-28 16:53:26] - [INFO] loading userlist from tenant TRAINING  [6.2325695 s]
[2025-04-28 16:53:28] - [INFO] [P2V-PROD] , [] , [04/28/2025 16:53:28] , [] 
[2025-04-28 16:53:28] - [INFO] loading userlist from tenant P2V-PROD  [0.0119993 s]
[2025-04-28 16:53:32] - [INFO] [BASE_PROD] , [] , [04/28/2025 16:53:32] , [] 
[2025-04-28 16:53:32] - [INFO] loading userlist from tenant BASE_PROD  [0.007989 s]
[2025-04-28 16:53:33] - [INFO] [TEST2] , [] , [04/28/2025 16:53:33] , [] 
[2025-04-28 16:53:39] - [INFO] loading userlist from tenant TEST2  [6.3236336 s]
[2025-04-28 16:53:41] - [INFO] [P2V_TEST] , [] , [04/28/2025 16:53:41] , [] 
[2025-04-28 16:53:49] - [INFO] loading userlist from tenant P2V_TEST  [8.4308606 s]
[2025-04-28 16:53:51] - [INFO] [PRODTEST] , [] , [04/28/2025 16:53:51] , [] 
[2025-04-28 16:53:57] - [INFO] loading userlist from tenant PRODTEST  [6.3162365 s]
[2025-04-28 16:53:59] - [INFO] [P2V_PRODTEST] , [] , [04/28/2025 16:53:59] , [] 
[2025-04-28 16:53:59] - [INFO] loading userlist from tenant P2V_PRODTEST  [0.0099993 s]
[2025-04-28 16:54:02] - [INFO] [TEST1] , [] , [04/28/2025 16:54:02] , [] 
[2025-04-28 16:54:09] - [INFO] loading userlist from tenant TEST1  [6.9405133 s]
[2025-04-28 16:54:11] - [INFO] [BASE_TEST] , [] , [04/28/2025 16:54:11] , [] 
[2025-04-28 16:54:11] - [INFO] loading userlist from tenant BASE_TEST  [0.0090097 s]
[2025-04-28 16:54:12] - [INFO] [BASE_UPDATE] , [] , [04/28/2025 16:54:12] , [] 
[2025-04-28 16:54:12] - [INFO] loading userlist from tenant BASE_UPDATE  [0.011997 s]
[2025-04-28 16:54:13] - [INFO] [P2V_UPDATE] , [] , [04/28/2025 16:54:13] , [] 
[2025-04-28 16:54:22] - [INFO] loading userlist from tenant P2V_UPDATE  [8.5644507 s]
[2025-04-28 16:54:25] - [INFO] [UPDATE] , [] , [04/28/2025 16:54:25] , [] 
[2025-04-28 16:54:32] - [INFO] loading userlist from tenant UPDATE  [7.3957116 s]
[2025-04-28 16:54:35] - [INFO] [PROD] , [04/28/2025 16:52:29] , [04/28/2025 16:54:35] , [2.09692656333333] 
[2025-04-28 16:54:36] - [INFO] [P2V_TRAINING] , [] , [04/28/2025 16:54:36] , [] 
[2025-04-28 16:54:36] - [INFO] loading userlist from tenant P2V_TRAINING  [0.0089933 s]
[2025-04-28 16:54:39] - [INFO] [P2V_DEMO] , [] , [04/28/2025 16:54:39] , [] 
[2025-04-28 16:54:47] - [INFO] loading userlist from tenant P2V_DEMO  [8.1983864 s]
[2025-04-29 11:48:18] - [INFO] [WW/adminx449222] started check_userprofile -xkey X449890
[2025-04-29 11:48:18] - [INFO] [WW/adminx449222] on [SOMVAT502676] started [check_userprofile]
[2025-04-29 12:58:07] - [INFO] [WW/adminx449222] started P2V_export_users
[2025-04-29 12:58:07] - [INFO] [WW/adminx449222] on [SOMVAT502676] started [P2V_export_users]
[2025-04-29 12:58:08] - [INFO] [\\somvat202005\PPS_share\P2V_scripts\output\dashboard\all_users.csv] deleted
[2025-04-29 12:58:08] - [INFO] [\\somvat202005\PPS_share\P2V_scripts\output\dashboard\all_groups.csv] deleted
[2025-04-29 12:58:08] - [INFO] [\\somvat202005\PPS_share\P2V_scripts\output\dashboard\all_user_groups.csv] deleted
[2025-04-29 12:58:59] - [INFO] [\\somvat202005\PPS_share\P2V_scripts\output\\PROD-groups.csv] deleted
[2025-04-29 12:59:24] - [INFO] [PROD] , [04/28/2025 16:52:29] , [04/29/2025 12:59:24] , [1206.920408095] 
[2025-04-29 12:59:32] - [INFO] loading userlist from tenant PROD  [7.8076873 s]
[2025-04-29 12:59:32] - [INFO] [\\somvat202005\PPS_share\P2V_scripts\output\\PROD-users.csv] deleted
