[2024-07-23 11:05:03] - [INFO] [WW/adminx449222] started check_userprofile -xkey GEORGIA1
[2024-07-23 11:05:03] - [INFO] [WW/adminx449222] on [SOMVAT502676] started [check_userprofile]
[2024-07-23 11:23:42] - [INFO] [WW/adminx449222] started P2V_sync_user -xkey GEORGIA1
[2024-07-23 11:23:52] - [INFO] loading userlist from tenant P2V_PRODTEST
[2024-07-23 11:24:07] - [INFO] loading userlist from tenant P2V-PROD
[2024-07-23 11:24:16] - [INFO] loading userlist from tenant P2V_DEMO
[2024-07-23 11:24:27] - [INFO] loading userlist from tenant P2V_TEST
[2024-07-23 11:24:39] - [INFO] loading userlist from tenant P2V_UPDATE
[2024-07-23 11:24:53] - [INFO] loading userlist from tenant P2V_TRAINING
[2024-07-23 11:25:16] - [INFO] [WW/adminx449222] started P2V_calculate_groups_bd 
[2024-07-23 11:25:17] - [INFO] [WW/adminx449222] on [SOMVAT502676] started [P2V_calculate_groups_bd]
[2024-07-23 12:30:00] - [INFO] [P2V_PRODTEST]-[bd.base] : add Kotsiopoulou Georgia (GEORGIA1) - done
[2024-07-23 12:30:02] - [INFO] [P2V_PRODTEST]-[Z.BD.021.allow] : add Kotsiopoulou Georgia (GEORGIA1) - done
[2024-07-23 12:30:03] - [INFO] [P2V_PRODTEST]-[Z.BD.021.deny] : remove Kotsiopoulou Georgia (GEORGIA1) - done
[2024-07-23 12:30:05] - [INFO] [P2V_PRODTEST]-[Z.BD.022.deny] : remove Kotsiopoulou Georgia (GEORGIA1) - done
[2024-07-23 12:30:06] - [INFO] [P2V_PRODTEST]-[Z.BD.022.allow] : add Kotsiopoulou Georgia (GEORGIA1) - done
[2024-07-23 12:30:07] - [INFO] loading userlist from tenant P2V-PROD
[2024-07-23 12:30:38] - [INFO] [P2V-PROD]-[bd.base] : add Kotsiopoulou Georgia (GEORGIA1) - done
[2024-07-23 12:30:39] - [INFO] [P2V-PROD]-[Z.BD.021.allow] : add Kotsiopoulou Georgia (GEORGIA1) - done
[2024-07-23 12:30:40] - [INFO] [P2V-PROD]-[Z.BD.021.deny] : remove Kotsiopoulou Georgia (GEORGIA1) - done
[2024-07-23 12:30:41] - [INFO] [P2V-PROD]-[Z.BD.022.deny] : remove Kotsiopoulou Georgia (GEORGIA1) - done
[2024-07-23 12:30:41] - [INFO] [P2V-PROD]-[Z.BD.022.allow] : add Kotsiopoulou Georgia (GEORGIA1) - done
[2024-07-23 12:30:42] - [INFO] loading userlist from tenant P2V_DEMO
[2024-07-23 12:31:18] - [INFO] [P2V_DEMO]-[bd.base] : add Kotsiopoulou Georgia (GEORGIA1) - done
[2024-07-23 12:31:20] - [INFO] [P2V_DEMO]-[Z.BD.021.allow] : add Kotsiopoulou Georgia (GEORGIA1) - done
[2024-07-23 12:31:21] - [INFO] [P2V_DEMO]-[Z.BD.021.deny] : remove Kotsiopoulou Georgia (GEORGIA1) - done
[2024-07-23 12:31:23] - [INFO] [P2V_DEMO]-[Z.BD.022.deny] : remove Kotsiopoulou Georgia (GEORGIA1) - done
[2024-07-23 12:31:24] - [INFO] [P2V_DEMO]-[Z.BD.022.allow] : add Kotsiopoulou Georgia (GEORGIA1) - done
[2024-07-23 12:31:24] - [INFO] loading userlist from tenant P2V_TEST
[2024-07-23 12:31:58] - [INFO] [P2V_TEST]-[bd.base] : add Kotsiopoulou Georgia (GEORGIA1) - done
[2024-07-23 12:32:00] - [INFO] [P2V_TEST]-[Z.BD.021.allow] : add Kotsiopoulou Georgia (GEORGIA1) - done
[2024-07-23 12:32:01] - [INFO] [P2V_TEST]-[Z.BD.021.deny] : remove Kotsiopoulou Georgia (GEORGIA1) - done
[2024-07-23 12:32:03] - [INFO] [P2V_TEST]-[Z.BD.022.deny] : remove Kotsiopoulou Georgia (GEORGIA1) - done
[2024-07-23 12:32:05] - [INFO] [P2V_TEST]-[Z.BD.022.allow] : add Kotsiopoulou Georgia (GEORGIA1) - done
[2024-07-23 12:32:05] - [INFO] loading userlist from tenant P2V_UPDATE
[2024-07-23 12:32:53] - [INFO] [P2V_UPDATE]-[bd.base] : add Kotsiopoulou Georgia (GEORGIA1) - done
[2024-07-23 12:32:54] - [INFO] [P2V_UPDATE]-[Z.BD.021.allow] : add Kotsiopoulou Georgia (GEORGIA1) - done
[2024-07-23 12:32:56] - [INFO] [P2V_UPDATE]-[Z.BD.021.deny] : remove Kotsiopoulou Georgia (GEORGIA1) - done
[2024-07-23 12:32:58] - [INFO] [P2V_UPDATE]-[Z.BD.022.deny] : remove Kotsiopoulou Georgia (GEORGIA1) - done
[2024-07-23 12:32:59] - [INFO] [P2V_UPDATE]-[Z.BD.022.allow] : add Kotsiopoulou Georgia (GEORGIA1) - done
[2024-07-23 12:32:59] - [INFO] loading userlist from tenant P2V_TRAINING
[2024-07-23 12:33:37] - [INFO] [P2V_TRAINING]-[bd.base] : add Kotsiopoulou Georgia (GEORGIA1) - done
[2024-07-23 12:33:38] - [INFO] [P2V_TRAINING]-[Z.BD.021.allow] : add Kotsiopoulou Georgia (GEORGIA1) - done
[2024-07-23 12:33:40] - [INFO] [P2V_TRAINING]-[Z.BD.021.deny] : remove Kotsiopoulou Georgia (GEORGIA1) - done
[2024-07-23 12:33:41] - [INFO] [P2V_TRAINING]-[Z.BD.022.deny] : remove Kotsiopoulou Georgia (GEORGIA1) - done
[2024-07-23 12:33:42] - [INFO] [P2V_TRAINING]-[Z.BD.022.allow] : add Kotsiopoulou Georgia (GEORGIA1) - done
[2024-07-25 16:26:52] - [INFO] [WW/adminx449222] started check_userprofile -xkey X450774
[2024-07-25 16:26:53] - [INFO] [WW/adminx449222] on [SOMVAT502676] started [check_userprofile]
[2024-07-25 16:29:17] - [INFO] [WW/adminx449222] started P2V_unlock_user -xkey X450774
[2024-07-25 16:29:25] - [INFO] loading userlist from tenant P2V_PRODTEST
[2024-07-25 16:29:37] - [INFO] loading userlist from tenant P2V-PROD
[2024-07-25 16:29:46] - [INFO] loading userlist from tenant P2V_DEMO
[2024-07-25 16:29:55] - [INFO] loading userlist from tenant P2V_TEST
[2024-07-25 16:30:05] - [INFO] loading userlist from tenant P2V_UPDATE
[2024-07-25 16:30:14] - [INFO] loading userlist from tenant P2V_TRAINING
[2024-07-25 16:56:13] - [INFO] [WW/adminx449222] started P2V_calculate_groups_bd 
[2024-07-25 16:56:13] - [INFO] [WW/adminx449222] on [SOMVAT502676] started [P2V_calculate_groups_bd]
[2024-07-25 16:56:43] - [INFO] loading userlist from tenant P2V_PRODTEST
[2024-07-25 16:57:33] - [INFO] [P2V_PRODTEST]-[bd.base] : add Sonnleitner Gabriele (X450774) - done
[2024-07-25 16:57:34] - [INFO] [P2V_PRODTEST]-[Z.BD.021.allow] : add Sonnleitner Gabriele (X450774) - done
[2024-07-25 16:57:35] - [INFO] [P2V_PRODTEST]-[Z.BD.021.deny] : remove Sonnleitner Gabriele (X450774) - done
[2024-07-25 16:57:36] - [INFO] [P2V_PRODTEST]-[Z.BD.022.deny] : remove Sonnleitner Gabriele (X450774) - done
[2024-07-25 16:57:36] - [INFO] [P2V_PRODTEST]-[Z.BD.022.allow] : add Sonnleitner Gabriele (X450774) - done
[2024-07-25 16:57:36] - [INFO] loading userlist from tenant P2V-PROD
[2024-07-25 16:58:07] - [INFO] [P2V-PROD]-[bd.base] : add Sonnleitner Gabriele (X450774) - done
[2024-07-25 16:58:08] - [INFO] [P2V-PROD]-[Z.BD.021.allow] : add Sonnleitner Gabriele (X450774) - done
[2024-07-25 16:58:09] - [INFO] [P2V-PROD]-[Z.BD.021.deny] : remove Sonnleitner Gabriele (X450774) - done
[2024-07-25 16:58:10] - [INFO] [P2V-PROD]-[Z.BD.022.deny] : remove Sonnleitner Gabriele (X450774) - done
[2024-07-25 16:58:10] - [INFO] [P2V-PROD]-[Z.BD.022.allow] : add Sonnleitner Gabriele (X450774) - done
[2024-07-25 16:58:10] - [INFO] loading userlist from tenant P2V_DEMO
[2024-07-25 16:58:40] - [INFO] [P2V_DEMO]-[bd.base] : add Sonnleitner Gabriele (X450774) - done
[2024-07-25 16:58:40] - [INFO] [P2V_DEMO]-[Z.BD.021.allow] : add Sonnleitner Gabriele (X450774) - done
[2024-07-25 16:58:41] - [INFO] [P2V_DEMO]-[Z.BD.021.deny] : remove Sonnleitner Gabriele (X450774) - done
[2024-07-25 16:58:42] - [INFO] [P2V_DEMO]-[Z.BD.022.deny] : remove Sonnleitner Gabriele (X450774) - done
[2024-07-25 16:58:43] - [INFO] [P2V_DEMO]-[Z.BD.022.allow] : add Sonnleitner Gabriele (X450774) - done
[2024-07-25 16:58:43] - [INFO] loading userlist from tenant P2V_TEST
[2024-07-25 16:59:14] - [INFO] [P2V_TEST]-[bd.base] : add Sonnleitner Gabriele (X450774) - done
[2024-07-25 16:59:14] - [INFO] [P2V_TEST]-[Z.BD.021.allow] : add Sonnleitner Gabriele (X450774) - done
[2024-07-25 16:59:15] - [INFO] [P2V_TEST]-[Z.BD.021.deny] : remove Sonnleitner Gabriele (X450774) - done
[2024-07-25 16:59:16] - [INFO] [P2V_TEST]-[Z.BD.022.deny] : remove Sonnleitner Gabriele (X450774) - done
[2024-07-25 16:59:17] - [INFO] [P2V_TEST]-[Z.BD.022.allow] : add Sonnleitner Gabriele (X450774) - done
[2024-07-25 16:59:17] - [INFO] loading userlist from tenant P2V_UPDATE
[2024-07-25 16:59:59] - [INFO] [P2V_UPDATE]-[bd.base] : add Sonnleitner Gabriele (X450774) - done
[2024-07-25 17:00:01] - [INFO] [P2V_UPDATE]-[Z.BD.021.allow] : add Sonnleitner Gabriele (X450774) - done
[2024-07-25 17:00:03] - [INFO] [P2V_UPDATE]-[Z.BD.021.deny] : remove Sonnleitner Gabriele (X450774) - done
[2024-07-25 17:00:05] - [INFO] [P2V_UPDATE]-[Z.BD.022.deny] : remove Sonnleitner Gabriele (X450774) - done
[2024-07-25 17:00:06] - [INFO] [P2V_UPDATE]-[Z.BD.022.allow] : add Sonnleitner Gabriele (X450774) - done
[2024-07-25 17:00:07] - [INFO] loading userlist from tenant P2V_TRAINING
[2024-07-25 17:00:41] - [INFO] [P2V_TRAINING]-[bd.base] : add Sonnleitner Gabriele (X450774) - done
[2024-07-25 17:00:41] - [INFO] [P2V_TRAINING]-[Z.BD.021.allow] : add Sonnleitner Gabriele (X450774) - done
[2024-07-25 17:00:42] - [INFO] [P2V_TRAINING]-[Z.BD.021.deny] : remove Sonnleitner Gabriele (X450774) - done
[2024-07-25 17:00:43] - [INFO] [P2V_TRAINING]-[Z.BD.022.deny] : remove Sonnleitner Gabriele (X450774) - done
[2024-07-25 17:00:44] - [INFO] [P2V_TRAINING]-[Z.BD.022.allow] : add Sonnleitner Gabriele (X450774) - done
[2024-07-25 17:01:37] - [INFO] [WW/adminx449222] started check_userprofile -xkey X450774
[2024-07-25 17:01:37] - [INFO] [WW/adminx449222] on [SOMVAT502676] started [check_userprofile]
[2024-07-25 17:02:08] - [INFO] [WW/adminx449222] started P2V_unlock_user -xkey X450774
[2024-07-25 17:02:12] - [INFO] loading userlist from tenant P2V_BENCHMARK
[2024-07-25 17:02:24] - [INFO] loading userlist from tenant PETROVR
