[2024-10-02 09:43:03] - [INFO] [WW/adminx449222] started check_userprofile -xkey CRAIG8
[2024-10-02 09:43:03] - [INFO] [WW/adminx449222] on [SOMVAT502676] started [check_userprofile]
[2024-10-02 09:43:46] - [INFO] [WW/adminx449222] started P2V_activate_user -xkey CRAIG8
[2024-10-02 09:43:55] - [INFO] [P2V_PRODTEST] , [] , [10/02/2024 09:43:55] , [] 
[2024-10-02 09:44:03] - [INFO] loading userlist from tenant P2V_PRODTEST  [7.6052546 s]
[2024-10-02 09:44:04] - [INFO] [P2V-PROD] , [] , [10/02/2024 09:44:04] , [] 
[2024-10-02 09:44:16] - [INFO] loading userlist from tenant P2V-PROD  [11.8808959 s]
[2024-10-02 09:44:17] - [INFO] [P2V_DEMO] , [] , [10/02/2024 09:44:17] , [] 
[2024-10-02 09:44:24] - [INFO] loading userlist from tenant P2V_DEMO  [7.359407 s]
[2024-10-02 09:44:25] - [INFO] [P2V_TEST] , [] , [10/02/2024 09:44:25] , [] 
[2024-10-02 09:44:32] - [INFO] loading userlist from tenant P2V_TEST  [7.814422 s]
[2024-10-02 09:44:33] - [INFO] [P2V_UPDATE] , [] , [10/02/2024 09:44:33] , [] 
[2024-10-02 09:44:40] - [INFO] loading userlist from tenant P2V_UPDATE  [7.352647 s]
[2024-10-02 09:44:41] - [INFO] [P2V_TRAINING] , [] , [10/02/2024 09:44:41] , [] 
[2024-10-02 09:44:48] - [INFO] loading userlist from tenant P2V_TRAINING  [7.3039319 s]
[2024-10-02 09:45:01] - [INFO] [WW/adminx449222] started P2V_sync_user -xkey CRAIG8
[2024-10-02 09:45:07] - [INFO] [P2V_PRODTEST] , [10/02/2024 09:43:55] , [10/02/2024 09:45:07] , [1.19837940666667] 
[2024-10-02 09:45:18] - [INFO] [P2V-PROD] , [10/02/2024 09:44:04] , [10/02/2024 09:45:18] , [1.24351327166667] 
[2024-10-02 09:45:20] - [INFO] [P2V_DEMO] , [10/02/2024 09:44:17] , [10/02/2024 09:45:20] , [1.05605124833333] 
[2024-10-02 09:45:21] - [INFO] [P2V_TEST] , [10/02/2024 09:44:25] , [10/02/2024 09:45:21] , [0.935090043333333] 
[2024-10-02 09:45:21] - [INFO] [P2V_UPDATE] , [10/02/2024 09:44:33] , [10/02/2024 09:45:21] , [0.805102236666667] 
[2024-10-02 09:45:22] - [INFO] [P2V_TRAINING] , [10/02/2024 09:44:41] , [10/02/2024 09:45:22] , [0.68709173] 
[2024-10-02 10:01:30] - [INFO] [WW/adminx449222] started P2V_sync_user -xkey CRAIG8
[2024-10-02 10:01:43] - [INFO] [P2V_PRODTEST] , [10/02/2024 09:43:55] , [10/02/2024 10:01:43] , [17.795412715] 
[2024-10-02 10:01:51] - [INFO] loading userlist from tenant P2V_PRODTEST  [7.3847263 s]
[2024-10-02 10:21:33] - [INFO] [P2V-PROD] , [10/02/2024 09:44:04] , [10/02/2024 10:21:33] , [37.4888154783333] 
[2024-10-02 10:21:47] - [INFO] loading userlist from tenant P2V-PROD  [13.9551079 s]
[2024-10-02 10:21:48] - [INFO] [P2V_DEMO] , [10/02/2024 09:44:17] , [10/02/2024 10:21:48] , [37.5287702666667] 
[2024-10-02 10:21:56] - [INFO] loading userlist from tenant P2V_DEMO  [7.4168863 s]
[2024-10-02 10:21:56] - [INFO] [P2V_TEST] , [10/02/2024 09:44:25] , [10/02/2024 10:21:56] , [37.53162374] 
[2024-10-02 10:22:04] - [INFO] loading userlist from tenant P2V_TEST  [7.5670563 s]
[2024-10-02 10:22:05] - [INFO] [P2V_UPDATE] , [10/02/2024 09:44:33] , [10/02/2024 10:22:05] , [37.5296347666667] 
[2024-10-02 10:22:12] - [INFO] loading userlist from tenant P2V_UPDATE  [7.1913811 s]
[2024-10-02 10:22:13] - [INFO] [P2V_TRAINING] , [10/02/2024 09:44:41] , [10/02/2024 10:22:13] , [37.532089835] 
[2024-10-02 10:22:20] - [INFO] loading userlist from tenant P2V_TRAINING  [7.2928325 s]
[2024-10-02 10:53:40] - [INFO] [WW/adminx449222] started check_userprofile -xkey X01020712
[2024-10-02 10:53:40] - [INFO] [WW/adminx449222] on [SOMVAT502676] started [check_userprofile]
[2024-10-02 10:54:44] - [INFO] [WW/adminx449222] started check_userprofile -xkey X01000794
[2024-10-02 10:54:44] - [INFO] [WW/adminx449222] on [SOMVAT502676] started [check_userprofile]
[2024-10-02 10:59:14] - [INFO] [WW/adminx449222] started check_userprofile -xkey X01020712
[2024-10-02 10:59:14] - [INFO] [WW/adminx449222] on [SOMVAT502676] started [check_userprofile]
[2024-10-02 11:26:04] - [INFO] [WW/adminx449222] started check_userprofile -xkey X01020712
[2024-10-02 11:26:04] - [INFO] [WW/adminx449222] on [SOMVAT502676] started [check_userprofile]
[2024-10-02 11:26:11] - [INFO] [WW/adminx449222] started check_userprofile -xkey X01020712
[2024-10-02 11:26:11] - [INFO] [WW/adminx449222] on [SOMVAT502676] started [check_userprofile]
[2024-10-02 11:26:58] - [INFO] [WW/adminx449222] started P2V_sync_user -xkey X01020712
[2024-10-02 11:27:07] - [INFO] [WW/adminx449222] started P2V_sync_user -xkey X01020712
[2024-10-02 11:27:13] - [INFO] [P2V-PROD] , [10/02/2024 10:21:33] , [10/02/2024 11:27:13] , [65.6717189833333] 
[2024-10-02 11:27:25] - [INFO] loading userlist from tenant P2V-PROD  [11.674745 s]
[2024-10-02 11:27:29] - [INFO] [P2V_DEMO] , [10/02/2024 10:21:48] , [10/02/2024 11:27:29] , [65.68533998] 
[2024-10-02 11:27:38] - [INFO] loading userlist from tenant P2V_DEMO  [8.2735496 s]
[2024-10-02 11:27:38] - [INFO] [P2V_TEST] , [10/02/2024 10:21:56] , [10/02/2024 11:27:38] , [65.7001845733333] 
[2024-10-02 11:27:47] - [INFO] loading userlist from tenant P2V_TEST  [8.4151607 s]
[2024-10-02 11:27:48] - [INFO] [P2V_TRAINING] , [10/02/2024 10:22:13] , [10/02/2024 11:27:48] , [65.5779602216667] 
[2024-10-02 11:27:55] - [INFO] loading userlist from tenant P2V_TRAINING  [7.5145348 s]
[2024-10-02 11:27:56] - [INFO] [P2V_UPDATE] , [10/02/2024 10:22:05] , [10/02/2024 11:27:56] , [65.852070405] 
[2024-10-02 11:28:04] - [INFO] loading userlist from tenant P2V_UPDATE  [7.7955604 s]
[2024-10-02 11:35:37] - [INFO] [WW/adminx449222] started check_userprofile -xkey X01000794
[2024-10-02 11:35:37] - [INFO] [WW/adminx449222] on [SOMVAT502676] started [check_userprofile]
