[2024-06-20 08:53:27] - [INFO] [WW/adminx449222] started check_userprofile -xkey SARA27
[2024-06-20 08:53:27] - [INFO] [WW/adminx449222] on [SOMVAT502676] started [check_userprofile]
[2024-06-20 09:28:32] - [INFO] [WW/adminx449222] started P2V_sync_user -xkey SARA27
[2024-06-20 09:28:37] - [INFO] loading userlist from tenant P2V_PRODTEST
[2024-06-20 09:28:53] - [INFO] loading userlist from tenant P2V-PROD
[2024-06-20 09:29:01] - [INFO] loading userlist from tenant P2V_BENCHMARK
[2024-06-20 09:29:10] - [INFO] loading userlist from tenant P2V_DEMO
[2024-06-20 09:29:19] - [INFO] loading userlist from tenant P2V_TEST
[2024-06-20 09:29:27] - [INFO] loading userlist from tenant P2V_UPDATE
[2024-06-20 09:29:35] - [INFO] loading userlist from tenant P2V_TRAINING
[2024-06-20 09:32:14] - [INFO] [WW/adminx449222] started P2V_calculate_groups_bd 
[2024-06-20 09:32:14] - [INFO] [WW/adminx449222] on [SOMVAT502676] started [P2V_calculate_groups_bd]
[2024-06-20 09:33:51] - [INFO] [P2V_PRODTEST]-[bd.base] : add Sonnleitner Gabriele (X450774) - done
[2024-06-20 09:34:29] - [INFO] [P2V-PROD]-[Z.BD.022.deny] : remove Sonnleitner Gabriele (X450774) - done
[2024-06-20 09:34:55] - [INFO] [P2V_BENCHMARK]-[Z.BD.022.deny] : remove remove Sonnleitner Gabriele (X450774) Ponz Moreno Sara (SARA27) - done
[2024-06-20 09:34:55] - [INFO] [P2V_BENCHMARK]-[Z.BD.022.allow] : add add Sonnleitner Gabriele (X450774) Ponz Moreno Sara (SARA27) - done
[2024-06-20 09:34:56] - [INFO] [P2V_BENCHMARK]-[Z.BD.021.deny] : remove remove Sonnleitner Gabriele (X450774) Ponz Moreno Sara (SARA27) - done
[2024-06-20 09:34:57] - [INFO] [P2V_BENCHMARK]-[bd.base] : add Sonnleitner Gabriele (X450774) - done
[2024-06-20 09:34:58] - [INFO] [P2V_BENCHMARK]-[Z.BD.021.allow] : add add Sonnleitner Gabriele (X450774) Ponz Moreno Sara (SARA27) - done
[2024-06-20 09:35:47] - [INFO] [P2V_DEMO]-[Z.BD.022.deny] : remove remove Sonnleitner Gabriele (X450774) Ponz Moreno Sara (SARA27) - done
[2024-06-20 09:35:47] - [INFO] [P2V_DEMO]-[Z.BD.022.allow] : add add Sonnleitner Gabriele (X450774) Ponz Moreno Sara (SARA27) - done
[2024-06-20 09:35:48] - [INFO] [P2V_DEMO]-[Z.BD.021.deny] : remove remove Sonnleitner Gabriele (X450774) Ponz Moreno Sara (SARA27) - done
[2024-06-20 09:35:49] - [INFO] [P2V_DEMO]-[bd.base] : add Sonnleitner Gabriele (X450774) - done
[2024-06-20 09:35:50] - [INFO] [P2V_DEMO]-[Z.BD.021.allow] : add add Sonnleitner Gabriele (X450774) Ponz Moreno Sara (SARA27) - done
[2024-06-20 09:36:31] - [INFO] [P2V_TEST]-[Z.BD.022.deny] : remove remove Sonnleitner Gabriele (X450774) Ponz Moreno Sara (SARA27) - done
[2024-06-20 09:36:32] - [INFO] [P2V_TEST]-[Z.BD.022.allow] : add add Sonnleitner Gabriele (X450774) Ponz Moreno Sara (SARA27) - done
[2024-06-20 09:36:32] - [INFO] [P2V_TEST]-[Z.BD.021.deny] : remove remove Sonnleitner Gabriele (X450774) Ponz Moreno Sara (SARA27) - done
[2024-06-20 09:36:33] - [INFO] [P2V_TEST]-[bd.base] : add Sonnleitner Gabriele (X450774) - done
[2024-06-20 09:36:34] - [INFO] [P2V_TEST]-[Z.BD.021.allow] : add add Sonnleitner Gabriele (X450774) Ponz Moreno Sara (SARA27) - done
[2024-06-20 09:37:11] - [INFO] [P2V_UPDATE]-[Z.BD.022.deny] : remove remove Sonnleitner Gabriele (X450774) Ponz Moreno Sara (SARA27) - done
[2024-06-20 09:37:12] - [INFO] [P2V_UPDATE]-[Z.BD.022.allow] : add add Sonnleitner Gabriele (X450774) Ponz Moreno Sara (SARA27) - done
[2024-06-20 09:37:13] - [INFO] [P2V_UPDATE]-[Z.BD.021.deny] : remove remove Sonnleitner Gabriele (X450774) Ponz Moreno Sara (SARA27) - done
[2024-06-20 09:37:14] - [INFO] [P2V_UPDATE]-[bd.base] : add Sonnleitner Gabriele (X450774) - done
[2024-06-20 09:37:14] - [INFO] [P2V_UPDATE]-[Z.BD.021.allow] : add add Sonnleitner Gabriele (X450774) Ponz Moreno Sara (SARA27) - done
[2024-06-20 09:37:47] - [INFO] [P2V_TRAINING]-[Z.BD.022.deny] : remove remove Sonnleitner Gabriele (X450774) Ponz Moreno Sara (SARA27) - done
[2024-06-20 09:37:47] - [INFO] [P2V_TRAINING]-[Z.BD.022.allow] : add add Sonnleitner Gabriele (X450774) Ponz Moreno Sara (SARA27) - done
[2024-06-20 09:37:48] - [INFO] [P2V_TRAINING]-[Z.BD.021.deny] : remove remove Sonnleitner Gabriele (X450774) Ponz Moreno Sara (SARA27) - done
[2024-06-20 09:37:49] - [INFO] [P2V_TRAINING]-[bd.base] : add Sonnleitner Gabriele (X450774) - done
[2024-06-20 09:37:50] - [INFO] [P2V_TRAINING]-[Z.BD.021.allow] : add add Sonnleitner Gabriele (X450774) Ponz Moreno Sara (SARA27) - done
[2024-06-20 09:38:01] - [INFO] [WW/adminx449222] started P2V_calculate_groups_bd 
[2024-06-20 09:38:01] - [INFO] [WW/adminx449222] on [SOMVAT502676] started [P2V_calculate_groups_bd]
[2024-06-20 09:39:22] - [INFO] loading userlist from tenant P2V_TEST
[2024-06-20 09:39:45] - [INFO] loading userlist from tenant P2V_UPDATE
[2024-06-20 09:40:07] - [INFO] loading userlist from tenant P2V_TRAINING
[2024-06-20 09:40:59] - [INFO] [WW/adminx449222] started P2V_calculate_groups_bd 
[2024-06-20 09:41:00] - [INFO] [WW/adminx449222] on [SOMVAT502676] started [P2V_calculate_groups_bd]
[2024-06-20 09:42:11] - [INFO] loading userlist from tenant P2V_PRODTEST
[2024-06-20 09:42:59] - [INFO] [P2V_PRODTEST]-[Z.BD.022.deny] : remove remove Ponz Moreno Sara (SARA27) Sonnleitner Gabriele (X450774) - done
[2024-06-20 09:43:00] - [INFO] [P2V_PRODTEST]-[Z.BD.021.allow] : add add Ponz Moreno Sara (SARA27) Sonnleitner Gabriele (X450774) - done
[2024-06-20 09:43:01] - [INFO] [P2V_PRODTEST]-[Z.BD.021.deny] : remove remove Ponz Moreno Sara (SARA27) Sonnleitner Gabriele (X450774) - done
[2024-06-20 09:43:02] - [INFO] [P2V_PRODTEST]-[Z.BD.022.allow] : add add Ponz Moreno Sara (SARA27) Sonnleitner Gabriele (X450774) - done
[2024-06-20 09:43:02] - [INFO] loading userlist from tenant P2V-PROD
[2024-06-20 09:43:37] - [INFO] [P2V-PROD]-[Z.BD.022.deny] : remove remove Sonnleitner Gabriele (X450774) Ponz Moreno Sara (SARA27) - done
[2024-06-20 09:43:37] - [INFO] [P2V-PROD]-[Z.BD.021.allow] : add add Sonnleitner Gabriele (X450774) Ponz Moreno Sara (SARA27) - done
[2024-06-20 09:43:38] - [INFO] [P2V-PROD]-[Z.BD.021.deny] : remove remove Sonnleitner Gabriele (X450774) Ponz Moreno Sara (SARA27) - done
[2024-06-20 09:43:39] - [INFO] [P2V-PROD]-[Z.BD.022.allow] : add add Sonnleitner Gabriele (X450774) Ponz Moreno Sara (SARA27) - done
[2024-06-20 09:43:39] - [INFO] loading userlist from tenant P2V_BENCHMARK
[2024-06-20 09:45:12] - [INFO] [P2V_BENCHMARK]-[Z.BD.021.deny] : remove remove Sonnleitner Gabriele (X450774) Ponz Moreno Sara (SARA27) - done
[2024-06-20 09:45:12] - [INFO] [P2V_BENCHMARK]-[Z.BD.022.deny] : remove remove Sonnleitner Gabriele (X450774) Ponz Moreno Sara (SARA27) - done
[2024-06-20 09:45:12] - [INFO] loading userlist from tenant P2V_DEMO
[2024-06-20 09:45:43] - [INFO] [P2V_DEMO]-[Z.BD.021.deny] : remove remove Sonnleitner Gabriele (X450774) Ponz Moreno Sara (SARA27) - done
[2024-06-20 09:45:44] - [INFO] [P2V_DEMO]-[Z.BD.022.deny] : remove remove Sonnleitner Gabriele (X450774) Ponz Moreno Sara (SARA27) - done
[2024-06-20 09:45:44] - [INFO] loading userlist from tenant P2V_TEST
[2024-06-20 09:46:33] - [INFO] [P2V_TEST]-[Z.BD.021.deny] : remove remove Sonnleitner Gabriele (X450774) Ponz Moreno Sara (SARA27) - done
[2024-06-20 09:46:33] - [INFO] [P2V_TEST]-[Z.BD.022.deny] : remove remove Sonnleitner Gabriele (X450774) Ponz Moreno Sara (SARA27) - done
[2024-06-20 09:46:34] - [INFO] loading userlist from tenant P2V_UPDATE
[2024-06-20 09:47:20] - [INFO] [P2V_UPDATE]-[Z.BD.021.deny] : remove remove Sonnleitner Gabriele (X450774) Ponz Moreno Sara (SARA27) - done
[2024-06-20 09:47:21] - [INFO] [P2V_UPDATE]-[Z.BD.022.deny] : remove remove Sonnleitner Gabriele (X450774) Ponz Moreno Sara (SARA27) - done
[2024-06-20 09:47:21] - [INFO] loading userlist from tenant P2V_TRAINING
[2024-06-20 09:48:02] - [INFO] [P2V_TRAINING]-[Z.BD.021.deny] : remove remove Sonnleitner Gabriele (X450774) Ponz Moreno Sara (SARA27) - done
[2024-06-20 09:48:03] - [INFO] [P2V_TRAINING]-[Z.BD.022.deny] : remove remove Sonnleitner Gabriele (X450774) Ponz Moreno Sara (SARA27) - done
