[2024-04-18 17:58:35] - [INFO] [WW/adminx449222] started P2V_sync_user -xkey STERRE1
[2024-04-18 17:58:40] - [INFO] loading userlist from tenant P2V-PROD
[2024-04-18 17:59:03] - [INFO] loading userlist from tenant P2V_DEMO
[2024-04-18 17:59:27] - [INFO] [WW/adminx449222] started P2V_deactivate_user -xkey STERRE1
[2024-04-18 18:00:33] - [INFO] [WW/adminx449222] started P2V_calculate_groups_bd 
[2024-04-18 18:00:34] - [INFO] [WW/adminx449222] on [SOMVAT502676] started [P2V_calculate_groups_bd]
[2024-04-18 18:01:48] - [INFO] loading userlist from tenant P2V-PROD
[2024-04-18 18:04:00] - [INFO] loading userlist from tenant P2V_DEMO
[2024-04-18 18:04:55] - [INFO] loading userlist from tenant P2V_TEST
[2024-04-18 18:05:49] - [INFO] [WW/adminx449222] started P2V_check_UPNs 
[2024-04-18 18:05:54] - [INFO] loading userlist from tenant P2V-PROD
[2024-04-18 18:28:20] - [INFO] [WW/adminx449222] started check_userprofile -xkey ESTER1
[2024-04-18 18:28:20] - [INFO] [WW/adminx449222] on [SOMVAT502676] started [check_userprofile]
[2024-04-18 18:28:31] - [INFO] [WW/adminx449222] started P2V_sync_user -xkey ESTER1
[2024-04-18 18:28:37] - [INFO] loading userlist from tenant P2V-PROD
[2024-04-18 18:28:53] - [INFO] loading userlist from tenant P2V_DEMO
[2024-04-18 18:30:01] - [INFO] [WW/adminx449222] started check_userprofile -xkey ESTER1
[2024-04-18 18:30:01] - [INFO] [WW/adminx449222] on [SOMVAT502676] started [check_userprofile]
[2024-04-18 19:09:58] - [INFO] [WW/adminx449222] started P2V_calculate_groups_bd 
[2024-04-18 19:09:59] - [INFO] [WW/adminx449222] on [SOMVAT502676] started [P2V_calculate_groups_bd]
[2024-04-18 19:12:04] - [INFO] loading userlist from tenant P2V-PROD
[2024-04-18 19:12:30] - [INFO] loading userlist from tenant P2V_DEMO
[2024-04-18 19:40:39] - [INFO] [WW/adminx449222] started check_userprofile -xkey X449657
[2024-04-18 19:40:39] - [INFO] [WW/adminx449222] on [SOMVAT502676] started [check_userprofile]
[2024-04-18 20:28:24] - [INFO] [WW/adminx449222] started P2V_sync_user -xkey X449657
[2024-04-18 20:29:04] - [INFO] loading userlist from tenant P2V-PROD
[2024-04-18 20:29:34] - [INFO] loading userlist from tenant P2V_DEMO
[2024-04-18 20:38:54] - [INFO] [WW/adminx449222] started P2V_sync_user -xkey X01012371
[2024-04-18 20:40:48] - [INFO] loading userlist from tenant P2V_DEMO
[2024-04-18 20:41:05] - [INFO] [WW/adminx449222] started P2V_sync_user -xkey X01012371
[2024-04-18 20:41:10] - [INFO] loading userlist from tenant P2V-PROD
[2024-04-18 20:46:10] - [INFO] [WW/adminx449222] started check_userprofile -xkey X01008532
[2024-04-18 20:46:10] - [INFO] [WW/adminx449222] on [SOMVAT502676] started [check_userprofile]
[2024-04-18 20:47:05] - [INFO] [WW/adminx449222] started P2V_sync_user -xkey X01008532
[2024-04-18 20:47:30] - [INFO] [WW/adminx449222] started P2V_sync_user -xkey X01008532
[2024-04-18 21:02:01] - [INFO] [WW/adminx449222] started check_userprofile -xkey NINA35
[2024-04-18 21:02:01] - [INFO] [WW/adminx449222] on [SOMVAT502676] started [check_userprofile]
[2024-04-18 21:02:12] - [INFO] [WW/adminx449222] started P2V_sync_user -xkey NINA35
[2024-04-18 21:02:18] - [INFO] loading userlist from tenant P2V-PROD
[2024-04-18 21:02:29] - [INFO] loading userlist from tenant P2V_DEMO
[2024-04-18 21:02:58] - [INFO] [WW/adminx449222] started check_userprofile -xkey JAN013
[2024-04-18 21:02:58] - [INFO] [WW/adminx449222] on [SOMVAT502676] started [check_userprofile]
[2024-04-18 21:04:23] - [INFO] [WW/adminx449222] started P2V_deactivate_user -xkey JAN013
[2024-04-18 21:04:35] - [INFO] loading userlist from tenant P2V_PRODTEST
[2024-04-18 21:04:47] - [INFO] loading userlist from tenant P2V_BENCHMARK
[2024-04-18 21:04:59] - [INFO] loading userlist from tenant P2V_TEST
[2024-04-18 21:05:09] - [INFO] loading userlist from tenant P2V_UPDATE
[2024-04-18 21:05:19] - [INFO] loading userlist from tenant P2V_TRAINING
[2024-04-18 21:05:42] - [INFO] [WW/adminx449222] started check_userprofile -xkey JAN013
[2024-04-18 21:05:42] - [INFO] [WW/adminx449222] on [SOMVAT502676] started [check_userprofile]
[2024-04-18 21:06:46] - [INFO] [WW/adminx449222] started P2V_sync_user -xkey X011443
[2024-04-18 21:07:23] - [INFO] [WW/adminx449222] started check_userprofile -xkey X448724
[2024-04-18 21:07:23] - [INFO] [WW/adminx449222] on [SOMVAT502676] started [check_userprofile]
[2024-04-18 21:07:33] - [INFO] [WW/adminx449222] started P2V_sync_user -xkey X448724
[2024-04-18 21:08:35] - [INFO] [WW/adminx449222] started check_userprofile -xkey X452233
[2024-04-18 21:08:35] - [INFO] [WW/adminx449222] on [SOMVAT502676] started [check_userprofile]
[2024-04-18 21:08:44] - [INFO] [WW/adminx449222] started P2V_sync_user -xkey X452233
[2024-04-19 14:51:44] - [INFO] [WW/adminx449222] started check_userprofile -xkey X451921
[2024-04-19 14:51:44] - [INFO] [WW/adminx449222] on [SOMVAT502676] started [check_userprofile]
[2024-04-19 14:52:24] - [INFO] [WW/adminx449222] started P2V_sync_user -xkey X451921
[2024-04-19 14:52:29] - [INFO] loading userlist from tenant P2V-PROD
[2024-04-19 14:52:41] - [INFO] loading userlist from tenant P2V_DEMO
[2024-04-19 14:53:20] - [INFO] [WW/adminx449222] started P2V_deactivate_user -xkey X451921
[2024-04-19 14:58:02] - [INFO] [WW/adminx449222] started check_userprofile -xkey X451921
[2024-04-19 14:58:02] - [INFO] [WW/adminx449222] on [SOMVAT502676] started [check_userprofile]
[2024-04-19 14:59:19] - [INFO] [WW/adminx449222] started check_userprofile -xkey X451558
[2024-04-19 14:59:19] - [INFO] [WW/adminx449222] on [SOMVAT502676] started [check_userprofile]
[2024-04-19 15:04:02] - [INFO] [WW/adminx449222] started P2V_sync_user -xkey DAVID103
[2024-04-19 15:04:06] - [INFO] loading userlist from tenant P2V-PROD
[2024-04-19 15:04:30] - [INFO] loading userlist from tenant P2V_DEMO
[2024-04-19 15:05:26] - [INFO] [WW/adminx449222] started check_userprofile -xkey EIVIND1
[2024-04-19 15:05:26] - [INFO] [WW/adminx449222] on [SOMVAT502676] started [check_userprofile]
[2024-04-19 15:06:08] - [INFO] [WW/adminx449222] started check_userprofile -xkey EIVIND1
[2024-04-19 15:06:08] - [INFO] [WW/adminx449222] on [SOMVAT502676] started [check_userprofile]
[2024-04-19 15:06:16] - [INFO] [WW/adminx449222] started P2V_sync_user -xkey EIVIND1
[2024-04-19 15:07:43] - [INFO] [WW/adminx449222] started check_userprofile -xkey ANTE01
[2024-04-19 15:07:43] - [INFO] [WW/adminx449222] on [SOMVAT502676] started [check_userprofile]
[2024-04-19 15:07:55] - [INFO] [WW/adminx449222] started P2V_sync_user -xkey ANTE01
[2024-04-19 15:08:23] - [INFO] [WW/adminx449222] started check_userprofile -xkey X425728
[2024-04-19 15:08:23] - [INFO] [WW/adminx449222] on [SOMVAT502676] started [check_userprofile]
[2024-04-19 15:08:47] - [INFO] [WW/adminx449222] started P2V_sync_user -xkey X425728
[2024-04-19 15:09:21] - [INFO] [WW/adminx449222] started check_userprofile -xkey MARIA92
[2024-04-19 15:09:21] - [INFO] [WW/adminx449222] on [SOMVAT502676] started [check_userprofile]
[2024-04-19 15:09:30] - [INFO] [WW/adminx449222] started P2V_sync_user -xkey MARIA92
[2024-04-19 15:20:38] - [INFO] loading userlist from tenant P2V-PROD
[2024-04-19 15:20:52] - [INFO] loading userlist from tenant P2V_DEMO
[2024-04-19 15:21:39] - [INFO] [WW/adminx449222] started check_userprofile -xkey NEIL08
[2024-04-19 15:21:39] - [INFO] [WW/adminx449222] on [SOMVAT502676] started [check_userprofile]
[2024-04-19 15:21:53] - [INFO] [WW/adminx449222] started P2V_sync_user -xkey NEIL08
[2024-04-19 15:25:09] - [INFO] [WW/adminx449222] started check_userprofile -xkey PRISCILLA1
[2024-04-19 15:25:09] - [INFO] [WW/adminx449222] on [SOMVAT502676] started [check_userprofile]
[2024-04-19 15:26:05] - [INFO] [WW/adminx449222] started check_userprofile -xkey X01SCHGEO
[2024-04-19 15:26:05] - [INFO] [WW/adminx449222] on [SOMVAT502676] started [check_userprofile]
[2024-04-19 15:26:29] - [INFO] [WW/adminx449222] started P2V_sync_user -xkey X01SCHGEO
[2024-04-19 15:27:22] - [INFO] [WW/adminx449222] started P2V_sync_user -xkey X01SCHGEO
