[2024-07-04 11:46:51] - [INFO] [WW/adminx449222] started check_userprofile -xkey BARTLOMIEJ3
[2024-07-04 11:46:51] - [INFO] [WW/adminx449222] on [SOMVAT502676] started [check_userprofile]
[2024-07-04 11:48:23] - [INFO] [WW/adminx449222] started P2V_calculate_groups_bd 
[2024-07-04 11:48:24] - [INFO] [WW/adminx449222] on [SOMVAT502676] started [P2V_calculate_groups_bd]
[2024-07-04 11:49:44] - [INFO] loading userlist from tenant P2V_PRODTEST
[2024-07-04 11:51:13] - [INFO] [P2V_PRODTEST]-[bd.base] : add Abaza Marius-Tudor (X01026867) - done
[2024-07-04 11:51:14] - [INFO] [P2V_PRODTEST]-[Z.BD.022.deny] : remove Abaza Marius-Tudor (X01026867) - done
[2024-07-04 11:51:15] - [INFO] [P2V_PRODTEST]-[Z.BD.022.allow] : add Abaza Marius-Tudor (X01026867) - done
[2024-07-04 11:51:15] - [INFO] loading userlist from tenant P2V-PROD
[2024-07-04 11:52:04] - [INFO] [P2V-PROD]-[bd.base] : add Abaza Marius-Tudor (X01026867) - done
[2024-07-04 11:52:04] - [INFO] [P2V-PROD]-[Z.BD.022.deny] : remove Abaza Marius-Tudor (X01026867) - done
[2024-07-04 11:52:05] - [INFO] [P2V-PROD]-[Z.BD.022.allow] : add Abaza Marius-Tudor (X01026867) - done
[2024-07-04 11:52:05] - [INFO] loading userlist from tenant P2V_BENCHMARK
[2024-07-04 11:52:39] - [INFO] [P2V_BENCHMARK]-[bd.base] : add Abaza Marius-Tudor (X01026867) - done
[2024-07-04 11:52:40] - [INFO] [P2V_BENCHMARK]-[Z.BD.022.deny] : remove Abaza Marius-Tudor (X01026867) - done
[2024-07-04 11:52:41] - [INFO] [P2V_BENCHMARK]-[Z.BD.022.allow] : add Abaza Marius-Tudor (X01026867) - done
[2024-07-04 11:52:41] - [INFO] loading userlist from tenant P2V_DEMO
[2024-07-04 11:53:18] - [INFO] [P2V_DEMO]-[bd.base] : add Abaza Marius-Tudor (X01026867) - done
[2024-07-04 11:53:19] - [INFO] [P2V_DEMO]-[Z.BD.022.deny] : remove Abaza Marius-Tudor (X01026867) - done
[2024-07-04 11:53:20] - [INFO] [P2V_DEMO]-[Z.BD.022.allow] : add Abaza Marius-Tudor (X01026867) - done
[2024-07-04 11:53:20] - [INFO] loading userlist from tenant P2V_TEST
[2024-07-04 11:53:50] - [INFO] [P2V_TEST]-[bd.base] : add Abaza Marius-Tudor (X01026867) - done
[2024-07-04 11:53:51] - [INFO] [P2V_TEST]-[Z.BD.022.deny] : remove Abaza Marius-Tudor (X01026867) - done
[2024-07-04 11:53:52] - [INFO] [P2V_TEST]-[Z.BD.022.allow] : add Abaza Marius-Tudor (X01026867) - done
[2024-07-04 11:53:52] - [INFO] loading userlist from tenant P2V_UPDATE
[2024-07-04 11:54:19] - [INFO] [P2V_UPDATE]-[bd.base] : add Abaza Marius-Tudor (X01026867) - done
[2024-07-04 11:54:20] - [INFO] [P2V_UPDATE]-[Z.BD.022.deny] : remove Abaza Marius-Tudor (X01026867) - done
[2024-07-04 11:54:21] - [INFO] [P2V_UPDATE]-[Z.BD.022.allow] : add Abaza Marius-Tudor (X01026867) - done
[2024-07-04 11:54:21] - [INFO] loading userlist from tenant P2V_TRAINING
[2024-07-04 11:54:52] - [INFO] [P2V_TRAINING]-[bd.base] : add Abaza Marius-Tudor (X01026867) - done
[2024-07-04 11:54:52] - [INFO] [P2V_TRAINING]-[Z.BD.022.deny] : remove Abaza Marius-Tudor (X01026867) - done
[2024-07-04 11:54:54] - [INFO] [P2V_TRAINING]-[Z.BD.022.allow] : add Abaza Marius-Tudor (X01026867) - done
[2024-07-04 11:55:07] - [INFO] [WW/adminx449222] started P2V_sync_user -xkey X01026867
[2024-07-04 12:00:21] - [INFO] [WW/adminx449222] started P2V_sync_user -xkey FETIC1
[2024-07-04 12:00:26] - [INFO] loading userlist from tenant P2V_PRODTEST
