[2024-07-30 09:20:07] - [INFO] [WW/adminx449222] started P2V_sync_user -xkey X451690
[2024-07-30 09:20:13] - [INFO] loading userlist from tenant P2V_PRODTEST
[2024-07-30 09:22:00] - [INFO] loading userlist from tenant P2V-PROD
[2024-07-30 09:22:10] - [INFO] loading userlist from tenant P2V_BENCHMARK
[2024-07-30 09:22:19] - [INFO] loading userlist from tenant P2V_DEMO
[2024-07-30 09:22:27] - [INFO] loading userlist from tenant P2V_TEST
[2024-07-30 09:22:35] - [INFO] loading userlist from tenant P2V_UPDATE
[2024-07-30 09:23:25] - [INFO] loading userlist from tenant P2V_TRAINING
[2024-07-30 09:24:04] - [INFO] [WW/adminx449222] started P2V_sync_user -xkey X01014234
[2024-07-30 09:25:21] - [INFO] [WW/adminx449222] started P2V_sync_user -xkey PHILIPP30
[2024-07-30 09:26:09] - [INFO] [WW/adminx449222] started P2V_sync_user -xkey X450313
[2024-07-30 09:30:32] - [INFO] [WW/adminx449222] started P2V_sync_user -xkey MONIKA2
[2024-07-30 09:30:37] - [INFO] loading userlist from tenant P2V_PRODTEST
[2024-07-30 09:32:25] - [INFO] [WW/adminx449222] started P2V_sync_user -xkey X01010567
[2024-07-30 09:32:35] - [INFO] loading userlist from tenant P2V-PROD
[2024-07-30 09:32:45] - [INFO] loading userlist from tenant P2V_BENCHMARK
[2024-07-30 09:32:54] - [INFO] loading userlist from tenant P2V_DEMO
[2024-07-30 09:33:04] - [INFO] loading userlist from tenant P2V_TEST
[2024-07-30 09:33:18] - [INFO] loading userlist from tenant P2V_UPDATE
[2024-07-30 09:33:42] - [INFO] loading userlist from tenant P2V_TRAINING
[2024-07-30 09:34:30] - [INFO] [WW/adminx449222] started P2V_sync_user -xkey X01007916
[2024-07-30 09:34:50] - [INFO] [WW/adminx449222] started P2V_lock_user -xkey X01007916
[2024-07-30 09:35:23] - [INFO] [WW/adminx449222] started P2V_lock_user -xkey X01010567
[2024-07-30 09:36:21] - [INFO] [WW/adminx449222] started P2V_sync_user -xkey X451062
[2024-07-30 09:41:12] - [INFO] [WW/adminx449222] started P2V_sync_user -xkey X011450
[2024-07-30 09:42:09] - [INFO] loading userlist from tenant P2V_PRODTEST
[2024-07-30 09:43:27] - [INFO] [WW/adminx449222] started P2V_sync_user -xkey HICHEM1
[2024-07-30 09:43:34] - [INFO] loading userlist from tenant P2V-PROD
[2024-07-30 09:43:45] - [INFO] loading userlist from tenant P2V_BENCHMARK
[2024-07-30 09:43:53] - [INFO] loading userlist from tenant P2V_DEMO
[2024-07-30 09:44:06] - [INFO] loading userlist from tenant P2V_TEST
[2024-07-30 09:44:15] - [INFO] loading userlist from tenant P2V_UPDATE
[2024-07-30 09:44:31] - [INFO] loading userlist from tenant P2V_TRAINING
[2024-07-30 09:45:06] - [INFO] [WW/adminx449222] started P2V_sync_user -xkey X450133
[2024-07-30 09:48:13] - [INFO] [WW/adminx449222] started P2V_sync_user -xkey X01026454
[2024-07-30 09:49:22] - [INFO] [WW/adminx449222] started P2V_sync_user -xkey XKHALFALLAH
[2024-07-30 09:55:58] - [INFO] [WW/adminx449222] started P2V_sync_user -xkey ALBERT3
[2024-07-30 09:56:02] - [INFO] loading userlist from tenant P2V_PRODTEST
[2024-07-30 09:56:12] - [INFO] loading userlist from tenant P2V-PROD
[2024-07-30 09:56:23] - [INFO] loading userlist from tenant P2V_BENCHMARK
[2024-07-30 09:56:32] - [INFO] loading userlist from tenant P2V_DEMO
[2024-07-30 09:56:40] - [INFO] loading userlist from tenant P2V_TEST
[2024-07-30 09:56:48] - [INFO] loading userlist from tenant P2V_UPDATE
[2024-07-30 09:57:05] - [INFO] loading userlist from tenant P2V_TRAINING
[2024-07-30 09:58:18] - [INFO] [WW/adminx449222] started P2V_sync_user -xkey ABDULKHAL1
[2024-07-30 10:00:13] - [INFO] [WW/adminx449222] started P2V_sync_user -xkey X01004799
[2024-07-30 10:01:12] - [INFO] [WW/adminx449222] started P2V_sync_user -xkey X01004806
[2024-07-30 10:05:20] - [INFO] [WW/adminx449222] started P2V_sync_user -xkey X01013919
[2024-07-30 10:07:58] - [INFO] [WW/adminx449222] started P2V_sync_user -xkey X01011206
[2024-07-30 10:08:02] - [INFO] loading userlist from tenant P2V_PRODTEST
[2024-07-30 10:08:13] - [INFO] loading userlist from tenant P2V-PROD
[2024-07-30 10:08:25] - [INFO] loading userlist from tenant P2V_BENCHMARK
[2024-07-30 10:08:33] - [INFO] loading userlist from tenant P2V_DEMO
[2024-07-30 10:08:41] - [INFO] loading userlist from tenant P2V_TEST
[2024-07-30 10:08:49] - [INFO] loading userlist from tenant P2V_UPDATE
[2024-07-30 10:09:06] - [INFO] loading userlist from tenant P2V_TRAINING
[2024-07-30 10:09:22] - [INFO] [WW/adminx449222] started P2V_lock_user -xkey X01011206
[2024-07-30 10:10:58] - [INFO] [WW/adminx449222] started P2V_sync_user -xkey X01010591
[2024-07-30 10:25:26] - [INFO] [WW/adminx449222] started P2V_lock_user -xkey X01010591
[2024-07-30 10:25:31] - [INFO] loading userlist from tenant P2V_PRODTEST
[2024-07-30 10:25:39] - [INFO] loading userlist from tenant P2V-PROD
[2024-07-30 10:25:51] - [INFO] loading userlist from tenant P2V_BENCHMARK
[2024-07-30 10:25:59] - [INFO] loading userlist from tenant P2V_DEMO
[2024-07-30 10:26:07] - [INFO] loading userlist from tenant P2V_TEST
[2024-07-30 10:26:15] - [INFO] loading userlist from tenant P2V_UPDATE
[2024-07-30 10:26:23] - [INFO] loading userlist from tenant P2V_TRAINING
[2024-07-30 10:27:21] - [INFO] [WW/adminx449222] started P2V_sync_user -xkey ALEXIS2
[2024-07-30 10:28:07] - [INFO] [WW/adminx449222] started P2V_lock_user -xkey ALEXIS2
[2024-07-30 10:29:35] - [INFO] [WW/adminx449222] started P2V_sync_user -xkey ALBERT3
[2024-07-30 10:29:53] - [INFO] [WW/adminx449222] started P2V_lock_user -xkey ALBERT3
[2024-07-30 10:30:46] - [INFO] [WW/adminx449222] started P2V_sync_user -xkey X01024299
[2024-07-30 10:31:15] - [INFO] [WW/adminx449222] started P2V_lock_user -xkey X01024299
[2024-07-30 10:33:08] - [INFO] [WW/adminx449222] started P2V_sync_user -xkey ANDREW25
[2024-07-30 10:33:50] - [INFO] [WW/adminx449222] started P2V_lock_user -xkey ANDREW25
[2024-07-30 10:34:26] - [INFO] [WW/adminx449222] started check_userprofile -xkey ANDREW25
[2024-07-30 10:34:26] - [INFO] [WW/adminx449222] on [SOMVAT502676] started [check_userprofile]
[2024-07-30 10:34:48] - [INFO] [WW/adminx449222] started check_userprofile -xkey X01024299
[2024-07-30 10:34:48] - [INFO] [WW/adminx449222] on [SOMVAT502676] started [check_userprofile]
[2024-07-30 10:35:45] - [INFO] [WW/adminx449222] started P2V_sync_user -xkey X449824
[2024-07-30 10:35:51] - [INFO] loading userlist from tenant P2V_PRODTEST
[2024-07-30 10:36:05] - [INFO] loading userlist from tenant P2V-PROD
[2024-07-30 10:36:18] - [INFO] loading userlist from tenant P2V_BENCHMARK
[2024-07-30 10:36:27] - [INFO] loading userlist from tenant P2V_DEMO
[2024-07-30 10:36:35] - [INFO] loading userlist from tenant P2V_TEST
[2024-07-30 10:36:44] - [INFO] loading userlist from tenant P2V_UPDATE
[2024-07-30 10:36:51] - [INFO] loading userlist from tenant P2V_TRAINING
[2024-07-30 10:37:19] - [INFO] [WW/adminx449222] started P2V_lock_user -xkey X449824
[2024-07-30 10:37:48] - [INFO] [WW/adminx449222] started check_userprofile -xkey X01011206
[2024-07-30 10:37:48] - [INFO] [WW/adminx449222] on [SOMVAT502676] started [check_userprofile]
[2024-07-30 10:38:27] - [INFO] [WW/adminx449222] started P2V_sync_user -xkey X01015410
[2024-07-30 10:38:45] - [INFO] [WW/adminx449222] started P2V_lock_user -xkey X01015410
[2024-07-30 10:39:44] - [INFO] [WW/adminx449222] started P2V_sync_user -xkey X01025934
[2024-07-30 10:40:16] - [INFO] [WW/adminx449222] started check_userprofile -xkey X01025934
[2024-07-30 10:40:16] - [INFO] [WW/adminx449222] on [SOMVAT502676] started [check_userprofile]
[2024-07-30 10:40:31] - [INFO] [WW/adminx449222] started P2V_lock_user -xkey X01025934
[2024-07-30 10:44:39] - [INFO] [WW/adminx449222] started P2V_sync_user -xkey CHRISTOF3
[2024-07-30 10:45:00] - [INFO] [WW/adminx449222] started P2V_lock_user -xkey CHRISTOF3
[2024-07-30 10:46:25] - [INFO] [WW/adminx449222] started P2V_sync_user -xkey X01009153
[2024-07-30 10:46:29] - [INFO] loading userlist from tenant P2V_PRODTEST
[2024-07-30 10:46:49] - [INFO] loading userlist from tenant P2V-PROD
[2024-07-30 10:46:58] - [INFO] loading userlist from tenant P2V_BENCHMARK
[2024-07-30 10:47:05] - [INFO] loading userlist from tenant P2V_DEMO
[2024-07-30 10:47:14] - [INFO] loading userlist from tenant P2V_TEST
[2024-07-30 10:47:21] - [INFO] loading userlist from tenant P2V_UPDATE
[2024-07-30 10:47:37] - [INFO] loading userlist from tenant P2V_TRAINING
[2024-07-30 10:48:17] - [INFO] [WW/adminx449222] started P2V_lock_user -xkey X01009153
[2024-07-30 10:49:04] - [INFO] [WW/adminx449222] started P2V_sync_user -xkey X01013682
[2024-07-30 10:49:49] - [INFO] [WW/adminx449222] started P2V_lock_user -xkey X01013682
[2024-07-30 10:52:47] - [INFO] [WW/adminx449222] started P2V_sync_user -xkey DONIA1
[2024-07-30 10:53:33] - [INFO] [WW/adminx449222] started P2V_lock_user -xkey DONIA1
[2024-07-30 10:56:06] - [INFO] [WW/adminx449222] started P2V_sync_user -xkey GEORGETA18
[2024-07-30 10:56:37] - [INFO] [WW/adminx449222] started P2V_lock_user -xkey GEORGETA18
[2024-07-30 10:56:41] - [INFO] loading userlist from tenant P2V_PRODTEST
[2024-07-30 14:04:17] - [INFO] [WW/adminx449222] started P2V_sync_user -xkey X451861
[2024-07-30 14:04:22] - [INFO] loading userlist from tenant P2V_PRODTEST
[2024-07-30 14:05:13] - [INFO] loading userlist from tenant P2V-PROD
[2024-07-30 14:05:23] - [INFO] loading userlist from tenant P2V_BENCHMARK
[2024-07-30 14:05:32] - [INFO] loading userlist from tenant P2V_DEMO
[2024-07-30 14:05:40] - [INFO] loading userlist from tenant P2V_TEST
[2024-07-30 14:05:49] - [INFO] loading userlist from tenant P2V_UPDATE
[2024-07-30 14:06:07] - [INFO] loading userlist from tenant P2V_TRAINING
[2024-07-30 14:07:04] - [INFO] [WW/adminx449222] started P2V_sync_user -xkey HEATHER4
[2024-07-30 14:08:32] - [INFO] [WW/adminx449222] started P2V_sync_user -xkey HELENE2
[2024-07-30 14:15:22] - [INFO] [WW/adminx449222] started P2V_sync_user -xkey HANNES1
[2024-07-30 14:15:27] - [INFO] loading userlist from tenant P2V_PRODTEST
[2024-07-30 14:16:06] - [INFO] loading userlist from tenant P2V-PROD
[2024-07-30 14:16:15] - [INFO] loading userlist from tenant P2V_BENCHMARK
[2024-07-30 14:16:23] - [INFO] loading userlist from tenant P2V_DEMO
[2024-07-30 14:16:31] - [INFO] loading userlist from tenant P2V_TEST
[2024-07-30 14:16:40] - [INFO] loading userlist from tenant P2V_UPDATE
[2024-07-30 14:16:58] - [INFO] loading userlist from tenant P2V_TRAINING
[2024-07-30 14:17:15] - [INFO] [WW/adminx449222] started P2V_lock_user -xkey HANNES1
[2024-07-30 14:19:07] - [INFO] [WW/adminx449222] started P2V_sync_user -xkey X01010994
[2024-07-30 14:24:59] - [INFO] [WW/adminx449222] started P2V_lock_user -xkey X01010994
[2024-07-30 14:25:55] - [INFO] [WW/adminx449222] started P2V_sync_user -xkey IOANA28
[2024-07-30 14:26:01] - [INFO] loading userlist from tenant P2V_PRODTEST
[2024-07-30 14:26:17] - [INFO] loading userlist from tenant P2V-PROD
[2024-07-30 14:26:25] - [INFO] loading userlist from tenant P2V_BENCHMARK
[2024-07-30 14:26:37] - [INFO] loading userlist from tenant P2V_DEMO
[2024-07-30 14:26:45] - [INFO] loading userlist from tenant P2V_TEST
[2024-07-30 14:26:54] - [INFO] loading userlist from tenant P2V_UPDATE
[2024-07-30 14:27:11] - [INFO] loading userlist from tenant P2V_TRAINING
[2024-07-30 14:30:46] - [INFO] [WW/adminx449222] started P2V_lock_user -xkey IOANA28
[2024-07-30 14:32:22] - [INFO] [WW/adminx449222] started P2V_sync_user -xkey X01011196
[2024-07-30 14:33:23] - [INFO] [WW/adminx449222] started P2V_lock_user -xkey X01011196
[2024-07-30 14:35:55] - [INFO] [WW/adminx449222] started check_userprofile -xkey X01011196
[2024-07-30 14:35:55] - [INFO] [WW/adminx449222] on [SOMVAT502676] started [check_userprofile]
[2024-07-30 14:38:16] - [INFO] [WW/adminx449222] started check_userprofile -xkey X01009774
[2024-07-30 14:38:16] - [INFO] [WW/adminx449222] on [SOMVAT502676] started [check_userprofile]
[2024-07-30 14:38:29] - [INFO] [WW/adminx449222] started P2V_sync_user -xkey X01009774
[2024-07-30 14:38:34] - [INFO] loading userlist from tenant P2V_PRODTEST
[2024-07-30 14:38:47] - [INFO] loading userlist from tenant P2V-PROD
[2024-07-30 14:38:57] - [INFO] loading userlist from tenant P2V_BENCHMARK
[2024-07-30 14:39:10] - [INFO] loading userlist from tenant P2V_DEMO
[2024-07-30 14:39:23] - [INFO] loading userlist from tenant P2V_TEST
[2024-07-30 14:39:32] - [INFO] loading userlist from tenant P2V_UPDATE
[2024-07-30 14:39:50] - [INFO] loading userlist from tenant P2V_TRAINING
[2024-07-30 14:56:50] - [INFO] [WW/adminx449222] started check_userprofile -xkey X01009774
[2024-07-30 14:56:50] - [INFO] [WW/adminx449222] on [SOMVAT502676] started [check_userprofile]
[2024-07-30 14:57:04] - [INFO] [WW/adminx449222] started P2V_lock_user -xkey X01009774
[2024-07-30 14:57:08] - [INFO] loading userlist from tenant P2V_PRODTEST
[2024-07-30 14:57:16] - [INFO] loading userlist from tenant P2V-PROD
[2024-07-30 14:57:29] - [INFO] loading userlist from tenant P2V_BENCHMARK
[2024-07-30 14:57:37] - [INFO] loading userlist from tenant P2V_DEMO
[2024-07-30 14:57:46] - [INFO] loading userlist from tenant P2V_TEST
[2024-07-30 14:57:55] - [INFO] loading userlist from tenant P2V_UPDATE
[2024-07-30 14:58:40] - [INFO] loading userlist from tenant P2V_TRAINING
[2024-07-30 14:59:34] - [INFO] [WW/adminx449222] started P2V_sync_user -xkey MARTIN106
[2024-07-30 15:00:12] - [INFO] [WW/adminx449222] started P2V_lock_user -xkey MARTIN106
[2024-07-30 15:05:54] - [INFO] [WW/adminx449222] started P2V_sync_user -xkey X01007044
[2024-07-30 15:06:17] - [INFO] [WW/adminx449222] started P2V_lock_user -xkey X01007044
[2024-07-30 15:06:52] - [INFO] [WW/adminx449222] started check_userprofile -xkey X01007044
[2024-07-30 15:06:52] - [INFO] [WW/adminx449222] on [SOMVAT502676] started [check_userprofile]
[2024-07-30 16:02:19] - [INFO] [WW/adminx449222] started check_userprofile -xkey DAVID103
[2024-07-30 16:02:19] - [INFO] [WW/adminx449222] on [SOMVAT502676] started [check_userprofile]
[2024-07-30 16:02:30] - [INFO] [WW/adminx449222] started P2V_sync_user -xkey DAVID103
[2024-07-30 16:09:46] - [INFO] loading userlist from tenant P2V_PRODTEST
[2024-07-30 16:09:56] - [INFO] loading userlist from tenant P2V-PROD
[2024-07-30 16:10:07] - [INFO] loading userlist from tenant P2V_BENCHMARK
[2024-07-30 16:10:14] - [INFO] loading userlist from tenant P2V_DEMO
[2024-07-30 16:10:22] - [INFO] loading userlist from tenant P2V_TEST
[2024-07-30 16:10:29] - [INFO] loading userlist from tenant P2V_UPDATE
[2024-07-30 16:10:44] - [INFO] loading userlist from tenant P2V_TRAINING
[2024-07-30 16:11:25] - [INFO] [WW/adminx449222] started P2V_lock_user -xkey DAVID103
[2024-07-30 16:13:05] - [INFO] [WW/adminx449222] started P2V_sync_user -xkey EIVIND1
[2024-07-30 16:13:21] - [INFO] [WW/adminx449222] started P2V_lock_user -xkey EIVIND1
[2024-07-30 16:14:08] - [INFO] [WW/adminx449222] started P2V_lock_user -xkey HEATHER4
[2024-07-30 16:16:17] - [INFO] [WW/adminx449222] started P2V_lock_user -xkey HELENE2
[2024-07-30 16:18:58] - [INFO] [WW/adminx449222] started P2V_lock_user -xkey MICHAEL282
[2024-07-30 16:19:45] - [INFO] [WW/adminx449222] started check_userprofile -xkey OLIVIER3
[2024-07-30 16:19:45] - [INFO] [WW/adminx449222] on [SOMVAT502676] started [check_userprofile]
[2024-07-30 16:21:08] - [INFO] [WW/adminx449222] started P2V_sync_user -xkey PETER41
[2024-07-30 16:21:16] - [INFO] loading userlist from tenant P2V_PRODTEST
[2024-07-30 16:21:34] - [INFO] loading userlist from tenant P2V-PROD
[2024-07-30 16:21:45] - [INFO] loading userlist from tenant P2V_BENCHMARK
[2024-07-30 16:21:53] - [INFO] loading userlist from tenant P2V_DEMO
[2024-07-30 16:22:01] - [INFO] loading userlist from tenant P2V_TEST
[2024-07-30 16:22:09] - [INFO] loading userlist from tenant P2V_UPDATE
[2024-07-30 16:22:18] - [INFO] loading userlist from tenant P2V_TRAINING
[2024-07-30 16:23:29] - [INFO] [WW/adminx449222] started P2V_lock_user -xkey PETER41
[2024-07-30 16:24:09] - [INFO] [WW/adminx449222] started P2V_sync_user -xkey SOLOMON2
[2024-07-30 16:24:24] - [INFO] [WW/adminx449222] started P2V_lock_user -xkey SOLOMON2
[2024-07-30 16:27:08] - [INFO] [WW/adminx449222] started P2V_sync_user -xkey X452109
[2024-07-30 16:27:25] - [INFO] [WW/adminx449222] started P2V_lock_user -xkey X452109
[2024-07-30 16:28:25] - [INFO] [WW/adminx449222] started P2V_sync_user -xkey XHARAMHE
[2024-07-30 16:29:10] - [INFO] [WW/adminx449222] started P2V_sync_user -xkey XLINDSTST
[2024-07-30 16:30:01] - [INFO] [WW/adminx449222] started P2V_lock_user -xkey XLINDSTST
[2024-07-30 16:31:34] - [INFO] [WW/adminx449222] started P2V_sync_user -xkey FLORIAN109
[2024-07-30 16:31:38] - [INFO] loading userlist from tenant P2V_PRODTEST
[2024-07-30 16:31:47] - [INFO] loading userlist from tenant P2V-PROD
[2024-07-30 16:31:57] - [INFO] loading userlist from tenant P2V_BENCHMARK
[2024-07-30 16:32:05] - [INFO] loading userlist from tenant P2V_DEMO
[2024-07-30 16:32:13] - [INFO] loading userlist from tenant P2V_TEST
[2024-07-30 16:32:20] - [INFO] loading userlist from tenant P2V_UPDATE
[2024-07-30 16:32:28] - [INFO] loading userlist from tenant P2V_TRAINING
[2024-07-30 16:32:40] - [INFO] [WW/adminx449222] started check_userprofile -xkey FLORIAN109
[2024-07-30 16:32:40] - [INFO] [WW/adminx449222] on [SOMVAT502676] started [check_userprofile]
[2024-07-30 16:32:51] - [INFO] [WW/adminx449222] started P2V_lock_user -xkey FLORIAN109
[2024-07-31 09:25:32] - [INFO] [WW/adminx449222] started check_userprofile -xkey XASSAID
[2024-07-31 09:25:33] - [INFO] [WW/adminx449222] on [SOMVAT502676] started [check_userprofile]
