[2025-02-10 13:18:04] - [INFO] [WW/adminx449222] started check_userprofile -xkey ELENA170
[2025-02-10 13:18:04] - [INFO] [WW/adminx449222] on [SOMVAT502676] started [check_userprofile]
[2025-02-10 13:20:07] - [INFO] [WW/adminx449222] started check_userprofile -xkey X450774
[2025-02-10 13:20:07] - [INFO] [WW/adminx449222] on [SOMVAT502676] started [check_userprofile]
[2025-02-10 13:48:42] - [INFO] [WW/adminx449222] started check_userprofile -xkey X450761
[2025-02-10 13:48:42] - [INFO] [WW/adminx449222] on [SOMVAT502676] started [check_userprofile]
[2025-02-10 15:15:45] - [INFO] [WW/adminx449222] started check_userprofile -xkey X01SCHGEO
[2025-02-10 15:15:45] - [INFO] [WW/adminx449222] on [SOMVAT502676] started [check_userprofile]
[2025-02-10 15:24:54] - [INFO] [WW/adminx449222] started check_userprofile -xkey X450774
[2025-02-10 15:24:54] - [INFO] [WW/adminx449222] on [SOMVAT502676] started [check_userprofile]
[2025-02-10 15:32:35] - [INFO] [WW/adminx449222] started check_userprofile -xkey X450774
[2025-02-10 15:32:35] - [INFO] [WW/adminx449222] on [SOMVAT502676] started [check_userprofile]
[2025-02-10 16:22:16] - [INFO] [WW/adminx449222] started check_userprofile -xkey X450774
[2025-02-10 16:22:16] - [INFO] [WW/adminx449222] on [SOMVAT502676] started [check_userprofile]
[2025-02-10 16:24:46] - [INFO] [WW/adminx449222] started check_userprofile -xkey X01SCHGEO
[2025-02-10 16:24:46] - [INFO] [WW/adminx449222] on [SOMVAT502676] started [check_userprofile]
[2025-02-10 16:26:07] - [INFO] [WW/adminx449222] started check_userprofile -xkey ELENA170
[2025-02-10 16:26:07] - [INFO] [WW/adminx449222] on [SOMVAT502676] started [check_userprofile]
[2025-02-10 16:26:43] - [INFO] [WW/adminx449222] started check_userprofile -xkey X01SCHGEO
[2025-02-10 16:26:43] - [INFO] [WW/adminx449222] on [SOMVAT502676] started [check_userprofile]
[2025-02-10 17:11:28] - [INFO] [WW/adminx449222] started check_userprofile -xkey X01SCHGEO
[2025-02-10 17:11:28] - [INFO] [WW/adminx449222] on [SOMVAT502676] started [check_userprofile]
[2025-02-10 17:11:53] - [INFO] [WW/adminx449222] started P2V_calculate_groups_bd 
[2025-02-10 17:11:53] - [INFO] [WW/adminx449222] on [SOMVAT502676] started [P2V_calculate_groups_bd]
[2025-02-10 17:14:47] - [INFO] [WW/adminx449222] started P2V_calculate_groups_bd 
[2025-02-10 17:14:47] - [INFO] [WW/adminx449222] on [SOMVAT502676] started [P2V_calculate_groups_bd]
[2025-02-10 17:17:57] - [INFO] [WW/adminx449222] started P2V_calculate_groups_bd 
[2025-02-10 17:17:58] - [INFO] [WW/adminx449222] on [SOMVAT502676] started [P2V_calculate_groups_bd]
[2025-02-10 17:19:00] - [INFO] [TRAINING] , [] , [02/10/2025 17:19:00] , [] 
[2025-02-10 17:19:05] - [INFO] loading userlist from tenant TRAINING  [5.0676411 s]
[2025-02-10 17:22:30] - [INFO] [TRAINING]-[Z.BD.022.deny] : remove remove Sonnleitner Gabriele (X450774) Schumacher Georg (X01SCHGEO) - done
[2025-02-10 17:26:58] - [INFO] [TRAINING]-[Z.BD.022.allow] : add add Sonnleitner Gabriele (X450774) Schumacher Georg (X01SCHGEO) - done
[2025-02-10 17:27:00] - [INFO] [TRAINING]-[Z.BD.021.deny] : remove remove Sonnleitner Gabriele (X450774) Schumacher Georg (X01SCHGEO) - done
[2025-02-10 17:27:01] - [INFO] [TRAINING]-[bd.base] : add Sonnleitner Gabriele (X450774) - done
[2025-02-10 17:27:01] - [INFO] [TRAINING]-[Z.BD.021.allow] : add add Sonnleitner Gabriele (X450774) Schumacher Georg (X01SCHGEO) - done
[2025-02-10 17:27:01] - [INFO] [P2V_TRAINING] , [] , [02/10/2025 17:27:01] , [] 
[2025-02-10 17:27:09] - [INFO] loading userlist from tenant P2V_TRAINING  [7.7449268 s]
[2025-02-10 17:28:30] - [INFO] [P2V_TRAINING]-[Z.BD.022.deny] : remove remove Sonnleitner Gabriele (X450774) Schumacher Georg (X01SCHGEO) - done
[2025-02-10 17:28:30] - [INFO] [P2V_TRAINING]-[Z.BD.022.allow] : add add Sonnleitner Gabriele (X450774) Schumacher Georg (X01SCHGEO) - done
[2025-02-10 17:28:31] - [INFO] [P2V_TRAINING]-[Z.BD.021.deny] : remove remove Sonnleitner Gabriele (X450774) Schumacher Georg (X01SCHGEO) - done
[2025-02-10 17:28:32] - [INFO] [P2V_TRAINING]-[bd.base] : add Sonnleitner Gabriele (X450774) - done
[2025-02-10 17:28:33] - [INFO] [P2V_TRAINING]-[Z.BD.021.allow] : add add Sonnleitner Gabriele (X450774) Schumacher Georg (X01SCHGEO) - done
[2025-02-10 17:28:33] - [INFO] [TEST1] , [] , [02/10/2025 17:28:33] , [] 
[2025-02-10 17:28:38] - [INFO] loading userlist from tenant TEST1  [4.9068042 s]
[2025-02-10 17:30:00] - [INFO] [TEST1]-[Z.BD.022.deny] : remove remove Sonnleitner Gabriele (X450774) Schumacher Georg (X01SCHGEO) - done
[2025-02-10 17:30:01] - [INFO] [TEST1]-[Z.BD.022.allow] : add add Sonnleitner Gabriele (X450774) Schumacher Georg (X01SCHGEO) - done
[2025-02-10 17:30:03] - [INFO] [TEST1]-[Z.BD.021.deny] : remove remove Sonnleitner Gabriele (X450774) Schumacher Georg (X01SCHGEO) - done
[2025-02-10 17:30:04] - [INFO] [TEST1]-[bd.base] : add Sonnleitner Gabriele (X450774) - done
[2025-02-10 17:30:05] - [INFO] [TEST1]-[Z.BD.021.allow] : add add Sonnleitner Gabriele (X450774) Schumacher Georg (X01SCHGEO) - done
[2025-02-10 17:37:23] - [INFO] [WW/adminx449222] started check_userprofile -xkey X450774
[2025-02-10 17:37:23] - [INFO] [WW/adminx449222] on [SOMVAT502676] started [check_userprofile]
[2025-02-10 17:37:57] - [INFO] [WW/adminx449222] started check_P2V_user -xkey X450774
[2025-02-10 17:37:57] - [INFO] [WW/adminx449222] on [SOMVAT502676] started [check_P2V_user]
[2025-02-10 17:38:07] - [INFO] [PROD] , [] , [02/10/2025 17:38:07] , [] 
[2025-02-10 17:38:15] - [INFO] loading userlist from tenant PROD  [7.8920404 s]
[2025-02-10 17:38:16] - [INFO] [TRAINING] , [02/10/2025 17:19:00] , [02/10/2025 17:38:16] , [19.26504947] 
[2025-02-10 17:38:21] - [INFO] loading userlist from tenant TRAINING  [5.1374375 s]
[2025-02-10 17:38:22] - [INFO] [TEST1] , [02/10/2025 17:28:33] , [02/10/2025 17:38:22] , [9.82896707666667] 
[2025-02-10 17:39:15] - [INFO] [WW/adminx449222] started check_userprofile -xkey ELENA170
[2025-02-10 17:39:15] - [INFO] [WW/adminx449222] on [SOMVAT502676] started [check_userprofile]
[2025-02-10 17:39:27] - [INFO] [WW/adminx449222] started check_P2V_user -xkey ELENA170
[2025-02-10 17:39:27] - [INFO] [WW/adminx449222] on [SOMVAT502676] started [check_P2V_user]
[2025-02-10 17:39:48] - [INFO] [P2V-PROD] , [] , [02/10/2025 17:39:48] , [] 
[2025-02-10 17:39:56] - [INFO] loading userlist from tenant P2V-PROD  [7.6033262 s]
[2025-02-10 17:39:57] - [INFO] [TRAINING] , [02/10/2025 17:38:16] , [02/10/2025 17:39:57] , [1.67992282833333] 
[2025-02-10 17:39:58] - [INFO] [P2V_TEST] , [] , [02/10/2025 17:39:58] , [] 
[2025-02-10 17:40:07] - [INFO] loading userlist from tenant P2V_TEST  [9.7408508 s]
[2025-02-10 17:40:08] - [INFO] [TEST1] , [02/10/2025 17:28:33] , [02/10/2025 17:40:08] , [11.5952641283333] 
[2025-02-10 17:40:14] - [INFO] loading userlist from tenant TEST1  [5.1751704 s]
[2025-02-10 17:41:16] - [INFO] [WW/adminx449222] started check_userprofile -xkey X01SCHGEO
[2025-02-10 17:41:16] - [INFO] [WW/adminx449222] on [SOMVAT502676] started [check_userprofile]
[2025-02-10 17:41:32] - [INFO] [WW/adminx449222] started P2V_sync_user -xkey X01SCHGEO
[2025-02-10 17:41:38] - [INFO] [TRAINING] , [02/10/2025 17:38:16] , [02/10/2025 17:41:38] , [3.367909465] 
[2025-02-10 17:41:42] - [INFO] [P2V_BENCHMARK] , [] , [02/10/2025 17:41:42] , [] 
[2025-02-10 17:41:42] - [INFO] loading userlist from tenant P2V_BENCHMARK  [0.0109945 s]
[2025-02-10 17:41:42] - [INFO] [PETROVR] , [] , [02/10/2025 17:41:42] , [] 
[2025-02-10 17:41:42] - [INFO] loading userlist from tenant PETROVR  [0.0109975 s]
[2025-02-10 17:41:42] - [INFO] [BASE_PROD] , [] , [02/10/2025 17:41:42] , [] 
[2025-02-10 17:41:42] - [INFO] loading userlist from tenant BASE_PROD  [0.0079947 s]
[2025-02-10 17:41:42] - [INFO] [TEST2] , [] , [02/10/2025 17:41:42] , [] 
[2025-02-10 17:41:42] - [INFO] loading userlist from tenant TEST2  [0.0090009 s]
[2025-02-10 17:41:42] - [INFO] [P2V_TEST] , [02/10/2025 17:39:58] , [02/10/2025 17:41:42] , [1.74177254666667] 
[2025-02-10 17:41:43] - [INFO] [P2V_PRODTEST] , [] , [02/10/2025 17:41:43] , [] 
[2025-02-10 17:41:43] - [INFO] loading userlist from tenant P2V_PRODTEST  [0.0110044 s]
[2025-02-10 17:41:43] - [INFO] [TEST1] , [02/10/2025 17:40:08] , [02/10/2025 17:41:43] , [1.57850755666667] 
[2025-02-10 17:41:44] - [INFO] [P2V-PROD] , [02/10/2025 17:39:48] , [02/10/2025 17:41:44] , [1.92596498666667] 
[2025-02-10 17:41:44] - [INFO] [PS20_TEST1] , [] , [02/10/2025 17:41:44] , [] 
[2025-02-10 17:41:44] - [INFO] loading userlist from tenant PS20_TEST1  [0.0070047 s]
[2025-02-10 17:41:45] - [INFO] [BASE_TEST] , [] , [02/10/2025 17:41:45] , [] 
[2025-02-10 17:41:45] - [INFO] loading userlist from tenant BASE_TEST  [0.0039996 s]
[2025-02-10 17:41:45] - [INFO] [BASE_UPDATE] , [] , [02/10/2025 17:41:45] , [] 
[2025-02-10 17:41:45] - [INFO] loading userlist from tenant BASE_UPDATE  [0.0100129 s]
[2025-02-10 17:41:45] - [INFO] [P2V_UPDATE] , [] , [02/10/2025 17:41:45] , [] 
[2025-02-10 17:41:54] - [INFO] loading userlist from tenant P2V_UPDATE  [8.8871874 s]
[2025-02-10 17:41:55] - [INFO] [UPDATE] , [] , [02/10/2025 17:41:55] , [] 
[2025-02-10 17:42:07] - [INFO] loading userlist from tenant UPDATE  [12.0321094 s]
[2025-02-10 17:42:09] - [INFO] [PROD] , [02/10/2025 17:38:07] , [02/10/2025 17:42:09] , [4.02921752666667] 
[2025-02-10 17:42:12] - [INFO] [P2V_TRAINING] , [02/10/2025 17:27:01] , [02/10/2025 17:42:12] , [15.1706720133333] 
[2025-02-10 17:42:21] - [INFO] loading userlist from tenant P2V_TRAINING  [9.4498296 s]
[2025-02-10 17:42:22] - [INFO] [P2V_DEMO] , [] , [02/10/2025 17:42:22] , [] 
[2025-02-10 17:42:32] - [INFO] loading userlist from tenant P2V_DEMO  [9.6314007 s]
[2025-02-11 09:10:38] - [INFO] [WW/adminx449222] started P2V_calculate_groups_bd 
