[2022-06-28 14:21:53] - [INFO] [WW/adminx449222] on [SOMVAT502676] started [P2V_update_groups.ps1]
[2022-06-28 14:23:30] - [INFO] [WW/adminx449222] on [SOMVAT502676] started [P2V_update_WG_roles.ps1]
[2022-06-28 14:27:37] - [INFO] [WW/adminx449222] on [SOMVAT502676] started [P2V_update_WG_roles.ps1]
[2022-06-28 14:28:06] - [INFO] workgroup=T.ADJUST.overview.readonly,script=P2V_update_WG_roles.ps1,tenant=P2V_PRODTEST,gid=291,rid=/allowedRoles/27 /allowedRoles/28,add add,[DONE]
[2022-06-28 14:28:07] - [INFO] workgroup=systemcheck,script=P2V_update_WG_roles.ps1,tenant=P2V_PRODTEST,gid=280,rid=/allowedRoles/25,remove,[DONE]
[2022-06-28 14:28:08] - [INFO] workgroup=T.ADJUST.calc.readonly,script=P2V_update_WG_roles.ps1,tenant=P2V_PRODTEST,gid=300,rid=/allowedRoles/39,add,[DONE]
[2022-06-28 14:28:09] - [INFO] workgroup=Financials.key,script=P2V_update_WG_roles.ps1,tenant=P2V_PRODTEST,gid=30,rid=/allowedRoles/20 /allowedRoles/27 /allowedRoles/28 /allowedRoles/8,remove remove remove remove,[DONE]
[2022-06-28 14:28:09] - [INFO] workgroup=DataFlow.key,script=P2V_update_WG_roles.ps1,tenant=P2V_PRODTEST,gid=21,rid=/allowedRoles/26 /allowedRoles/27 /allowedRoles/28 /allowedRoles/44 /allowedRoles/67,remove remove remove remove remove,[DONE]
[2022-06-28 14:28:10] - [INFO] workgroup=Input.Confirm.PET,script=P2V_update_WG_roles.ps1,tenant=P2V_PRODTEST,gid=284,rid=/allowedRoles/20,add,[DONE]
[2022-06-28 14:28:10] - [INFO] workgroup=data.Kurdistan.CAPDAT,script=P2V_update_WG_roles.ps1,tenant=P2V_PRODTEST,gid=288,rid=/allowedRoles/18,add,[DONE]
[2022-06-28 14:28:11] - [INFO] workgroup=Economics.key,script=P2V_update_WG_roles.ps1,tenant=P2V_PRODTEST,gid=24,rid=/allowedRoles/27 /allowedRoles/28 /allowedRoles/39 /allowedRoles/8,remove remove remove remove,[DONE]
[2022-06-28 14:28:12] - [INFO] workgroup=DataFlow.power,script=P2V_update_WG_roles.ps1,tenant=P2V_PRODTEST,gid=22,rid=/allowedRoles/8 /allowedRoles/26,remove add,[DONE]
[2022-06-28 14:28:12] - [INFO] workgroup=P2V.admin,script=P2V_update_WG_roles.ps1,tenant=P2V_PRODTEST,gid=41,rid=/allowedRoles/1 /allowedRoles/10 /allowedRoles/15 /allowedRoles/16 /allowedRoles/17 /allowedRoles/18 /allowedRoles/19 /allowedRoles/2 /allowedRoles/20 /allowedRoles/21 /allowedRoles/22 /allowedRoles/23 /allowedRoles/24 /allowedRoles/25 /allowedRoles/26 /allowedRoles/27 /allowedRoles/28 /allowedRoles/29 /allowedRoles/3 /allowedRoles/30 /allowedRoles/31 /allowedRoles/32 /allowedRoles/34 /allowedRoles/35 /allowedRoles/36 /allowedRoles/38 /allowedRoles/39 /allowedRoles/4 /allowedRoles/40 /allowedRoles/41 /allowedRoles/42 /allowedRoles/43 /allowedRoles/44 /allowedRoles/45 /allowedRoles/5 /allowedRoles/6 /allowedRoles/66 /allowedRoles/67 /allowedRoles/68 /allowedRoles/69 /allowedRoles/7 /allowedRoles/70 /allowedRoles/71 /allowedRoles/8 /allowedRoles/9,remove remove remove remove remove remove remove remove remove remove remove remove remove remove remove remove remove remove remove remove remove remove remove remove remove remove remove remove remove remove remove remove remove remove remove remove remove remove remove remove remove remove remove remove remove,[DONE]
[2022-06-28 14:28:13] - [INFO] workgroup=data.Mexico.CAPDAT,script=P2V_update_WG_roles.ps1,tenant=P2V_PRODTEST,gid=290,rid=/allowedRoles/30 /allowedRoles/25 /allowedRoles/33,add add add,[DONE]
[2022-06-28 14:28:13] - [INFO] workgroup=Portfolio.base,script=P2V_update_WG_roles.ps1,tenant=P2V_PRODTEST,gid=25,rid=/allowedRoles/20 /allowedRoles/8,remove remove,[DONE]
[2022-06-28 14:28:14] - [INFO] workgroup=Economics.power,script=P2V_update_WG_roles.ps1,tenant=P2V_PRODTEST,gid=23,rid=/allowedRoles/10,remove,[DONE]
[2022-06-28 14:28:14] - [INFO] workgroup=A07.profile.Projectmanager.PET,script=P2V_update_WG_roles.ps1,tenant=P2V_PRODTEST,gid=283,rid=/allowedRoles/8,add,[DONE]
[2022-06-28 14:29:27] - [INFO] [WW/adminx449222] on [SOMVAT502676] started [P2V_update_WG_roles.ps1]
[2022-06-28 14:30:05] - [INFO] workgroup=T.ADJUST.overview.readonly,script=P2V_update_WG_roles.ps1,tenant=P2V_PRODTEST,gid=291,rid=/allowedRoles/27 /allowedRoles/28 /allowedRoles/27 /allowedRoles/28,remove remove add add,[DONE]
[2022-06-28 14:30:06] - [INFO] workgroup=data.Mexico.CAPDAT,script=P2V_update_WG_roles.ps1,tenant=P2V_PRODTEST,gid=290,rid=/allowedRoles/25 /allowedRoles/30 /allowedRoles/33 /allowedRoles/30 /allowedRoles/25 /allowedRoles/33,remove remove remove add add add,[DONE]
[2022-06-28 14:30:06] - [INFO] workgroup=Input.Confirm.PET,script=P2V_update_WG_roles.ps1,tenant=P2V_PRODTEST,gid=284,rid=/allowedRoles/20 /allowedRoles/20,add remove,[DONE]
[2022-06-28 14:30:07] - [INFO] workgroup=T.ADJUST.calc.readonly,script=P2V_update_WG_roles.ps1,tenant=P2V_PRODTEST,gid=300,rid=/allowedRoles/39 /allowedRoles/39,remove add,[DONE]
[2022-06-28 14:30:07] - [INFO] workgroup=data.Kurdistan.CAPDAT,script=P2V_update_WG_roles.ps1,tenant=P2V_PRODTEST,gid=288,rid=/allowedRoles/18 /allowedRoles/18,remove add,[DONE]
[2022-06-28 14:30:08] - [INFO] workgroup=A07.profile.Projectmanager.PET,script=P2V_update_WG_roles.ps1,tenant=P2V_PRODTEST,gid=283,rid=/allowedRoles/8 /allowedRoles/8,add remove,[DONE]
[2022-06-29 13:39:23] - [INFO] directory  created
[2022-06-29 13:39:23] - [INFO] [WW/adminx449222] on [SOMVAT502676] started [P2V_super_sync]
[2022-06-29 13:39:23] - [INFO] [WW/adminx449222] on [SOMVAT502676] started [P2V_super_sync]
[2022-06-29 13:39:23] - [INFO] [WW/adminx449222] on [SOMVAT502676] started [P2V_super_sync]
