[2023-06-07 08:28:51] - [INFO] [WW/adminx449222] on [SOMVAT502676] started [P2V_calculate_groups_bd]
[2023-06-07 09:57:05] - [INFO] [WW/adminx449222] on [SOMVAT502676] started [check_userprofile]
[2023-06-07 09:57:31] - [INFO] [WW/adminx449222] on [SOMVAT502676] started [check_userprofile]
[2023-06-07 10:07:06] - [INFO] [WW/adminx449222] on [SOMVAT502676] started [P2V_super_sync-SEC2.ps1]
[2023-06-07 10:08:05] - [INFO] user=WW/adminx449222,script=P2V_super_sync-SEC2.ps1,tenant=P2V-PROD,uid=678/Kinga.Dobany@omv.com,gid=/userworkgroups/80 /userworkgroups/334 /userworkgroups/53 /userworkgroups/292 /userworkgroups/52 /userworkgroups/79 /userworkgroups/21 /userworkgroups/65 /userworkgroups/157 /userworkgroups/48 /userworkgroups/88,remove remove remove add add add add add add add add,[DONE]
[2023-06-07 10:50:42] - [INFO] [WW/adminx449222] on [SOMVAT502676] started [P2V_super_sync-SEC2.ps1]
[2023-06-07 10:53:41] - [INFO] user=WW/adminx449222,script=P2V_super_sync-SEC2.ps1,tenant=P2V-PROD,uid=38/Martin.Hubbig@omv.com,gid=/userworkgroups/142 /userworkgroups/131 /userworkgroups/59 /userworkgroups/58 /userworkgroups/309 /userworkgroups/121 /userworkgroups/175 /userworkgroups/314 /userworkgroups/32 /userworkgroups/105 /userworkgroups/25 /userworkgroups/109,remove remove remove add add add add add add add add add,[DONE]
[2023-06-07 10:53:55] - [INFO] user=WW/adminx449222,script=P2V_super_sync-SEC2.ps1,tenant=P2V_TEST,uid=38/Martin.Hubbig@omv.com,gid=/userworkgroups/142 /userworkgroups/131 /userworkgroups/59 /userworkgroups/58 /userworkgroups/309 /userworkgroups/121 /userworkgroups/175 /userworkgroups/314 /userworkgroups/32 /userworkgroups/105 /userworkgroups/25 /userworkgroups/339 /userworkgroups/349 /userworkgroups/394 /userworkgroups/389 /userworkgroups/385 /userworkgroups/391 /userworkgroups/387 /userworkgroups/380 /userworkgroups/388 /userworkgroups/381 /userworkgroups/376 /userworkgroups/395 /userworkgroups/109,remove remove remove add add add add add add add add add add add add add add add add add add add add add,[DONE]
[2023-06-07 10:54:07] - [INFO] user=WW/adminx449222,script=P2V_super_sync-SEC2.ps1,tenant=P2V_TRAINING,uid=38/Martin.Hubbig@omv.com,gid=/userworkgroups/142 /userworkgroups/131 /userworkgroups/59 /userworkgroups/58 /userworkgroups/309 /userworkgroups/121 /userworkgroups/175 /userworkgroups/314 /userworkgroups/32 /userworkgroups/105 /userworkgroups/25 /userworkgroups/349 /userworkgroups/392 /userworkgroups/387 /userworkgroups/383 /userworkgroups/389 /userworkgroups/385 /userworkgroups/378 /userworkgroups/386 /userworkgroups/379 /userworkgroups/374 /userworkgroups/393 /userworkgroups/109,remove remove remove add add add add add add add add add add add add add add add add add add add add,[DONE]
[2023-06-07 12:27:19] - [INFO] [WW/adminx449222] on [SOMVAT502676] started [check_userprofile]
[2023-06-07 12:28:28] - [INFO] [WW/adminx449222] on [SOMVAT502676] started [check_userprofile]
[2023-06-07 12:29:15] - [INFO] [WW/adminx449222] on [SOMVAT502676] started [check_userprofile]
[2023-06-07 12:30:55] - [INFO] [WW/adminx449222] on [SOMVAT502676] started [check_userprofile]
[2023-06-07 12:31:20] - [INFO] [WW/adminx449222] on [SOMVAT502676] started [check_userprofile]
[2023-06-07 12:32:14] - [INFO] [WW/adminx449222] on [SOMVAT502676] started [check_userprofile]
[2023-06-07 12:32:52] - [INFO] [WW/adminx449222] on [SOMVAT502676] started [check_userprofile]
[2023-06-07 12:34:07] - [INFO] [WW/adminx449222] on [SOMVAT502676] started [check_userprofile]
[2023-06-07 12:38:28] - [INFO] [WW/adminx449222] on [SOMVAT502676] started [check_userprofile]
[2023-06-07 14:21:20] - [INFO] [WW/adminx449222] on [SOMVAT502676] started [check_userprofile]
[2023-06-07 14:22:56] - [INFO] [WW/adminx449222] on [SOMVAT502676] started [P2V_super_sync]
[2023-06-07 14:29:19] - [INFO] [WW/adminx449222] on [SOMVAT502676] started [check_userprofile]
[2023-06-07 14:30:45] - [INFO] [WW/adminx449222] on [SOMVAT502676] started [check_userprofile]
[2023-06-07 14:30:52] - [INFO] [WW/adminx449222] on [SOMVAT502676] started [P2V_super_sync]
[2023-06-07 14:33:59] - [INFO] [WW/adminx449222] on [SOMVAT502676] started [check_userprofile]
[2023-06-07 14:34:10] - [INFO] [WW/adminx449222] on [SOMVAT502676] started [P2V_super_sync]
[2023-06-07 14:35:32] - [INFO] [WW/adminx449222] on [SOMVAT502676] started [check_userprofile]
[2023-06-07 14:46:28] - [INFO] [WW/adminx449222] on [SOMVAT502676] started [P2V_super_sync-SEC2.ps1]
