[2022-07-13 16:08:32] - [INFO] [WW/adminx449222] on [SOMVAT502676] started [P2V_lock_inactive_users.ps1]
[2022-07-13 16:16:13] - [INFO] [WW/adminx449222] on [SOMVAT502676] started [P2V_lock_inactive_users.ps1]
[2022-07-13 16:16:30] - [INFO] user=,script=P2V_lock_inactive_users.ps1,tenant=P2V_BENCHMARK,uid=434/MOHAMAD6@ww.omv.com/Abdullah Mohamad Fairosenyzam (MOHAMAD6) deactivated as user never logged in, [FAIL]
[2022-07-13 16:16:30] - [INFO] user=,script=P2V_lock_inactive_users.ps1,tenant=P2V_BENCHMARK,uid=595/Bernd.Apelt@omv.com/Apelt Bernd (X449766) deactivated as user never logged in, [FAIL]
[2022-07-13 16:16:31] - [INFO] user=,script=P2V_lock_inactive_users.ps1,tenant=P2V_BENCHMARK,uid=375/VijeshkumarShriram.Bagdi@omv.com/Bagdi Vijeshkumar Shriram (VIJESHKUMAR1) deactivated as user never logged in, [FAIL]
[2022-07-13 16:16:32] - [INFO] user=,script=P2V_lock_inactive_users.ps1,tenant=P2V_BENCHMARK,uid=514/Chahine.Bahri@omv.com/Bahri Chahine (CHAHINE1) deactivated as user never logged in, [FAIL]
[2022-07-13 16:16:33] - [INFO] user=,script=P2V_lock_inactive_users.ps1,tenant=P2V_BENCHMARK,uid=417/Heather.Baily@omv.com/Baily Heather (HEATHER4) deactivated as user never logged in, [FAIL]
[2022-07-13 16:16:33] - [INFO] user=,script=P2V_lock_inactive_users.ps1,tenant=P2V_BENCHMARK,uid=577/Loredana_Elena.Barbu@petrom.com/Barbu Elena-Loredana (X01022270) deactivated as user never logged in, [FAIL]
[2022-07-13 16:16:34] - [INFO] user=,script=P2V_lock_inactive_users.ps1,tenant=P2V_BENCHMARK,uid=596/Andreas.Beidinger@omv.com/Beidinger Andreas (ANDREAS11) deactivated as user never logged in, [FAIL]
[2022-07-13 16:17:00] - [INFO] [WW/adminx449222] on [SOMVAT502676] started [P2V_lock_inactive_users.ps1]
[2022-07-13 16:17:16] - [INFO] user=,script=P2V_lock_inactive_users.ps1,tenant=P2V_BENCHMARK,uid=434/MOHAMAD6@ww.omv.com/Abdullah Mohamad Fairosenyzam (MOHAMAD6) deactivated as user never logged in, [DONE]
[2022-07-13 16:17:17] - [INFO] user=,script=P2V_lock_inactive_users.ps1,tenant=P2V_BENCHMARK,uid=595/Bernd.Apelt@omv.com/Apelt Bernd (X449766) deactivated as user never logged in, [DONE]
[2022-07-13 16:17:18] - [INFO] user=,script=P2V_lock_inactive_users.ps1,tenant=P2V_BENCHMARK,uid=375/VijeshkumarShriram.Bagdi@omv.com/Bagdi Vijeshkumar Shriram (VIJESHKUMAR1) deactivated as user never logged in, [DONE]
[2022-07-13 16:17:18] - [INFO] user=,script=P2V_lock_inactive_users.ps1,tenant=P2V_BENCHMARK,uid=514/Chahine.Bahri@omv.com/Bahri Chahine (CHAHINE1) deactivated as user never logged in, [DONE]
[2022-07-13 16:17:19] - [INFO] user=,script=P2V_lock_inactive_users.ps1,tenant=P2V_BENCHMARK,uid=417/Heather.Baily@omv.com/Baily Heather (HEATHER4) deactivated as user never logged in, [DONE]
[2022-07-13 16:17:21] - [INFO] user=,script=P2V_lock_inactive_users.ps1,tenant=P2V_BENCHMARK,uid=577/Loredana_Elena.Barbu@petrom.com/Barbu Elena-Loredana (X01022270) deactivated as user never logged in, [DONE]
[2022-07-13 16:17:23] - [INFO] user=,script=P2V_lock_inactive_users.ps1,tenant=P2V_BENCHMARK,uid=596/Andreas.Beidinger@omv.com/Beidinger Andreas (ANDREAS11) deactivated as user never logged in, [DONE]
[2022-07-13 16:17:24] - [INFO] user=,script=P2V_lock_inactive_users.ps1,tenant=P2V_BENCHMARK,uid=57/Karl.Berghofer@omv.com/Berghofer Karl (XBERGHOKA) deactivated as user never logged in, [DONE]
[2022-07-13 16:17:25] - [INFO] user=,script=P2V_lock_inactive_users.ps1,tenant=P2V_BENCHMARK,uid=171/Georg.Bichler@omv.com/Bichler Georg (X431197) deactivated as user never logged in, [DONE]
[2022-07-13 16:17:26] - [INFO] user=,script=P2V_lock_inactive_users.ps1,tenant=P2V_BENCHMARK,uid=536/sigbjorn.birkenes@omv.com/Birkenes Sigbjørn (SIGBJOERN1) deactivated as user never logged in, [DONE]
[2022-07-13 16:17:27] - [INFO] user=,script=P2V_lock_inactive_users.ps1,tenant=P2V_BENCHMARK,uid=437/Trond.Boe@omv.com/Bøe Trond (TROND1) deactivated as user never logged in, [DONE]
[2022-07-13 16:17:28] - [INFO] user=,script=P2V_lock_inactive_users.ps1,tenant=P2V_BENCHMARK,uid=541/Catalina.Bonifate@petrom.com/Bonifate Catalina (X01016753) deactivated as user never logged in, [DONE]
[2022-07-13 16:17:29] - [INFO] user=,script=P2V_lock_inactive_users.ps1,tenant=P2V_BENCHMARK,uid=665/Aymen.Bouziani@external.omv.com/Bouziani Aymen (XBOUZIAAY) deactivated as user never logged in, [DONE]
[2022-07-13 16:17:31] - [INFO] user=,script=P2V_lock_inactive_users.ps1,tenant=P2V_BENCHMARK,uid=216/ChristopherNoel.Britton@omv.com/Britton Christopher Noel (CHRIS29) deactivated as user never logged in, [DONE]
[2022-07-13 16:17:32] - [INFO] user=,script=P2V_lock_inactive_users.ps1,tenant=P2V_BENCHMARK,uid=449/Hamish.Brown@omv.com/Brown Hamish (HAMISH1) deactivated as user never logged in, [DONE]
[2022-07-13 16:17:34] - [INFO] user=,script=P2V_lock_inactive_users.ps1,tenant=P2V_BENCHMARK,uid=535/Neil.Burge@omv.com/Burge Neil (NEIL13) deactivated as user never logged in, [DONE]
[2022-07-13 16:17:35] - [INFO] user=,script=P2V_lock_inactive_users.ps1,tenant=P2V_BENCHMARK,uid=371/Bryce.Campbell@omv.com/Campbell Bryce (BRYCE1) deactivated as user never logged in, [DONE]
[2022-07-13 16:17:37] - [INFO] user=,script=P2V_lock_inactive_users.ps1,tenant=P2V_BENCHMARK,uid=366/Francis.Chevalier@omv.com/Chevalier Francis (FRANCIS3) deactivated as user never logged in, [DONE]
[2022-07-13 16:17:38] - [INFO] user=,script=P2V_lock_inactive_users.ps1,tenant=P2V_BENCHMARK,uid=344/Anda-Mihaela.Cirlan@petrom.com/Cirlan Anda-Mihaela (X01000658) deactivated as user never logged in, [DONE]
[2022-07-13 16:17:41] - [INFO] user=,script=P2V_lock_inactive_users.ps1,tenant=P2V_BENCHMARK,uid=490/Helene.Daae@omv.com/Daae Helene Virkesdal (HELENE2) deactivated as user never logged in, [DONE]
[2022-07-13 16:17:45] - [INFO] user=,script=P2V_lock_inactive_users.ps1,tenant=P2V_BENCHMARK,uid=469/Robert.Davidson@omv.com/Davidson Robert (ROBERT98) deactivated as user never logged in, [DONE]
[2022-07-13 16:17:49] - [INFO] user=,script=P2V_lock_inactive_users.ps1,tenant=P2V_BENCHMARK,uid=128/Andrew.Deacon@omv.com/Deacon Andrew Charles (ANDREW14) deactivated as user never logged in, [DONE]
[2022-07-13 16:17:54] - [INFO] user=,script=P2V_lock_inactive_users.ps1,tenant=P2V_BENCHMARK,uid=353/Rob.Dobbins@omv.com/Dobbins Robert Shane (XDOBBINRO) deactivated as user never logged in, [DONE]
[2022-07-13 16:17:57] - [INFO] user=,script=P2V_lock_inactive_users.ps1,tenant=P2V_BENCHMARK,uid=430/AndreeaLizeta.Dragan@petrom.com/Dragan Andreea Lizeta (X01019009) deactivated as user never logged in, [DONE]
[2022-07-13 16:17:58] - [INFO] user=,script=P2V_lock_inactive_users.ps1,tenant=P2V_BENCHMARK,uid=72/Lars.Drage@omv.com/Drage Lars (LARS1) deactivated as user never logged in, [DONE]
[2022-07-13 16:18:01] - [INFO] user=,script=P2V_lock_inactive_users.ps1,tenant=P2V_BENCHMARK,uid=402/Alexandru.Dragomir@petrom.com/Dragomir Alexandru (X01000727) deactivated as user never logged in, [DONE]
[2022-07-13 16:18:03] - [INFO] user=,script=P2V_lock_inactive_users.ps1,tenant=P2V_BENCHMARK,uid=321/AHMAD13@ww.omv.com/Drahman Ahmad Nadzri (AHMAD13) deactivated as user never logged in, [DONE]
[2022-07-13 16:18:05] - [INFO] user=,script=P2V_lock_inactive_users.ps1,tenant=P2V_BENCHMARK,uid=618/Rafael.Duque@omv.com/Duque-Ramirez Jose Rafael (JOSE1) deactivated as user never logged in, [DONE]
[2022-07-13 16:18:07] - [INFO] user=,script=P2V_lock_inactive_users.ps1,tenant=P2V_BENCHMARK,uid=624/Octavian.Duta1@petrom.com/Duta Octavian (X01024886) deactivated as user never logged in, [DONE]
[2022-07-13 16:18:09] - [INFO] user=,script=P2V_lock_inactive_users.ps1,tenant=P2V_BENCHMARK,uid=73/Christian.Enzendorfer@omv.com/Enzendorfer Christian (X437426) deactivated as user never logged in, [DONE]
[2022-07-13 16:18:12] - [INFO] user=,script=P2V_lock_inactive_users.ps1,tenant=P2V_BENCHMARK,uid=470/Mathias.Etz@omv.com/Etz Mathias (X450761) deactivated as user never logged in, [DONE]
[2022-07-13 16:18:14] - [INFO] user=,script=P2V_lock_inactive_users.ps1,tenant=P2V_BENCHMARK,uid=519/GeorgeRadu.Filip@omv.com/Filip George-Radu (X01025291) deactivated as user never logged in, [DONE]
[2022-07-13 16:18:17] - [INFO] user=,script=P2V_lock_inactive_users.ps1,tenant=P2V_BENCHMARK,uid=550/Gheorghita.FloricicaStan@petrom.com/Floricica Stan Gheorghita (X01000703) deactivated as user never logged in, [DONE]
[2022-07-13 16:18:19] - [INFO] user=,script=P2V_lock_inactive_users.ps1,tenant=P2V_BENCHMARK,uid=466/Trevor.Frederickson@omv.com/Frederickson Trevor (TREVOR3) deactivated as user never logged in, [DONE]
[2022-07-13 16:18:22] - [INFO] user=,script=P2V_lock_inactive_users.ps1,tenant=P2V_BENCHMARK,uid=667/BJORG1@ww.omv.com/Fredriksen Bjorg (BJORG1) deactivated as user never logged in, [DONE]
[2022-07-13 16:18:25] - [INFO] user=,script=P2V_lock_inactive_users.ps1,tenant=P2V_BENCHMARK,uid=336/Angelica.Frunza@petrom.com/Frunza Angelica (X01000686) deactivated as user never logged in, [DONE]
[2022-07-13 16:18:28] - [INFO] user=,script=P2V_lock_inactive_users.ps1,tenant=P2V_BENCHMARK,uid=129/Marsel.Galyautdinov@omv.com/Galyautdinov Marsel (RU000040) deactivated as user never logged in, [DONE]
[2022-07-13 16:18:30] - [INFO] user=,script=P2V_lock_inactive_users.ps1,tenant=P2V_BENCHMARK,uid=48/Luca.Garzonio@omv.com/Garzonio Luca (LUCA09) deactivated as user never logged in, [DONE]
[2022-07-13 16:18:35] - [INFO] user=,script=P2V_lock_inactive_users.ps1,tenant=P2V_BENCHMARK,uid=329/OctavianFlorin.Ghetu@omv.com/Ghetu Octavian-Florin (X01006021) deactivated as user never logged in, [DONE]
[2022-07-13 16:18:38] - [INFO] user=,script=P2V_lock_inactive_users.ps1,tenant=P2V_BENCHMARK,uid=654/ThomasRuben.Gieles@petrom.com/Gieles Thomas Ruben (X452110) deactivated as user never logged in, [DONE]
[2022-07-13 16:18:41] - [INFO] user=,script=P2V_lock_inactive_users.ps1,tenant=P2V_BENCHMARK,uid=487/David.Gilmour@omv.com/Gilmour David (DAVID96) deactivated as user never logged in, [DONE]
[2022-07-13 16:18:44] - [INFO] user=,script=P2V_lock_inactive_users.ps1,tenant=P2V_BENCHMARK,uid=503/Robert.Glueck@omv.com/Glück Robert (ROBERT20) deactivated as user never logged in, [DONE]
[2022-07-13 16:18:50] - [INFO] user=,script=P2V_lock_inactive_users.ps1,tenant=P2V_BENCHMARK,uid=443/Michael.Graf@omv.com/Graf Michael (X450358) deactivated as user never logged in, [DONE]
[2022-07-13 16:18:55] - [INFO] user=,script=P2V_lock_inactive_users.ps1,tenant=P2V_BENCHMARK,uid=527/Eric.Griffith@external.petrom.com/Griffith Eric (ERIC08) deactivated as user never logged in, [DONE]
[2022-07-13 16:18:58] - [INFO] user=,script=P2V_lock_inactive_users.ps1,tenant=P2V_BENCHMARK,uid=380/Gabriel.Grosu@petrom.com/Grosu Gabriel (X01025270) deactivated as user never logged in, [DONE]
[2022-07-13 16:19:01] - [INFO] user=,script=P2V_lock_inactive_users.ps1,tenant=P2V_BENCHMARK,uid=508/pmhaaland@omv.com/Haaland Pål Marius (XHAALANPA) deactivated as user never logged in, [DONE]
[2022-07-13 16:19:05] - [INFO] user=,script=P2V_lock_inactive_users.ps1,tenant=P2V_BENCHMARK,uid=626/Marinela.Haias@petrom.com/Haias Marinela (X01004353) deactivated as user never logged in, [DONE]
[2022-07-13 16:19:08] - [INFO] user=,script=P2V_lock_inactive_users.ps1,tenant=P2V_BENCHMARK,uid=459/Antony.Harrison@omv.com/Harrison Antony (XHARRISAN) deactivated as user never logged in, [DONE]
[2022-07-13 16:19:12] - [INFO] user=,script=P2V_lock_inactive_users.ps1,tenant=P2V_BENCHMARK,uid=81/Samuel.Hercus@omv.com/Hercus Sam deactivated as user never logged in, [DONE]
[2022-07-13 16:19:16] - [INFO] user=,script=P2V_lock_inactive_users.ps1,tenant=P2V_BENCHMARK,uid=170/Stephanie.Huber@omv.com/Huber Stephanie (X450894) deactivated as user never logged in, [DONE]
[2022-07-13 16:19:22] - [INFO] user=,script=P2V_lock_inactive_users.ps1,tenant=P2V_BENCHMARK,uid=655/Stephanie.Huber@petrom.com/Huber Stephanie (X450894) deactivated as user never logged in, [DONE]
[2022-07-13 16:19:25] - [INFO] user=,script=P2V_lock_inactive_users.ps1,tenant=P2V_BENCHMARK,uid=83/Kurt.Huetter@omv.com/Hütter Kurt deactivated as user never logged in, [DONE]
[2022-07-13 16:19:29] - [INFO] user=,script=P2V_lock_inactive_users.ps1,tenant=P2V_BENCHMARK,uid=335/Mathias.Idsoee@external.omv.com/Idsøe Mathias (MATHIAS32) deactivated as user never logged in, [DONE]
[2022-07-13 16:19:32] - [INFO] user=,script=P2V_lock_inactive_users.ps1,tenant=P2V_BENCHMARK,uid=481/Gary.Ingram@omv.com/Ingram Gary Moreland (X01019868) deactivated as user never logged in, [DONE]
[2022-07-13 16:19:36] - [INFO] user=,script=P2V_lock_inactive_users.ps1,tenant=P2V_BENCHMARK,uid=405/Nicolae.Ionita@petrom.com/Ionita Nicolae (X01007275) deactivated as user never logged in, [DONE]
[2022-07-13 16:19:40] - [INFO] user=,script=P2V_lock_inactive_users.ps1,tenant=P2V_BENCHMARK,uid=479/Valentin.Iordache@petrom.com/Iordache Valentin (X01000538) deactivated as user never logged in, [DONE]
[2022-07-13 16:19:44] - [INFO] user=,script=P2V_lock_inactive_users.ps1,tenant=P2V_BENCHMARK,uid=84/Bas.Jacobs@omv.com/Jacobs Bas (X449381) deactivated as user never logged in, [DONE]
[2022-07-13 16:19:48] - [INFO] user=,script=P2V_lock_inactive_users.ps1,tenant=P2V_BENCHMARK,uid=493/Farzad.JafariGol@omv.com/Jafari Gol Farzad (FARZAD1) deactivated as user never logged in, [DONE]
[2022-07-13 16:19:52] - [INFO] user=,script=P2V_lock_inactive_users.ps1,tenant=P2V_BENCHMARK,uid=86/Adrian.Jones@omv.com/Jones Adrian (ADRIAN18) deactivated as user never logged in, [DONE]
[2022-07-13 16:19:55] - [INFO] user=,script=P2V_lock_inactive_users.ps1,tenant=P2V_BENCHMARK,uid=420/Marica.Juravle@petrom.com/Juravle Marica (X01006951) deactivated as user never logged in, [DONE]
[2022-07-13 16:19:59] - [INFO] user=,script=P2V_lock_inactive_users.ps1,tenant=P2V_BENCHMARK,uid=513/YU0003@ww.omv.com/Kashiwagi Yu (YU0003) deactivated as user never logged in, [DONE]
[2022-07-13 16:20:03] - [INFO] user=,script=P2V_lock_inactive_users.ps1,tenant=P2V_BENCHMARK,uid=486/HAZLINAWATY1@ww.omv.com/Kassim Hazlinawaty (HAZLINAWATY1) deactivated as user never logged in, [DONE]
[2022-07-13 16:20:07] - [INFO] user=,script=P2V_lock_inactive_users.ps1,tenant=P2V_BENCHMARK,uid=383/Mohammad.Khalifa@petrom.com/Khalifa Mohammad (X01022534) deactivated as user never logged in, [DONE]
[2022-07-13 16:20:11] - [INFO] user=,script=P2V_lock_inactive_users.ps1,tenant=P2V_BENCHMARK,uid=343/Imen.Kooli@omv.com/Kooli Imen (IMEN1) deactivated as user never logged in, [DONE]
[2022-07-13 16:20:15] - [INFO] user=,script=P2V_lock_inactive_users.ps1,tenant=P2V_BENCHMARK,uid=502/Martin.Kornberger@omv.com/Kornberger Martin (X449638) deactivated as user never logged in, [DONE]
[2022-07-13 16:20:19] - [INFO] user=,script=P2V_lock_inactive_users.ps1,tenant=P2V_BENCHMARK,uid=199/Albert.Kostner@omv.com/Kostner Albert (X439364) deactivated as user never logged in, [DONE]
[2022-07-13 16:20:24] - [INFO] user=,script=P2V_lock_inactive_users.ps1,tenant=P2V_BENCHMARK,uid=491/Bernhard.Krainer@omv.com/Krainer Bernhard (X427526) deactivated as user never logged in, [DONE]
[2022-07-13 16:20:32] - [INFO] user=,script=P2V_lock_inactive_users.ps1,tenant=P2V_BENCHMARK,uid=130/Vladimir.Krcmarik@omv.com/Krcmarik Vladimir (X01026769) deactivated as user never logged in, [DONE]
[2022-07-13 16:20:37] - [INFO] user=,script=P2V_lock_inactive_users.ps1,tenant=P2V_BENCHMARK,uid=349/Morten.Krogh@omv.com/Krogh Morten (MORTEN2) deactivated as user never logged in, [DONE]
[2022-07-13 16:20:41] - [INFO] user=,script=P2V_lock_inactive_users.ps1,tenant=P2V_BENCHMARK,uid=334/Andre.Kruger@omv.com/Kruger André (ANDRE11) deactivated as user never logged in, [DONE]
[2022-07-13 16:20:49] - [INFO] user=,script=P2V_lock_inactive_users.ps1,tenant=P2V_BENCHMARK,uid=475/Georg.Kuemmel@omv.com/Kümmel Georg (X451331) deactivated as user never logged in, [DONE]
[2022-07-13 16:20:55] - [INFO] user=,script=P2V_lock_inactive_users.ps1,tenant=P2V_BENCHMARK,uid=217/JulianEdward.Laing@omv.com/Laing Julian Edward (JULIAN18) deactivated as user never logged in, [DONE]
[2022-07-13 16:21:04] - [INFO] user=,script=P2V_lock_inactive_users.ps1,tenant=P2V_BENCHMARK,uid=368/TONY09@ww.omv.com/Ledoux Tony (TONY09) deactivated as user never logged in, [DONE]
[2022-07-13 16:21:11] - [INFO] user=,script=P2V_lock_inactive_users.ps1,tenant=P2V_BENCHMARK,uid=511/Dan.Lobodan@petrom.com/Lobodan Dan (X01001298) deactivated as user never logged in, [DONE]
[2022-07-13 16:21:20] - [INFO] user=,script=P2V_lock_inactive_users.ps1,tenant=P2V_BENCHMARK,uid=604/Marco.Lommatzsch@omv.com/Lommatzsch Marco (MARCO8) deactivated as user never logged in, [DONE]
[2022-07-13 16:21:27] - [INFO] user=,script=P2V_lock_inactive_users.ps1,tenant=P2V_BENCHMARK,uid=397/Kheireddine.Mahfoudhi@omv.com/Mahfoudhi Kheireddine (XMAHFOUKH) deactivated as user never logged in, [DONE]
[2022-07-13 16:21:32] - [INFO] user=,script=P2V_lock_inactive_users.ps1,tenant=P2V_BENCHMARK,uid=340/Johannes.Mandl@omv.com/Mandl Johannes (X450654) deactivated as user never logged in, [DONE]
[2022-07-13 16:21:37] - [INFO] user=,script=P2V_lock_inactive_users.ps1,tenant=P2V_BENCHMARK,uid=630/Philip.Manning@omv.com/Manning Philip (PHILIP15) deactivated as user never logged in, [DONE]
[2022-07-13 16:21:42] - [INFO] user=,script=P2V_lock_inactive_users.ps1,tenant=P2V_BENCHMARK,uid=214/Sergei.Martynov@omv.com/Martynov Sergei (X451222) deactivated as user never logged in, [DONE]
[2022-07-13 16:21:47] - [INFO] user=,script=P2V_lock_inactive_users.ps1,tenant=P2V_BENCHMARK,uid=456/John.McDonald@omv.com/McDonald John (JOHN41) deactivated as user never logged in, [DONE]
[2022-07-13 16:21:52] - [INFO] user=,script=P2V_lock_inactive_users.ps1,tenant=P2V_BENCHMARK,uid=215/NeilThomas.McLeod@omv.com/McLeod Neil Thomas (NEIL06) deactivated as user never logged in, [DONE]
[2022-07-13 16:21:57] - [INFO] user=,script=P2V_lock_inactive_users.ps1,tenant=P2V_BENCHMARK,uid=538/Stefan.Mehes1@petrom.com/Mehes Stefan (X01014441) deactivated as user never logged in, [DONE]
[2022-07-13 16:22:02] - [INFO] user=,script=P2V_lock_inactive_users.ps1,tenant=P2V_BENCHMARK,uid=345/Thomas.Melgaard@omv.com/Melgaard Thomas (THOMAS15) deactivated as user never logged in, [DONE]
[2022-07-13 16:22:08] - [INFO] user=,script=P2V_lock_inactive_users.ps1,tenant=P2V_BENCHMARK,uid=131/Ekaterina.Melnikova@omv.com/Melnikova Ekaterina (EKATERINA3) deactivated as user never logged in, [DONE]
[2022-07-13 16:22:18] - [INFO] user=,script=P2V_lock_inactive_users.ps1,tenant=P2V_BENCHMARK,uid=631/Alina.Micu@petrom.com/Micu Alina (X01003512) deactivated as user never logged in, [DONE]
[2022-07-13 16:22:23] - [INFO] user=,script=P2V_lock_inactive_users.ps1,tenant=P2V_BENCHMARK,uid=633/Tania.Mihalcea@Petrom.Com/Mihalcea Tania (X01001196) deactivated as user never logged in, [DONE]
[2022-07-13 16:22:29] - [INFO] user=,script=P2V_lock_inactive_users.ps1,tenant=P2V_BENCHMARK,uid=452/Ali.Assaid@omv.com/Mohamed Assaid Ali (XASSAID) deactivated as user never logged in, [DONE]
[2022-07-13 16:22:35] - [INFO] user=,script=P2V_lock_inactive_users.ps1,tenant=P2V_BENCHMARK,uid=492/ShaikKhaja.Mohiddin@omv.com/Mohiddin Shaik Khaja (SHAIK1) deactivated as user never logged in, [DONE]
[2022-07-13 16:22:40] - [INFO] user=,script=P2V_lock_inactive_users.ps1,tenant=P2V_BENCHMARK,uid=455/Andrew.Murphy@omv.com/Murphy Andrew (ANDREW37) deactivated as user never logged in, [DONE]
[2022-07-13 16:22:46] - [INFO] user=,script=P2V_lock_inactive_users.ps1,tenant=P2V_BENCHMARK,uid=544/Petruta.Nastase@petrom.com/Nastase Petruta Lorena (X01001141) deactivated as user never logged in, [DONE]
[2022-07-13 16:22:51] - [INFO] user=,script=P2V_lock_inactive_users.ps1,tenant=P2V_BENCHMARK,uid=598/Petrisor.Neacsu@petrom.com/Neacsu Petrisor (X01025154) deactivated as user never logged in, [DONE]
[2022-07-13 16:22:57] - [INFO] user=,script=P2V_lock_inactive_users.ps1,tenant=P2V_BENCHMARK,uid=440/Radu.Nicolaescu@petrom.com/Nicolaescu Radu (X01007539) deactivated as user never logged in, [DONE]
[2022-07-13 16:23:03] - [INFO] user=,script=P2V_lock_inactive_users.ps1,tenant=P2V_BENCHMARK,uid=412/Florian.Noe-Nordberg@omv.com/Noe-Nordberg Florian (X450695) deactivated as user never logged in, [DONE]
[2022-07-13 16:23:09] - [INFO] user=,script=P2V_lock_inactive_users.ps1,tenant=P2V_BENCHMARK,uid=358/Ovidiu.Norocea@petrom.com/Norocea Gheorghe-Ovidiu (X01007370) deactivated as user never logged in, [DONE]
[2022-07-13 16:23:18] - [INFO] user=,script=P2V_lock_inactive_users.ps1,tenant=P2V_BENCHMARK,uid=102/Ross.Northover@omv.com/Northover Ross (X451775) deactivated as user never logged in, [DONE]
[2022-07-13 16:23:24] - [INFO] user=,script=P2V_lock_inactive_users.ps1,tenant=P2V_BENCHMARK,uid=534/Mihai.Obreajan@petrom.com/Obreajan Mihai (X01000954) deactivated as user never logged in, [DONE]
[2022-07-13 16:23:32] - [INFO] user=,script=P2V_lock_inactive_users.ps1,tenant=P2V_BENCHMARK,uid=616/Volker.Otto@omv.com/Otto Volker (X449571) deactivated as user never logged in, [DONE]
[2022-07-13 16:23:47] - [INFO] user=,script=P2V_lock_inactive_users.ps1,tenant=P2V_BENCHMARK,uid=526/Oivind.Overland@omv.com/Øverland Øivind (OEIVIND1) deactivated as user never logged in, [DONE]
[2022-07-13 16:23:54] - [INFO] user=,script=P2V_lock_inactive_users.ps1,tenant=P2V_BENCHMARK,uid=658/Abbie.Pallesen@external.omv.com/Pallesen Abbie (ABBIE1) deactivated as user never logged in, [DONE]
[2022-07-13 16:24:09] - [INFO] user=,script=P2V_lock_inactive_users.ps1,tenant=P2V_BENCHMARK,uid=132/Jan.Paul@omv.com/Paul Jan (X449344) deactivated as user never logged in, [DONE]
[2022-07-13 16:24:24] - [INFO] user=,script=P2V_lock_inactive_users.ps1,tenant=P2V_BENCHMARK,uid=489/Stefan.Pfneisl@omv.com/Pfneisl Stefan (X451646) deactivated as user never logged in, [DONE]
[2022-07-13 16:24:30] - [INFO] user=,script=P2V_lock_inactive_users.ps1,tenant=P2V_BENCHMARK,uid=551/Teodor.Podeanu@petrom.com/Podeanu Teodor (X01008606) deactivated as user never logged in, [DONE]
[2022-07-13 16:24:36] - [INFO] user=,script=P2V_lock_inactive_users.ps1,tenant=P2V_BENCHMARK,uid=192/Lisa.Posch@omv.com/Posch Lisa (X452007) deactivated as user never logged in, [DONE]
[2022-07-13 16:24:50] - [INFO] user=,script=P2V_lock_inactive_users.ps1,tenant=P2V_BENCHMARK,uid=525/Marius.Raicu@petrom.com/Raicu Marius (X01003111) deactivated as user never logged in, [DONE]
[2022-07-13 16:24:58] - [INFO] user=,script=P2V_lock_inactive_users.ps1,tenant=P2V_BENCHMARK,uid=218/Neil.Rainey@omv.com/Rainey Neil (NEIL07) deactivated as user never logged in, [DONE]
[2022-07-13 16:25:05] - [INFO] user=,script=P2V_lock_inactive_users.ps1,tenant=P2V_BENCHMARK,uid=636/Florin_Mihai.Rizea@petrom.com/Rizea Florin Mihai (X01006035) deactivated as user never logged in, [DONE]
[2022-07-13 16:25:16] - [INFO] user=,script=P2V_lock_inactive_users.ps1,tenant=P2V_BENCHMARK,uid=110/GregoryJohn.Rock@omv.com/Rock Gregory John (GREGORY1) deactivated as user never logged in, [DONE]
[2022-07-13 16:25:33] - [INFO] user=,script=P2V_lock_inactive_users.ps1,tenant=P2V_BENCHMARK,uid=316/EMMA06@ww.omv.com/Rodgers Emma (EMMA06) deactivated as user never logged in, [DONE]
[2022-07-13 16:25:39] - [INFO] user=,script=P2V_lock_inactive_users.ps1,tenant=P2V_BENCHMARK,uid=376/Catalin-Adrian.Roman@petrom.com/Roman Catalin-Adrian (X01000682) deactivated as user never logged in, [DONE]
[2022-07-13 16:25:46] - [INFO] user=,script=P2V_lock_inactive_users.ps1,tenant=P2V_BENCHMARK,uid=644/Elena.Rotaru3@petrom.com/Rotaru Elena (X01019014) deactivated as user never logged in, [DONE]
[2022-07-13 16:25:54] - [INFO] user=,script=P2V_lock_inactive_users.ps1,tenant=P2V_BENCHMARK,uid=398/Mihail.Rusen@petrom.com/Rusen Mihail (X01007159) deactivated as user never logged in, [DONE]
[2022-07-13 16:26:01] - [INFO] user=,script=P2V_lock_inactive_users.ps1,tenant=P2V_BENCHMARK,uid=382/Heidi.Rydningen@omv.com/Rydningen Heidi (XRYDNINHE) deactivated as user never logged in, [DONE]
[2022-07-13 16:26:09] - [INFO] user=,script=P2V_lock_inactive_users.ps1,tenant=P2V_BENCHMARK,uid=112/Eduard.Safiullin@omv.com/Safiullin Eduard (RU000017) deactivated as user never logged in, [DONE]
[2022-07-13 16:26:16] - [INFO] user=,script=P2V_lock_inactive_users.ps1,tenant=P2V_BENCHMARK,uid=354/SUZANAH1@ww.omv.com/Salam Suzanah (SUZANAH1) deactivated as user never logged in, [DONE]
[2022-07-13 16:26:23] - [INFO] user=,script=P2V_lock_inactive_users.ps1,tenant=P2V_BENCHMARK,uid=647/Aureliu.Sbarcea@petrom.com/Sbarcea Dan Aureliu (X01024255) deactivated as user never logged in, [DONE]
[2022-07-13 16:26:31] - [INFO] user=,script=P2V_lock_inactive_users.ps1,tenant=P2V_BENCHMARK,uid=652/Philipp.Schulz@omv.com/Schulz Philipp (PHILIPP53) deactivated as user never logged in, [DONE]
[2022-07-13 16:26:41] - [INFO] user=,script=P2V_lock_inactive_users.ps1,tenant=P2V_BENCHMARK,uid=650/Christian.Seeber@omv.com/Seeber Christian (X449564) deactivated as user never logged in, [DONE]
[2022-07-13 16:26:50] - [INFO] user=,script=P2V_lock_inactive_users.ps1,tenant=P2V_BENCHMARK,uid=113/Georg.Seidl@omv.com/Seidl Georg (GEORG2) deactivated as user never logged in, [DONE]
[2022-07-13 16:27:07] - [INFO] user=,script=P2V_lock_inactive_users.ps1,tenant=P2V_BENCHMARK,uid=116/Elin.Skeie@omv.com/Skeie Elin (ELIN01) deactivated as user never logged in, [DONE]
[2022-07-13 16:27:14] - [INFO] user=,script=P2V_lock_inactive_users.ps1,tenant=P2V_BENCHMARK,uid=364/Warwick.Small@omv.com/Small Warwick (WARWICK4) deactivated as user never logged in, [DONE]
[2022-07-13 16:27:22] - [INFO] user=,script=P2V_lock_inactive_users.ps1,tenant=P2V_BENCHMARK,uid=523/Warwick.Smith@omv.com/Smith Warwick (WARWICK5) deactivated as user never logged in, [DONE]
[2022-07-13 16:27:30] - [INFO] user=,script=P2V_lock_inactive_users.ps1,tenant=P2V_BENCHMARK,uid=646/Angela.Stefanescu@petrom.com/Stefanescu Angela (X01002079) deactivated as user never logged in, [DONE]
[2022-07-13 16:27:38] - [INFO] user=,script=P2V_lock_inactive_users.ps1,tenant=P2V_BENCHMARK,uid=640/Gabriela.Stoican@petrom.com/Stoican Gabriela (X01015911) deactivated as user never logged in, [DONE]
[2022-07-13 16:27:45] - [INFO] user=,script=P2V_lock_inactive_users.ps1,tenant=P2V_BENCHMARK,uid=664/Lorinda.Struwig@external.omv.com/Struwig Lorinda (LORINDA1) deactivated as user never logged in, [DONE]
[2022-07-13 16:27:53] - [INFO] user=,script=P2V_lock_inactive_users.ps1,tenant=P2V_BENCHMARK,uid=435/Jamie.Sutherland@omv.com/Sutherland James (JAMES21) deactivated as user never logged in, [DONE]
[2022-07-13 16:28:00] - [INFO] user=,script=P2V_lock_inactive_users.ps1,tenant=P2V_BENCHMARK,uid=428/Elisabeth.Svane@omv.com/Svane Elisabeth (ELISABETH3) deactivated as user never logged in, [DONE]
[2022-07-13 16:28:07] - [INFO] user=,script=P2V_lock_inactive_users.ps1,tenant=P2V_BENCHMARK,uid=362/LAI001@ww.omv.com/Tan Lai Huat (LAI001) deactivated as user never logged in, [DONE]
[2022-07-13 16:28:15] - [INFO] user=,script=P2V_lock_inactive_users.ps1,tenant=P2V_BENCHMARK,uid=659/svc.ww.ro.testagent1@petrom.com/TEST-AGENT 1 (s.ro.testagent1) deactivated as user never logged in, [DONE]
[2022-07-13 16:28:23] - [INFO] user=,script=P2V_lock_inactive_users.ps1,tenant=P2V_BENCHMARK,uid=660/svc.ww.ro.testagent2@petrom.com/TEST-AGENT 2 (s.ro.testagent2) deactivated as user never logged in, [DONE]
[2022-07-13 16:28:31] - [INFO] user=,script=P2V_lock_inactive_users.ps1,tenant=P2V_BENCHMARK,uid=661/svc.ww.ro.testagent3@petrom.com/TEST-AGENT 3 (s.ro.testagent3) deactivated as user never logged in, [DONE]
[2022-07-13 16:28:39] - [INFO] user=,script=P2V_lock_inactive_users.ps1,tenant=P2V_BENCHMARK,uid=662/svc.ww.ro.testagent4@petrom.com/TEST-AGENT 4 (s.ro.testagent4) deactivated as user never logged in, [DONE]
[2022-07-13 16:28:47] - [INFO] user=,script=P2V_lock_inactive_users.ps1,tenant=P2V_BENCHMARK,uid=663/svc.ww.ro.testagent5@petrom.com/TEST-AGENT 5 (s.ro.testagent5) deactivated as user never logged in, [DONE]
[2022-07-13 16:28:55] - [INFO] user=,script=P2V_lock_inactive_users.ps1,tenant=P2V_BENCHMARK,uid=393/Bronwyn.Theobald@omv.com/Theobald Bronwyn (BRONWYN1) deactivated as user never logged in, [DONE]
[2022-07-13 16:29:03] - [INFO] user=,script=P2V_lock_inactive_users.ps1,tenant=P2V_BENCHMARK,uid=341/JensRune.Thomassen@omv.com/Thomassen Jens Rune (JENS11) deactivated as user never logged in, [DONE]
[2022-07-13 16:29:12] - [INFO] user=,script=P2V_lock_inactive_users.ps1,tenant=P2V_BENCHMARK,uid=338/Daniela.Tittes@petrom.com/Tittes Daniela (X01008399) deactivated as user never logged in, [DONE]
[2022-07-13 16:29:21] - [INFO] user=,script=P2V_lock_inactive_users.ps1,tenant=P2V_BENCHMARK,uid=485/Marijka.Torrance@omv.com/Torrance Marijka (MARIJKA1) deactivated as user never logged in, [DONE]
[2022-07-13 16:29:30] - [INFO] user=,script=P2V_lock_inactive_users.ps1,tenant=P2V_BENCHMARK,uid=219/Pablo_Antonio.Torres_Jauregui@omv.com/Torres Jauregui Pablo Antonio (X450766) deactivated as user never logged in, [DONE]
[2022-07-13 16:29:39] - [INFO] user=,script=P2V_lock_inactive_users.ps1,tenant=P2V_BENCHMARK,uid=351/AndrewMatthew.Train@petrom.com/Train Andrew Matthew (ANDREW13) deactivated as user never logged in, [DONE]
[2022-07-13 16:29:48] - [INFO] user=,script=P2V_lock_inactive_users.ps1,tenant=P2V_BENCHMARK,uid=482/Andreas.Treichel@omv.com/Treichel Andreas (XTREIAN) deactivated as user never logged in, [DONE]
[2022-07-13 16:29:57] - [INFO] user=,script=P2V_lock_inactive_users.ps1,tenant=P2V_BENCHMARK,uid=641/Elena.Uta@petrom.com/Uta Elena (X01013566) deactivated as user never logged in, [DONE]
[2022-07-13 16:30:07] - [INFO] user=,script=P2V_lock_inactive_users.ps1,tenant=P2V_BENCHMARK,uid=483/Christopher.Veit@petrom.com/Veit Hans Christopher (X419929) deactivated as user never logged in, [DONE]
[2022-07-13 16:30:17] - [INFO] user=,script=P2V_lock_inactive_users.ps1,tenant=P2V_BENCHMARK,uid=645/Daniela.Vladila@petrom.com/Vladila Daniela (X01015430) deactivated as user never logged in, [DONE]
[2022-07-13 16:30:27] - [INFO] user=,script=P2V_lock_inactive_users.ps1,tenant=P2V_BENCHMARK,uid=670/Donia.Wamani@omv.com/Wamani Donia (DONIA1) deactivated as user never logged in, [DONE]
[2022-07-13 16:30:37] - [INFO] user=,script=P2V_lock_inactive_users.ps1,tenant=P2V_BENCHMARK,uid=497/Thomas.Werth@omv.com/Werth Thomas (X011614) deactivated as user never logged in, [DONE]
[2022-07-13 16:30:47] - [INFO] user=,script=P2V_lock_inactive_users.ps1,tenant=P2V_BENCHMARK,uid=439/Justin.White@omv.com/White Justin (WHITEJ) deactivated as user never logged in, [DONE]
[2022-07-13 16:30:56] - [INFO] user=,script=P2V_lock_inactive_users.ps1,tenant=P2V_BENCHMARK,uid=457/Kerry.Williamson@omv.com/Williamson Kerry (KERRY5) deactivated as user never logged in, [DONE]
[2022-07-13 16:31:06] - [INFO] user=,script=P2V_lock_inactive_users.ps1,tenant=P2V_BENCHMARK,uid=176/Ulrich.Winter@omv.com/Winter Ulrich (X431908) deactivated as user never logged in, [DONE]
[2022-07-13 16:31:17] - [INFO] user=,script=P2V_lock_inactive_users.ps1,tenant=P2V_BENCHMARK,uid=424/AZMI03@ww.omv.com/Yahaya Azmi (AZMI03) deactivated as user never logged in, [DONE]
[2022-07-13 16:31:26] - [INFO] user=,script=P2V_lock_inactive_users.ps1,tenant=P2V_BENCHMARK,uid=477/SENG01@ww.omv.com/Yam Sean Seng Ho (SENG01) deactivated as user never logged in, [DONE]
[2022-07-13 16:31:35] - [INFO] user=,script=P2V_lock_inactive_users.ps1,tenant=P2V_BENCHMARK,uid=379/Isabelle.Zabalza@omv.com/Zabalza Isabelle (X451087) deactivated as user never logged in, [DONE]
[2022-07-13 16:31:45] - [INFO] user=,script=P2V_lock_inactive_users.ps1,tenant=P2V_BENCHMARK,uid=615/David.Zabel@omv.com/Zabel David (DAVID27) deactivated as user never logged in, [DONE]
[2022-07-13 16:31:55] - [INFO] user=,script=P2V_lock_inactive_users.ps1,tenant=P2V_BENCHMARK,uid=348/Horatiu.Zachia@petrom.com/Zachia Marcel-Horatiu (X01011091) deactivated as user never logged in, [DONE]
[2022-07-13 16:32:04] - [INFO] user=,script=P2V_lock_inactive_users.ps1,tenant=P2V_BENCHMARK,uid=191/Andrea.Zeilinger@omv.com/Zeilinger Andrea (X451927) deactivated as user never logged in, [DONE]
[2022-07-13 16:32:14] - [INFO] user=,script=P2V_lock_inactive_users.ps1,tenant=P2V_BENCHMARK,uid=350/Carina.Zosmer@petrom.com/Zosmer Carina (X01010519) deactivated as user never logged in, [DONE]
[2022-07-13 16:32:41] - [INFO] user=,script=P2V_lock_inactive_users.ps1,tenant=P2V_BENCHMARK,uid=390/Rafael.Duque@petrom.com/Duque - Ramirez Jose Rafael (JOSE1) locked as has not logged in for 365 days, [DONE]
[2022-07-13 16:32:50] - [INFO] user=,script=P2V_lock_inactive_users.ps1,tenant=P2V_BENCHMARK,uid=506/TiberiuAlexandru.Amzar@petrom.com/Amzar Tiberiu-Alexandru (X01011568) locked as has not logged in for 365 days, [DONE]
[2022-07-13 16:33:03] - [INFO] user=,script=P2V_lock_inactive_users.ps1,tenant=P2V_BENCHMARK,uid=558/Mihaela.Anagnastopol@petrom.com/Anagnastopol Mihaela-Creola (X01007059) locked as has not logged in for 365 days, [DONE]
[2022-07-13 16:33:19] - [INFO] user=,script=P2V_lock_inactive_users.ps1,tenant=P2V_BENCHMARK,uid=464/Dominik.Auer@petrom.com/Auer Dominik (X449884) locked as has not logged in for 365 days, [DONE]
[2022-07-13 16:33:28] - [INFO] user=,script=P2V_lock_inactive_users.ps1,tenant=P2V_BENCHMARK,uid=425/Gabriela.Barcsa@petrom.com/Barcsa Gabriela-Livia (X01006078) locked as has not logged in for 365 days, [DONE]
[2022-07-13 16:33:41] - [INFO] user=,script=P2V_lock_inactive_users.ps1,tenant=P2V_BENCHMARK,uid=85/ALEXEY6@ww.omv.com/Bychkov Alexey (ALEXEY6) locked as has not logged in for 365 days, [DONE]
[2022-07-13 16:33:54] - [INFO] user=,script=P2V_lock_inactive_users.ps1,tenant=P2V_BENCHMARK,uid=65/GAEL04@ww.omv.com/Carlier Gael (GAEL04) locked as has not logged in for 365 days, [DONE]
[2022-07-13 16:34:05] - [INFO] user=,script=P2V_lock_inactive_users.ps1,tenant=P2V_BENCHMARK,uid=444/Dragos.Chioran1@petrom.com/Chioran Dragos-Dorel (X01022508) locked as has not logged in for 365 days, [DONE]
[2022-07-13 16:34:15] - [INFO] user=,script=P2V_lock_inactive_users.ps1,tenant=P2V_BENCHMARK,uid=476/Carlo.Chiri@petrom.com/Chiri Carlo (X01025468) locked as has not logged in for 365 days, [DONE]
[2022-07-13 16:34:25] - [INFO] user=,script=P2V_lock_inactive_users.ps1,tenant=P2V_BENCHMARK,uid=365/Petruta.Cojocaru@petrom.com/Cojocaru Petruta (X01000630) locked as has not logged in for 365 days, [DONE]
[2022-07-13 16:34:35] - [INFO] user=,script=P2V_lock_inactive_users.ps1,tenant=P2V_BENCHMARK,uid=360/Mihai_Marius.Daneasa@petrom.com/Daneasa Mihai-Marius (X01007122) locked as has not logged in for 365 days, [DONE]
[2022-07-13 16:34:45] - [INFO] user=,script=P2V_lock_inactive_users.ps1,tenant=P2V_BENCHMARK,uid=153/Susanne.Danek@omv.com/Danek Susanne (X370957) locked as has not logged in for 365 days, [DONE]
[2022-07-13 16:34:54] - [INFO] user=,script=P2V_lock_inactive_users.ps1,tenant=P2V_BENCHMARK,uid=67/BogdanGeorge.Davidescu@omv.com/Davidescu Bogdan-George (X01026000) locked as has not logged in for 365 days, [DONE]
[2022-07-13 16:35:08] - [INFO] user=,script=P2V_lock_inactive_users.ps1,tenant=P2V_BENCHMARK,uid=484/Ionut.Dragoi@petrom.com/Dragoi Ionut (X01006486) locked as has not logged in for 365 days, [DONE]
[2022-07-13 16:35:28] - [INFO] user=,script=P2V_lock_inactive_users.ps1,tenant=P2V_BENCHMARK,uid=445/Marius.Dumitrache@petrom.com/Dumitrache Marius (X01022402) locked as has not logged in for 365 days, [DONE]
[2022-07-13 16:35:38] - [INFO] user=,script=P2V_lock_inactive_users.ps1,tenant=P2V_BENCHMARK,uid=462/Alexandru.Filimon@petrom.com/Filimon Alexandru (X01023737) locked as has not logged in for 365 days, [DONE]
[2022-07-13 16:35:54] - [INFO] user=,script=P2V_lock_inactive_users.ps1,tenant=P2V_BENCHMARK,uid=498/Christian.Forberich@omv.com/Forberich Christian (X448916) locked as has not logged in for 365 days, [DONE]
[2022-07-13 16:36:19] - [INFO] user=,script=P2V_lock_inactive_users.ps1,tenant=P2V_BENCHMARK,uid=372/Thomas_Ruben.Gieles@omv.com/Gieles Thomas Ruben (X452110) locked as has not logged in for 365 days, [DONE]
[2022-07-13 16:36:45] - [INFO] user=,script=P2V_lock_inactive_users.ps1,tenant=P2V_BENCHMARK,uid=426/David.Gmoser@omv.com/Gmoser David (X451547) locked as has not logged in for 365 days, [DONE]
[2022-07-13 16:36:57] - [INFO] user=,script=P2V_lock_inactive_users.ps1,tenant=P2V_BENCHMARK,uid=572/Matthias.Gnauer@omv.com/Gnauer Matthias (X450615) locked as has not logged in for 365 days, [DONE]
[2022-07-13 16:37:13] - [INFO] user=,script=P2V_lock_inactive_users.ps1,tenant=P2V_BENCHMARK,uid=193/Michal.Griac@omv.com/Griac Michal (MICHAL29) locked as has not logged in for 365 days, [DONE]
[2022-07-13 16:37:24] - [INFO] user=,script=P2V_lock_inactive_users.ps1,tenant=P2V_BENCHMARK,uid=510/Luminita.GrigorePopa@petrom.com/Grigore-Popa Luminita (X01010501) locked as has not logged in for 365 days, [DONE]
[2022-07-13 16:37:34] - [INFO] user=,script=P2V_lock_inactive_users.ps1,tenant=P2V_BENCHMARK,uid=531/Stephan.Hannke@petrom.com/Hannke Stephan (X449593) locked as has not logged in for 365 days, [DONE]
[2022-07-13 16:37:48] - [INFO] user=,script=P2V_lock_inactive_users.ps1,tenant=P2V_BENCHMARK,uid=569/Bernhard.Heneis@omv.com/Heneis Bernhard (X450749) locked as has not logged in for 365 days, [DONE]
[2022-07-13 16:37:59] - [INFO] user=,script=P2V_lock_inactive_users.ps1,tenant=P2V_BENCHMARK,uid=387/Viorel.Ionescu1@petrom.com/Ionescu Viorel (X01004087) locked as has not logged in for 365 days, [DONE]
[2022-07-13 16:38:30] - [INFO] user=,script=P2V_lock_inactive_users.ps1,tenant=P2V_BENCHMARK,uid=454/Emil_Eugen.Iosif@petrom.com/Iosif Emil-Eugen (X01005899) locked as has not logged in for 365 days, [DONE]
[2022-07-13 16:39:00] - [INFO] user=,script=P2V_lock_inactive_users.ps1,tenant=P2V_BENCHMARK,uid=147/Christine.Kirchgasser@omv.com/Kirchgasser Christine (X452077) locked as has not logged in for 365 days, [DONE]
[2022-07-13 16:39:30] - [INFO] user=,script=P2V_lock_inactive_users.ps1,tenant=P2V_BENCHMARK,uid=370/Daniel.Kunaver@omv.com/Kunaver Daniel (X450017) locked as has not logged in for 365 days, [DONE]
[2022-07-13 16:39:55] - [INFO] user=,script=P2V_lock_inactive_users.ps1,tenant=P2V_BENCHMARK,uid=98/Yosri.Maknine@omv.com/Maknine Yosri (XMAKNINYO) locked as has not logged in for 365 days, [DONE]
[2022-07-13 16:40:05] - [INFO] user=,script=P2V_lock_inactive_users.ps1,tenant=P2V_BENCHMARK,uid=555/Andreea.Manta@petrom.com/Manta Andrea-Gabriela (X01001941) locked as has not logged in for 365 days, [DONE]
[2022-07-13 16:40:19] - [INFO] user=,script=P2V_lock_inactive_users.ps1,tenant=P2V_BENCHMARK,uid=172/Paul.Mitterlehner@omv.com/Mitterlehner Paul (X451207) locked as has not logged in for 365 days, [DONE]
[2022-07-13 16:40:28] - [INFO] user=,script=P2V_lock_inactive_users.ps1,tenant=P2V_BENCHMARK,uid=396/Gheorghe.Nedea@petrom.com/Nedea Gheorghe (X01006195) locked as has not logged in for 365 days, [DONE]
[2022-07-13 16:40:37] - [INFO] user=,script=P2V_lock_inactive_users.ps1,tenant=P2V_BENCHMARK,uid=394/Maricel.Obiacoro@omv.com/Obiacoro Maricel (MARICEL10) locked as has not logged in for 365 days, [DONE]
[2022-07-13 16:40:47] - [INFO] user=,script=P2V_lock_inactive_users.ps1,tenant=P2V_BENCHMARK,uid=413/Gabriel.Petrache@petrom.com/Petrache Gabriel (X01001165) locked as has not logged in for 365 days, [DONE]
[2022-07-13 16:40:58] - [INFO] user=,script=P2V_lock_inactive_users.ps1,tenant=P2V_BENCHMARK,uid=533/Mariana.Rebega@external.petrom.com/Rebega Mariana (MARIANA31) locked as has not logged in for 365 days, [DONE]
[2022-07-13 16:41:09] - [INFO] user=,script=P2V_lock_inactive_users.ps1,tenant=P2V_BENCHMARK,uid=400/Marian.Rizea@petrom.com/Rizea Marian (X01RIZMAR) locked as has not logged in for 365 days, [DONE]
[2022-07-13 16:41:19] - [INFO] user=,script=P2V_lock_inactive_users.ps1,tenant=P2V_BENCHMARK,uid=2/adminarun05/Shaw Arun (Admin) locked as has not logged in for 365 days, [DONE]
[2022-07-13 16:41:29] - [INFO] user=,script=P2V_lock_inactive_users.ps1,tenant=P2V_BENCHMARK,uid=359/Cristian_Ion.Todea@petrom.com/Todea Cristian-Ion (X01005430) locked as has not logged in for 365 days, [DONE]
[2022-07-13 16:41:39] - [INFO] user=,script=P2V_lock_inactive_users.ps1,tenant=P2V_BENCHMARK,uid=91/Darijo.Tomasevic@omv.com/Tomasevic Darijo (DARIJO1) locked as has not logged in for 365 days, [DONE]
[2022-07-13 16:41:50] - [INFO] user=,script=P2V_lock_inactive_users.ps1,tenant=P2V_BENCHMARK,uid=501/Philipp.Urban@omv.com/Urban Philipp (PHILIPP43) locked as has not logged in for 365 days, [DONE]
[2022-07-13 16:42:00] - [INFO] user=,script=P2V_lock_inactive_users.ps1,tenant=P2V_BENCHMARK,uid=500/Gerhard.Wiedemann@omv.com/Wiedemann Gerhard (X451148) locked as has not logged in for 365 days, [DONE]
[2022-07-18 15:44:15] - [INFO] [WW/adminx449222] on [SOMVAT502676] started [P2V_update_WG_roles.ps1]
[2022-07-18 15:44:58] - [INFO] workgroup=Economics.regimes,script=P2V_update_WG_roles.ps1,tenant=P2V_PRODTEST,gid=42,rid=/allowedRoles/4,add,[DONE]
[2022-07-18 15:44:59] - [INFO] workgroup=Financials.regimes,script=P2V_update_WG_roles.ps1,tenant=P2V_PRODTEST,gid=43,rid=/allowedRoles/16,add,[DONE]
