[2021-05-04 00:14:07] - [INFO] [WW/adminx449222] on [SOMVAT502676] started [P2V_update_users.ps1]
[2021-05-04 00:17:17] - [INFO] [WW/adminx449222] on [SOMVAT502676] started [P2V_update_users.ps1]
[2021-05-04 00:22:04] - [INFO] [WW/adminx449222] on [SOMVAT502676] started [P2V_calculate_groups_dependencies.ps1]
[2021-05-04 00:22:40] - [INFO] [WW/adminx449222] on [SOMVAT502676] started [P2V_update_users.ps1]
[2021-05-04 00:23:56] - [INFO] [WW/adminx449222] on [SOMVAT502676] started [P2V_update_users.ps1]
[2021-05-04 00:26:29] - [INFO] [WW/adminx449222] on [SOMVAT502676] started [P2V_update_users.ps1]
[2021-05-04 00:27:24] - [INFO] [WW/adminx449222] on [SOMVAT502676] started [P2V_calculate_groups_dependencies.ps1]
[2021-05-04 00:27:56] - [INFO] [WW/adminx449222] on [SOMVAT502676] started [P2V_calculate_groups_dependencies.ps1]
[2021-05-04 00:28:35] - [INFO] [WW/adminx449222] on [SOMVAT502676] started [P2V_calculate_groups_dependencies.ps1]
[2021-05-04 00:28:53] - [INFO] [WW/adminx449222] on [SOMVAT502676] started [P2V_calculate_groups_dependencies.ps1]
[2021-05-04 00:29:11] - [INFO] [WW/adminx449222] on [SOMVAT502676] started [P2V_calculate_groups_dependencies.ps1]
[2021-05-04 00:29:27] - [INFO] [WW/adminx449222] on [SOMVAT502676] started [P2V_calculate_groups.ps1]
[2021-05-04 00:33:59] - [INFO] [WW/adminx449222] on [SOMVAT502676] started [P2V_calculate_groups.ps1]
[2021-05-04 00:34:15] - [INFO] [WW/adminx449222] on [SOMVAT502676] started [P2V_calculate_groups.ps1]
[2021-05-04 00:34:36] - [INFO] [WW/adminx449222] on [SOMVAT502676] started [P2V_calculate_groups_dependencies.ps1]
[2021-05-04 00:34:49] - [INFO] [WW/adminx449222] on [SOMVAT502676] started [P2V_calculate_groups_dependencies.ps1]
[2021-05-04 00:56:11] - [INFO] [WW/adminx449222] on [SOMVAT502676] started [P2V_update_tenantusers]
[2021-05-04 10:20:36] - [INFO] [WW/adminx449222] on [SOMVAT502676] started [P2V_update_users.ps1]
[2021-05-04 10:23:17] - [INFO] [WW/adminx449222] on [SOMVAT502676] started [P2V_update_users.ps1]
[2021-05-04 10:24:18] - [INFO] [WW/adminx449222] on [SOMVAT502676] started [P2V_update_users.ps1]
[2021-05-04 10:27:50] - [INFO] [WW/adminx449222] on [SOMVAT502676] started [P2V_calculate_groups.ps1]
[2021-05-04 10:29:12] - [INFO] [WW/adminx449222] on [SOMVAT502676] started [P2V_calculate_groups_dependencies.ps1]
[2021-05-04 10:29:33] - [INFO] [WW/adminx449222] on [SOMVAT502676] started [P2V_calculate_groups_dependencies.ps1]
[2021-05-04 10:30:12] - [INFO] [WW/adminx449222] on [SOMVAT502676] started [P2V_calculate_groups.ps1]
[2021-05-04 10:30:27] - [INFO] [WW/adminx449222] on [SOMVAT502676] started [P2V_calculate_groups.ps1]
[2021-05-04 10:30:50] - [INFO] [WW/adminx449222] on [SOMVAT502676] started [P2V_calculate_groups.ps1]
[2021-05-04 10:31:01] - [INFO] [WW/adminx449222] on [SOMVAT502676] started [P2V_calculate_groups_dependencies.ps1]
[2021-05-04 13:32:24] - [INFO] [WW/adminx449222] on [SOMVAT502676] started [P2V_calculate_groups_dependencies.ps1]
[2021-05-04 13:32:41] - [INFO] [WW/adminx449222] on [SOMVAT502676] started [P2V_calculate_groups.ps1]
[2021-05-04 13:35:09] - [INFO] [WW/adminx449222] on [SOMVAT502676] started [P2V_calculate_groups_dependencies.ps1]
[2021-05-04 13:35:29] - [INFO] [WW/adminx449222] on [SOMVAT502676] started [P2V_calculate_groups.ps1]
[2021-05-04 15:16:27] - [INFO] [WW/adminx449222] on [SOMVAT502676] started [P2V_step1_AD]
