[2024-01-22 10:11:21] - [INFO] [WW/adminx449222] started P2V_calculate_groups_bd 
[2024-01-22 10:11:22] - [INFO] [WW/adminx449222] on [SOMVAT502676] started [P2V_calculate_groups_bd]
[2024-01-22 10:24:17] - [INFO] [WW/adminx449222] started P2V_calculate_groups_bd 
[2024-01-22 10:24:21] - [INFO] [WW/adminx449222] on [SOMVAT502676] started [P2V_calculate_groups_bd]
[2024-01-22 10:27:48] - [INFO] [P2V_PRODTEST]-[Z.BD.008.allow] : add Ponz Moreno Sara (SARA27) - done
[2024-01-22 10:28:05] - [INFO] [P2V_PRODTEST]-[Z.BD.008.deny] : remove Ponz Moreno Sara (SARA27) - done
[2024-01-22 10:39:05] - [INFO] [WW/adminx449222] started P2V_calculate_groups_bd 
[2024-01-22 10:39:06] - [INFO] [WW/adminx449222] on [SOMVAT502676] started [P2V_calculate_groups_bd]
[2024-01-22 11:05:02] - [INFO] [WW/adminx449222] started P2V_calculate_groups_bd 
[2024-01-22 11:05:03] - [INFO] [WW/adminx449222] on [SOMVAT502676] started [P2V_calculate_groups_bd]
[2024-01-22 14:01:51] - [INFO] [WW/adminx449222] started P2V_calculate_groups_bd 
[2024-01-22 14:01:51] - [INFO] [WW/adminx449222] on [SOMVAT502676] started [P2V_calculate_groups_bd]
[2024-01-22 14:04:03] - [INFO] [WW/adminx449222] started P2V_calculate_groups_bd 
[2024-01-22 14:04:03] - [INFO] [WW/adminx449222] on [SOMVAT502676] started [P2V_calculate_groups_bd]
[2024-01-22 14:19:21] - [INFO] [WW/adminx449222] started P2V_calculate_groups_bd 
[2024-01-22 14:19:22] - [INFO] [WW/adminx449222] on [SOMVAT502676] started [P2V_calculate_groups_bd]
[2024-01-22 14:23:43] - [INFO] [WW/adminx449222] started P2V_calculate_groups_bd 
[2024-01-22 14:23:43] - [INFO] [WW/adminx449222] on [SOMVAT502676] started [P2V_calculate_groups_bd]
[2024-01-22 14:29:49] - [INFO] [WW/adminx449222] started check_P2V_user -xkey SARA27
[2024-01-22 14:29:49] - [INFO] [WW/adminx449222] on [SOMVAT502676] started [check_P2V_user]
[2024-01-22 14:30:32] - [INFO] [WW/adminx449222] started check_P2V_user -xkey SARA27
[2024-01-22 14:30:32] - [INFO] [WW/adminx449222] on [SOMVAT502676] started [check_P2V_user]
[2024-01-22 14:32:15] - [INFO] [WW/adminx449222] started check_P2V_user -xkey PEDRO8
[2024-01-22 14:32:15] - [INFO] [WW/adminx449222] on [SOMVAT502676] started [check_P2V_user]
[2024-01-22 14:32:48] - [INFO] [WW/adminx449222] started P2V_calculate_groups_bd 
[2024-01-22 14:32:48] - [INFO] [WW/adminx449222] on [SOMVAT502676] started [P2V_calculate_groups_bd]
[2024-01-22 14:35:24] - [INFO] [WW/adminx449222] started P2V_calculate_groups_bd 
[2024-01-22 14:35:25] - [INFO] [WW/adminx449222] on [SOMVAT502676] started [P2V_calculate_groups_bd]
[2024-01-22 14:40:01] - [INFO] [WW/adminx449222] started P2V_calculate_groups_bd 
[2024-01-22 14:40:01] - [INFO] [WW/adminx449222] on [SOMVAT502676] started [P2V_calculate_groups_bd]
[2024-01-22 14:42:42] - [INFO] [P2V_PRODTEST]-[Z.BD.008.allow] : add add add add add add add add add add add add add Kovacs Adam Milan (ADAM30) Reiter Stefan (STEFAN377) Abdalla Hannes (HANNES1) Wannenmacher Nico (NICO23) Gauer Albert Lorenz (ALBERT3) Shafie Shaizatul Fatihah (SHAIZATUL1) Datler Martin (MARTIN106) Dordea Daniela (X450334) Pascanu Ioana (IOANA5) Krenn Christof (CHRISTOF3) Medina Herman Alexis Alberto (ALEXIS2) Tahirov Tahir (TAHIR3) Podurets Petro (PEDRO8) - done
[2024-01-22 14:42:44] - [INFO] [P2V_PRODTEST]-[Z.BD.008.deny] : remove remove remove remove remove remove remove remove remove remove remove remove remove Kovacs Adam Milan (ADAM30) Reiter Stefan (STEFAN377) Abdalla Hannes (HANNES1) Wannenmacher Nico (NICO23) Gauer Albert Lorenz (ALBERT3) Shafie Shaizatul Fatihah (SHAIZATUL1) Datler Martin (MARTIN106) Dordea Daniela (X450334) Pascanu Ioana (IOANA5) Krenn Christof (CHRISTOF3) Medina Herman Alexis Alberto (ALEXIS2) Tahirov Tahir (TAHIR3) Podurets Petro (PEDRO8) - done
[2024-01-22 14:42:56] - [INFO] [WW/adminx449222] started P2V_calculate_groups_bd 
[2024-01-22 14:42:57] - [INFO] [WW/adminx449222] on [SOMVAT502676] started [P2V_calculate_groups_bd]
[2024-01-22 14:53:55] - [INFO] [WW/adminx449222] started P2V_calculate_groups_bd 
[2024-01-22 14:53:55] - [INFO] [WW/adminx449222] on [SOMVAT502676] started [P2V_calculate_groups_bd]
[2024-01-22 15:23:27] - [INFO] [WW/adminx449222] started P2V_calculate_groups_bd 
[2024-01-22 15:23:27] - [INFO] [WW/adminx449222] on [SOMVAT502676] started [P2V_calculate_groups_bd]
[2024-01-22 15:24:32] - [INFO] 
[2024-01-22 15:24:32] - [INFO] loading userlist from tenant P2V_PRODTEST
[2024-01-22 15:26:20] - [INFO] [WW/adminx449222] started P2V_calculate_groups_bd 
[2024-01-22 15:26:20] - [INFO] [WW/adminx449222] on [SOMVAT502676] started [P2V_calculate_groups_bd]
[2024-01-22 15:28:07] - [INFO] 
[2024-01-22 15:28:07] - [INFO] loading userlist from tenant P2V_PRODTEST
[2024-01-22 15:28:36] - [INFO] 
[2024-01-22 15:33:39] - [INFO] [WW/adminx449222] started check_P2V_user -xkey SARA27
[2024-01-22 15:33:39] - [INFO] [WW/adminx449222] on [SOMVAT502676] started [check_P2V_user]
[2024-01-22 15:33:43] - [INFO] loading userlist from tenant P2V_PRODTEST
[2024-01-22 15:39:13] - [INFO] [WW/adminx449222] started P2V_calculate_groups_bd 
[2024-01-22 15:39:14] - [INFO] [WW/adminx449222] on [SOMVAT502676] started [P2V_calculate_groups_bd]
[2024-01-22 15:42:15] - [INFO] loading userlist from tenant P2V_PRODTEST
[2024-01-22 15:44:26] - [INFO] loading userlist from tenant P2V_DEMO
[2024-01-22 15:47:02] - [INFO] [WW/adminx449222] started P2V_calculate_groups_bd 
[2024-01-22 15:47:03] - [INFO] [WW/adminx449222] on [SOMVAT502676] started [P2V_calculate_groups_bd]
[2024-01-22 15:47:55] - [INFO] loading userlist from tenant P2V_PRODTEST
[2024-01-22 15:49:24] - [INFO] loading userlist from tenant P2V_DEMO
[2024-01-22 15:50:38] - [INFO] [WW/adminx449222] started P2V_calculate_groups_bd 
[2024-01-22 15:50:38] - [INFO] [WW/adminx449222] on [SOMVAT502676] started [P2V_calculate_groups_bd]
[2024-01-22 15:51:43] - [INFO] loading userlist from tenant P2V_BENCHMARK
[2024-01-22 15:52:23] - [INFO] loading userlist from tenant P2V_PRODTEST
[2024-01-22 15:56:07] - [INFO] [WW/adminx449222] started P2V_calculate_groups_bd 
[2024-01-22 15:56:07] - [INFO] [WW/adminx449222] on [SOMVAT502676] started [P2V_calculate_groups_bd]
[2024-01-22 15:57:56] - [INFO] loading userlist from tenant P2V_DEMO
[2024-01-22 16:05:22] - [INFO] [WW/adminx449222] started P2V_check_data_access 
[2024-01-22 16:05:22] - [INFO] [WW/adminx449222] on [SOMVAT502676] started [P2V_check_data_access]
[2024-01-22 16:06:47] - [INFO] [WW/adminx449222] started P2V_calculate_groups_bd 
[2024-01-22 16:06:47] - [INFO] [WW/adminx449222] on [SOMVAT502676] started [P2V_calculate_groups_bd]
[2024-01-22 16:10:15] - [INFO] loading userlist from tenant P2V_PRODTEST
[2024-01-22 16:11:33] - [INFO] [WW/adminx449222] started P2V_check_data_access 
[2024-01-22 16:11:33] - [INFO] [WW/adminx449222] on [SOMVAT502676] started [P2V_check_data_access]
[2024-01-22 16:13:08] - [INFO] [WW/adminx449222] started P2V_calculate_groups_bd 
[2024-01-22 16:13:08] - [INFO] [WW/adminx449222] on [SOMVAT502676] started [P2V_calculate_groups_bd]
[2024-01-22 16:14:01] - [INFO] loading userlist from tenant P2V_PRODTEST
[2024-01-22 16:16:50] - [INFO] [WW/adminx449222] started P2V_calculate_groups_bd 
[2024-01-22 16:16:50] - [INFO] [WW/adminx449222] on [SOMVAT502676] started [P2V_calculate_groups_bd]
[2024-01-22 16:17:52] - [INFO] loading userlist from tenant P2V_BENCHMARK
[2024-01-23 07:51:21] - [INFO] [WW/adminx449222] started P2V_calculate_groups_bd 
[2024-01-23 07:51:22] - [INFO] [WW/adminx449222] on [SOMVAT502676] started [P2V_calculate_groups_bd]
[2024-01-23 07:54:28] - [INFO] loading userlist from tenant P2V_TRAINING
[2024-01-23 07:55:22] - [INFO] loading userlist from tenant P2V_BENCHMARK
[2024-01-23 08:15:37] - [INFO] [WW/adminx449222] started check_userprofile -xkey SARA27
[2024-01-23 08:15:37] - [INFO] [WW/adminx449222] on [SOMVAT502676] started [check_userprofile]
[2024-01-23 08:16:07] - [INFO] [WW/adminx449222] started check_P2V_user -xkey SARA27
[2024-01-23 08:16:07] - [INFO] [WW/adminx449222] on [SOMVAT502676] started [check_P2V_user]
[2024-01-23 08:16:12] - [INFO] loading userlist from tenant P2V_BENCHMARK
[2024-01-23 08:16:21] - [INFO] loading userlist from tenant P2V_DEMO
[2024-01-23 08:16:57] - [INFO] [WW/adminx449222] started P2V_export_AD_users 
[2024-01-23 08:16:58] - [INFO] [WW/adminx449222] on [SOMVAT502676] started [P2V_export_AD_users]
[2024-01-23 08:16:58] - [INFO] [\\somvat202005\PPS_share\P2V_UM_data\sec 2.0P2V_SAMLusers_profiles_AUTO.csv] deleted
