[2022-07-01 08:06:05] - [INFO] [WW/adminx449222] on [SOMVAT502676] started [get_AD_userdata]
[2022-07-01 08:10:01] - [INFO] [WW/adminx449222] on [SOMVAT502676] started [get_AD_userdata]
[2022-07-01 08:13:20] - [INFO] [WW/adminx449222] on [SOMVAT502676] started [get_AD_userdata]
[2022-07-01 08:13:53] - [INFO] [WW/adminx449222] on [SOMVAT502676] started [get_AD_userdata]
[2022-07-01 08:14:06] - [INFO] [WW/adminx449222] on [SOMVAT502676] started [get_AD_userdata]
[2022-07-01 08:14:48] - [INFO] [WW/adminx449222] on [SOMVAT502676] started [get_AD_userdata]
[2022-07-01 08:14:52] - [INFO] [WW/adminx449222] on [SOMVAT502676] started [get_AD_userdata]
[2022-07-01 08:16:57] - [INFO] [WW/adminx449222] on [SOMVAT502676] started [get_AD_userdata]
[2022-07-01 08:17:29] - [INFO] [\\somvat202005\PPS_share\P2V_UM_data\output\get_AD_userdata\export_list.csv] deleted
[2022-07-01 08:18:50] - [INFO] [WW/adminx449222] on [SOMVAT502676] started [get_AD_userdata]
[2022-07-01 08:18:57] - [INFO] [\\somvat202005\PPS_share\P2V_UM_data\output\get_AD_userdata\export_list.csv] deleted
[2022-07-01 08:19:29] - [INFO] [WW/adminx449222] on [SOMVAT502676] started [get_AD_userdata]
[2022-07-01 08:21:18] - [INFO] [WW/adminx449222] on [SOMVAT502676] started [P2V_super_sync-SEC2.ps1]
[2022-07-01 08:39:39] - [INFO] [\\somvat202005\PPS_share\P2V_UM_data\output\get_AD_userdata\export_list.csv] deleted
[2022-07-01 09:58:41] - [INFO] [WW/adminx449222] on [SOMVAT502676] started [get_AD_userdata]
[2022-07-01 10:02:12] - [INFO] [WW/adminx449222] on [SOMVAT502676] started [get_AD_userdata]
[2022-07-01 10:02:12] - [INFO] [\\somvat202005\PPS_share\P2V_UM_data\output\get_AD_userdata\export_list.csv] deleted
[2022-07-01 10:05:35] - [INFO] [WW/adminx449222] on [SOMVAT502676] started [get_AD_userdata]
[2022-07-01 10:05:35] - [INFO] [\\somvat202005\PPS_share\P2V_UM_data\output\get_AD_userdata\export_list.csv] deleted
[2022-07-01 10:06:13] - [INFO] [WW/adminx449222] on [SOMVAT502676] started [get_AD_userdata]
[2022-07-01 10:06:13] - [INFO] [\\somvat202005\PPS_share\P2V_UM_data\output\get_AD_userdata\export_list.csv] deleted
[2022-07-01 10:15:52] - [INFO] [WW/adminx449222] on [SOMVAT502676] started [P2V_super_sync-SEC2.ps1]
[2022-07-01 10:18:14] - [INFO] [WW/adminx449222] on [SOMVAT502676] started [P2V_super_sync-SEC2.ps1]
[2022-07-01 10:21:33] - [INFO] [WW/adminx449222] on [SOMVAT502676] started [get_AD_userdata]
[2022-07-01 10:21:33] - [INFO] [\\somvat202005\PPS_share\P2V_UM_data\output\get_AD_userdata\export_list.csv] deleted
[2022-07-01 10:34:58] - [INFO] [WW/adminx449222] on [SOMVAT502676] started [P2V_super_sync-SEC2.ps1]
[2022-07-01 10:37:56] - [INFO] [WW/adminx449222] on [SOMVAT502676] started [P2V_update_users.ps1]
[2022-07-01 10:40:23] - [INFO] [WW/adminx449222] on [SOMVAT502676] started [P2V_update_tenantusers]
[2022-07-01 10:51:29] - [INFO] [WW/adminx449222] on [SOMVAT502676] started [P2V_super_sync-SEC2.ps1]
[2022-07-01 11:14:15] - [INFO] [WW/adminx449222] on [SOMVAT502676] started [P2V_super_sync-SEC2.ps1]
[2022-07-01 11:21:20] - [INFO] [WW/adminx449222] on [SOMVAT502676] started [P2V_super_sync-SEC2.ps1]
[2022-07-01 11:25:00] - [INFO] [WW/adminx449222] on [SOMVAT502676] started [P2V_super_sync-SEC2.ps1]
[2022-07-01 11:31:05] - [INFO] [WW/adminx449222] on [SOMVAT502676] started [P2V_super_sync-SEC2.ps1]
[2022-07-01 11:36:46] - [INFO] [WW/adminx449222] on [SOMVAT502676] started [P2V_super_sync-SEC2.ps1]
[2022-07-01 11:40:51] - [INFO] [WW/adminx449222] on [SOMVAT502676] started [P2V_super_sync-SEC2.ps1]
[2022-07-01 11:42:54] - [INFO] [WW/adminx449222] on [SOMVAT502676] started [P2V_super_sync-SEC2.ps1]
[2022-07-01 11:48:25] - [INFO] [WW/adminx449222] on [SOMVAT502676] started [P2V_super_sync-SEC2.ps1]
[2022-07-01 11:51:59] - [INFO] [WW/adminx449222] on [SOMVAT502676] started [P2V_super_sync-SEC2.ps1]
[2022-07-01 11:55:38] - [INFO] [WW/adminx449222] on [SOMVAT502676] started [P2V_super_sync-SEC2.ps1]
[2022-07-01 11:58:08] - [INFO] [WW/adminx449222] on [SOMVAT502676] started [P2V_super_sync-SEC2.ps1]
[2022-07-01 11:59:33] - [INFO] [WW/adminx449222] on [SOMVAT502676] started [P2V_super_sync-SEC2.ps1]
[2022-07-01 12:00:43] - [INFO] [WW/adminx449222] on [SOMVAT502676] started [P2V_super_sync-SEC2.ps1]
[2022-07-01 12:02:16] - [INFO] [WW/adminx449222] on [SOMVAT502676] started [P2V_super_sync-SEC2.ps1]
[2022-07-01 12:03:45] - [INFO] [WW/adminx449222] on [SOMVAT502676] started [P2V_super_sync-SEC2.ps1]
[2022-07-01 12:05:26] - [INFO] [WW/adminx449222] on [SOMVAT502676] started [P2V_super_sync-SEC2.ps1]
[2022-07-01 12:07:51] - [INFO] [WW/adminx449222] on [SOMVAT502676] started [P2V_super_sync-SEC2.ps1]
[2022-07-01 12:11:27] - [INFO] [WW/adminx449222] on [SOMVAT502676] started [P2V_super_sync-SEC2.ps1]
[2022-07-01 12:15:04] - [INFO] [WW/adminx449222] on [SOMVAT502676] started [P2V_super_sync-SEC2.ps1]
[2022-07-01 12:15:46] - [INFO] [WW/adminx449222] on [SOMVAT502676] started [P2V_super_sync-SEC2.ps1]
[2022-07-01 12:22:00] - [INFO] [WW/adminx449222] on [SOMVAT502676] started [P2V_super_sync-SEC2.ps1]
[2022-07-01 12:24:42] - [INFO] [WW/adminx449222] on [SOMVAT502676] started [P2V_super_sync-SEC2.ps1]
[2022-07-01 12:25:40] - [INFO] [WW/adminx449222] on [SOMVAT502676] started [P2V_super_sync-SEC2.ps1]
[2022-07-01 12:26:30] - [INFO] [WW/adminx449222] on [SOMVAT502676] started [P2V_super_sync-SEC2.ps1]
[2022-07-01 12:29:12] - [INFO] [WW/adminx449222] on [SOMVAT502676] started [P2V_super_sync-SEC2.ps1]
[2022-07-01 14:06:57] - [INFO] [WW/adminx449222] on [SOMVAT502676] started [P2V_super_sync-SEC2.ps1]
[2022-07-01 14:09:53] - [INFO] [WW/adminx449222] on [SOMVAT502676] started [P2V_super_sync-SEC2.ps1]
[2022-07-01 14:49:14] - [INFO] [WW/adminx449222] on [SOMVAT502676] started [P2V_super_sync-SEC2.ps1]
[2022-07-01 14:53:09] - [INFO] [WW/adminx449222] on [SOMVAT502676] started [P2V_super_sync-SEC2.ps1]
[2022-07-01 15:02:14] - [INFO] [WW/adminx449222] on [SOMVAT502676] started [P2V_super_sync-SEC2.ps1]
[2022-07-01 15:14:38] - [INFO] [WW/adminx449222] on [SOMVAT502676] started [P2V_super_sync-SEC2.ps1]
[2022-07-01 15:27:01] - [INFO] [WW/adminx449222] on [SOMVAT502676] started [P2V_super_sync-SEC2.ps1]
[2022-07-01 15:28:43] - [INFO] [WW/adminx449222] on [SOMVAT502676] started [P2V_super_sync-SEC2.ps1]
[2022-07-01 15:32:55] - [INFO] [WW/adminx449222] on [SOMVAT502676] started [P2V_super_sync-SEC2.ps1]
[2022-07-01 15:33:50] - [INFO] [WW/adminx449222] on [SOMVAT502676] started [P2V_super_sync-SEC2.ps1]
[2022-07-01 15:35:36] - [INFO] [WW/adminx449222] on [SOMVAT502676] started [P2V_super_sync-SEC2.ps1]
[2022-07-01 15:36:29] - [INFO] [WW/adminx449222] on [SOMVAT502676] started [P2V_super_sync-SEC2.ps1]
[2022-07-01 15:44:06] - [INFO] [WW/adminx449222] on [SOMVAT502676] started [P2V_super_sync-SEC2.ps1]
[2022-07-01 15:44:36] - [INFO] [WW/adminx449222] on [SOMVAT502676] started [P2V_super_sync-SEC2.ps1]
[2022-07-01 15:46:05] - [INFO] [WW/adminx449222] on [SOMVAT502676] started [P2V_super_sync-SEC2.ps1]
[2022-07-01 15:47:17] - [INFO] [WW/adminx449222] on [SOMVAT502676] started [P2V_super_sync-SEC2.ps1]
[2022-07-01 15:59:04] - [INFO] [WW/adminx449222] on [SOMVAT502676] started [P2V_super_sync-SEC2.ps1]
[2022-07-01 16:02:36] - [INFO] [WW/adminx449222] on [SOMVAT502676] started [P2V_super_sync-SEC2.ps1]
[2022-07-01 16:09:07] - [INFO] [WW/adminx449222] on [SOMVAT502676] started [P2V_super_sync-SEC2.ps1]
[2022-07-01 17:13:53] - [INFO] [WW/adminx449222] on [SOMVAT502676] started [P2V_super_sync-SEC2.ps1]
[2022-07-03 09:14:55] - [INFO] [WW/adminx449222] on [SOMVAT502676] started [P2V_super_sync-SEC2.ps1]
