[2022-06-13 15:50:01] - [INFO] [WW/adminx449222] on [SOMVAT502676] started [P2V_rename_workgroup.ps1]
[2022-06-13 15:51:16] - [INFO] user=WW/adminx449222,script=P2V_rename_workgroup.ps1,tenant=P2V_PRODTEST,gid=233,bd.020.deny renamed to Z.BD.020.deny,[DONE]
[2022-06-13 15:51:16] - [INFO] user=WW/adminx449222,script=P2V_rename_workgroup.ps1,tenant=P2V_PRODTEST,gid=78,temp.adjust.ecoresults.deny renamed to T.ADJUST.ecoresults.deny,[DONE]
[2022-06-13 15:51:16] - [INFO] user=WW/adminx449222,script=P2V_rename_workgroup.ps1,tenant=P2V_PRODTEST,gid=150,data.Kurdistan.key renamed to data.Kurdistan.Planning,[DONE]
[2022-06-13 15:51:17] - [INFO] user=WW/adminx449222,script=P2V_rename_workgroup.ps1,tenant=P2V_PRODTEST,gid=168,profile.Finance.local renamed to A16.profile.Finance.Local,[DONE]
[2022-06-13 15:51:18] - [INFO] user=WW/adminx449222,script=P2V_rename_workgroup.ps1,tenant=P2V_PRODTEST,gid=119,profile.Economics.local renamed to A13.profile.Economics.local,[DONE]
[2022-06-13 15:51:18] - [INFO] user=WW/adminx449222,script=P2V_rename_workgroup.ps1,tenant=P2V_PRODTEST,gid=196,bd.002.allow renamed to Z.BD.002.allow,[DONE]
[2022-06-13 15:51:19] - [INFO] user=WW/adminx449222,script=P2V_rename_workgroup.ps1,tenant=P2V_PRODTEST,gid=110,profile.Admin.Developer renamed to X.profile.Admin.Developer.OLD,[DONE]
[2022-06-13 15:51:19] - [INFO] user=WW/adminx449222,script=P2V_rename_workgroup.ps1,tenant=P2V_PRODTEST,gid=162,data.Australia.key renamed to data.Australia.Planning,[DONE]
[2022-06-13 15:51:20] - [INFO] user=WW/adminx449222,script=P2V_rename_workgroup.ps1,tenant=P2V_PRODTEST,gid=228,bd.011.allow renamed to Z.BD.011.allow,[DONE]
[2022-06-13 15:51:20] - [INFO] user=WW/adminx449222,script=P2V_rename_workgroup.ps1,tenant=P2V_PRODTEST,gid=271,profile.Portfolio.Light renamed to A06.profile.FIN.ECO.PORT.Light,[DONE]
[2022-06-13 15:51:21] - [INFO] user=WW/adminx449222,script=P2V_rename_workgroup.ps1,tenant=P2V_PRODTEST,gid=248,bd.014.allow renamed to Z.BD.014.allow,[DONE]
[2022-06-13 15:51:21] - [INFO] user=WW/adminx449222,script=P2V_rename_workgroup.ps1,tenant=P2V_PRODTEST,gid=241,bd.016.deny renamed to Z.BD.016.deny,[DONE]
[2022-06-13 15:51:22] - [INFO] user=WW/adminx449222,script=P2V_rename_workgroup.ps1,tenant=P2V_PRODTEST,gid=231,bd.017.allow renamed to Z.BD.017.allow,[DONE]
[2022-06-13 15:51:22] - [INFO] user=WW/adminx449222,script=P2V_rename_workgroup.ps1,tenant=P2V_PRODTEST,gid=87,temp.adjust.fin.deny renamed to T.ADJUST.fin.deny,[DONE]
[2022-06-13 15:51:23] - [INFO] user=WW/adminx449222,script=P2V_rename_workgroup.ps1,tenant=P2V_PRODTEST,gid=139,profile.LightUser.local renamed to X.profile.LightUser.local.OLD,[DONE]
[2022-06-13 15:51:23] - [INFO] user=WW/adminx449222,script=P2V_rename_workgroup.ps1,tenant=P2V_PRODTEST,gid=49,temp.economics renamed to T.PRMS.economics,[DONE]
[2022-06-13 15:51:24] - [INFO] user=WW/adminx449222,script=P2V_rename_workgroup.ps1,tenant=P2V_PRODTEST,gid=62,data.Tunisia.Key renamed to data.Tunisia.Planning,[DONE]
[2022-06-13 15:51:24] - [INFO] user=WW/adminx449222,script=P2V_rename_workgroup.ps1,tenant=P2V_PRODTEST,gid=247,bd.009.allow renamed to Z.BD.009.allow,[DONE]
[2022-06-13 15:51:25] - [INFO] user=WW/adminx449222,script=P2V_rename_workgroup.ps1,tenant=P2V_PRODTEST,gid=239,bd.019.allow renamed to Z.BD.019.allow,[DONE]
[2022-06-13 15:51:26] - [INFO] user=WW/adminx449222,script=P2V_rename_workgroup.ps1,tenant=P2V_PRODTEST,gid=53,temp.admin.readonly renamed to T.PRMS.admin.readonly,[DONE]
[2022-06-13 15:51:26] - [INFO] user=WW/adminx449222,script=P2V_rename_workgroup.ps1,tenant=P2V_PRODTEST,gid=71,temp.ecoresults.readonly renamed to T.PRMS.ecoresults.readonly,[DONE]
[2022-06-13 15:51:27] - [INFO] user=WW/adminx449222,script=P2V_rename_workgroup.ps1,tenant=P2V_PRODTEST,gid=77,temp.adjust.ecoresults.readonly renamed to T.ADJUST.ecoresults.readonly,[DONE]
[2022-06-13 15:51:27] - [INFO] user=WW/adminx449222,script=P2V_rename_workgroup.ps1,tenant=P2V_PRODTEST,gid=73,temp.adjust.eco renamed to T.ADJUST.eco,[DONE]
[2022-06-13 15:51:28] - [INFO] user=WW/adminx449222,script=P2V_rename_workgroup.ps1,tenant=P2V_PRODTEST,gid=144,profile.Projectmanager renamed to A08.profile.Projectmanager.Classic,[DONE]
[2022-06-13 15:51:28] - [INFO] user=WW/adminx449222,script=P2V_rename_workgroup.ps1,tenant=P2V_PRODTEST,gid=202,bd.004.deny renamed to Z.BD.004.deny,[DONE]
[2022-06-13 15:51:29] - [INFO] user=WW/adminx449222,script=P2V_rename_workgroup.ps1,tenant=P2V_PRODTEST,gid=142,profile.Reserves.readonly renamed to A05.profile.Light.reserves,[DONE]
[2022-06-13 15:51:29] - [INFO] user=WW/adminx449222,script=P2V_rename_workgroup.ps1,tenant=P2V_PRODTEST,gid=147,profile.LightUser.Headoffice renamed to A04.profile.Light,[DONE]
[2022-06-13 15:51:30] - [INFO] user=WW/adminx449222,script=P2V_rename_workgroup.ps1,tenant=P2V_PRODTEST,gid=201,bd.005.allow renamed to Z.BD.005.allow,[DONE]
[2022-06-13 15:51:31] - [INFO] user=WW/adminx449222,script=P2V_rename_workgroup.ps1,tenant=P2V_PRODTEST,gid=113,profile.PetroVR renamed to A02.profile.PetroVR,[DONE]
[2022-06-13 15:51:31] - [INFO] user=WW/adminx449222,script=P2V_rename_workgroup.ps1,tenant=P2V_PRODTEST,gid=275,temp.calc renamed to T.PRMS.calc,[DONE]
[2022-06-13 15:51:32] - [INFO] user=WW/adminx449222,script=P2V_rename_workgroup.ps1,tenant=P2V_PRODTEST,gid=245,bd.015.allow renamed to Z.BD.015.allow,[DONE]
[2022-06-13 15:51:32] - [INFO] user=WW/adminx449222,script=P2V_rename_workgroup.ps1,tenant=P2V_PRODTEST,gid=278,temp.quicklook.readonly renamed to T.PRMS.quicklook.readonly,[DONE]
[2022-06-13 15:51:33] - [INFO] user=WW/adminx449222,script=P2V_rename_workgroup.ps1,tenant=P2V_PRODTEST,gid=205,bd.006.deny renamed to Z.BD.006.deny,[DONE]
[2022-06-13 15:51:34] - [INFO] user=WW/adminx449222,script=P2V_rename_workgroup.ps1,tenant=P2V_PRODTEST,gid=126,data.Georgia.key renamed to data.Georgia.Planning,[DONE]
[2022-06-13 15:51:34] - [INFO] user=WW/adminx449222,script=P2V_rename_workgroup.ps1,tenant=P2V_PRODTEST,gid=281,profile.Projectmanager.RO renamed to A07.profile.Projectmanager.Light,[DONE]
[2022-06-13 15:51:35] - [INFO] user=WW/adminx449222,script=P2V_rename_workgroup.ps1,tenant=P2V_PRODTEST,gid=125,profile.Resources.local renamed to X.profile.Resources.local,[DONE]
[2022-06-13 15:51:35] - [INFO] user=WW/adminx449222,script=P2V_rename_workgroup.ps1,tenant=P2V_PRODTEST,gid=102,bd.001.allow renamed to Z.BD.001.allow,[DONE]
[2022-06-13 15:51:36] - [INFO] user=WW/adminx449222,script=P2V_rename_workgroup.ps1,tenant=P2V_PRODTEST,gid=232,bd.018.deny renamed to Z.BD.018.deny,[DONE]
[2022-06-13 15:51:37] - [INFO] user=WW/adminx449222,script=P2V_rename_workgroup.ps1,tenant=P2V_PRODTEST,gid=206,bd.007.allow renamed to Z.BD.007.allow,[DONE]
[2022-06-13 15:51:37] - [INFO] user=WW/adminx449222,script=P2V_rename_workgroup.ps1,tenant=P2V_PRODTEST,gid=250,bd.010.allow renamed to Z.BD.010.allow,[DONE]
[2022-06-13 15:51:38] - [INFO] user=WW/adminx449222,script=P2V_rename_workgroup.ps1,tenant=P2V_PRODTEST,gid=76,temp.adjust.ecoresults renamed to T.ADJUST.ecoresults,[DONE]
[2022-06-13 15:51:39] - [INFO] user=WW/adminx449222,script=P2V_rename_workgroup.ps1,tenant=P2V_PRODTEST,gid=118,profile.Reserves.Headoffice.Power renamed to A22.profile.Reserves.Headoffice.Power,[DONE]
[2022-06-13 15:51:39] - [INFO] user=WW/adminx449222,script=P2V_rename_workgroup.ps1,tenant=P2V_PRODTEST,gid=229,bd.010.deny renamed to Z.BD.010.deny,[DONE]
[2022-06-13 15:51:40] - [INFO] user=WW/adminx449222,script=P2V_rename_workgroup.ps1,tenant=P2V_PRODTEST,gid=75,temp.adjust.eco.deny renamed to T.ADJUST.eco.deny,[DONE]
[2022-06-13 15:51:40] - [INFO] user=WW/adminx449222,script=P2V_rename_workgroup.ps1,tenant=P2V_PRODTEST,gid=50,temp.economics.readonly renamed to T.PRMS.economics.readonly,[DONE]
[2022-06-13 15:51:41] - [INFO] user=WW/adminx449222,script=P2V_rename_workgroup.ps1,tenant=P2V_PRODTEST,gid=60,temp.input.deny renamed to T.PRMS.input.deny,[DONE]
[2022-06-13 15:51:41] - [INFO] user=WW/adminx449222,script=P2V_rename_workgroup.ps1,tenant=P2V_PRODTEST,gid=83,temp.adjust.input renamed to T.ADJUST.input,[DONE]
[2022-06-13 15:51:42] - [INFO] user=WW/adminx449222,script=P2V_rename_workgroup.ps1,tenant=P2V_PRODTEST,gid=226,bd.012.allow renamed to Z.BD.012.allow,[DONE]
[2022-06-13 15:51:43] - [INFO] user=WW/adminx449222,script=P2V_rename_workgroup.ps1,tenant=P2V_PRODTEST,gid=159,data.Malaysia.key renamed to data.Malaysia.Planning,[DONE]
[2022-06-13 15:51:43] - [INFO] user=WW/adminx449222,script=P2V_rename_workgroup.ps1,tenant=P2V_PRODTEST,gid=51,temp.economics.deny renamed to T.PRMS.economics.deny,[DONE]
[2022-06-13 15:51:44] - [INFO] user=WW/adminx449222,script=P2V_rename_workgroup.ps1,tenant=P2V_PRODTEST,gid=244,bd.018.allow renamed to Z.BD.018.allow,[DONE]
[2022-06-13 15:51:44] - [INFO] user=WW/adminx449222,script=P2V_rename_workgroup.ps1,tenant=P2V_PRODTEST,gid=163,profile.Economics.Headoffice renamed to A15.profile.Economics.Headoffice,[DONE]
[2022-06-13 15:51:45] - [INFO] user=WW/adminx449222,script=P2V_rename_workgroup.ps1,tenant=P2V_PRODTEST,gid=85,temp.adjust.input.deny renamed to T.ADJUST.input.deny,[DONE]
[2022-06-13 15:51:45] - [INFO] user=WW/adminx449222,script=P2V_rename_workgroup.ps1,tenant=P2V_PRODTEST,gid=146,data.ArabEmirates.key renamed to data.ArabEmirates.Planning,[DONE]
[2022-06-13 15:51:46] - [INFO] user=WW/adminx449222,script=P2V_rename_workgroup.ps1,tenant=P2V_PRODTEST,gid=59,temp.input.readonly renamed to T.PRMS.input.readonly,[DONE]
[2022-06-13 15:51:46] - [INFO] user=WW/adminx449222,script=P2V_rename_workgroup.ps1,tenant=P2V_PRODTEST,gid=86,temp.adjust.admin.deny renamed to T.ADJUST.admin.deny,[DONE]
[2022-06-13 15:51:47] - [INFO] user=WW/adminx449222,script=P2V_rename_workgroup.ps1,tenant=P2V_PRODTEST,gid=54,temp.admin.deny renamed to T.PRMS.admin.deny,[DONE]
[2022-06-13 15:51:47] - [INFO] user=WW/adminx449222,script=P2V_rename_workgroup.ps1,tenant=P2V_PRODTEST,gid=207,bd.004.allow renamed to Z.BD.004.allow,[DONE]
[2022-06-13 15:51:48] - [INFO] user=WW/adminx449222,script=P2V_rename_workgroup.ps1,tenant=P2V_PRODTEST,gid=57,temp.financials.deny renamed to T.PRMS.financials.deny,[DONE]
[2022-06-13 15:51:48] - [INFO] user=WW/adminx449222,script=P2V_rename_workgroup.ps1,tenant=P2V_PRODTEST,gid=282,Input.Confirm.RO.PM renamed to Input.Confirm.PET,[DONE]
[2022-06-13 15:51:49] - [INFO] user=WW/adminx449222,script=P2V_rename_workgroup.ps1,tenant=P2V_PRODTEST,gid=199,bd.003.deny renamed to Z.BD.003.deny,[DONE]
[2022-06-13 15:51:50] - [INFO] user=WW/adminx449222,script=P2V_rename_workgroup.ps1,tenant=P2V_PRODTEST,gid=117,profile.Student.local renamed to X.profile.Student.local.OLD,[DONE]
[2022-06-13 15:51:50] - [INFO] user=WW/adminx449222,script=P2V_rename_workgroup.ps1,tenant=P2V_PRODTEST,gid=132,profile.Reserves.local.QRE renamed to A20.profile.Reserves.local.QRE,[DONE]
[2022-06-13 15:51:51] - [INFO] user=WW/adminx449222,script=P2V_rename_workgroup.ps1,tenant=P2V_PRODTEST,gid=197,bd.002.deny renamed to Z.BD.002.deny,[DONE]
[2022-06-13 15:51:51] - [INFO] user=WW/adminx449222,script=P2V_rename_workgroup.ps1,tenant=P2V_PRODTEST,gid=47,data.Russia.Key renamed to data.Russia.Planning,[DONE]
[2022-06-13 15:51:52] - [INFO] user=WW/adminx449222,script=P2V_rename_workgroup.ps1,tenant=P2V_PRODTEST,gid=80,temp.adjust.admin.readonly renamed to T.ADJUST.admin.readonly,[DONE]
[2022-06-13 15:51:53] - [INFO] user=WW/adminx449222,script=P2V_rename_workgroup.ps1,tenant=P2V_PRODTEST,gid=79,temp.adjust.admin renamed to T.ADJUST.admin,[DONE]
[2022-06-13 15:51:53] - [INFO] user=WW/adminx449222,script=P2V_rename_workgroup.ps1,tenant=P2V_PRODTEST,gid=240,bd.019.deny renamed to Z.BD.019.deny,[DONE]
[2022-06-13 15:51:53] - [INFO] user=WW/adminx449222,script=P2V_rename_workgroup.ps1,tenant=P2V_PRODTEST,gid=74,temp.adjust.eco.readonly renamed to T.ADJUST.eco.readonly,[DONE]
[2022-06-13 15:51:54] - [INFO] user=WW/adminx449222,script=P2V_rename_workgroup.ps1,tenant=P2V_PRODTEST,gid=141,profile.Finance.Regimes renamed to A17.profile.Finance.Regimes,[DONE]
[2022-06-13 15:51:55] - [INFO] user=WW/adminx449222,script=P2V_rename_workgroup.ps1,tenant=P2V_PRODTEST,gid=171,profile.Finance.Headoffice renamed to A18.profile.Finance.HeadOffice,[DONE]
[2022-06-13 15:51:55] - [INFO] user=WW/adminx449222,script=P2V_rename_workgroup.ps1,tenant=P2V_PRODTEST,gid=155,profile.PP.Headoffice renamed to A19.profile.Portfolio.Classic,[DONE]
[2022-06-13 15:51:55] - [INFO] user=WW/adminx449222,script=P2V_rename_workgroup.ps1,tenant=P2V_PRODTEST,gid=189,data.Sapura.Australia.key renamed to data.Sapura.Australia.Planning,[DONE]
[2022-06-13 15:51:56] - [INFO] user=WW/adminx449222,script=P2V_rename_workgroup.ps1,tenant=P2V_PRODTEST,gid=156,profile.Reserves.Headoffice.Approve renamed to A23.profile.Reserves.Headoffice.Approve,[DONE]
[2022-06-13 15:51:56] - [INFO] user=WW/adminx449222,script=P2V_rename_workgroup.ps1,tenant=P2V_PRODTEST,gid=235,bd.013.deny renamed to Z.BD.013.deny,[DONE]
[2022-06-13 15:51:57] - [INFO] user=WW/adminx449222,script=P2V_rename_workgroup.ps1,tenant=P2V_PRODTEST,gid=249,bd.011.deny renamed to Z.BD.011.deny,[DONE]
[2022-06-13 15:51:57] - [INFO] user=WW/adminx449222,script=P2V_rename_workgroup.ps1,tenant=P2V_PRODTEST,gid=192,data.OMVEP.Key renamed to data.OMVEP.Planning,[DONE]
[2022-06-13 15:51:58] - [INFO] user=WW/adminx449222,script=P2V_rename_workgroup.ps1,tenant=P2V_PRODTEST,gid=72,temp.ecoresults.deny renamed to T.PRMS.ecoresults.deny,[DONE]
[2022-06-13 15:51:58] - [INFO] user=WW/adminx449222,script=P2V_rename_workgroup.ps1,tenant=P2V_PRODTEST,gid=137,data.Bulgaria.key renamed to data.Bulgaria.Planning,[DONE]
[2022-06-13 15:51:59] - [INFO] user=WW/adminx449222,script=P2V_rename_workgroup.ps1,tenant=P2V_PRODTEST,gid=70,temp.ecoresults renamed to T.PRMS.ecoresults,[DONE]
[2022-06-13 15:52:00] - [INFO] user=WW/adminx449222,script=P2V_rename_workgroup.ps1,tenant=P2V_PRODTEST,gid=234,bd.008.deny renamed to Z.BD.008.deny,[DONE]
[2022-06-13 15:52:00] - [INFO] user=WW/adminx449222,script=P2V_rename_workgroup.ps1,tenant=P2V_PRODTEST,gid=251,bd.015.deny renamed to Z.BD.015.deny,[DONE]
[2022-06-13 15:52:01] - [INFO] user=WW/adminx449222,script=P2V_rename_workgroup.ps1,tenant=P2V_PRODTEST,gid=170,data.Romania.key renamed to data.Romania.Planning,[DONE]
[2022-06-13 15:52:01] - [INFO] user=WW/adminx449222,script=P2V_rename_workgroup.ps1,tenant=P2V_PRODTEST,gid=145,data.Mexico.key renamed to data.Mexico.Planning,[DONE]
[2022-06-13 15:52:02] - [INFO] user=WW/adminx449222,script=P2V_rename_workgroup.ps1,tenant=P2V_PRODTEST,gid=58,temp.input renamed to T.PRMS.input,[DONE]
[2022-06-13 15:52:02] - [INFO] user=WW/adminx449222,script=P2V_rename_workgroup.ps1,tenant=P2V_PRODTEST,gid=151,data.Yemen.key renamed to data.Yemen.Planning,[DONE]
[2022-06-13 15:52:03] - [INFO] user=WW/adminx449222,script=P2V_rename_workgroup.ps1,tenant=P2V_PRODTEST,gid=277,temp.quicklook renamed to T.PRMS.quicklook,[DONE]
[2022-06-13 15:52:03] - [INFO] user=WW/adminx449222,script=P2V_rename_workgroup.ps1,tenant=P2V_PRODTEST,gid=88,data.Corporate.key renamed to data.Corporate.Planning,[DONE]
[2022-06-13 15:52:04] - [INFO] user=WW/adminx449222,script=P2V_rename_workgroup.ps1,tenant=P2V_PRODTEST,gid=181,data.Sapura.NewZealand.key renamed to data.Sapura.NewZealand.Planning,[DONE]
[2022-06-13 15:52:04] - [INFO] user=WW/adminx449222,script=P2V_rename_workgroup.ps1,tenant=P2V_PRODTEST,gid=56,temp.financials.readonly renamed to T.PRMS.financials.readonly,[DONE]
[2022-06-13 15:52:05] - [INFO] user=WW/adminx449222,script=P2V_rename_workgroup.ps1,tenant=P2V_PRODTEST,gid=64,data.Libya.key renamed to data.Libya.Planning,[DONE]
[2022-06-13 15:52:05] - [INFO] user=WW/adminx449222,script=P2V_rename_workgroup.ps1,tenant=P2V_PRODTEST,gid=153,data.NewZealand.key renamed to data.NewZealand.Planning,[DONE]
[2022-06-13 15:52:06] - [INFO] user=WW/adminx449222,script=P2V_rename_workgroup.ps1,tenant=P2V_PRODTEST,gid=230,bd.009.deny renamed to Z.BD.009.deny,[DONE]
[2022-06-13 15:52:06] - [INFO] user=WW/adminx449222,script=P2V_rename_workgroup.ps1,tenant=P2V_PRODTEST,gid=246,bd.016.allow renamed to Z.BD.016.allow,[DONE]
[2022-06-13 15:52:07] - [INFO] user=WW/adminx449222,script=P2V_rename_workgroup.ps1,tenant=P2V_PRODTEST,gid=204,bd.005.deny renamed to Z.BD.005.deny,[DONE]
[2022-06-13 15:52:07] - [INFO] user=WW/adminx449222,script=P2V_rename_workgroup.ps1,tenant=P2V_PRODTEST,gid=124,profile.Admin.Headoffice renamed to X.profile.Admin.Headoffice.OLD,[DONE]
[2022-06-13 15:52:08] - [INFO] user=WW/adminx449222,script=P2V_rename_workgroup.ps1,tenant=P2V_PRODTEST,gid=227,bd.012.deny renamed to Z.BD.012.deny,[DONE]
[2022-06-13 15:52:08] - [INFO] user=WW/adminx449222,script=P2V_rename_workgroup.ps1,tenant=P2V_PRODTEST,gid=161,profile.Reserves.local.Approve renamed to X.profile.Reserves.local.Approve,[DONE]
[2022-06-13 15:52:09] - [INFO] user=WW/adminx449222,script=P2V_rename_workgroup.ps1,tenant=P2V_PRODTEST,gid=243,bd.008.allow renamed to Z.BD.008.allow,[DONE]
[2022-06-13 15:52:10] - [INFO] user=WW/adminx449222,script=P2V_rename_workgroup.ps1,tenant=P2V_PRODTEST,gid=237,bd.014.deny renamed to Z.BD.014.deny,[DONE]
[2022-06-13 15:52:10] - [INFO] user=WW/adminx449222,script=P2V_rename_workgroup.ps1,tenant=P2V_PRODTEST,gid=143,profile.PP.Headoffice.Power renamed to profile.PP.Headoffice.Power.OLD,[DONE]
[2022-06-13 15:52:11] - [INFO] user=WW/adminx449222,script=P2V_rename_workgroup.ps1,tenant=P2V_PRODTEST,gid=52,temp.admin renamed to T.PRMS.admin,[DONE]
[2022-06-13 15:52:11] - [INFO] user=WW/adminx449222,script=P2V_rename_workgroup.ps1,tenant=P2V_PRODTEST,gid=81,temp.adjust.fin renamed to T.ADJUST.fin,[DONE]
[2022-06-13 15:52:12] - [INFO] user=WW/adminx449222,script=P2V_rename_workgroup.ps1,tenant=P2V_PRODTEST,gid=157,profile.PP.local renamed to A10.PP.profile.Planning.Local,[DONE]
[2022-06-13 15:52:12] - [INFO] user=WW/adminx449222,script=P2V_rename_workgroup.ps1,tenant=P2V_PRODTEST,gid=82,temp.adjust.fin.readonly renamed to T.ADJUST.fin.readonly,[DONE]
[2022-06-13 15:52:13] - [INFO] user=WW/adminx449222,script=P2V_rename_workgroup.ps1,tenant=P2V_PRODTEST,gid=45,data.Austria.Key renamed to data.Austria.Planning,[DONE]
[2022-06-13 15:52:13] - [INFO] user=WW/adminx449222,script=P2V_rename_workgroup.ps1,tenant=P2V_PRODTEST,gid=135,profile.Resources.Headoffice renamed to PP.profile.Exploration.Assurance,[DONE]
[2022-06-13 15:52:14] - [INFO] user=WW/adminx449222,script=P2V_rename_workgroup.ps1,tenant=P2V_PRODTEST,gid=46,data.Norway.Key renamed to data.Norway.Planning,[DONE]
[2022-06-13 15:52:14] - [INFO] user=WW/adminx449222,script=P2V_rename_workgroup.ps1,tenant=P2V_PRODTEST,gid=238,bd.013.allow renamed to Z.BD.013.allow,[DONE]
[2022-06-13 15:52:15] - [INFO] user=WW/adminx449222,script=P2V_rename_workgroup.ps1,tenant=P2V_PRODTEST,gid=272,profile.Portfolio.Power renamed to profile.Portfolio.Power.OLD,[DONE]
[2022-06-13 15:52:15] - [INFO] user=WW/adminx449222,script=P2V_rename_workgroup.ps1,tenant=P2V_PRODTEST,gid=203,bd.006.allow renamed to Z.BD.006.allow,[DONE]
[2022-06-13 15:52:16] - [INFO] user=WW/adminx449222,script=P2V_rename_workgroup.ps1,tenant=P2V_PRODTEST,gid=175,profile.Reserves.Headoffice renamed to A21.profile.Reserves.Headoffice,[DONE]
[2022-06-13 15:52:16] - [INFO] user=WW/adminx449222,script=P2V_rename_workgroup.ps1,tenant=P2V_PRODTEST,gid=236,bd.017.deny renamed to Z.BD.017.deny,[DONE]
[2022-06-13 15:52:17] - [INFO] user=WW/adminx449222,script=P2V_rename_workgroup.ps1,tenant=P2V_PRODTEST,gid=276,temp.calc.readonly renamed to T.PRMS.calc.readonly,[DONE]
[2022-06-13 15:52:17] - [INFO] user=WW/adminx449222,script=P2V_rename_workgroup.ps1,tenant=P2V_PRODTEST,gid=84,temp.adjust.input.readonly renamed to T.ADJUST.input.readonly,[DONE]
[2022-06-13 15:52:18] - [INFO] user=WW/adminx449222,script=P2V_rename_workgroup.ps1,tenant=P2V_PRODTEST,gid=279,temp.quicklook.deny renamed to T.PRMS.quicklook.deny,[DONE]
[2022-06-13 15:52:18] - [INFO] user=WW/adminx449222,script=P2V_rename_workgroup.ps1,tenant=P2V_PRODTEST,gid=200,bd.007.deny renamed to Z.BD.007.deny,[DONE]
[2022-06-13 15:52:19] - [INFO] user=WW/adminx449222,script=P2V_rename_workgroup.ps1,tenant=P2V_PRODTEST,gid=103,bd.001.deny renamed to Z.BD.001.deny,[DONE]
[2022-06-13 15:52:19] - [INFO] user=WW/adminx449222,script=P2V_rename_workgroup.ps1,tenant=P2V_PRODTEST,gid=55,temp.financials renamed to T.PRMS.financials,[DONE]
[2022-06-13 15:52:20] - [INFO] user=WW/adminx449222,script=P2V_rename_workgroup.ps1,tenant=P2V_PRODTEST,gid=242,bd.020.allow renamed to Z.BD.020.allow,[DONE]
[2022-06-13 15:52:21] - [INFO] user=WW/adminx449222,script=P2V_rename_workgroup.ps1,tenant=P2V_PRODTEST,gid=25,Portfolio renamed to Portfolio.base,[DONE]
[2022-06-13 15:52:21] - [INFO] user=WW/adminx449222,script=P2V_rename_workgroup.ps1,tenant=P2V_PRODTEST,gid=274,temp.calc.deny renamed to T.PRMS.calc.deny,[DONE]
[2022-06-13 15:52:22] - [INFO] user=WW/adminx449222,script=P2V_rename_workgroup.ps1,tenant=P2V_PRODTEST,gid=198,bd.003.allow renamed to Z.BD.003.allow,[DONE]
[2022-06-13 15:53:39] - [INFO] [WW/adminx449222] on [SOMVAT502676] started [P2V_update_groups.ps1]
[2022-06-13 16:31:25] - [INFO] [WW/adminx449222] on [SOMVAT502676] started [P2V_rename_workgroup.ps1]
[2022-06-13 16:31:53] - [INFO] user=WW/adminx449222,script=P2V_rename_workgroup.ps1,tenant=P2V_PRODTEST,gid=233,Z.BD.020.deny renamed to bd.020.deny,[DONE]
[2022-06-13 16:31:54] - [INFO] user=WW/adminx449222,script=P2V_rename_workgroup.ps1,tenant=P2V_PRODTEST,gid=78,T.ADJUST.ecoresults.deny renamed to temp.adjust.ecoresults.deny,[DONE]
[2022-06-13 16:31:54] - [INFO] user=WW/adminx449222,script=P2V_rename_workgroup.ps1,tenant=P2V_PRODTEST,gid=150,data.Kurdistan.Planning renamed to data.Kurdistan.key,[DONE]
[2022-06-13 16:31:55] - [INFO] user=WW/adminx449222,script=P2V_rename_workgroup.ps1,tenant=P2V_PRODTEST,gid=168,A16.profile.Finance.Local renamed to profile.Finance.local,[DONE]
[2022-06-13 16:31:55] - [INFO] user=WW/adminx449222,script=P2V_rename_workgroup.ps1,tenant=P2V_PRODTEST,gid=119,A13.profile.Economics.local renamed to profile.Economics.local,[DONE]
[2022-06-13 16:31:56] - [INFO] user=WW/adminx449222,script=P2V_rename_workgroup.ps1,tenant=P2V_PRODTEST,gid=196,Z.BD.002.allow renamed to bd.002.allow,[DONE]
[2022-06-13 16:31:56] - [INFO] user=WW/adminx449222,script=P2V_rename_workgroup.ps1,tenant=P2V_PRODTEST,gid=110,X.profile.Admin.Developer.OLD renamed to profile.Admin.Developer,[DONE]
[2022-06-13 16:31:57] - [INFO] user=WW/adminx449222,script=P2V_rename_workgroup.ps1,tenant=P2V_PRODTEST,gid=162,data.Australia.Planning renamed to data.Australia.key,[DONE]
[2022-06-13 16:31:57] - [INFO] user=WW/adminx449222,script=P2V_rename_workgroup.ps1,tenant=P2V_PRODTEST,gid=228,Z.BD.011.allow renamed to bd.011.allow,[DONE]
[2022-06-13 16:31:58] - [INFO] user=WW/adminx449222,script=P2V_rename_workgroup.ps1,tenant=P2V_PRODTEST,gid=271,A06.profile.FIN.ECO.PORT.Light renamed to profile.Portfolio.Light,[DONE]
[2022-06-13 16:31:59] - [INFO] user=WW/adminx449222,script=P2V_rename_workgroup.ps1,tenant=P2V_PRODTEST,gid=248,Z.BD.014.allow renamed to bd.014.allow,[DONE]
[2022-06-13 16:31:59] - [INFO] user=WW/adminx449222,script=P2V_rename_workgroup.ps1,tenant=P2V_PRODTEST,gid=241,Z.BD.016.deny renamed to bd.016.deny,[DONE]
[2022-06-13 16:32:00] - [INFO] user=WW/adminx449222,script=P2V_rename_workgroup.ps1,tenant=P2V_PRODTEST,gid=231,Z.BD.017.allow renamed to bd.017.allow,[DONE]
[2022-06-13 16:32:00] - [INFO] user=WW/adminx449222,script=P2V_rename_workgroup.ps1,tenant=P2V_PRODTEST,gid=87,T.ADJUST.fin.deny renamed to temp.adjust.fin.deny,[DONE]
[2022-06-13 16:32:01] - [INFO] user=WW/adminx449222,script=P2V_rename_workgroup.ps1,tenant=P2V_PRODTEST,gid=139,X.profile.LightUser.local.OLD renamed to profile.LightUser.local,[DONE]
[2022-06-13 16:32:01] - [INFO] user=WW/adminx449222,script=P2V_rename_workgroup.ps1,tenant=P2V_PRODTEST,gid=49,T.PRMS.economics renamed to temp.economics,[DONE]
[2022-06-13 16:32:02] - [INFO] user=WW/adminx449222,script=P2V_rename_workgroup.ps1,tenant=P2V_PRODTEST,gid=62,data.Tunisia.Planning renamed to data.Tunisia.Key,[DONE]
[2022-06-13 16:32:03] - [INFO] user=WW/adminx449222,script=P2V_rename_workgroup.ps1,tenant=P2V_PRODTEST,gid=247,Z.BD.009.allow renamed to bd.009.allow,[DONE]
[2022-06-13 16:32:03] - [INFO] user=WW/adminx449222,script=P2V_rename_workgroup.ps1,tenant=P2V_PRODTEST,gid=239,Z.BD.019.allow renamed to bd.019.allow,[DONE]
[2022-06-13 16:32:04] - [INFO] user=WW/adminx449222,script=P2V_rename_workgroup.ps1,tenant=P2V_PRODTEST,gid=53,T.PRMS.admin.readonly renamed to temp.admin.readonly,[DONE]
[2022-06-13 16:32:04] - [INFO] user=WW/adminx449222,script=P2V_rename_workgroup.ps1,tenant=P2V_PRODTEST,gid=71,T.PRMS.ecoresults.readonly renamed to temp.ecoresults.readonly,[DONE]
[2022-06-13 16:32:05] - [INFO] user=WW/adminx449222,script=P2V_rename_workgroup.ps1,tenant=P2V_PRODTEST,gid=77,T.ADJUST.ecoresults.readonly renamed to temp.adjust.ecoresults.readonly,[DONE]
[2022-06-13 16:32:06] - [INFO] user=WW/adminx449222,script=P2V_rename_workgroup.ps1,tenant=P2V_PRODTEST,gid=73,T.ADJUST.eco renamed to temp.adjust.eco,[DONE]
[2022-06-13 16:32:06] - [INFO] user=WW/adminx449222,script=P2V_rename_workgroup.ps1,tenant=P2V_PRODTEST,gid=144,A08.profile.Projectmanager.Classic renamed to profile.Projectmanager,[DONE]
[2022-06-13 16:32:07] - [INFO] user=WW/adminx449222,script=P2V_rename_workgroup.ps1,tenant=P2V_PRODTEST,gid=202,Z.BD.004.deny renamed to bd.004.deny,[DONE]
[2022-06-13 16:32:07] - [INFO] user=WW/adminx449222,script=P2V_rename_workgroup.ps1,tenant=P2V_PRODTEST,gid=142,A05.profile.Light.reserves renamed to profile.Reserves.readonly,[DONE]
[2022-06-13 16:32:08] - [INFO] user=WW/adminx449222,script=P2V_rename_workgroup.ps1,tenant=P2V_PRODTEST,gid=147,A04.profile.Light renamed to profile.LightUser.Headoffice,[DONE]
[2022-06-13 16:32:09] - [INFO] user=WW/adminx449222,script=P2V_rename_workgroup.ps1,tenant=P2V_PRODTEST,gid=201,Z.BD.005.allow renamed to bd.005.allow,[DONE]
[2022-06-13 16:32:09] - [INFO] user=WW/adminx449222,script=P2V_rename_workgroup.ps1,tenant=P2V_PRODTEST,gid=113,A02.profile.PetroVR renamed to profile.PetroVR,[DONE]
[2022-06-13 16:32:10] - [INFO] user=WW/adminx449222,script=P2V_rename_workgroup.ps1,tenant=P2V_PRODTEST,gid=275,T.PRMS.calc renamed to temp.calc,[DONE]
[2022-06-13 16:32:11] - [INFO] user=WW/adminx449222,script=P2V_rename_workgroup.ps1,tenant=P2V_PRODTEST,gid=245,Z.BD.015.allow renamed to bd.015.allow,[DONE]
[2022-06-13 16:32:12] - [INFO] user=WW/adminx449222,script=P2V_rename_workgroup.ps1,tenant=P2V_PRODTEST,gid=278,T.PRMS.quicklook.readonly renamed to temp.quicklook.readonly,[DONE]
[2022-06-13 16:32:13] - [INFO] user=WW/adminx449222,script=P2V_rename_workgroup.ps1,tenant=P2V_PRODTEST,gid=205,Z.BD.006.deny renamed to bd.006.deny,[DONE]
[2022-06-13 16:32:13] - [INFO] user=WW/adminx449222,script=P2V_rename_workgroup.ps1,tenant=P2V_PRODTEST,gid=126,data.Georgia.Planning renamed to data.Georgia.key,[DONE]
[2022-06-13 16:32:14] - [INFO] user=WW/adminx449222,script=P2V_rename_workgroup.ps1,tenant=P2V_PRODTEST,gid=281,A07.profile.Projectmanager.Light renamed to profile.Projectmanager.RO,[DONE]
[2022-06-13 16:32:14] - [INFO] user=WW/adminx449222,script=P2V_rename_workgroup.ps1,tenant=P2V_PRODTEST,gid=125,X.profile.Resources.local renamed to profile.Resources.local,[DONE]
[2022-06-13 16:32:15] - [INFO] user=WW/adminx449222,script=P2V_rename_workgroup.ps1,tenant=P2V_PRODTEST,gid=102,Z.BD.001.allow renamed to bd.001.allow,[DONE]
[2022-06-13 16:32:16] - [INFO] user=WW/adminx449222,script=P2V_rename_workgroup.ps1,tenant=P2V_PRODTEST,gid=232,Z.BD.018.deny renamed to bd.018.deny,[DONE]
[2022-06-13 16:32:16] - [INFO] user=WW/adminx449222,script=P2V_rename_workgroup.ps1,tenant=P2V_PRODTEST,gid=206,Z.BD.007.allow renamed to bd.007.allow,[DONE]
[2022-06-13 16:32:17] - [INFO] user=WW/adminx449222,script=P2V_rename_workgroup.ps1,tenant=P2V_PRODTEST,gid=250,Z.BD.010.allow renamed to bd.010.allow,[DONE]
[2022-06-13 16:32:17] - [INFO] user=WW/adminx449222,script=P2V_rename_workgroup.ps1,tenant=P2V_PRODTEST,gid=76,T.ADJUST.ecoresults renamed to temp.adjust.ecoresults,[DONE]
[2022-06-13 16:32:18] - [INFO] user=WW/adminx449222,script=P2V_rename_workgroup.ps1,tenant=P2V_PRODTEST,gid=118,A22.profile.Reserves.Headoffice.Power renamed to profile.Reserves.Headoffice.Power,[DONE]
[2022-06-13 16:32:18] - [INFO] user=WW/adminx449222,script=P2V_rename_workgroup.ps1,tenant=P2V_PRODTEST,gid=229,Z.BD.010.deny renamed to bd.010.deny,[DONE]
[2022-06-13 16:32:19] - [INFO] user=WW/adminx449222,script=P2V_rename_workgroup.ps1,tenant=P2V_PRODTEST,gid=75,T.ADJUST.eco.deny renamed to temp.adjust.eco.deny,[DONE]
[2022-06-13 16:32:19] - [INFO] user=WW/adminx449222,script=P2V_rename_workgroup.ps1,tenant=P2V_PRODTEST,gid=50,T.PRMS.economics.readonly renamed to temp.economics.readonly,[DONE]
[2022-06-13 16:32:20] - [INFO] user=WW/adminx449222,script=P2V_rename_workgroup.ps1,tenant=P2V_PRODTEST,gid=60,T.PRMS.input.deny renamed to temp.input.deny,[DONE]
[2022-06-13 16:32:20] - [INFO] user=WW/adminx449222,script=P2V_rename_workgroup.ps1,tenant=P2V_PRODTEST,gid=83,T.ADJUST.input renamed to temp.adjust.input,[DONE]
[2022-06-13 16:32:21] - [INFO] user=WW/adminx449222,script=P2V_rename_workgroup.ps1,tenant=P2V_PRODTEST,gid=226,Z.BD.012.allow renamed to bd.012.allow,[DONE]
[2022-06-13 16:32:21] - [INFO] user=WW/adminx449222,script=P2V_rename_workgroup.ps1,tenant=P2V_PRODTEST,gid=159,data.Malaysia.Planning renamed to data.Malaysia.key,[DONE]
[2022-06-13 16:32:22] - [INFO] user=WW/adminx449222,script=P2V_rename_workgroup.ps1,tenant=P2V_PRODTEST,gid=51,T.PRMS.economics.deny renamed to temp.economics.deny,[DONE]
[2022-06-13 16:32:23] - [INFO] user=WW/adminx449222,script=P2V_rename_workgroup.ps1,tenant=P2V_PRODTEST,gid=244,Z.BD.018.allow renamed to bd.018.allow,[DONE]
[2022-06-13 16:32:23] - [INFO] user=WW/adminx449222,script=P2V_rename_workgroup.ps1,tenant=P2V_PRODTEST,gid=163,A15.profile.Economics.Headoffice renamed to profile.Economics.Headoffice,[DONE]
[2022-06-13 16:32:24] - [INFO] user=WW/adminx449222,script=P2V_rename_workgroup.ps1,tenant=P2V_PRODTEST,gid=85,T.ADJUST.input.deny renamed to temp.adjust.input.deny,[DONE]
[2022-06-13 16:32:24] - [INFO] user=WW/adminx449222,script=P2V_rename_workgroup.ps1,tenant=P2V_PRODTEST,gid=146,data.ArabEmirates.Planning renamed to data.ArabEmirates.key,[DONE]
[2022-06-13 16:32:25] - [INFO] user=WW/adminx449222,script=P2V_rename_workgroup.ps1,tenant=P2V_PRODTEST,gid=59,T.PRMS.input.readonly renamed to temp.input.readonly,[DONE]
[2022-06-13 16:32:25] - [INFO] user=WW/adminx449222,script=P2V_rename_workgroup.ps1,tenant=P2V_PRODTEST,gid=86,T.ADJUST.admin.deny renamed to temp.adjust.admin.deny,[DONE]
[2022-06-13 16:32:26] - [INFO] user=WW/adminx449222,script=P2V_rename_workgroup.ps1,tenant=P2V_PRODTEST,gid=54,T.PRMS.admin.deny renamed to temp.admin.deny,[DONE]
[2022-06-13 16:32:26] - [INFO] user=WW/adminx449222,script=P2V_rename_workgroup.ps1,tenant=P2V_PRODTEST,gid=207,Z.BD.004.allow renamed to bd.004.allow,[DONE]
[2022-06-13 16:32:27] - [INFO] user=WW/adminx449222,script=P2V_rename_workgroup.ps1,tenant=P2V_PRODTEST,gid=57,T.PRMS.financials.deny renamed to temp.financials.deny,[DONE]
[2022-06-13 16:32:28] - [INFO] user=WW/adminx449222,script=P2V_rename_workgroup.ps1,tenant=P2V_PRODTEST,gid=282,Input.Confirm.PET renamed to Input.Confirm.RO.PM,[DONE]
[2022-06-13 16:32:28] - [INFO] user=WW/adminx449222,script=P2V_rename_workgroup.ps1,tenant=P2V_PRODTEST,gid=199,Z.BD.003.deny renamed to bd.003.deny,[DONE]
[2022-06-13 16:32:29] - [INFO] user=WW/adminx449222,script=P2V_rename_workgroup.ps1,tenant=P2V_PRODTEST,gid=117,X.profile.Student.local.OLD renamed to profile.Student.local,[DONE]
[2022-06-13 16:32:29] - [INFO] user=WW/adminx449222,script=P2V_rename_workgroup.ps1,tenant=P2V_PRODTEST,gid=132,A20.profile.Reserves.local.QRE renamed to profile.Reserves.local.QRE,[DONE]
[2022-06-13 16:32:30] - [INFO] user=WW/adminx449222,script=P2V_rename_workgroup.ps1,tenant=P2V_PRODTEST,gid=197,Z.BD.002.deny renamed to bd.002.deny,[DONE]
[2022-06-13 16:32:30] - [INFO] user=WW/adminx449222,script=P2V_rename_workgroup.ps1,tenant=P2V_PRODTEST,gid=47,data.Russia.Planning renamed to data.Russia.Key,[DONE]
[2022-06-13 16:32:31] - [INFO] user=WW/adminx449222,script=P2V_rename_workgroup.ps1,tenant=P2V_PRODTEST,gid=80,T.ADJUST.admin.readonly renamed to temp.adjust.admin.readonly,[DONE]
[2022-06-13 16:32:31] - [INFO] user=WW/adminx449222,script=P2V_rename_workgroup.ps1,tenant=P2V_PRODTEST,gid=79,T.ADJUST.admin renamed to temp.adjust.admin,[DONE]
[2022-06-13 16:32:32] - [INFO] user=WW/adminx449222,script=P2V_rename_workgroup.ps1,tenant=P2V_PRODTEST,gid=240,Z.BD.019.deny renamed to bd.019.deny,[DONE]
[2022-06-13 16:32:33] - [INFO] user=WW/adminx449222,script=P2V_rename_workgroup.ps1,tenant=P2V_PRODTEST,gid=74,T.ADJUST.eco.readonly renamed to temp.adjust.eco.readonly,[DONE]
[2022-06-13 16:32:33] - [INFO] user=WW/adminx449222,script=P2V_rename_workgroup.ps1,tenant=P2V_PRODTEST,gid=141,A17.profile.Finance.Regimes renamed to profile.Finance.Regimes,[DONE]
[2022-06-13 16:32:34] - [INFO] user=WW/adminx449222,script=P2V_rename_workgroup.ps1,tenant=P2V_PRODTEST,gid=171,A18.profile.Finance.HeadOffice renamed to profile.Finance.Headoffice,[DONE]
[2022-06-13 16:32:34] - [INFO] user=WW/adminx449222,script=P2V_rename_workgroup.ps1,tenant=P2V_PRODTEST,gid=155,A19.profile.Portfolio.Classic renamed to profile.PP.Headoffice,[DONE]
[2022-06-13 16:32:35] - [INFO] user=WW/adminx449222,script=P2V_rename_workgroup.ps1,tenant=P2V_PRODTEST,gid=189,data.Sapura.Australia.Planning renamed to data.Sapura.Australia.key,[DONE]
[2022-06-13 16:32:35] - [INFO] user=WW/adminx449222,script=P2V_rename_workgroup.ps1,tenant=P2V_PRODTEST,gid=156,A23.profile.Reserves.Headoffice.Approve renamed to profile.Reserves.Headoffice.Approve,[DONE]
[2022-06-13 16:32:36] - [INFO] user=WW/adminx449222,script=P2V_rename_workgroup.ps1,tenant=P2V_PRODTEST,gid=235,Z.BD.013.deny renamed to bd.013.deny,[DONE]
[2022-06-13 16:32:37] - [INFO] user=WW/adminx449222,script=P2V_rename_workgroup.ps1,tenant=P2V_PRODTEST,gid=249,Z.BD.011.deny renamed to bd.011.deny,[DONE]
[2022-06-13 16:32:37] - [INFO] user=WW/adminx449222,script=P2V_rename_workgroup.ps1,tenant=P2V_PRODTEST,gid=192,data.OMVEP.Planning renamed to data.OMVEP.Key,[DONE]
[2022-06-13 16:32:38] - [INFO] user=WW/adminx449222,script=P2V_rename_workgroup.ps1,tenant=P2V_PRODTEST,gid=72,T.PRMS.ecoresults.deny renamed to temp.ecoresults.deny,[DONE]
[2022-06-13 16:32:38] - [INFO] user=WW/adminx449222,script=P2V_rename_workgroup.ps1,tenant=P2V_PRODTEST,gid=137,data.Bulgaria.Planning renamed to data.Bulgaria.key,[DONE]
[2022-06-13 16:32:39] - [INFO] user=WW/adminx449222,script=P2V_rename_workgroup.ps1,tenant=P2V_PRODTEST,gid=70,T.PRMS.ecoresults renamed to temp.ecoresults,[DONE]
[2022-06-13 16:32:39] - [INFO] user=WW/adminx449222,script=P2V_rename_workgroup.ps1,tenant=P2V_PRODTEST,gid=234,Z.BD.008.deny renamed to bd.008.deny,[DONE]
[2022-06-13 16:32:40] - [INFO] user=WW/adminx449222,script=P2V_rename_workgroup.ps1,tenant=P2V_PRODTEST,gid=251,Z.BD.015.deny renamed to bd.015.deny,[DONE]
[2022-06-13 16:32:40] - [INFO] user=WW/adminx449222,script=P2V_rename_workgroup.ps1,tenant=P2V_PRODTEST,gid=170,data.Romania.Planning renamed to data.Romania.key,[DONE]
[2022-06-13 16:32:41] - [INFO] user=WW/adminx449222,script=P2V_rename_workgroup.ps1,tenant=P2V_PRODTEST,gid=145,data.Mexico.Planning renamed to data.Mexico.key,[DONE]
[2022-06-13 16:32:41] - [INFO] user=WW/adminx449222,script=P2V_rename_workgroup.ps1,tenant=P2V_PRODTEST,gid=58,T.PRMS.input renamed to temp.input,[DONE]
[2022-06-13 16:32:42] - [INFO] user=WW/adminx449222,script=P2V_rename_workgroup.ps1,tenant=P2V_PRODTEST,gid=151,data.Yemen.Planning renamed to data.Yemen.key,[DONE]
[2022-06-13 16:32:42] - [INFO] user=WW/adminx449222,script=P2V_rename_workgroup.ps1,tenant=P2V_PRODTEST,gid=277,T.PRMS.quicklook renamed to temp.quicklook,[DONE]
[2022-06-13 16:32:43] - [INFO] user=WW/adminx449222,script=P2V_rename_workgroup.ps1,tenant=P2V_PRODTEST,gid=88,data.Corporate.Planning renamed to data.Corporate.key,[DONE]
[2022-06-13 16:32:43] - [INFO] user=WW/adminx449222,script=P2V_rename_workgroup.ps1,tenant=P2V_PRODTEST,gid=181,data.Sapura.NewZealand.Planning renamed to data.Sapura.NewZealand.key,[DONE]
[2022-06-13 16:32:44] - [INFO] user=WW/adminx449222,script=P2V_rename_workgroup.ps1,tenant=P2V_PRODTEST,gid=56,T.PRMS.financials.readonly renamed to temp.financials.readonly,[DONE]
[2022-06-13 16:32:45] - [INFO] user=WW/adminx449222,script=P2V_rename_workgroup.ps1,tenant=P2V_PRODTEST,gid=64,data.Libya.Planning renamed to data.Libya.key,[DONE]
[2022-06-13 16:32:45] - [INFO] user=WW/adminx449222,script=P2V_rename_workgroup.ps1,tenant=P2V_PRODTEST,gid=153,data.NewZealand.Planning renamed to data.NewZealand.key,[DONE]
[2022-06-13 16:32:46] - [INFO] user=WW/adminx449222,script=P2V_rename_workgroup.ps1,tenant=P2V_PRODTEST,gid=230,Z.BD.009.deny renamed to bd.009.deny,[DONE]
[2022-06-13 16:32:46] - [INFO] user=WW/adminx449222,script=P2V_rename_workgroup.ps1,tenant=P2V_PRODTEST,gid=246,Z.BD.016.allow renamed to bd.016.allow,[DONE]
[2022-06-13 16:32:47] - [INFO] user=WW/adminx449222,script=P2V_rename_workgroup.ps1,tenant=P2V_PRODTEST,gid=204,Z.BD.005.deny renamed to bd.005.deny,[DONE]
[2022-06-13 16:32:47] - [INFO] user=WW/adminx449222,script=P2V_rename_workgroup.ps1,tenant=P2V_PRODTEST,gid=124,X.profile.Admin.Headoffice.OLD renamed to profile.Admin.Headoffice,[DONE]
[2022-06-13 16:32:48] - [INFO] user=WW/adminx449222,script=P2V_rename_workgroup.ps1,tenant=P2V_PRODTEST,gid=227,Z.BD.012.deny renamed to bd.012.deny,[DONE]
[2022-06-13 16:32:48] - [INFO] user=WW/adminx449222,script=P2V_rename_workgroup.ps1,tenant=P2V_PRODTEST,gid=161,X.profile.Reserves.local.Approve renamed to profile.Reserves.local.Approve,[DONE]
[2022-06-13 16:32:49] - [INFO] user=WW/adminx449222,script=P2V_rename_workgroup.ps1,tenant=P2V_PRODTEST,gid=243,Z.BD.008.allow renamed to bd.008.allow,[DONE]
[2022-06-13 16:32:50] - [INFO] user=WW/adminx449222,script=P2V_rename_workgroup.ps1,tenant=P2V_PRODTEST,gid=237,Z.BD.014.deny renamed to bd.014.deny,[DONE]
[2022-06-13 16:32:50] - [INFO] user=WW/adminx449222,script=P2V_rename_workgroup.ps1,tenant=P2V_PRODTEST,gid=143,profile.PP.Headoffice.Power.OLD renamed to profile.PP.Headoffice.Power,[DONE]
[2022-06-13 16:32:51] - [INFO] user=WW/adminx449222,script=P2V_rename_workgroup.ps1,tenant=P2V_PRODTEST,gid=52,T.PRMS.admin renamed to temp.admin,[DONE]
[2022-06-13 16:32:51] - [INFO] user=WW/adminx449222,script=P2V_rename_workgroup.ps1,tenant=P2V_PRODTEST,gid=81,T.ADJUST.fin renamed to temp.adjust.fin,[DONE]
[2022-06-13 16:32:52] - [INFO] user=WW/adminx449222,script=P2V_rename_workgroup.ps1,tenant=P2V_PRODTEST,gid=157,A10.PP.profile.Planning.Local renamed to profile.PP.local,[DONE]
[2022-06-13 16:32:53] - [INFO] user=WW/adminx449222,script=P2V_rename_workgroup.ps1,tenant=P2V_PRODTEST,gid=82,T.ADJUST.fin.readonly renamed to temp.adjust.fin.readonly,[DONE]
[2022-06-13 16:32:53] - [INFO] user=WW/adminx449222,script=P2V_rename_workgroup.ps1,tenant=P2V_PRODTEST,gid=45,data.Austria.Planning renamed to data.Austria.Key,[DONE]
[2022-06-13 16:32:54] - [INFO] user=WW/adminx449222,script=P2V_rename_workgroup.ps1,tenant=P2V_PRODTEST,gid=135,PP.profile.Exploration.Assurance renamed to profile.Resources.Headoffice,[DONE]
[2022-06-13 16:32:54] - [INFO] user=WW/adminx449222,script=P2V_rename_workgroup.ps1,tenant=P2V_PRODTEST,gid=46,data.Norway.Planning renamed to data.Norway.Key,[DONE]
[2022-06-13 16:32:55] - [INFO] user=WW/adminx449222,script=P2V_rename_workgroup.ps1,tenant=P2V_PRODTEST,gid=238,Z.BD.013.allow renamed to bd.013.allow,[DONE]
[2022-06-13 16:32:55] - [INFO] user=WW/adminx449222,script=P2V_rename_workgroup.ps1,tenant=P2V_PRODTEST,gid=272,profile.Portfolio.Power.OLD renamed to profile.Portfolio.Power,[DONE]
[2022-06-13 16:32:56] - [INFO] user=WW/adminx449222,script=P2V_rename_workgroup.ps1,tenant=P2V_PRODTEST,gid=203,Z.BD.006.allow renamed to bd.006.allow,[DONE]
[2022-06-13 16:32:56] - [INFO] user=WW/adminx449222,script=P2V_rename_workgroup.ps1,tenant=P2V_PRODTEST,gid=175,A21.profile.Reserves.Headoffice renamed to profile.Reserves.Headoffice,[DONE]
[2022-06-13 16:32:57] - [INFO] user=WW/adminx449222,script=P2V_rename_workgroup.ps1,tenant=P2V_PRODTEST,gid=236,Z.BD.017.deny renamed to bd.017.deny,[DONE]
[2022-06-13 16:32:58] - [INFO] user=WW/adminx449222,script=P2V_rename_workgroup.ps1,tenant=P2V_PRODTEST,gid=276,T.PRMS.calc.readonly renamed to temp.calc.readonly,[DONE]
[2022-06-13 16:32:58] - [INFO] user=WW/adminx449222,script=P2V_rename_workgroup.ps1,tenant=P2V_PRODTEST,gid=84,T.ADJUST.input.readonly renamed to temp.adjust.input.readonly,[DONE]
[2022-06-13 16:32:59] - [INFO] user=WW/adminx449222,script=P2V_rename_workgroup.ps1,tenant=P2V_PRODTEST,gid=279,T.PRMS.quicklook.deny renamed to temp.quicklook.deny,[DONE]
[2022-06-13 16:32:59] - [INFO] user=WW/adminx449222,script=P2V_rename_workgroup.ps1,tenant=P2V_PRODTEST,gid=200,Z.BD.007.deny renamed to bd.007.deny,[DONE]
[2022-06-13 16:33:00] - [INFO] user=WW/adminx449222,script=P2V_rename_workgroup.ps1,tenant=P2V_PRODTEST,gid=103,Z.BD.001.deny renamed to bd.001.deny,[DONE]
[2022-06-13 16:33:01] - [INFO] user=WW/adminx449222,script=P2V_rename_workgroup.ps1,tenant=P2V_PRODTEST,gid=55,T.PRMS.financials renamed to temp.financials,[DONE]
[2022-06-13 16:33:01] - [INFO] user=WW/adminx449222,script=P2V_rename_workgroup.ps1,tenant=P2V_PRODTEST,gid=242,Z.BD.020.allow renamed to bd.020.allow,[DONE]
[2022-06-13 16:33:02] - [INFO] user=WW/adminx449222,script=P2V_rename_workgroup.ps1,tenant=P2V_PRODTEST,gid=25,Portfolio.base renamed to Portfolio,[DONE]
[2022-06-13 16:33:02] - [INFO] user=WW/adminx449222,script=P2V_rename_workgroup.ps1,tenant=P2V_PRODTEST,gid=274,T.PRMS.calc.deny renamed to temp.calc.deny,[DONE]
[2022-06-13 16:33:03] - [INFO] user=WW/adminx449222,script=P2V_rename_workgroup.ps1,tenant=P2V_PRODTEST,gid=198,Z.BD.003.allow renamed to bd.003.allow,[DONE]
[2022-06-20 16:30:52] - [INFO] [WW/adminx449222] on [SOMVAT502676] started [P2V_update_WG_roles.ps1]
