[2023-05-24 09:21:53] - [INFO] [WW/adminx449222] on [SOMVAT502676] started [P2V_update_groups.ps1]
[2023-05-24 09:22:26] - [INFO] [WW/adminx449222] on [SOMVAT502676] started [P2V_update_groups.ps1]
[2023-05-24 09:36:30] - [INFO] [WW/adminx449222] on [SOMVAT502676] started [P2V_update_groups.ps1]
[2023-05-24 09:38:44] - [INFO] [WW/adminx449222] on [SOMVAT502676] started [P2V_update_groups.ps1]
[2023-05-24 09:43:35] - [INFO] [WW/adminx449222] on [SOMVAT502676] started [P2V_update_groups.ps1]
[2023-05-24 09:45:17] - [INFO] [WW/adminx449222] on [SOMVAT502676] started [P2V_update_groups.ps1]
[2023-05-24 09:52:07] - [INFO] [WW/adminx449222] on [SOMVAT502676] started [P2V_update_groups.ps1]
[2023-05-24 09:53:53] - [INFO] [WW/adminx449222] on [SOMVAT502676] started [P2V_update_groups.ps1]
[2023-05-24 11:25:28] - [INFO] [WW/adminx449222] on [SOMVAT502676] started [P2V_update_groups.ps1]
[2023-05-24 12:03:45] - [INFO] [WW/adminx449222] on [SOMVAT502676] started [P2V_rename_workgroup.ps1]
[2023-05-24 12:04:31] - [INFO] user=WW/adminx449222,script=P2V_rename_workgroup.ps1,tenant=P2V_PRODTEST,gid=401,data.Germany renamed to data.Germany.PRMS,[DONE]
[2023-05-24 12:04:32] - [INFO] user=WW/adminx449222,script=P2V_rename_workgroup.ps1,tenant=P2V_PRODTEST,gid=148,data.Yemen renamed to data.Yemen.PRMS,[DONE]
[2023-05-24 12:04:32] - [INFO] user=WW/adminx449222,script=P2V_rename_workgroup.ps1,tenant=P2V_PRODTEST,gid=409,data.Croatia renamed to data.Croatia.PRMS,[DONE]
[2023-05-24 12:04:33] - [INFO] user=WW/adminx449222,script=P2V_rename_workgroup.ps1,tenant=P2V_PRODTEST,gid=169,data.Malaysia renamed to data.Malaysia.PRMS,[DONE]
[2023-05-24 12:04:34] - [INFO] user=WW/adminx449222,script=P2V_rename_workgroup.ps1,tenant=P2V_PRODTEST,gid=10,data.Norway renamed to data.Norway.PRMS,[DONE]
[2023-05-24 12:04:34] - [INFO] user=WW/adminx449222,script=P2V_rename_workgroup.ps1,tenant=P2V_PRODTEST,gid=123,data.Romania renamed to data.Romania.PRMS,[DONE]
[2023-05-24 12:04:35] - [INFO] user=WW/adminx449222,script=P2V_rename_workgroup.ps1,tenant=P2V_PRODTEST,gid=8,data.Corporate renamed to data.Corporate.PRMS,[DONE]
[2023-05-24 12:04:36] - [INFO] user=WW/adminx449222,script=P2V_rename_workgroup.ps1,tenant=P2V_PRODTEST,gid=11,data.Russia renamed to data.Russia.PRMS,[DONE]
[2023-05-24 12:04:37] - [INFO] user=WW/adminx449222,script=P2V_rename_workgroup.ps1,tenant=P2V_PRODTEST,gid=134,data.ArabEmirates renamed to data.ArabEmirates.PRMS,[DONE]
[2023-05-24 12:04:38] - [INFO] user=WW/adminx449222,script=P2V_rename_workgroup.ps1,tenant=P2V_PRODTEST,gid=61,data.Tunisia renamed to data.Tunisia.PRMS,[DONE]
[2023-05-24 12:04:38] - [INFO] user=WW/adminx449222,script=P2V_rename_workgroup.ps1,tenant=P2V_PRODTEST,gid=63,data.Libya renamed to data.Libya.PRMS,[DONE]
[2023-05-24 12:04:39] - [INFO] user=WW/adminx449222,script=P2V_rename_workgroup.ps1,tenant=P2V_PRODTEST,gid=184,data.Sapura.NewZealand renamed to data.Sapura.NewZealand.PRMS,[DONE]
[2023-05-24 12:04:40] - [INFO] user=WW/adminx449222,script=P2V_rename_workgroup.ps1,tenant=P2V_PRODTEST,gid=149,data.Georgia renamed to data.Georgia.PRMS,[DONE]
[2023-05-24 12:04:40] - [INFO] user=WW/adminx449222,script=P2V_rename_workgroup.ps1,tenant=P2V_PRODTEST,gid=9,data.Austria renamed to data.Austria.PRMS,[DONE]
[2023-05-24 12:04:41] - [INFO] user=WW/adminx449222,script=P2V_rename_workgroup.ps1,tenant=P2V_PRODTEST,gid=158,data.Mexico renamed to data.Mexico.PRMS,[DONE]
[2023-05-24 12:04:41] - [INFO] user=WW/adminx449222,script=P2V_rename_workgroup.ps1,tenant=P2V_PRODTEST,gid=407,data.Hungary renamed to data.Hungary.PRMS,[DONE]
[2023-05-24 12:04:42] - [INFO] user=WW/adminx449222,script=P2V_rename_workgroup.ps1,tenant=P2V_PRODTEST,gid=112,data.Australia renamed to data.Australia.PRMS,[DONE]
[2023-05-24 12:04:43] - [INFO] user=WW/adminx449222,script=P2V_rename_workgroup.ps1,tenant=P2V_PRODTEST,gid=416,data.Switzerland renamed to data.Switzerland.PRMS,[DONE]
[2023-05-24 12:04:43] - [INFO] user=WW/adminx449222,script=P2V_rename_workgroup.ps1,tenant=P2V_PRODTEST,gid=164,data.Bulgaria renamed to data.Bulgaria.PRMS,[DONE]
[2023-05-24 12:04:44] - [INFO] user=WW/adminx449222,script=P2V_rename_workgroup.ps1,tenant=P2V_PRODTEST,gid=138,data.Kurdistan renamed to data.Kurdistan.PRMS,[DONE]
[2023-05-24 12:04:45] - [INFO] user=WW/adminx449222,script=P2V_rename_workgroup.ps1,tenant=P2V_PRODTEST,gid=182,data.Sapura.Australia renamed to data.Sapura.Australia.PRMS,[DONE]
[2023-05-24 12:04:45] - [INFO] user=WW/adminx449222,script=P2V_rename_workgroup.ps1,tenant=P2V_PRODTEST,gid=115,data.NewZealand renamed to data.NewZealand.PRMS,[DONE]
[2023-05-24 12:04:46] - [INFO] user=WW/adminx449222,script=P2V_rename_workgroup.ps1,tenant=P2V_PRODTEST,gid=193,data.OMVEP renamed to data.OMVEP.PRMS,[DONE]
[2023-05-24 12:05:03] - [INFO] [WW/adminx449222] on [SOMVAT502676] started [P2V_update_groups.ps1]
[2023-05-25 15:23:32] - [INFO] [WW/adminx449222] on [SOMVAT502676] started [P2V_super_sync-SEC2.ps1]
