[2023-04-13 13:25:12] - [INFO] [WW/adminx449222] on [SOMVAT502676] started [check_userprofile]
[2023-04-13 13:26:02] - [INFO] [WW/adminx449222] on [SOMVAT502676] started [check_P2V_user]
[2023-04-13 13:28:14] - [INFO] [WW/adminx449222] on [SOMVAT502676] started [check_userprofile]
[2023-04-13 13:28:25] - [INFO] [WW/adminx449222] on [SOMVAT502676] started [P2V_super_sync]
[2023-04-13 13:29:29] - [INFO] [WW/adminx449222] on [SOMVAT502676] started [check_userprofile]
[2023-04-13 13:35:33] - [INFO] [WW/adminx449222] on [SOMVAT502676] started [P2V_super_sync-SEC2.ps1]
[2023-04-13 13:36:50] - [INFO] user=WW/adminx449222,script=P2V_super_sync-SEC2.ps1,tenant=P2V_TRAINING,uid=695/Victor.BrotoPalomera@omv.com,gid=/userworkgroups/374 /userworkgroups/379 /userworkgroups/383 /userworkgroups/393 /userworkgroups/387 /userworkgroups/378 /userworkgroups/385 /userworkgroups/392 /userworkgroups/389 /userworkgroups/386,add add add add add add add add add add,[DONE]
[2023-04-13 13:38:13] - [INFO] [WW/adminx449222] on [SOMVAT502676] started [check_userprofile]
[2023-04-13 13:46:19] - [INFO] [WW/adminx449222] on [SOMVAT502676] started [check_userprofile]
[2023-04-13 13:47:47] - [INFO] [WW/adminx449222] on [SOMVAT502676] started [check_userprofile]
[2023-04-13 13:50:30] - [INFO] [WW/adminx449222] on [SOMVAT502676] started [P2V_super_sync-SEC2.ps1]
[2023-04-13 13:51:39] - [INFO] user=WW/adminx449222,script=P2V_super_sync-SEC2.ps1,tenant=P2V_TRAINING,uid=411/AndradaSimina.Fortelny@omv.com,gid=/userworkgroups/157 /userworkgroups/88 /userworkgroups/21 /userworkgroups/65 /userworkgroups/79 /userworkgroups/292 /userworkgroups/52 /userworkgroups/234 /userworkgroups/230 /userworkgroups/229 /userworkgroups/249 /userworkgroups/227 /userworkgroups/237 /userworkgroups/334 /userworkgroups/80 /userworkgroups/53 /userworkgroups/24 /userworkgroups/155 /userworkgroups/144 /userworkgroups/374 /userworkgroups/379 /userworkgroups/383 /userworkgroups/393 /userworkgroups/387 /userworkgroups/378 /userworkgroups/385 /userworkgroups/392 /userworkgroups/389 /userworkgroups/386 /userworkgroups/252 /userworkgroups/104 /userworkgroups/243 /userworkgroups/247 /userworkgroups/250 /userworkgroups/228 /userworkgroups/226 /userworkgroups/248,remove remove remove remove remove remove remove remove remove remove remove remove remove add add add add add add add add add add add add add add add add add add add add add add add add,[DONE]
[2023-04-13 13:51:50] - [INFO] user=WW/adminx449222,script=P2V_super_sync-SEC2.ps1,tenant=P2V_TRAINING,uid=480/Michael.Bierbaumer@omv.com,gid=/userworkgroups/147 /userworkgroups/72 /userworkgroups/71 /userworkgroups/66 /userworkgroups/142 /userworkgroups/135 /userworkgroups/44 /userworkgroups/374 /userworkgroups/379 /userworkgroups/383 /userworkgroups/393 /userworkgroups/387 /userworkgroups/378 /userworkgroups/385 /userworkgroups/392 /userworkgroups/389 /userworkgroups/386,remove remove add add add add add add add add add add add add add add add,[DONE]
[2023-04-13 13:52:12] - [INFO] user=WW/adminx449222,script=P2V_super_sync-SEC2.ps1,tenant=P2V-PROD,uid=411/AndradaSimina.Fortelny@omv.com,gid=/userworkgroups/157 /userworkgroups/88 /userworkgroups/21 /userworkgroups/65 /userworkgroups/79 /userworkgroups/292 /userworkgroups/52 /userworkgroups/234 /userworkgroups/230 /userworkgroups/229 /userworkgroups/249 /userworkgroups/227 /userworkgroups/237 /userworkgroups/334 /userworkgroups/80 /userworkgroups/53 /userworkgroups/24 /userworkgroups/155 /userworkgroups/144 /userworkgroups/376 /userworkgroups/381 /userworkgroups/385 /userworkgroups/395 /userworkgroups/389 /userworkgroups/380 /userworkgroups/387 /userworkgroups/394 /userworkgroups/391 /userworkgroups/388 /userworkgroups/252 /userworkgroups/104 /userworkgroups/243 /userworkgroups/247 /userworkgroups/250 /userworkgroups/228 /userworkgroups/226 /userworkgroups/248,remove remove remove remove remove remove remove remove remove remove remove remove remove add add add add add add add add add add add add add add add add add add add add add add add add,[DONE]
[2023-04-13 13:52:42] - [INFO] user=WW/adminx449222,script=P2V_super_sync-SEC2.ps1,tenant=P2V-PROD,uid=480/Michael.Bierbaumer@omv.com,gid=/userworkgroups/147 /userworkgroups/72 /userworkgroups/243 /userworkgroups/71 /userworkgroups/66 /userworkgroups/142 /userworkgroups/135 /userworkgroups/44 /userworkgroups/234 /userworkgroups/349 /userworkgroups/339,remove remove remove add add add add add add add add,[DONE]
[2023-04-13 14:47:50] - [INFO] [WW/adminx449222] on [SOMVAT502676] started [P2V_super_sync-SEC2.ps1]
[2023-04-13 14:49:50] - [INFO] user=WW/adminx449222,script=P2V_super_sync-SEC2.ps1,tenant=P2V_TRAINING,uid=480/Michael.Bierbaumer@omv.com,gid=/userworkgroups/59 /userworkgroups/58 /userworkgroups/48 /userworkgroups/144 /userworkgroups/25,remove add add add add,[DONE]
[2023-04-13 14:50:04] - [INFO] user=WW/adminx449222,script=P2V_super_sync-SEC2.ps1,tenant=P2V-PROD,uid=480/Michael.Bierbaumer@omv.com,gid=/userworkgroups/59 /userworkgroups/243 /userworkgroups/58 /userworkgroups/48 /userworkgroups/144 /userworkgroups/25 /userworkgroups/234,remove remove add add add add add,[DONE]
[2023-04-13 14:52:06] - [INFO] [WW/adminx449222] on [SOMVAT502676] started [P2V_export_users]
[2023-04-13 14:52:06] - [INFO] [\\somvat202005\PPS_share\P2V_UM_data\output\\Myusers.csv] deleted
[2023-04-13 14:52:06] - [INFO] [\\somvat202005\PPS_share\P2V_UM_data\output\dashboard\all_users.csv] deleted
[2023-04-13 14:52:06] - [INFO] [\\somvat202005\PPS_share\P2V_UM_data\output\dashboard\all_groups.csv] deleted
[2023-04-13 14:52:06] - [INFO] [\\somvat202005\PPS_share\P2V_UM_data\output\dashboard\all_user_groups.csv] deleted
[2023-04-13 14:52:15] - [INFO] [\\somvat202005\PPS_share\P2V_UM_data\output\\P2V-PROD-groups.csv] deleted
[2023-04-13 14:52:37] - [INFO] [\\somvat202005\PPS_share\P2V_UM_data\output\\P2V-PROD-users.csv] deleted
[2023-04-13 15:24:11] - [INFO] [WW/adminx449222] on [SOMVAT502676] started [P2V_export_users]
[2023-04-13 15:24:11] - [INFO] [\\somvat202005\PPS_share\P2V_UM_data\output\dashboard\all_users.csv] deleted
[2023-04-13 15:24:11] - [INFO] [\\somvat202005\PPS_share\P2V_UM_data\output\dashboard\all_groups.csv] deleted
[2023-04-13 15:24:11] - [INFO] [\\somvat202005\PPS_share\P2V_UM_data\output\dashboard\all_user_groups.csv] deleted
[2023-04-13 15:25:36] - [INFO] [WW/adminx449222] on [SOMVAT502676] started [P2V_super_sync-SEC2.ps1]
[2023-04-13 15:26:57] - [INFO] user=WW/adminx449222,script=P2V_super_sync-SEC2.ps1,tenant=P2V_TRAINING,uid=480/Michael.Bierbaumer@omv.com,gid=/userworkgroups/142 /userworkgroups/66 /userworkgroups/71 /userworkgroups/72,remove remove remove add,[DONE]
[2023-04-13 15:27:28] - [INFO] user=WW/adminx449222,script=P2V_super_sync-SEC2.ps1,tenant=P2V_TRAINING,uid=411/AndradaSimina.Fortelny@omv.com,gid=/userworkgroups/155 /userworkgroups/252 /userworkgroups/331 /userworkgroups/314 /userworkgroups/24 /userworkgroups/177 /userworkgroups/309 /userworkgroups/121 /userworkgroups/80 /userworkgroups/53 /userworkgroups/71 /userworkgroups/56 /userworkgroups/72 /userworkgroups/57 /userworkgroups/54 /userworkgroups/131 /userworkgroups/86,remove remove remove remove remove remove remove remove remove remove remove remove add add add add add,[DONE]
[2023-04-13 15:27:42] - [INFO] user=WW/adminx449222,script=P2V_super_sync-SEC2.ps1,tenant=P2V-PROD,uid=480/Michael.Bierbaumer@omv.com,gid=/userworkgroups/142 /userworkgroups/66 /userworkgroups/71 /userworkgroups/72,remove remove remove add,[DONE]
[2023-04-13 15:28:09] - [INFO] user=WW/adminx449222,script=P2V_super_sync-SEC2.ps1,tenant=P2V-PROD,uid=411/AndradaSimina.Fortelny@omv.com,gid=/userworkgroups/155 /userworkgroups/252 /userworkgroups/331 /userworkgroups/314 /userworkgroups/24 /userworkgroups/177 /userworkgroups/309 /userworkgroups/121 /userworkgroups/80 /userworkgroups/53 /userworkgroups/71 /userworkgroups/56 /userworkgroups/72 /userworkgroups/57 /userworkgroups/54 /userworkgroups/131 /userworkgroups/86,remove remove remove remove remove remove remove remove remove remove remove remove add add add add add,[DONE]
[2023-04-13 15:33:24] - [INFO] [\\somvat202005\PPS_share\P2V_UM_data\output\\P2V-PROD-groups.csv] deleted
[2023-04-13 15:33:48] - [INFO] [\\somvat202005\PPS_share\P2V_UM_data\output\\P2V-PROD-users.csv] deleted
[2023-04-13 15:53:25] - [INFO] [WW/adminx449222] on [SOMVAT502676] started [check_userprofile]
[2023-04-13 15:54:58] - [INFO] [WW/adminx449222] on [SOMVAT502676] started [P2V_super_sync]
[2023-04-13 15:56:40] - [INFO] [WW/adminx449222] on [SOMVAT502676] started [P2V_super_sync-SEC2.ps1]
[2023-04-13 15:59:25] - [INFO] [WW/adminx449222] on [SOMVAT502676] started [P2V_super_sync]
[2023-04-13 16:00:08] - [INFO] [WW/adminx449222] on [SOMVAT502676] started [check_userprofile]
[2023-04-13 16:00:20] - [INFO] [WW/adminx449222] on [SOMVAT502676] started [P2V_super_sync]
[2023-04-13 16:01:54] - [INFO] [WW/adminx449222] on [SOMVAT502676] started [P2V_super_sync-SEC2.ps1]
[2023-04-13 16:03:23] - [INFO] user=WW/adminx449222,script=P2V_super_sync-SEC2.ps1,tenant=P2V_TRAINING,uid=713/Bettina.Hoenig@omv.com,gid=/userworkgroups/374 /userworkgroups/379 /userworkgroups/383 /userworkgroups/313 /userworkgroups/344 /userworkgroups/393 /userworkgroups/387 /userworkgroups/378 /userworkgroups/385 /userworkgroups/392 /userworkgroups/389 /userworkgroups/386 /userworkgroups/297 /userworkgroups/328 /userworkgroups/321 /userworkgroups/329,add add add add add add add add add add add add add add add add,[DONE]
[2023-04-13 16:03:44] - [INFO] user=WW/adminx449222,script=P2V_super_sync-SEC2.ps1,tenant=P2V-PROD,uid=715/Bettina.Hoenig@omv.com,gid=/userworkgroups/376 /userworkgroups/381 /userworkgroups/385 /userworkgroups/313 /userworkgroups/344 /userworkgroups/395 /userworkgroups/389 /userworkgroups/380 /userworkgroups/387 /userworkgroups/394 /userworkgroups/391 /userworkgroups/388 /userworkgroups/297 /userworkgroups/328 /userworkgroups/321 /userworkgroups/329,add add add add add add add add add add add add add add add add,[DONE]
[2023-04-13 16:04:19] - [INFO] [WW/adminx449222] on [SOMVAT502676] started [check_userprofile]
