[2022-05-17 12:48:43] - [INFO] [WW/adminx449222] on [SOMVAT502676] started [P2V_update_groups.ps1]
[2022-05-17 14:42:03] - [INFO] [WW/adminx449222] on [SOMVAT502676] started [get_UPN_from_XKEY]
[2022-05-17 15:28:06] - [INFO] [WW/adminx449222] on [SOMVAT502676] started [get_UPN_from_XKEY]
[2022-05-17 16:10:22] - [INFO] [WW/adminx449222] on [SOMVAT502676] started [get_UPN_from_XKEY]
[2022-05-17 16:11:46] - [INFO] [WW/adminx449222] on [SOMVAT502676] started [get_UPN_from_XKEY]
[2022-05-17 16:12:32] - [INFO] [WW/adminx449222] on [SOMVAT502676] started [get_UPN_from_XKEY]
[2022-05-17 16:14:33] - [INFO] [WW/adminx449222] on [SOMVAT502676] started [get_UPN_from_XKEY]
[2022-05-17 16:16:30] - [INFO] [WW/adminx449222] on [SOMVAT502676] started [get_UPN_from_XKEY]
[2022-05-17 16:19:31] - [INFO] [WW/adminx449222] on [SOMVAT502676] started [get_UPN_from_XKEY]
[2022-05-17 16:22:23] - [INFO] [WW/adminx449222] on [SOMVAT502676] started [get_UPN_from_XKEY]
[2022-05-17 16:24:54] - [INFO] [WW/adminx449222] on [SOMVAT502676] started [get_UPN_from_XKEY]
[2022-05-17 16:28:27] - [INFO] [WW/adminx449222] on [SOMVAT502676] started [update_ps_users_and_groups.ps1]
[2022-05-17 16:30:38] - [INFO] [WW/adminx449222] on [SOMVAT502676] started [update_ps_users_and_groups.ps1]
[2022-05-17 16:31:55] - [INFO]  Workgroup bd.001.deny exists in PlanningSpace but not in the workgroups CSV file. Please check if this workgroup needs to be removed. 1
[2022-05-17 16:31:55] - [INFO]  Workgroup data.Tunisia.Portfolio exists in PlanningSpace but not in the workgroups CSV file. Please check if this workgroup needs to be removed. 1
[2022-05-17 16:31:55] - [INFO]  Workgroup bd.010.deny exists in PlanningSpace but not in the workgroups CSV file. Please check if this workgroup needs to be removed. 1
[2022-05-17 16:31:55] - [INFO]  Workgroup data.Mexico.Finance exists in PlanningSpace but not in the workgroups CSV file. Please check if this workgroup needs to be removed. 1
[2022-05-17 16:31:55] - [INFO]  Workgroup data.Sapura.Australia.Economics exists in PlanningSpace but not in the workgroups CSV file. Please check if this workgroup needs to be removed. 1
[2022-05-17 16:31:55] - [INFO]  Workgroup license.heavy exists in PlanningSpace but not in the workgroups CSV file. Please check if this workgroup needs to be removed. 1
[2022-05-17 16:31:55] - [INFO]  Workgroup data.ArabEmirates.key exists in PlanningSpace but not in the workgroups CSV file. Please check if this workgroup needs to be removed. 1
[2022-05-17 16:31:55] - [INFO]  Workgroup Reserves.Approver exists in PlanningSpace but not in the workgroups CSV file. Please check if this workgroup needs to be removed. 1
[2022-05-17 16:31:55] - [INFO]  Workgroup bd.014.deny exists in PlanningSpace but not in the workgroups CSV file. Please check if this workgroup needs to be removed. 1
[2022-05-17 16:31:55] - [INFO]  Workgroup data.Russia.Finance exists in PlanningSpace but not in the workgroups CSV file. Please check if this workgroup needs to be removed. 1
[2022-05-17 16:31:55] - [INFO]  Workgroup data.ArabEmirates.Finance exists in PlanningSpace but not in the workgroups CSV file. Please check if this workgroup needs to be removed. 1
[2022-05-17 16:31:55] - [INFO]  Workgroup bd.005.deny exists in PlanningSpace but not in the workgroups CSV file. Please check if this workgroup needs to be removed. 1
[2022-05-17 16:31:55] - [INFO]  Workgroup bd.019.allow exists in PlanningSpace but not in the workgroups CSV file. Please check if this workgroup needs to be removed. 1
[2022-05-17 16:31:55] - [INFO]  Workgroup bd.016.allow exists in PlanningSpace but not in the workgroups CSV file. Please check if this workgroup needs to be removed. 1
[2022-05-17 16:31:55] - [INFO]  Workgroup data.Sapura.Australia.Portfolio exists in PlanningSpace but not in the workgroups CSV file. Please check if this workgroup needs to be removed. 1
[2022-05-17 16:31:55] - [INFO]  Workgroup data.BD.project exists in PlanningSpace but not in the workgroups CSV file. Please check if this workgroup needs to be removed. 1
[2022-05-17 16:31:55] - [INFO]  Workgroup bd.019.deny exists in PlanningSpace but not in the workgroups CSV file. Please check if this workgroup needs to be removed. 1
[2022-05-17 16:31:55] - [INFO]  Workgroup bd.018.deny exists in PlanningSpace but not in the workgroups CSV file. Please check if this workgroup needs to be removed. 1
[2022-05-17 16:31:55] - [INFO]  Workgroup data.Russia.Key exists in PlanningSpace but not in the workgroups CSV file. Please check if this workgroup needs to be removed. 1
[2022-05-17 16:31:55] - [INFO]  Workgroup data.Mexico.Reserves exists in PlanningSpace but not in the workgroups CSV file. Please check if this workgroup needs to be removed. 1
[2022-05-17 16:31:55] - [INFO]  Workgroup temp.input.deny exists in PlanningSpace but not in the workgroups CSV file. Please check if this workgroup needs to be removed. 1
[2022-05-17 16:31:55] - [INFO]  Workgroup bd.006.allow exists in PlanningSpace but not in the workgroups CSV file. Please check if this workgroup needs to be removed. 1
[2022-05-17 16:31:55] - [INFO]  Workgroup data.Bulgaria.Finance exists in PlanningSpace but not in the workgroups CSV file. Please check if this workgroup needs to be removed. 1
[2022-05-17 16:31:55] - [INFO]  Workgroup DataFlow.power exists in PlanningSpace but not in the workgroups CSV file. Please check if this workgroup needs to be removed. 1
[2022-05-17 16:31:55] - [INFO]  Workgroup Reserves.power exists in PlanningSpace but not in the workgroups CSV file. Please check if this workgroup needs to be removed. 1
[2022-05-17 16:31:55] - [INFO]  Workgroup data.NewZealand.key exists in PlanningSpace but not in the workgroups CSV file. Please check if this workgroup needs to be removed. 1
[2022-05-17 16:31:55] - [INFO]  Workgroup Financials.unlock exists in PlanningSpace but not in the workgroups CSV file. Please check if this workgroup needs to be removed. 1
[2022-05-17 16:31:55] - [INFO]  Workgroup data.Georgia.Portfolio exists in PlanningSpace but not in the workgroups CSV file. Please check if this workgroup needs to be removed. 1
[2022-05-17 16:31:55] - [INFO]  Workgroup bd.004.deny exists in PlanningSpace but not in the workgroups CSV file. Please check if this workgroup needs to be removed. 1
[2022-05-17 16:31:55] - [INFO]  Workgroup Reserves.Administrator exists in PlanningSpace but not in the workgroups CSV file. Please check if this workgroup needs to be removed. 1
[2022-05-17 16:31:55] - [INFO]  Workgroup data.Tunisia.Reserves exists in PlanningSpace but not in the workgroups CSV file. Please check if this workgroup needs to be removed. 1
[2022-05-17 16:31:55] - [INFO]  Workgroup data.Mexico.Portfolio exists in PlanningSpace but not in the workgroups CSV file. Please check if this workgroup needs to be removed. 1
[2022-05-17 16:31:55] - [INFO]  Workgroup data.Yemen.Economics exists in PlanningSpace but not in the workgroups CSV file. Please check if this workgroup needs to be removed. 1
[2022-05-17 16:31:55] - [INFO]  Workgroup data.Corporate.Reserves exists in PlanningSpace but not in the workgroups CSV file. Please check if this workgroup needs to be removed. 1
[2022-05-17 16:31:55] - [INFO]  Workgroup data.Bulgaria.Portfolio exists in PlanningSpace but not in the workgroups CSV file. Please check if this workgroup needs to be removed. 1
[2022-05-17 16:31:55] - [INFO]  Workgroup data.Sapura.NewZealand.key exists in PlanningSpace but not in the workgroups CSV file. Please check if this workgroup needs to be removed. 1
[2022-05-17 16:31:55] - [INFO]  Workgroup temp.adjust.input.deny exists in PlanningSpace but not in the workgroups CSV file. Please check if this workgroup needs to be removed. 1
[2022-05-17 16:31:55] - [INFO]  Workgroup Reserves.Approver.ho exists in PlanningSpace but not in the workgroups CSV file. Please check if this workgroup needs to be removed. 1
[2022-05-17 16:31:55] - [INFO]  Workgroup data.Russia exists in PlanningSpace but not in the workgroups CSV file. Please check if this workgroup needs to be removed. 1
[2022-05-17 16:31:55] - [INFO]  Workgroup data.Tunisia.Economics exists in PlanningSpace but not in the workgroups CSV file. Please check if this workgroup needs to be removed. 1
[2022-05-17 16:31:55] - [INFO]  Workgroup temp.adjust.input exists in PlanningSpace but not in the workgroups CSV file. Please check if this workgroup needs to be removed. 1
[2022-05-17 16:31:55] - [INFO]  Workgroup data.Georgia.Reserves exists in PlanningSpace but not in the workgroups CSV file. Please check if this workgroup needs to be removed. 1
[2022-05-17 16:31:55] - [INFO]  Workgroup data.Australia.Portfolio exists in PlanningSpace but not in the workgroups CSV file. Please check if this workgroup needs to be removed. 1
[2022-05-17 16:31:55] - [INFO]  Workgroup data.NewZealand.Reserves exists in PlanningSpace but not in the workgroups CSV file. Please check if this workgroup needs to be removed. 1
[2022-05-17 16:31:55] - [INFO]  Workgroup temp.calc.deny exists in PlanningSpace but not in the workgroups CSV file. Please check if this workgroup needs to be removed. 1
[2022-05-17 16:31:55] - [INFO]  Workgroup data.Corporate.Finance exists in PlanningSpace but not in the workgroups CSV file. Please check if this workgroup needs to be removed. 1
[2022-05-17 16:31:55] - [INFO]  Workgroup data.OMVEP exists in PlanningSpace but not in the workgroups CSV file. Please check if this workgroup needs to be removed. 1
[2022-05-17 16:31:55] - [INFO]  Workgroup Xbd.020.allow exists in PlanningSpace but not in the workgroups CSV file. Please check if this workgroup needs to be removed. 1
[2022-05-17 16:31:55] - [INFO]  Workgroup data.Malaysia.Portfolio exists in PlanningSpace but not in the workgroups CSV file. Please check if this workgroup needs to be removed. 1
[2022-05-17 16:31:55] - [INFO]  Workgroup Economics.unlock exists in PlanningSpace but not in the workgroups CSV file. Please check if this workgroup needs to be removed. 1
[2022-05-17 16:31:55] - [INFO]  Workgroup temp.quicklook exists in PlanningSpace but not in the workgroups CSV file. Please check if this workgroup needs to be removed. 1
[2022-05-17 16:31:55] - [INFO]  Workgroup DataFlow.key exists in PlanningSpace but not in the workgroups CSV file. Please check if this workgroup needs to be removed. 1
[2022-05-17 16:31:55] - [INFO]  Workgroup data.Austria.Key exists in PlanningSpace but not in the workgroups CSV file. Please check if this workgroup needs to be removed. 1
[2022-05-17 16:31:55] - [INFO]  Workgroup data.Austria.Portfolio exists in PlanningSpace but not in the workgroups CSV file. Please check if this workgroup needs to be removed. 1
[2022-05-17 16:31:55] - [INFO]  Workgroup Developer exists in PlanningSpace but not in the workgroups CSV file. Please check if this workgroup needs to be removed. 1
[2022-05-17 16:31:55] - [INFO]  Workgroup temp.adjust.admin.readonly exists in PlanningSpace but not in the workgroups CSV file. Please check if this workgroup needs to be removed. 1
[2022-05-17 16:31:55] - [INFO]  Workgroup Reserves.Approver.bo exists in PlanningSpace but not in the workgroups CSV file. Please check if this workgroup needs to be removed. 1
[2022-05-17 16:31:55] - [INFO]  Workgroup data.Kurdistan.Economics exists in PlanningSpace but not in the workgroups CSV file. Please check if this workgroup needs to be removed. 1
[2022-05-17 16:31:55] - [INFO]  Workgroup data.Georgia exists in PlanningSpace but not in the workgroups CSV file. Please check if this workgroup needs to be removed. 1
[2022-05-17 16:31:55] - [INFO]  Workgroup temp.adjust.eco exists in PlanningSpace but not in the workgroups CSV file. Please check if this workgroup needs to be removed. 1
[2022-05-17 16:31:55] - [INFO]  Workgroup temp.calc exists in PlanningSpace but not in the workgroups CSV file. Please check if this workgroup needs to be removed. 1
[2022-05-17 16:31:55] - [INFO]  Workgroup bd.011.deny exists in PlanningSpace but not in the workgroups CSV file. Please check if this workgroup needs to be removed. 1
[2022-05-17 16:31:55] - [INFO]  Workgroup data.Austria.Reserves exists in PlanningSpace but not in the workgroups CSV file. Please check if this workgroup needs to be removed. 1
[2022-05-17 16:31:55] - [INFO]  Workgroup data.Libya.Finance exists in PlanningSpace but not in the workgroups CSV file. Please check if this workgroup needs to be removed. 1
[2022-05-17 16:31:55] - [INFO]  Workgroup data.Yemen.Finance exists in PlanningSpace but not in the workgroups CSV file. Please check if this workgroup needs to be removed. 1
[2022-05-17 16:31:55] - [INFO]  Workgroup data.OMVEP.Key exists in PlanningSpace but not in the workgroups CSV file. Please check if this workgroup needs to be removed. 1
[2022-05-17 16:31:55] - [INFO]  Workgroup data.OMVEP.Economics exists in PlanningSpace but not in the workgroups CSV file. Please check if this workgroup needs to be removed. 1
[2022-05-17 16:31:55] - [INFO]  Workgroup data.Corporate.Portfolio exists in PlanningSpace but not in the workgroups CSV file. Please check if this workgroup needs to be removed. 1
[2022-05-17 16:31:55] - [INFO]  Workgroup Economics.power exists in PlanningSpace but not in the workgroups CSV file. Please check if this workgroup needs to be removed. 1
[2022-05-17 16:31:55] - [INFO]  Workgroup data.Bulgaria.key exists in PlanningSpace but not in the workgroups CSV file. Please check if this workgroup needs to be removed. 1
[2022-05-17 16:31:55] - [INFO]  Workgroup bd.008.deny exists in PlanningSpace but not in the workgroups CSV file. Please check if this workgroup needs to be removed. 1
[2022-05-17 16:31:55] - [INFO]  Workgroup bd.009.allow exists in PlanningSpace but not in the workgroups CSV file. Please check if this workgroup needs to be removed. 1
[2022-05-17 16:31:55] - [INFO]  Workgroup bd.003.deny exists in PlanningSpace but not in the workgroups CSV file. Please check if this workgroup needs to be removed. 1
[2022-05-17 16:31:55] - [INFO]  Workgroup Reporting exists in PlanningSpace but not in the workgroups CSV file. Please check if this workgroup needs to be removed. 1
[2022-05-17 16:31:55] - [INFO]  Workgroup bd.002.deny exists in PlanningSpace but not in the workgroups CSV file. Please check if this workgroup needs to be removed. 1
[2022-05-17 16:31:55] - [INFO]  Workgroup bd.005.allow exists in PlanningSpace but not in the workgroups CSV file. Please check if this workgroup needs to be removed. 1
[2022-05-17 16:31:55] - [INFO]  Workgroup data.Romania.Reserves exists in PlanningSpace but not in the workgroups CSV file. Please check if this workgroup needs to be removed. 1
[2022-05-17 16:31:55] - [INFO]  Workgroup data.Bulgaria.Economics exists in PlanningSpace but not in the workgroups CSV file. Please check if this workgroup needs to be removed. 1
[2022-05-17 16:31:55] - [INFO]  Workgroup User.admin exists in PlanningSpace but not in the workgroups CSV file. Please check if this workgroup needs to be removed. 1
[2022-05-17 16:31:55] - [INFO]  Workgroup bd.009.deny exists in PlanningSpace but not in the workgroups CSV file. Please check if this workgroup needs to be removed. 1
[2022-05-17 16:31:55] - [INFO]  Workgroup data.Kurdistan.Portfolio exists in PlanningSpace but not in the workgroups CSV file. Please check if this workgroup needs to be removed. 1
[2022-05-17 16:31:55] - [INFO]  Workgroup XBD.01.allow exists in PlanningSpace but not in the workgroups CSV file. Please check if this workgroup needs to be removed. 1
[2022-05-17 16:31:55] - [INFO]  Workgroup data.ArabEmirates.Portfolio exists in PlanningSpace but not in the workgroups CSV file. Please check if this workgroup needs to be removed. 1
[2022-05-17 16:31:55] - [INFO]  Workgroup bd.013.deny exists in PlanningSpace but not in the workgroups CSV file. Please check if this workgroup needs to be removed. 1
[2022-05-17 16:31:55] - [INFO]  Workgroup bd.013.allow exists in PlanningSpace but not in the workgroups CSV file. Please check if this workgroup needs to be removed. 1
[2022-05-17 16:31:55] - [INFO]  Workgroup bd.017.deny exists in PlanningSpace but not in the workgroups CSV file. Please check if this workgroup needs to be removed. 1
[2022-05-17 16:31:55] - [INFO]  Workgroup temp.quicklook.deny exists in PlanningSpace but not in the workgroups CSV file. Please check if this workgroup needs to be removed. 1
[2022-05-17 16:31:55] - [INFO]  Workgroup bd.016.deny exists in PlanningSpace but not in the workgroups CSV file. Please check if this workgroup needs to be removed. 1
[2022-05-17 16:31:55] - [INFO]  Workgroup data.Australia.Reserves exists in PlanningSpace but not in the workgroups CSV file. Please check if this workgroup needs to be removed. 1
[2022-05-17 16:31:55] - [INFO]  Workgroup Financials.key exists in PlanningSpace but not in the workgroups CSV file. Please check if this workgroup needs to be removed. 1
[2022-05-17 16:31:55] - [INFO]  Workgroup Input.Approve exists in PlanningSpace but not in the workgroups CSV file. Please check if this workgroup needs to be removed. 1
[2022-05-17 16:31:55] - [INFO]  Workgroup data.Norway.Reserves exists in PlanningSpace but not in the workgroups CSV file. Please check if this workgroup needs to be removed. 1
[2022-05-17 16:31:55] - [INFO]  Workgroup data.Georgia.key exists in PlanningSpace but not in the workgroups CSV file. Please check if this workgroup needs to be removed. 1
[2022-05-17 16:31:55] - [INFO]  Workgroup data.Sapura.NewZealand exists in PlanningSpace but not in the workgroups CSV file. Please check if this workgroup needs to be removed. 1
[2022-05-17 16:31:55] - [INFO]  Workgroup temp.admin exists in PlanningSpace but not in the workgroups CSV file. Please check if this workgroup needs to be removed. 1
[2022-05-17 16:31:55] - [INFO]  Workgroup bd.010.allow exists in PlanningSpace but not in the workgroups CSV file. Please check if this workgroup needs to be removed. 1
[2022-05-17 16:31:55] - [INFO]  Workgroup bd.006.deny exists in PlanningSpace but not in the workgroups CSV file. Please check if this workgroup needs to be removed. 1
[2022-05-17 16:31:55] - [INFO]  Workgroup temp.input exists in PlanningSpace but not in the workgroups CSV file. Please check if this workgroup needs to be removed. 1
[2022-05-17 16:31:55] - [INFO]  Workgroup data.OMVEP.Portfolio exists in PlanningSpace but not in the workgroups CSV file. Please check if this workgroup needs to be removed. 1
[2022-05-17 16:31:55] - [INFO]  Workgroup bd.011.allow exists in PlanningSpace but not in the workgroups CSV file. Please check if this workgroup needs to be removed. 1
[2022-05-17 16:31:55] - [INFO]  Workgroup Reserves.base exists in PlanningSpace but not in the workgroups CSV file. Please check if this workgroup needs to be removed. 1
[2022-05-17 16:31:55] - [INFO]  Workgroup temp.adjust.fin.deny exists in PlanningSpace but not in the workgroups CSV file. Please check if this workgroup needs to be removed. 1
[2022-05-17 16:31:55] - [INFO]  Workgroup bd.007.deny exists in PlanningSpace but not in the workgroups CSV file. Please check if this workgroup needs to be removed. 1
[2022-05-17 16:31:55] - [INFO]  Workgroup data.Australia.Economics exists in PlanningSpace but not in the workgroups CSV file. Please check if this workgroup needs to be removed. 1
[2022-05-17 16:31:55] - [INFO]  Workgroup temp.input.readonly exists in PlanningSpace but not in the workgroups CSV file. Please check if this workgroup needs to be removed. 1
[2022-05-17 16:31:55] - [INFO]  Workgroup data.Tunisia.Key exists in PlanningSpace but not in the workgroups CSV file. Please check if this workgroup needs to be removed. 1
[2022-05-17 16:31:55] - [INFO]  Workgroup data.Mexico exists in PlanningSpace but not in the workgroups CSV file. Please check if this workgroup needs to be removed. 1
[2022-05-17 16:31:55] - [INFO]  Workgroup data.NewZealand.Finance exists in PlanningSpace but not in the workgroups CSV file. Please check if this workgroup needs to be removed. 1
[2022-05-17 16:31:55] - [INFO]  Workgroup Financials.regimes exists in PlanningSpace but not in the workgroups CSV file. Please check if this workgroup needs to be removed. 1
[2022-05-17 16:31:55] - [INFO]  Workgroup data.Sapura.NewZealand.Economics exists in PlanningSpace but not in the workgroups CSV file. Please check if this workgroup needs to be removed. 1
[2022-05-17 16:31:55] - [INFO]  Workgroup data.Romania exists in PlanningSpace but not in the workgroups CSV file. Please check if this workgroup needs to be removed. 1
[2022-05-17 16:31:55] - [INFO]  Workgroup data.Yemen exists in PlanningSpace but not in the workgroups CSV file. Please check if this workgroup needs to be removed. 1
[2022-05-17 16:31:55] - [INFO]  Workgroup data.Corporate.Exploration exists in PlanningSpace but not in the workgroups CSV file. Please check if this workgroup needs to be removed. 1
[2022-05-17 16:31:55] - [INFO]  Workgroup P2V.developer exists in PlanningSpace but not in the workgroups CSV file. Please check if this workgroup needs to be removed. 1
[2022-05-17 16:31:55] - [INFO]  Workgroup temp.adjust.input.readonly exists in PlanningSpace but not in the workgroups CSV file. Please check if this workgroup needs to be removed. 1
[2022-05-17 16:31:55] - [INFO]  Workgroup bd.015.deny exists in PlanningSpace but not in the workgroups CSV file. Please check if this workgroup needs to be removed. 1
[2022-05-17 16:31:55] - [INFO]  Workgroup data.Tunisia.Finance exists in PlanningSpace but not in the workgroups CSV file. Please check if this workgroup needs to be removed. 1
[2022-05-17 16:31:55] - [INFO]  Workgroup data.Libya.key exists in PlanningSpace but not in the workgroups CSV file. Please check if this workgroup needs to be removed. 1
[2022-05-17 16:31:55] - [INFO]  Workgroup Administrators exists in PlanningSpace but not in the workgroups CSV file. Please check if this workgroup needs to be removed. 1
[2022-05-17 16:31:55] - [INFO]  Workgroup temp.admin.readonly exists in PlanningSpace but not in the workgroups CSV file. Please check if this workgroup needs to be removed. 1
[2022-05-17 16:31:55] - [INFO]  Workgroup P2V.base exists in PlanningSpace but not in the workgroups CSV file. Please check if this workgroup needs to be removed. 1
[2022-05-17 16:31:55] - [INFO]  Workgroup temp.adjust.ecoresults.deny exists in PlanningSpace but not in the workgroups CSV file. Please check if this workgroup needs to be removed. 1
[2022-05-17 16:31:55] - [INFO]  Workgroup P2V.admin exists in PlanningSpace but not in the workgroups CSV file. Please check if this workgroup needs to be removed. 1
[2022-05-17 16:31:55] - [INFO]  Workgroup data.Yemen.Reserves exists in PlanningSpace but not in the workgroups CSV file. Please check if this workgroup needs to be removed. 1
[2022-05-17 16:31:55] - [INFO]  Workgroup data.Yemen.Portfolio exists in PlanningSpace but not in the workgroups CSV file. Please check if this workgroup needs to be removed. 1
[2022-05-17 16:31:55] - [INFO]  Workgroup data.Kurdistan.Reserves exists in PlanningSpace but not in the workgroups CSV file. Please check if this workgroup needs to be removed. 1
[2022-05-17 16:31:55] - [INFO]  Workgroup data.NewZealand.Portfolio exists in PlanningSpace but not in the workgroups CSV file. Please check if this workgroup needs to be removed. 1
[2022-05-17 16:31:55] - [INFO]  Workgroup data.NewZealand.Economics exists in PlanningSpace but not in the workgroups CSV file. Please check if this workgroup needs to be removed. 1
[2022-05-17 16:31:55] - [INFO]  Workgroup data.Romania.Finance exists in PlanningSpace but not in the workgroups CSV file. Please check if this workgroup needs to be removed. 1
[2022-05-17 16:31:55] - [INFO]  Workgroup Reserves.key exists in PlanningSpace but not in the workgroups CSV file. Please check if this workgroup needs to be removed. 1
[2022-05-17 16:31:55] - [INFO]  Workgroup data.Everyone.Economics exists in PlanningSpace but not in the workgroups CSV file. Please check if this workgroup needs to be removed. 1
[2022-05-17 16:31:55] - [INFO]  Workgroup temp.economics.readonly exists in PlanningSpace but not in the workgroups CSV file. Please check if this workgroup needs to be removed. 1
[2022-05-17 16:31:55] - [INFO]  Workgroup Financials.power exists in PlanningSpace but not in the workgroups CSV file. Please check if this workgroup needs to be removed. 1
[2022-05-17 16:31:55] - [INFO]  Workgroup bd.017.allow exists in PlanningSpace but not in the workgroups CSV file. Please check if this workgroup needs to be removed. 1
[2022-05-17 16:31:55] - [INFO]  Workgroup temp.ecoresults exists in PlanningSpace but not in the workgroups CSV file. Please check if this workgroup needs to be removed. 1
[2022-05-17 16:31:55] - [INFO]  Workgroup data.ArabEmirates.Economics exists in PlanningSpace but not in the workgroups CSV file. Please check if this workgroup needs to be removed. 1
[2022-05-17 16:31:55] - [INFO]  Workgroup data.Kurdistan.Finance exists in PlanningSpace but not in the workgroups CSV file. Please check if this workgroup needs to be removed. 1
[2022-05-17 16:31:55] - [INFO]  Workgroup data.Tunisia exists in PlanningSpace but not in the workgroups CSV file. Please check if this workgroup needs to be removed. 1
[2022-05-17 16:31:55] - [INFO]  Workgroup Dataflow.unlock exists in PlanningSpace but not in the workgroups CSV file. Please check if this workgroup needs to be removed. 1
[2022-05-17 16:31:55] - [INFO]  Workgroup data.Bulgaria.Reserves exists in PlanningSpace but not in the workgroups CSV file. Please check if this workgroup needs to be removed. 1
[2022-05-17 16:31:55] - [INFO]  Workgroup data.Georgia.Economics exists in PlanningSpace but not in the workgroups CSV file. Please check if this workgroup needs to be removed. 1
[2022-05-17 16:31:55] - [INFO]  Workgroup bd.007.allow exists in PlanningSpace but not in the workgroups CSV file. Please check if this workgroup needs to be removed. 1
[2022-05-17 16:31:55] - [INFO]  Workgroup temp.adjust.ecoresults.readonly exists in PlanningSpace but not in the workgroups CSV file. Please check if this workgroup needs to be removed. 1
[2022-05-17 16:31:55] - [INFO]  Workgroup data.Sapura.NewZealand.Portfolio exists in PlanningSpace but not in the workgroups CSV file. Please check if this workgroup needs to be removed. 1
[2022-05-17 16:31:55] - [INFO]  Workgroup PetroVR exists in PlanningSpace but not in the workgroups CSV file. Please check if this workgroup needs to be removed. 1
[2022-05-17 16:31:55] - [INFO]  Workgroup Reserves.Security exists in PlanningSpace but not in the workgroups CSV file. Please check if this workgroup needs to be removed. 1
[2022-05-17 16:31:55] - [INFO]  Workgroup data.Austria.Finance exists in PlanningSpace but not in the workgroups CSV file. Please check if this workgroup needs to be removed. 1
[2022-05-17 16:31:55] - [INFO]  Workgroup bd.015.allow exists in PlanningSpace but not in the workgroups CSV file. Please check if this workgroup needs to be removed. 1
[2022-05-17 16:31:55] - [INFO]  Workgroup bd.002.allow exists in PlanningSpace but not in the workgroups CSV file. Please check if this workgroup needs to be removed. 1
[2022-05-17 16:31:55] - [INFO]  Workgroup Reserves.Submitter exists in PlanningSpace but not in the workgroups CSV file. Please check if this workgroup needs to be removed. 1
[2022-05-17 16:31:55] - [INFO]  Workgroup bd.003.allow exists in PlanningSpace but not in the workgroups CSV file. Please check if this workgroup needs to be removed. 1
[2022-05-17 16:31:55] - [INFO]  Workgroup data.Kurdistan exists in PlanningSpace but not in the workgroups CSV file. Please check if this workgroup needs to be removed. 1
[2022-05-17 16:31:55] - [INFO]  Workgroup data.Australia exists in PlanningSpace but not in the workgroups CSV file. Please check if this workgroup needs to be removed. 1
[2022-05-17 16:31:55] - [INFO]  Workgroup data.Malaysia.key exists in PlanningSpace but not in the workgroups CSV file. Please check if this workgroup needs to be removed. 1
[2022-05-17 16:31:55] - [INFO]  Workgroup bd.004.allow exists in PlanningSpace but not in the workgroups CSV file. Please check if this workgroup needs to be removed. 1
[2022-05-17 16:31:55] - [INFO]  Workgroup data.ArabEmirates.Reserves exists in PlanningSpace but not in the workgroups CSV file. Please check if this workgroup needs to be removed. 1
[2022-05-17 16:31:55] - [INFO]  Workgroup data.Norway.Finance exists in PlanningSpace but not in the workgroups CSV file. Please check if this workgroup needs to be removed. 1
[2022-05-17 16:31:55] - [INFO]  Workgroup temp.financials.deny exists in PlanningSpace but not in the workgroups CSV file. Please check if this workgroup needs to be removed. 1
[2022-05-17 16:31:55] - [INFO]  Workgroup data.Russia.Reserves exists in PlanningSpace but not in the workgroups CSV file. Please check if this workgroup needs to be removed. 1
[2022-05-17 16:31:55] - [INFO]  Workgroup data.Libya.Portfolio exists in PlanningSpace but not in the workgroups CSV file. Please check if this workgroup needs to be removed. 1
[2022-05-17 16:31:55] - [INFO]  Workgroup temp.adjust.admin exists in PlanningSpace but not in the workgroups CSV file. Please check if this workgroup needs to be removed. 1
[2022-05-17 16:31:55] - [INFO]  Workgroup temp.financials.readonly exists in PlanningSpace but not in the workgroups CSV file. Please check if this workgroup needs to be removed. 1
[2022-05-17 16:31:55] - [INFO]  Workgroup data.Norway exists in PlanningSpace but not in the workgroups CSV file. Please check if this workgroup needs to be removed. 1
[2022-05-17 16:31:55] - [INFO]  Workgroup data.NewZealand exists in PlanningSpace but not in the workgroups CSV file. Please check if this workgroup needs to be removed. 1
[2022-05-17 16:31:55] - [INFO]  Workgroup data.Georgia.Finance exists in PlanningSpace but not in the workgroups CSV file. Please check if this workgroup needs to be removed. 1
[2022-05-17 16:31:55] - [INFO]  Workgroup temp.financials exists in PlanningSpace but not in the workgroups CSV file. Please check if this workgroup needs to be removed. 1
[2022-05-17 16:31:55] - [INFO]  Workgroup data.Norway.Economics exists in PlanningSpace but not in the workgroups CSV file. Please check if this workgroup needs to be removed. 1
[2022-05-17 16:31:55] - [INFO]  Workgroup data.Australia.key exists in PlanningSpace but not in the workgroups CSV file. Please check if this workgroup needs to be removed. 1
[2022-05-17 16:31:55] - [INFO]  Workgroup data.Yemen.key exists in PlanningSpace but not in the workgroups CSV file. Please check if this workgroup needs to be removed. 1
[2022-05-17 16:31:55] - [INFO]  Workgroup temp.adjust.fin.readonly exists in PlanningSpace but not in the workgroups CSV file. Please check if this workgroup needs to be removed. 1
[2022-05-17 16:31:55] - [INFO]  Workgroup data.Romania.Portfolio exists in PlanningSpace but not in the workgroups CSV file. Please check if this workgroup needs to be removed. 1
[2022-05-17 16:31:55] - [INFO]  Workgroup temp.adjust.ecoresults exists in PlanningSpace but not in the workgroups CSV file. Please check if this workgroup needs to be removed. 1
[2022-05-17 16:31:55] - [INFO]  Workgroup data.Austria exists in PlanningSpace but not in the workgroups CSV file. Please check if this workgroup needs to be removed. 1
[2022-05-17 16:31:55] - [INFO]  Workgroup bd.012.deny exists in PlanningSpace but not in the workgroups CSV file. Please check if this workgroup needs to be removed. 1
[2022-05-17 16:31:55] - [INFO]  Workgroup temp.quicklook.readonly exists in PlanningSpace but not in the workgroups CSV file. Please check if this workgroup needs to be removed. 1
[2022-05-17 16:31:55] - [INFO]  Workgroup data.Kurdistan.key exists in PlanningSpace but not in the workgroups CSV file. Please check if this workgroup needs to be removed. 1
[2022-05-17 16:31:55] - [INFO]  Workgroup data.Austria.Economics exists in PlanningSpace but not in the workgroups CSV file. Please check if this workgroup needs to be removed. 1
[2022-05-17 16:31:55] - [INFO]  Workgroup data.Sapura.NewZealand.Reserves exists in PlanningSpace but not in the workgroups CSV file. Please check if this workgroup needs to be removed. 1
[2022-05-17 16:31:55] - [INFO]  Workgroup Auditor exists in PlanningSpace but not in the workgroups CSV file. Please check if this workgroup needs to be removed. 1
[2022-05-17 16:31:55] - [INFO]  Workgroup SecurityAdministrators exists in PlanningSpace but not in the workgroups CSV file. Please check if this workgroup needs to be removed. 1
[2022-05-17 16:31:55] - [INFO]  Workgroup data.Sapura.Australia exists in PlanningSpace but not in the workgroups CSV file. Please check if this workgroup needs to be removed. 1
[2022-05-17 16:31:55] - [INFO]  Workgroup bd.020.deny exists in PlanningSpace but not in the workgroups CSV file. Please check if this workgroup needs to be removed. 1
[2022-05-17 16:31:55] - [INFO]  Workgroup bd.base exists in PlanningSpace but not in the workgroups CSV file. Please check if this workgroup needs to be removed. 1
[2022-05-17 16:31:55] - [INFO]  Workgroup data.OMVEP.Reserves exists in PlanningSpace but not in the workgroups CSV file. Please check if this workgroup needs to be removed. 1
[2022-05-17 16:31:55] - [INFO]  Workgroup Economics.key exists in PlanningSpace but not in the workgroups CSV file. Please check if this workgroup needs to be removed. 1
[2022-05-17 16:31:55] - [INFO]  Workgroup data.Sapura.NewZealand.Finance exists in PlanningSpace but not in the workgroups CSV file. Please check if this workgroup needs to be removed. 1
[2022-05-17 16:31:55] - [INFO]  Workgroup bd.014.allow exists in PlanningSpace but not in the workgroups CSV file. Please check if this workgroup needs to be removed. 1
[2022-05-17 16:31:55] - [INFO]  Workgroup data.Malaysia exists in PlanningSpace but not in the workgroups CSV file. Please check if this workgroup needs to be removed. 1
[2022-05-17 16:31:55] - [INFO]  Workgroup Portfolio exists in PlanningSpace but not in the workgroups CSV file. Please check if this workgroup needs to be removed. 1
[2022-05-17 16:31:55] - [INFO]  Workgroup bd.018.allow exists in PlanningSpace but not in the workgroups CSV file. Please check if this workgroup needs to be removed. 1
[2022-05-17 16:31:55] - [INFO]  Workgroup data.Mexico.Economics exists in PlanningSpace but not in the workgroups CSV file. Please check if this workgroup needs to be removed. 1
[2022-05-17 16:31:55] - [INFO]  Workgroup bd.008.allow exists in PlanningSpace but not in the workgroups CSV file. Please check if this workgroup needs to be removed. 1
[2022-05-17 16:31:55] - [INFO]  Workgroup Input.Confirm exists in PlanningSpace but not in the workgroups CSV file. Please check if this workgroup needs to be removed. 1
[2022-05-17 16:31:55] - [INFO]  Workgroup data.Libya.Economics exists in PlanningSpace but not in the workgroups CSV file. Please check if this workgroup needs to be removed. 1
[2022-05-17 16:31:55] - [INFO]  Workgroup temp.adjust.eco.readonly exists in PlanningSpace but not in the workgroups CSV file. Please check if this workgroup needs to be removed. 1
[2022-05-17 16:31:55] - [INFO]  Workgroup data.Sapura.Australia.Reserves exists in PlanningSpace but not in the workgroups CSV file. Please check if this workgroup needs to be removed. 1
[2022-05-17 16:31:55] - [INFO]  Workgroup data.Corporate.key exists in PlanningSpace but not in the workgroups CSV file. Please check if this workgroup needs to be removed. 1
[2022-05-17 16:31:55] - [INFO]  Workgroup data.OMVEP.Finance exists in PlanningSpace but not in the workgroups CSV file. Please check if this workgroup needs to be removed. 1
[2022-05-17 16:31:55] - [INFO]  Workgroup bd.012.allow exists in PlanningSpace but not in the workgroups CSV file. Please check if this workgroup needs to be removed. 1
[2022-05-17 16:31:55] - [INFO]  Workgroup license.light exists in PlanningSpace but not in the workgroups CSV file. Please check if this workgroup needs to be removed. 1
[2022-05-17 16:31:55] - [INFO]  Workgroup data.Libya exists in PlanningSpace but not in the workgroups CSV file. Please check if this workgroup needs to be removed. 1
[2022-05-17 16:31:55] - [INFO]  Workgroup temp.economics.deny exists in PlanningSpace but not in the workgroups CSV file. Please check if this workgroup needs to be removed. 1
[2022-05-17 16:31:55] - [INFO]  Workgroup temp.adjust.admin.deny exists in PlanningSpace but not in the workgroups CSV file. Please check if this workgroup needs to be removed. 1
[2022-05-17 16:31:55] - [INFO]  Workgroup data.Australia.Finance exists in PlanningSpace but not in the workgroups CSV file. Please check if this workgroup needs to be removed. 1
[2022-05-17 16:31:55] - [INFO]  Workgroup data.Malaysia.Reserves exists in PlanningSpace but not in the workgroups CSV file. Please check if this workgroup needs to be removed. 1
[2022-05-17 16:31:55] - [INFO]  Workgroup temp.calc.readonly exists in PlanningSpace but not in the workgroups CSV file. Please check if this workgroup needs to be removed. 1
[2022-05-17 16:31:55] - [INFO]  Workgroup data.Romania.key exists in PlanningSpace but not in the workgroups CSV file. Please check if this workgroup needs to be removed. 1
[2022-05-17 16:31:55] - [INFO]  Workgroup temp.economics exists in PlanningSpace but not in the workgroups CSV file. Please check if this workgroup needs to be removed. 1
[2022-05-17 16:31:55] - [INFO]  Workgroup data.Russia.Economics exists in PlanningSpace but not in the workgroups CSV file. Please check if this workgroup needs to be removed. 1
[2022-05-17 16:31:55] - [INFO]  Workgroup data.ArabEmirates exists in PlanningSpace but not in the workgroups CSV file. Please check if this workgroup needs to be removed. 1
[2022-05-17 16:31:55] - [INFO]  Workgroup data.Bulgaria exists in PlanningSpace but not in the workgroups CSV file. Please check if this workgroup needs to be removed. 1
[2022-05-17 16:31:55] - [INFO]  Workgroup temp.ecoresults.deny exists in PlanningSpace but not in the workgroups CSV file. Please check if this workgroup needs to be removed. 1
[2022-05-17 16:31:55] - [INFO]  Workgroup data.Sapura.Australia.key exists in PlanningSpace but not in the workgroups CSV file. Please check if this workgroup needs to be removed. 1
[2022-05-17 16:31:55] - [INFO]  Workgroup data.Sapura.Australia.Finance exists in PlanningSpace but not in the workgroups CSV file. Please check if this workgroup needs to be removed. 1
[2022-05-17 16:31:55] - [INFO]  Workgroup Everyone exists in PlanningSpace but not in the workgroups CSV file. Please check if this workgroup needs to be removed. 1
[2022-05-17 16:31:55] - [INFO]  Workgroup temp.adjust.fin exists in PlanningSpace but not in the workgroups CSV file. Please check if this workgroup needs to be removed. 1
[2022-05-17 16:31:55] - [INFO]  Workgroup temp.admin.deny exists in PlanningSpace but not in the workgroups CSV file. Please check if this workgroup needs to be removed. 1
[2022-05-17 16:31:55] - [INFO]  Workgroup data.Norway.Key exists in PlanningSpace but not in the workgroups CSV file. Please check if this workgroup needs to be removed. 1
[2022-05-17 16:31:55] - [INFO]  Workgroup data.Corporate exists in PlanningSpace but not in the workgroups CSV file. Please check if this workgroup needs to be removed. 1
[2022-05-17 16:31:55] - [INFO]  Workgroup data.Mexico.key exists in PlanningSpace but not in the workgroups CSV file. Please check if this workgroup needs to be removed. 1
[2022-05-17 16:31:55] - [INFO]  Workgroup data.Corporate.Economics exists in PlanningSpace but not in the workgroups CSV file. Please check if this workgroup needs to be removed. 1
[2022-05-17 16:31:55] - [INFO]  Workgroup Economics.regimes.readonly exists in PlanningSpace but not in the workgroups CSV file. Please check if this workgroup needs to be removed. 1
[2022-05-17 16:31:55] - [INFO]  Workgroup temp.adjust.eco.deny exists in PlanningSpace but not in the workgroups CSV file. Please check if this workgroup needs to be removed. 1
[2022-05-17 16:31:55] - [INFO]  Workgroup data.Malaysia.Economics exists in PlanningSpace but not in the workgroups CSV file. Please check if this workgroup needs to be removed. 1
[2022-05-17 16:31:55] - [INFO]  Workgroup temp.ecoresults.readonly exists in PlanningSpace but not in the workgroups CSV file. Please check if this workgroup needs to be removed. 1
[2022-05-17 16:31:55] - [INFO]  Workgroup data.Libya.Reserves exists in PlanningSpace but not in the workgroups CSV file. Please check if this workgroup needs to be removed. 1
[2022-05-17 16:31:55] - [INFO]  Workgroup data.Romania.Economics exists in PlanningSpace but not in the workgroups CSV file. Please check if this workgroup needs to be removed. 1
[2022-05-17 16:31:55] - [INFO]  Workgroup Economics.regimes exists in PlanningSpace but not in the workgroups CSV file. Please check if this workgroup needs to be removed. 1
[2022-05-17 16:31:55] - [INFO]  Workgroup data.Norway.Portfolio exists in PlanningSpace but not in the workgroups CSV file. Please check if this workgroup needs to be removed. 1
[2022-05-17 16:31:55] - [INFO]  Workgroup data.Malaysia.Finance exists in PlanningSpace but not in the workgroups CSV file. Please check if this workgroup needs to be removed. 1
[2022-05-17 16:31:55] - [INFO]  Workgroup data.Russia.Portfolio exists in PlanningSpace but not in the workgroups CSV file. Please check if this workgroup needs to be removed. 1
[2022-05-17 16:56:12] - [INFO] [WW/adminx449222] on [SOMVAT502676] started [update_ps_users_and_groups.ps1]
[2022-05-17 16:57:33] - [INFO]  Workgroup bd.001.deny exists in PlanningSpace but not in the workgroups CSV file. Please check if this workgroup needs to be removed. 1
[2022-05-17 16:57:33] - [INFO]  Workgroup data.Tunisia.Portfolio exists in PlanningSpace but not in the workgroups CSV file. Please check if this workgroup needs to be removed. 1
[2022-05-17 16:57:33] - [INFO]  Workgroup bd.010.deny exists in PlanningSpace but not in the workgroups CSV file. Please check if this workgroup needs to be removed. 1
[2022-05-17 16:57:33] - [INFO]  Workgroup data.Mexico.Finance exists in PlanningSpace but not in the workgroups CSV file. Please check if this workgroup needs to be removed. 1
[2022-05-17 16:57:33] - [INFO]  Workgroup data.Sapura.Australia.Economics exists in PlanningSpace but not in the workgroups CSV file. Please check if this workgroup needs to be removed. 1
[2022-05-17 16:57:33] - [INFO]  Workgroup license.heavy exists in PlanningSpace but not in the workgroups CSV file. Please check if this workgroup needs to be removed. 1
[2022-05-17 16:57:33] - [INFO]  Workgroup data.ArabEmirates.key exists in PlanningSpace but not in the workgroups CSV file. Please check if this workgroup needs to be removed. 1
[2022-05-17 16:57:33] - [INFO]  Workgroup Reserves.Approver exists in PlanningSpace but not in the workgroups CSV file. Please check if this workgroup needs to be removed. 1
[2022-05-17 16:57:33] - [INFO]  Workgroup bd.014.deny exists in PlanningSpace but not in the workgroups CSV file. Please check if this workgroup needs to be removed. 1
[2022-05-17 16:57:33] - [INFO]  Workgroup data.Russia.Finance exists in PlanningSpace but not in the workgroups CSV file. Please check if this workgroup needs to be removed. 1
[2022-05-17 16:57:33] - [INFO]  Workgroup data.ArabEmirates.Finance exists in PlanningSpace but not in the workgroups CSV file. Please check if this workgroup needs to be removed. 1
[2022-05-17 16:57:33] - [INFO]  Workgroup bd.005.deny exists in PlanningSpace but not in the workgroups CSV file. Please check if this workgroup needs to be removed. 1
[2022-05-17 16:57:33] - [INFO]  Workgroup bd.019.allow exists in PlanningSpace but not in the workgroups CSV file. Please check if this workgroup needs to be removed. 1
[2022-05-17 16:57:33] - [INFO]  Workgroup bd.016.allow exists in PlanningSpace but not in the workgroups CSV file. Please check if this workgroup needs to be removed. 1
[2022-05-17 16:57:33] - [INFO]  Workgroup data.Sapura.Australia.Portfolio exists in PlanningSpace but not in the workgroups CSV file. Please check if this workgroup needs to be removed. 1
[2022-05-17 16:57:33] - [INFO]  Workgroup data.BD.project exists in PlanningSpace but not in the workgroups CSV file. Please check if this workgroup needs to be removed. 1
[2022-05-17 16:57:33] - [INFO]  Workgroup bd.019.deny exists in PlanningSpace but not in the workgroups CSV file. Please check if this workgroup needs to be removed. 1
[2022-05-17 16:57:33] - [INFO]  Workgroup bd.018.deny exists in PlanningSpace but not in the workgroups CSV file. Please check if this workgroup needs to be removed. 1
[2022-05-17 16:57:33] - [INFO]  Workgroup data.Georgia.Finance exists in PlanningSpace but not in the workgroups CSV file. Please check if this workgroup needs to be removed. 1
[2022-05-17 16:57:33] - [INFO]  Workgroup data.Russia.Key exists in PlanningSpace but not in the workgroups CSV file. Please check if this workgroup needs to be removed. 1
[2022-05-17 16:57:33] - [INFO]  Workgroup data.Mexico.Reserves exists in PlanningSpace but not in the workgroups CSV file. Please check if this workgroup needs to be removed. 1
[2022-05-17 16:57:33] - [INFO]  Workgroup temp.input.deny exists in PlanningSpace but not in the workgroups CSV file. Please check if this workgroup needs to be removed. 1
[2022-05-17 16:57:33] - [INFO]  Workgroup bd.006.allow exists in PlanningSpace but not in the workgroups CSV file. Please check if this workgroup needs to be removed. 1
[2022-05-17 16:57:33] - [INFO]  Workgroup data.Bulgaria.Finance exists in PlanningSpace but not in the workgroups CSV file. Please check if this workgroup needs to be removed. 1
[2022-05-17 16:57:33] - [INFO]  Workgroup DataFlow.power exists in PlanningSpace but not in the workgroups CSV file. Please check if this workgroup needs to be removed. 1
[2022-05-17 16:57:33] - [INFO]  Workgroup Reserves.power exists in PlanningSpace but not in the workgroups CSV file. Please check if this workgroup needs to be removed. 1
[2022-05-17 16:57:33] - [INFO]  Workgroup data.NewZealand.key exists in PlanningSpace but not in the workgroups CSV file. Please check if this workgroup needs to be removed. 1
[2022-05-17 16:57:33] - [INFO]  Workgroup Financials.unlock exists in PlanningSpace but not in the workgroups CSV file. Please check if this workgroup needs to be removed. 1
[2022-05-17 16:57:33] - [INFO]  Workgroup data.Georgia.Portfolio exists in PlanningSpace but not in the workgroups CSV file. Please check if this workgroup needs to be removed. 1
[2022-05-17 16:57:33] - [INFO]  Workgroup bd.004.deny exists in PlanningSpace but not in the workgroups CSV file. Please check if this workgroup needs to be removed. 1
[2022-05-17 16:57:33] - [INFO]  Workgroup Reserves.Administrator exists in PlanningSpace but not in the workgroups CSV file. Please check if this workgroup needs to be removed. 1
[2022-05-17 16:57:33] - [INFO]  Workgroup data.Tunisia.Reserves exists in PlanningSpace but not in the workgroups CSV file. Please check if this workgroup needs to be removed. 1
[2022-05-17 16:57:33] - [INFO]  Workgroup data.Mexico.Portfolio exists in PlanningSpace but not in the workgroups CSV file. Please check if this workgroup needs to be removed. 1
[2022-05-17 16:57:33] - [INFO]  Workgroup data.Yemen.Economics exists in PlanningSpace but not in the workgroups CSV file. Please check if this workgroup needs to be removed. 1
[2022-05-17 16:57:33] - [INFO]  Workgroup data.Corporate.Reserves exists in PlanningSpace but not in the workgroups CSV file. Please check if this workgroup needs to be removed. 1
[2022-05-17 16:57:33] - [INFO]  Workgroup data.Bulgaria.Portfolio exists in PlanningSpace but not in the workgroups CSV file. Please check if this workgroup needs to be removed. 1
[2022-05-17 16:57:33] - [INFO]  Workgroup data.Sapura.NewZealand.key exists in PlanningSpace but not in the workgroups CSV file. Please check if this workgroup needs to be removed. 1
[2022-05-17 16:57:33] - [INFO]  Workgroup temp.adjust.input.deny exists in PlanningSpace but not in the workgroups CSV file. Please check if this workgroup needs to be removed. 1
[2022-05-17 16:57:33] - [INFO]  Workgroup Reserves.Approver.ho exists in PlanningSpace but not in the workgroups CSV file. Please check if this workgroup needs to be removed. 1
[2022-05-17 16:57:33] - [INFO]  Workgroup data.Russia exists in PlanningSpace but not in the workgroups CSV file. Please check if this workgroup needs to be removed. 1
[2022-05-17 16:57:33] - [INFO]  Workgroup data.Tunisia.Economics exists in PlanningSpace but not in the workgroups CSV file. Please check if this workgroup needs to be removed. 1
[2022-05-17 16:57:33] - [INFO]  Workgroup temp.adjust.input exists in PlanningSpace but not in the workgroups CSV file. Please check if this workgroup needs to be removed. 1
[2022-05-17 16:57:33] - [INFO]  Workgroup data.Georgia.Reserves exists in PlanningSpace but not in the workgroups CSV file. Please check if this workgroup needs to be removed. 1
[2022-05-17 16:57:33] - [INFO]  Workgroup data.Australia.Portfolio exists in PlanningSpace but not in the workgroups CSV file. Please check if this workgroup needs to be removed. 1
[2022-05-17 16:57:33] - [INFO]  Workgroup data.NewZealand.Reserves exists in PlanningSpace but not in the workgroups CSV file. Please check if this workgroup needs to be removed. 1
[2022-05-17 16:57:33] - [INFO]  Workgroup temp.calc.deny exists in PlanningSpace but not in the workgroups CSV file. Please check if this workgroup needs to be removed. 1
[2022-05-17 16:57:33] - [INFO]  Workgroup data.Corporate.Finance exists in PlanningSpace but not in the workgroups CSV file. Please check if this workgroup needs to be removed. 1
[2022-05-17 16:57:33] - [INFO]  Workgroup data.OMVEP exists in PlanningSpace but not in the workgroups CSV file. Please check if this workgroup needs to be removed. 1
[2022-05-17 16:57:33] - [INFO]  Workgroup data.Malaysia.Portfolio exists in PlanningSpace but not in the workgroups CSV file. Please check if this workgroup needs to be removed. 1
[2022-05-17 16:57:33] - [INFO]  Workgroup Economics.unlock exists in PlanningSpace but not in the workgroups CSV file. Please check if this workgroup needs to be removed. 1
[2022-05-17 16:57:33] - [INFO]  Workgroup temp.quicklook exists in PlanningSpace but not in the workgroups CSV file. Please check if this workgroup needs to be removed. 1
[2022-05-17 16:57:33] - [INFO]  Workgroup DataFlow.key exists in PlanningSpace but not in the workgroups CSV file. Please check if this workgroup needs to be removed. 1
[2022-05-17 16:57:33] - [INFO]  Workgroup data.Austria.Key exists in PlanningSpace but not in the workgroups CSV file. Please check if this workgroup needs to be removed. 1
[2022-05-17 16:57:33] - [INFO]  Workgroup data.Austria.Portfolio exists in PlanningSpace but not in the workgroups CSV file. Please check if this workgroup needs to be removed. 1
[2022-05-17 16:57:33] - [INFO]  Workgroup Developer exists in PlanningSpace but not in the workgroups CSV file. Please check if this workgroup needs to be removed. 1
[2022-05-17 16:57:33] - [INFO]  Workgroup temp.adjust.admin.readonly exists in PlanningSpace but not in the workgroups CSV file. Please check if this workgroup needs to be removed. 1
[2022-05-17 16:57:33] - [INFO]  Workgroup Reserves.Approver.bo exists in PlanningSpace but not in the workgroups CSV file. Please check if this workgroup needs to be removed. 1
[2022-05-17 16:57:33] - [INFO]  Workgroup data.Kurdistan.Economics exists in PlanningSpace but not in the workgroups CSV file. Please check if this workgroup needs to be removed. 1
[2022-05-17 16:57:33] - [INFO]  Workgroup systemcheck exists in PlanningSpace but not in the workgroups CSV file. Please check if this workgroup needs to be removed. 1
[2022-05-17 16:57:33] - [INFO]  Workgroup data.Georgia exists in PlanningSpace but not in the workgroups CSV file. Please check if this workgroup needs to be removed. 1
[2022-05-17 16:57:33] - [INFO]  Workgroup temp.adjust.eco exists in PlanningSpace but not in the workgroups CSV file. Please check if this workgroup needs to be removed. 1
[2022-05-17 16:57:33] - [INFO]  Workgroup temp.calc exists in PlanningSpace but not in the workgroups CSV file. Please check if this workgroup needs to be removed. 1
[2022-05-17 16:57:33] - [INFO]  Workgroup bd.011.deny exists in PlanningSpace but not in the workgroups CSV file. Please check if this workgroup needs to be removed. 1
[2022-05-17 16:57:33] - [INFO]  Workgroup data.Austria.Reserves exists in PlanningSpace but not in the workgroups CSV file. Please check if this workgroup needs to be removed. 1
[2022-05-17 16:57:33] - [INFO]  Workgroup data.Libya.Finance exists in PlanningSpace but not in the workgroups CSV file. Please check if this workgroup needs to be removed. 1
[2022-05-17 16:57:33] - [INFO]  Workgroup data.Yemen.Finance exists in PlanningSpace but not in the workgroups CSV file. Please check if this workgroup needs to be removed. 1
[2022-05-17 16:57:33] - [INFO]  Workgroup data.OMVEP.Key exists in PlanningSpace but not in the workgroups CSV file. Please check if this workgroup needs to be removed. 1
[2022-05-17 16:57:33] - [INFO]  Workgroup data.OMVEP.Economics exists in PlanningSpace but not in the workgroups CSV file. Please check if this workgroup needs to be removed. 1
[2022-05-17 16:57:33] - [INFO]  Workgroup data.Corporate.Portfolio exists in PlanningSpace but not in the workgroups CSV file. Please check if this workgroup needs to be removed. 1
[2022-05-17 16:57:33] - [INFO]  Workgroup Economics.power exists in PlanningSpace but not in the workgroups CSV file. Please check if this workgroup needs to be removed. 1
[2022-05-17 16:57:33] - [INFO]  Workgroup data.Bulgaria.key exists in PlanningSpace but not in the workgroups CSV file. Please check if this workgroup needs to be removed. 1
[2022-05-17 16:57:33] - [INFO]  Workgroup bd.008.deny exists in PlanningSpace but not in the workgroups CSV file. Please check if this workgroup needs to be removed. 1
[2022-05-17 16:57:33] - [INFO]  Workgroup bd.009.allow exists in PlanningSpace but not in the workgroups CSV file. Please check if this workgroup needs to be removed. 1
[2022-05-17 16:57:33] - [INFO]  Workgroup bd.003.deny exists in PlanningSpace but not in the workgroups CSV file. Please check if this workgroup needs to be removed. 1
[2022-05-17 16:57:33] - [INFO]  Workgroup Reporting exists in PlanningSpace but not in the workgroups CSV file. Please check if this workgroup needs to be removed. 1
[2022-05-17 16:57:33] - [INFO]  Workgroup bd.002.deny exists in PlanningSpace but not in the workgroups CSV file. Please check if this workgroup needs to be removed. 1
[2022-05-17 16:57:33] - [INFO]  Workgroup bd.005.allow exists in PlanningSpace but not in the workgroups CSV file. Please check if this workgroup needs to be removed. 1
[2022-05-17 16:57:33] - [INFO]  Workgroup data.Romania.Reserves exists in PlanningSpace but not in the workgroups CSV file. Please check if this workgroup needs to be removed. 1
[2022-05-17 16:57:33] - [INFO]  Workgroup data.Bulgaria.Economics exists in PlanningSpace but not in the workgroups CSV file. Please check if this workgroup needs to be removed. 1
[2022-05-17 16:57:33] - [INFO]  Workgroup User.admin exists in PlanningSpace but not in the workgroups CSV file. Please check if this workgroup needs to be removed. 1
[2022-05-17 16:57:33] - [INFO]  Workgroup bd.009.deny exists in PlanningSpace but not in the workgroups CSV file. Please check if this workgroup needs to be removed. 1
[2022-05-17 16:57:33] - [INFO]  Workgroup data.Kurdistan.Portfolio exists in PlanningSpace but not in the workgroups CSV file. Please check if this workgroup needs to be removed. 1
[2022-05-17 16:57:33] - [INFO]  Workgroup data.ArabEmirates.Portfolio exists in PlanningSpace but not in the workgroups CSV file. Please check if this workgroup needs to be removed. 1
[2022-05-17 16:57:33] - [INFO]  Workgroup bd.013.deny exists in PlanningSpace but not in the workgroups CSV file. Please check if this workgroup needs to be removed. 1
[2022-05-17 16:57:33] - [INFO]  Workgroup bd.013.allow exists in PlanningSpace but not in the workgroups CSV file. Please check if this workgroup needs to be removed. 1
[2022-05-17 16:57:33] - [INFO]  Workgroup bd.017.deny exists in PlanningSpace but not in the workgroups CSV file. Please check if this workgroup needs to be removed. 1
[2022-05-17 16:57:33] - [INFO]  Workgroup temp.quicklook.deny exists in PlanningSpace but not in the workgroups CSV file. Please check if this workgroup needs to be removed. 1
[2022-05-17 16:57:33] - [INFO]  Workgroup bd.016.deny exists in PlanningSpace but not in the workgroups CSV file. Please check if this workgroup needs to be removed. 1
[2022-05-17 16:57:33] - [INFO]  Workgroup data.Australia.Reserves exists in PlanningSpace but not in the workgroups CSV file. Please check if this workgroup needs to be removed. 1
[2022-05-17 16:57:33] - [INFO]  Workgroup Financials.key exists in PlanningSpace but not in the workgroups CSV file. Please check if this workgroup needs to be removed. 1
[2022-05-17 16:57:33] - [INFO]  Workgroup Input.Approve exists in PlanningSpace but not in the workgroups CSV file. Please check if this workgroup needs to be removed. 1
[2022-05-17 16:57:33] - [INFO]  Workgroup data.Norway.Reserves exists in PlanningSpace but not in the workgroups CSV file. Please check if this workgroup needs to be removed. 1
[2022-05-17 16:57:33] - [INFO]  Workgroup data.Georgia.key exists in PlanningSpace but not in the workgroups CSV file. Please check if this workgroup needs to be removed. 1
[2022-05-17 16:57:33] - [INFO]  Workgroup data.Sapura.NewZealand exists in PlanningSpace but not in the workgroups CSV file. Please check if this workgroup needs to be removed. 1
[2022-05-17 16:57:33] - [INFO]  Workgroup temp.admin exists in PlanningSpace but not in the workgroups CSV file. Please check if this workgroup needs to be removed. 1
[2022-05-17 16:57:33] - [INFO]  Workgroup bd.010.allow exists in PlanningSpace but not in the workgroups CSV file. Please check if this workgroup needs to be removed. 1
[2022-05-17 16:57:33] - [INFO]  Workgroup bd.006.deny exists in PlanningSpace but not in the workgroups CSV file. Please check if this workgroup needs to be removed. 1
[2022-05-17 16:57:33] - [INFO]  Workgroup temp.input exists in PlanningSpace but not in the workgroups CSV file. Please check if this workgroup needs to be removed. 1
[2022-05-17 16:57:33] - [INFO]  Workgroup data.OMVEP.Portfolio exists in PlanningSpace but not in the workgroups CSV file. Please check if this workgroup needs to be removed. 1
[2022-05-17 16:57:33] - [INFO]  Workgroup bd.011.allow exists in PlanningSpace but not in the workgroups CSV file. Please check if this workgroup needs to be removed. 1
[2022-05-17 16:57:33] - [INFO]  Workgroup Reserves.base exists in PlanningSpace but not in the workgroups CSV file. Please check if this workgroup needs to be removed. 1
[2022-05-17 16:57:33] - [INFO]  Workgroup temp.adjust.fin.deny exists in PlanningSpace but not in the workgroups CSV file. Please check if this workgroup needs to be removed. 1
[2022-05-17 16:57:33] - [INFO]  Workgroup bd.007.deny exists in PlanningSpace but not in the workgroups CSV file. Please check if this workgroup needs to be removed. 1
[2022-05-17 16:57:33] - [INFO]  Workgroup data.Australia.Economics exists in PlanningSpace but not in the workgroups CSV file. Please check if this workgroup needs to be removed. 1
[2022-05-17 16:57:33] - [INFO]  Workgroup temp.input.readonly exists in PlanningSpace but not in the workgroups CSV file. Please check if this workgroup needs to be removed. 1
[2022-05-17 16:57:33] - [INFO]  Workgroup data.Tunisia.Key exists in PlanningSpace but not in the workgroups CSV file. Please check if this workgroup needs to be removed. 1
[2022-05-17 16:57:33] - [INFO]  Workgroup data.Mexico exists in PlanningSpace but not in the workgroups CSV file. Please check if this workgroup needs to be removed. 1
[2022-05-17 16:57:33] - [INFO]  Workgroup data.NewZealand.Finance exists in PlanningSpace but not in the workgroups CSV file. Please check if this workgroup needs to be removed. 1
[2022-05-17 16:57:33] - [INFO]  Workgroup Financials.regimes exists in PlanningSpace but not in the workgroups CSV file. Please check if this workgroup needs to be removed. 1
[2022-05-17 16:57:33] - [INFO]  Workgroup data.Sapura.NewZealand.Economics exists in PlanningSpace but not in the workgroups CSV file. Please check if this workgroup needs to be removed. 1
[2022-05-17 16:57:33] - [INFO]  Workgroup data.Romania exists in PlanningSpace but not in the workgroups CSV file. Please check if this workgroup needs to be removed. 1
[2022-05-17 16:57:33] - [INFO]  Workgroup data.Yemen exists in PlanningSpace but not in the workgroups CSV file. Please check if this workgroup needs to be removed. 1
[2022-05-17 16:57:33] - [INFO]  Workgroup data.Corporate.Exploration exists in PlanningSpace but not in the workgroups CSV file. Please check if this workgroup needs to be removed. 1
[2022-05-17 16:57:33] - [INFO]  Workgroup P2V.developer exists in PlanningSpace but not in the workgroups CSV file. Please check if this workgroup needs to be removed. 1
[2022-05-17 16:57:33] - [INFO]  Workgroup temp.adjust.input.readonly exists in PlanningSpace but not in the workgroups CSV file. Please check if this workgroup needs to be removed. 1
[2022-05-17 16:57:33] - [INFO]  Workgroup bd.015.deny exists in PlanningSpace but not in the workgroups CSV file. Please check if this workgroup needs to be removed. 1
[2022-05-17 16:57:33] - [INFO]  Workgroup data.Tunisia.Finance exists in PlanningSpace but not in the workgroups CSV file. Please check if this workgroup needs to be removed. 1
[2022-05-17 16:57:33] - [INFO]  Workgroup data.Libya.key exists in PlanningSpace but not in the workgroups CSV file. Please check if this workgroup needs to be removed. 1
[2022-05-17 16:57:33] - [INFO]  Workgroup Administrators exists in PlanningSpace but not in the workgroups CSV file. Please check if this workgroup needs to be removed. 1
[2022-05-17 16:57:33] - [INFO]  Workgroup temp.admin.readonly exists in PlanningSpace but not in the workgroups CSV file. Please check if this workgroup needs to be removed. 1
[2022-05-17 16:57:33] - [INFO]  Workgroup P2V.base exists in PlanningSpace but not in the workgroups CSV file. Please check if this workgroup needs to be removed. 1
[2022-05-17 16:57:33] - [INFO]  Workgroup temp.adjust.ecoresults.deny exists in PlanningSpace but not in the workgroups CSV file. Please check if this workgroup needs to be removed. 1
[2022-05-17 16:57:33] - [INFO]  Workgroup P2V.admin exists in PlanningSpace but not in the workgroups CSV file. Please check if this workgroup needs to be removed. 1
[2022-05-17 16:57:33] - [INFO]  Workgroup data.Yemen.Reserves exists in PlanningSpace but not in the workgroups CSV file. Please check if this workgroup needs to be removed. 1
[2022-05-17 16:57:34] - [INFO]  Workgroup data.Yemen.Portfolio exists in PlanningSpace but not in the workgroups CSV file. Please check if this workgroup needs to be removed. 1
[2022-05-17 16:57:34] - [INFO]  Workgroup data.Kurdistan.Reserves exists in PlanningSpace but not in the workgroups CSV file. Please check if this workgroup needs to be removed. 1
[2022-05-17 16:57:34] - [INFO]  Workgroup data.NewZealand.Portfolio exists in PlanningSpace but not in the workgroups CSV file. Please check if this workgroup needs to be removed. 1
[2022-05-17 16:57:34] - [INFO]  Workgroup data.NewZealand.Economics exists in PlanningSpace but not in the workgroups CSV file. Please check if this workgroup needs to be removed. 1
[2022-05-17 16:57:34] - [INFO]  Workgroup data.Romania.Finance exists in PlanningSpace but not in the workgroups CSV file. Please check if this workgroup needs to be removed. 1
[2022-05-17 16:57:34] - [INFO]  Workgroup Reserves.key exists in PlanningSpace but not in the workgroups CSV file. Please check if this workgroup needs to be removed. 1
[2022-05-17 16:57:34] - [INFO]  Workgroup data.Everyone.Economics exists in PlanningSpace but not in the workgroups CSV file. Please check if this workgroup needs to be removed. 1
[2022-05-17 16:57:34] - [INFO]  Workgroup temp.economics.readonly exists in PlanningSpace but not in the workgroups CSV file. Please check if this workgroup needs to be removed. 1
[2022-05-17 16:57:34] - [INFO]  Workgroup Financials.power exists in PlanningSpace but not in the workgroups CSV file. Please check if this workgroup needs to be removed. 1
[2022-05-17 16:57:34] - [INFO]  Workgroup bd.017.allow exists in PlanningSpace but not in the workgroups CSV file. Please check if this workgroup needs to be removed. 1
[2022-05-17 16:57:34] - [INFO]  Workgroup temp.ecoresults exists in PlanningSpace but not in the workgroups CSV file. Please check if this workgroup needs to be removed. 1
[2022-05-17 16:57:34] - [INFO]  Workgroup data.ArabEmirates.Economics exists in PlanningSpace but not in the workgroups CSV file. Please check if this workgroup needs to be removed. 1
[2022-05-17 16:57:34] - [INFO]  Workgroup data.Kurdistan.Finance exists in PlanningSpace but not in the workgroups CSV file. Please check if this workgroup needs to be removed. 1
[2022-05-17 16:57:34] - [INFO]  Workgroup data.Tunisia exists in PlanningSpace but not in the workgroups CSV file. Please check if this workgroup needs to be removed. 1
[2022-05-17 16:57:34] - [INFO]  Workgroup Dataflow.unlock exists in PlanningSpace but not in the workgroups CSV file. Please check if this workgroup needs to be removed. 1
[2022-05-17 16:57:34] - [INFO]  Workgroup data.Bulgaria.Reserves exists in PlanningSpace but not in the workgroups CSV file. Please check if this workgroup needs to be removed. 1
[2022-05-17 16:57:34] - [INFO]  Workgroup data.Georgia.Economics exists in PlanningSpace but not in the workgroups CSV file. Please check if this workgroup needs to be removed. 1
[2022-05-17 16:57:34] - [INFO]  Workgroup bd.007.allow exists in PlanningSpace but not in the workgroups CSV file. Please check if this workgroup needs to be removed. 1
[2022-05-17 16:57:34] - [INFO]  Workgroup temp.adjust.ecoresults.readonly exists in PlanningSpace but not in the workgroups CSV file. Please check if this workgroup needs to be removed. 1
[2022-05-17 16:57:34] - [INFO]  Workgroup data.Sapura.NewZealand.Portfolio exists in PlanningSpace but not in the workgroups CSV file. Please check if this workgroup needs to be removed. 1
[2022-05-17 16:57:34] - [INFO]  Workgroup PetroVR exists in PlanningSpace but not in the workgroups CSV file. Please check if this workgroup needs to be removed. 1
[2022-05-17 16:57:34] - [INFO]  Workgroup Reserves.Security exists in PlanningSpace but not in the workgroups CSV file. Please check if this workgroup needs to be removed. 1
[2022-05-17 16:57:34] - [INFO]  Workgroup data.Austria.Finance exists in PlanningSpace but not in the workgroups CSV file. Please check if this workgroup needs to be removed. 1
[2022-05-17 16:57:34] - [INFO]  Workgroup bd.015.allow exists in PlanningSpace but not in the workgroups CSV file. Please check if this workgroup needs to be removed. 1
[2022-05-17 16:57:34] - [INFO]  Workgroup bd.002.allow exists in PlanningSpace but not in the workgroups CSV file. Please check if this workgroup needs to be removed. 1
[2022-05-17 16:57:34] - [INFO]  Workgroup Reserves.Submitter exists in PlanningSpace but not in the workgroups CSV file. Please check if this workgroup needs to be removed. 1
[2022-05-17 16:57:34] - [INFO]  Workgroup bd.003.allow exists in PlanningSpace but not in the workgroups CSV file. Please check if this workgroup needs to be removed. 1
[2022-05-17 16:57:34] - [INFO]  Workgroup data.Kurdistan exists in PlanningSpace but not in the workgroups CSV file. Please check if this workgroup needs to be removed. 1
[2022-05-17 16:57:34] - [INFO]  Workgroup data.Australia exists in PlanningSpace but not in the workgroups CSV file. Please check if this workgroup needs to be removed. 1
[2022-05-17 16:57:34] - [INFO]  Workgroup data.Malaysia.key exists in PlanningSpace but not in the workgroups CSV file. Please check if this workgroup needs to be removed. 1
[2022-05-17 16:57:34] - [INFO]  Workgroup bd.004.allow exists in PlanningSpace but not in the workgroups CSV file. Please check if this workgroup needs to be removed. 1
[2022-05-17 16:57:34] - [INFO]  Workgroup data.ArabEmirates.Reserves exists in PlanningSpace but not in the workgroups CSV file. Please check if this workgroup needs to be removed. 1
[2022-05-17 16:57:34] - [INFO]  Workgroup data.Norway.Finance exists in PlanningSpace but not in the workgroups CSV file. Please check if this workgroup needs to be removed. 1
[2022-05-17 16:57:34] - [INFO]  Workgroup temp.financials.deny exists in PlanningSpace but not in the workgroups CSV file. Please check if this workgroup needs to be removed. 1
[2022-05-17 16:57:34] - [INFO]  Workgroup data.Russia.Reserves exists in PlanningSpace but not in the workgroups CSV file. Please check if this workgroup needs to be removed. 1
[2022-05-17 16:57:34] - [INFO]  Workgroup data.Libya.Portfolio exists in PlanningSpace but not in the workgroups CSV file. Please check if this workgroup needs to be removed. 1
[2022-05-17 16:57:34] - [INFO]  Workgroup temp.adjust.admin exists in PlanningSpace but not in the workgroups CSV file. Please check if this workgroup needs to be removed. 1
[2022-05-17 16:57:34] - [INFO]  Workgroup temp.financials.readonly exists in PlanningSpace but not in the workgroups CSV file. Please check if this workgroup needs to be removed. 1
[2022-05-17 16:57:34] - [INFO]  Workgroup data.Norway exists in PlanningSpace but not in the workgroups CSV file. Please check if this workgroup needs to be removed. 1
[2022-05-17 16:57:34] - [INFO]  Workgroup data.NewZealand exists in PlanningSpace but not in the workgroups CSV file. Please check if this workgroup needs to be removed. 1
[2022-05-17 16:57:34] - [INFO]  Workgroup bd.001.allow exists in PlanningSpace but not in the workgroups CSV file. Please check if this workgroup needs to be removed. 1
[2022-05-17 16:57:34] - [INFO]  Workgroup temp.financials exists in PlanningSpace but not in the workgroups CSV file. Please check if this workgroup needs to be removed. 1
[2022-05-17 16:57:34] - [INFO]  Workgroup data.Norway.Economics exists in PlanningSpace but not in the workgroups CSV file. Please check if this workgroup needs to be removed. 1
[2022-05-17 16:57:34] - [INFO]  Workgroup data.Australia.key exists in PlanningSpace but not in the workgroups CSV file. Please check if this workgroup needs to be removed. 1
[2022-05-17 16:57:34] - [INFO]  Workgroup data.Yemen.key exists in PlanningSpace but not in the workgroups CSV file. Please check if this workgroup needs to be removed. 1
[2022-05-17 16:57:34] - [INFO]  Workgroup temp.adjust.fin.readonly exists in PlanningSpace but not in the workgroups CSV file. Please check if this workgroup needs to be removed. 1
[2022-05-17 16:57:34] - [INFO]  Workgroup data.Romania.Portfolio exists in PlanningSpace but not in the workgroups CSV file. Please check if this workgroup needs to be removed. 1
[2022-05-17 16:57:34] - [INFO]  Workgroup temp.adjust.ecoresults exists in PlanningSpace but not in the workgroups CSV file. Please check if this workgroup needs to be removed. 1
[2022-05-17 16:57:34] - [INFO]  Workgroup data.Austria exists in PlanningSpace but not in the workgroups CSV file. Please check if this workgroup needs to be removed. 1
[2022-05-17 16:57:34] - [INFO]  Workgroup bd.012.deny exists in PlanningSpace but not in the workgroups CSV file. Please check if this workgroup needs to be removed. 1
[2022-05-17 16:57:34] - [INFO]  Workgroup temp.quicklook.readonly exists in PlanningSpace but not in the workgroups CSV file. Please check if this workgroup needs to be removed. 1
[2022-05-17 16:57:34] - [INFO]  Workgroup data.Kurdistan.key exists in PlanningSpace but not in the workgroups CSV file. Please check if this workgroup needs to be removed. 1
[2022-05-17 16:57:34] - [INFO]  Workgroup data.Austria.Economics exists in PlanningSpace but not in the workgroups CSV file. Please check if this workgroup needs to be removed. 1
[2022-05-17 16:57:34] - [INFO]  Workgroup data.Sapura.NewZealand.Reserves exists in PlanningSpace but not in the workgroups CSV file. Please check if this workgroup needs to be removed. 1
[2022-05-17 16:57:34] - [INFO]  Workgroup Auditor exists in PlanningSpace but not in the workgroups CSV file. Please check if this workgroup needs to be removed. 1
[2022-05-17 16:57:34] - [INFO]  Workgroup SecurityAdministrators exists in PlanningSpace but not in the workgroups CSV file. Please check if this workgroup needs to be removed. 1
[2022-05-17 16:57:34] - [INFO]  Workgroup data.Sapura.Australia exists in PlanningSpace but not in the workgroups CSV file. Please check if this workgroup needs to be removed. 1
[2022-05-17 16:57:34] - [INFO]  Workgroup bd.020.deny exists in PlanningSpace but not in the workgroups CSV file. Please check if this workgroup needs to be removed. 1
[2022-05-17 16:57:34] - [INFO]  Workgroup bd.base exists in PlanningSpace but not in the workgroups CSV file. Please check if this workgroup needs to be removed. 1
[2022-05-17 16:57:34] - [INFO]  Workgroup data.OMVEP.Reserves exists in PlanningSpace but not in the workgroups CSV file. Please check if this workgroup needs to be removed. 1
[2022-05-17 16:57:34] - [INFO]  Workgroup Economics.key exists in PlanningSpace but not in the workgroups CSV file. Please check if this workgroup needs to be removed. 1
[2022-05-17 16:57:34] - [INFO]  Workgroup data.Sapura.NewZealand.Finance exists in PlanningSpace but not in the workgroups CSV file. Please check if this workgroup needs to be removed. 1
[2022-05-17 16:57:34] - [INFO]  Workgroup bd.014.allow exists in PlanningSpace but not in the workgroups CSV file. Please check if this workgroup needs to be removed. 1
[2022-05-17 16:57:34] - [INFO]  Workgroup data.Malaysia exists in PlanningSpace but not in the workgroups CSV file. Please check if this workgroup needs to be removed. 1
[2022-05-17 16:57:34] - [INFO]  Workgroup Portfolio exists in PlanningSpace but not in the workgroups CSV file. Please check if this workgroup needs to be removed. 1
[2022-05-17 16:57:34] - [INFO]  Workgroup bd.018.allow exists in PlanningSpace but not in the workgroups CSV file. Please check if this workgroup needs to be removed. 1
[2022-05-17 16:57:34] - [INFO]  Workgroup rollover exists in PlanningSpace but not in the workgroups CSV file. Please check if this workgroup needs to be removed. 1
[2022-05-17 16:57:34] - [INFO]  Workgroup data.Mexico.Economics exists in PlanningSpace but not in the workgroups CSV file. Please check if this workgroup needs to be removed. 1
[2022-05-17 16:57:34] - [INFO]  Workgroup bd.008.allow exists in PlanningSpace but not in the workgroups CSV file. Please check if this workgroup needs to be removed. 1
[2022-05-17 16:57:34] - [INFO]  Workgroup Input.Confirm exists in PlanningSpace but not in the workgroups CSV file. Please check if this workgroup needs to be removed. 1
[2022-05-17 16:57:34] - [INFO]  Workgroup data.Libya.Economics exists in PlanningSpace but not in the workgroups CSV file. Please check if this workgroup needs to be removed. 1
[2022-05-17 16:57:34] - [INFO]  Workgroup temp.adjust.eco.readonly exists in PlanningSpace but not in the workgroups CSV file. Please check if this workgroup needs to be removed. 1
[2022-05-17 16:57:34] - [INFO]  Workgroup data.Sapura.Australia.Reserves exists in PlanningSpace but not in the workgroups CSV file. Please check if this workgroup needs to be removed. 1
[2022-05-17 16:57:34] - [INFO]  Workgroup data.Corporate.key exists in PlanningSpace but not in the workgroups CSV file. Please check if this workgroup needs to be removed. 1
[2022-05-17 16:57:34] - [INFO]  Workgroup data.OMVEP.Finance exists in PlanningSpace but not in the workgroups CSV file. Please check if this workgroup needs to be removed. 1
[2022-05-17 16:57:34] - [INFO]  Workgroup bd.012.allow exists in PlanningSpace but not in the workgroups CSV file. Please check if this workgroup needs to be removed. 1
[2022-05-17 16:57:34] - [INFO]  Workgroup license.light exists in PlanningSpace but not in the workgroups CSV file. Please check if this workgroup needs to be removed. 1
[2022-05-17 16:57:34] - [INFO]  Workgroup data.Libya exists in PlanningSpace but not in the workgroups CSV file. Please check if this workgroup needs to be removed. 1
[2022-05-17 16:57:34] - [INFO]  Workgroup temp.economics.deny exists in PlanningSpace but not in the workgroups CSV file. Please check if this workgroup needs to be removed. 1
[2022-05-17 16:57:34] - [INFO]  Workgroup temp.adjust.admin.deny exists in PlanningSpace but not in the workgroups CSV file. Please check if this workgroup needs to be removed. 1
[2022-05-17 16:57:34] - [INFO]  Workgroup data.Australia.Finance exists in PlanningSpace but not in the workgroups CSV file. Please check if this workgroup needs to be removed. 1
[2022-05-17 16:57:34] - [INFO]  Workgroup bd.020.allow exists in PlanningSpace but not in the workgroups CSV file. Please check if this workgroup needs to be removed. 1
[2022-05-17 16:57:34] - [INFO]  Workgroup data.Malaysia.Reserves exists in PlanningSpace but not in the workgroups CSV file. Please check if this workgroup needs to be removed. 1
[2022-05-17 16:57:34] - [INFO]  Workgroup temp.calc.readonly exists in PlanningSpace but not in the workgroups CSV file. Please check if this workgroup needs to be removed. 1
[2022-05-17 16:57:34] - [INFO]  Workgroup data.Romania.key exists in PlanningSpace but not in the workgroups CSV file. Please check if this workgroup needs to be removed. 1
[2022-05-17 16:57:34] - [INFO]  Workgroup temp.economics exists in PlanningSpace but not in the workgroups CSV file. Please check if this workgroup needs to be removed. 1
[2022-05-17 16:57:34] - [INFO]  Workgroup data.Russia.Economics exists in PlanningSpace but not in the workgroups CSV file. Please check if this workgroup needs to be removed. 1
[2022-05-17 16:57:34] - [INFO]  Workgroup data.ArabEmirates exists in PlanningSpace but not in the workgroups CSV file. Please check if this workgroup needs to be removed. 1
[2022-05-17 16:57:34] - [INFO]  Workgroup data.Bulgaria exists in PlanningSpace but not in the workgroups CSV file. Please check if this workgroup needs to be removed. 1
[2022-05-17 16:57:34] - [INFO]  Workgroup temp.ecoresults.deny exists in PlanningSpace but not in the workgroups CSV file. Please check if this workgroup needs to be removed. 1
[2022-05-17 16:57:34] - [INFO]  Workgroup data.Sapura.Australia.key exists in PlanningSpace but not in the workgroups CSV file. Please check if this workgroup needs to be removed. 1
[2022-05-17 16:57:34] - [INFO]  Workgroup data.Sapura.Australia.Finance exists in PlanningSpace but not in the workgroups CSV file. Please check if this workgroup needs to be removed. 1
[2022-05-17 16:57:34] - [INFO]  Workgroup Everyone exists in PlanningSpace but not in the workgroups CSV file. Please check if this workgroup needs to be removed. 1
[2022-05-17 16:57:34] - [INFO]  Workgroup temp.adjust.fin exists in PlanningSpace but not in the workgroups CSV file. Please check if this workgroup needs to be removed. 1
[2022-05-17 16:57:34] - [INFO]  Workgroup temp.admin.deny exists in PlanningSpace but not in the workgroups CSV file. Please check if this workgroup needs to be removed. 1
[2022-05-17 16:57:34] - [INFO]  Workgroup data.Norway.Key exists in PlanningSpace but not in the workgroups CSV file. Please check if this workgroup needs to be removed. 1
[2022-05-17 16:57:34] - [INFO]  Workgroup data.Corporate exists in PlanningSpace but not in the workgroups CSV file. Please check if this workgroup needs to be removed. 1
[2022-05-17 16:57:34] - [INFO]  Workgroup data.Mexico.key exists in PlanningSpace but not in the workgroups CSV file. Please check if this workgroup needs to be removed. 1
[2022-05-17 16:57:34] - [INFO]  Workgroup data.Corporate.Economics exists in PlanningSpace but not in the workgroups CSV file. Please check if this workgroup needs to be removed. 1
[2022-05-17 16:57:34] - [INFO]  Workgroup Economics.regimes.readonly exists in PlanningSpace but not in the workgroups CSV file. Please check if this workgroup needs to be removed. 1
[2022-05-17 16:57:34] - [INFO]  Workgroup temp.adjust.eco.deny exists in PlanningSpace but not in the workgroups CSV file. Please check if this workgroup needs to be removed. 1
[2022-05-17 16:57:34] - [INFO]  Workgroup data.Malaysia.Economics exists in PlanningSpace but not in the workgroups CSV file. Please check if this workgroup needs to be removed. 1
[2022-05-17 16:57:34] - [INFO]  Workgroup temp.ecoresults.readonly exists in PlanningSpace but not in the workgroups CSV file. Please check if this workgroup needs to be removed. 1
[2022-05-17 16:57:34] - [INFO]  Workgroup data.Libya.Reserves exists in PlanningSpace but not in the workgroups CSV file. Please check if this workgroup needs to be removed. 1
[2022-05-17 16:57:34] - [INFO]  Workgroup data.Romania.Economics exists in PlanningSpace but not in the workgroups CSV file. Please check if this workgroup needs to be removed. 1
[2022-05-17 16:57:34] - [INFO]  Workgroup Economics.regimes exists in PlanningSpace but not in the workgroups CSV file. Please check if this workgroup needs to be removed. 1
[2022-05-17 16:57:34] - [INFO]  Workgroup data.Norway.Portfolio exists in PlanningSpace but not in the workgroups CSV file. Please check if this workgroup needs to be removed. 1
[2022-05-17 16:57:34] - [INFO]  Workgroup data.Malaysia.Finance exists in PlanningSpace but not in the workgroups CSV file. Please check if this workgroup needs to be removed. 1
[2022-05-17 16:57:34] - [INFO]  Workgroup data.Russia.Portfolio exists in PlanningSpace but not in the workgroups CSV file. Please check if this workgroup needs to be removed. 1
