[2023-10-23 09:06:37] - [INFO] [WW/adminx449222] on [SOMVAT502676] started [check_userprofile]
[2023-10-23 11:23:48] - [INFO] [WW/adminx449222] on [SOMVAT502676] started [check_userprofile]
[2023-10-23 13:36:35] - [INFO] [WW/adminx449222] on [SOMVAT502676] started [check_userprofile]
[2023-10-23 13:38:13] - [INFO] [WW/adminx449222] on [SOMVAT502676] started [check_userprofile]
[2023-10-23 13:50:36] - [INFO] [WW/adminx449222] on [SOMVAT502676] started [check_userprofile]
[2023-10-23 14:28:06] - [INFO] [WW/adminx449222] on [SOMVAT502676] started [check_userprofile]
[2023-10-23 14:28:42] - [INFO] [WW/adminx449222] on [SOMVAT502676] started [check_userprofile]
[2023-10-23 14:29:02] - [INFO] [WW/adminx449222] on [SOMVAT502676] started [check_userprofile]
[2023-10-23 14:36:39] - [INFO] [WW/adminx449222] on [SOMVAT502676] started [check_userprofile]
[2023-10-23 14:39:05] - [INFO] [WW/adminx449222] on [SOMVAT502676] started [check_userprofile]
[2023-10-23 14:40:02] - [INFO] [WW/adminx449222] on [SOMVAT502676] started [check_userprofile]
[2023-10-23 22:47:50] - [INFO] [WW/adminx449222] on [SOMVAT502676] started [check_userprofile]
[2023-10-24 10:33:00] - [INFO] [WW/adminx449222] on [SOMVAT502676] started [check_userprofile]
[2023-10-24 11:17:24] - [INFO] [WW/adminx449222] on [SOMVAT502676] started [P2V_super_sync-SEC2.ps1]
[2023-10-24 11:19:54] - [INFO] user=WW/adminx449222,script=P2V_super_sync-SEC2.ps1,tenant=P2V_PRODTEST,uid=784/Petro.Podurets@omv.com,gid=/userworkgroups/119 /userworkgroups/163 /userworkgroups/23 /userworkgroups/89,remove add add add,[DONE]
[2023-10-24 11:20:12] - [INFO] user=WW/adminx449222,script=P2V_super_sync-SEC2.ps1,tenant=P2V-PROD,uid=784/Petro.Podurets@omv.com,gid=/userworkgroups/119 /userworkgroups/163 /userworkgroups/89 /userworkgroups/234,remove add add add,[DONE]
[2023-10-24 11:21:03] - [INFO] user=WW/adminx449222,script=P2V_super_sync-SEC2.ps1,tenant=P2V_DEMO,uid=784/Petro.Podurets@omv.com,gid=/userworkgroups/119 /userworkgroups/163 /userworkgroups/23 /userworkgroups/89,remove add add add,[DONE]
[2023-10-24 11:21:32] - [INFO] user=WW/adminx449222,script=P2V_super_sync-SEC2.ps1,tenant=P2V_TEST,uid=784/Petro.Podurets@omv.com,gid=/userworkgroups/119 /userworkgroups/163 /userworkgroups/23 /userworkgroups/89,remove add add add,[DONE]
[2023-10-24 11:21:47] - [INFO] user=WW/adminx449222,script=P2V_super_sync-SEC2.ps1,tenant=P2V_UPDATE,uid=784/Petro.Podurets@omv.com,gid=/userworkgroups/119 /userworkgroups/163 /userworkgroups/23 /userworkgroups/89,remove add add add,[DONE]
[2023-10-24 11:22:04] - [INFO] user=WW/adminx449222,script=P2V_super_sync-SEC2.ps1,tenant=P2V_TRAINING,uid=784/Petro.Podurets@omv.com,gid=/userworkgroups/119 /userworkgroups/163 /userworkgroups/23 /userworkgroups/89,remove add add add,[DONE]
