[2023-11-14 09:53:47] - [INFO] [WW/adminx449222] started P2V_calculate_groups_bd 
[2023-11-14 09:53:47] - [INFO] [WW/adminx449222] on [SOMVAT502676] started [P2V_calculate_groups_bd]
[2023-11-14 09:56:08] - [INFO] [WW/adminx449222] started P2V_calculate_groups_bd 
[2023-11-14 09:56:08] - [INFO] [WW/adminx449222] on [SOMVAT502676] started [P2V_calculate_groups_bd]
[2023-11-14 10:57:21] - [INFO] [WW/adminx449222] started check_userprofile -xkey VICTOR8
[2023-11-14 10:57:21] - [INFO] [WW/adminx449222] on [SOMVAT502676] started [check_userprofile]
[2023-11-14 11:01:17] - [INFO] [WW/adminx449222] started check_P2V_user -xkey VICTOR8
[2023-11-14 11:01:17] - [INFO] [WW/adminx449222] on [SOMVAT502676] started [check_P2V_user]
[2023-11-14 11:33:33] - [INFO] [WW/adminx449222] started P2V_sync_user -xkey VICTOR8
[2023-11-14 11:35:06] - [INFO] [WW/adminx449222] started P2V_sync_user -xkey VICTOR8
[2023-11-14 11:38:15] - [INFO] [WW/adminx449222] started P2V_sync_user -xkey VICTOR8
[2023-11-14 13:30:21] - [INFO] [WW/adminx449222] started P2V_sync_user -xkey VICTOR8
[2023-11-14 13:52:03] - [INFO] [WW/adminx449222] started P2V_sync_user -xkey VICTOR8
[2023-11-14 14:12:57] - [INFO] [WW/adminx449222] started P2V_sync_user -xkey VICTOR8
[2023-11-14 14:13:49] - [INFO] [WW/adminx449222] started P2V_sync_user -xkey VICTOR8
[2023-11-14 14:16:56] - [INFO] [WW/adminx449222] started P2V_sync_user -xkey VICTOR8
[2023-11-14 14:18:32] - [INFO] [WW/adminx449222] started P2V_sync_user -xkey VICTOR8
[2023-11-14 14:21:15] - [INFO] [WW/adminx449222] started P2V_sync_user -xkey VICTOR8
[2023-11-14 14:23:44] - [INFO] [WW/adminx449222] started P2V_sync_user -xkey VICTOR8
[2023-11-14 14:27:50] - [INFO] [WW/adminx449222] started P2V_sync_user -xkey VICTOR8
[2023-11-14 14:29:51] - [INFO] [WW/adminx449222] started P2V_sync_user -xkey VICTOR8
[2023-11-14 14:34:59] - [INFO] [WW/adminx449222] started P2V_sync_user -xkey VICTOR8
[2023-11-14 14:37:28] - [INFO] [WW/adminx449222] started P2V_sync_user -xkey VICTOR8
[2023-11-14 14:56:29] - [INFO] [WW/adminx449222] started P2V_sync_user -xkey VICTOR8
[2023-11-14 14:59:43] - [INFO] [WW/adminx449222] started P2V_sync_user -xkey VICTOR8
[2023-11-14 15:00:07] - [INFO] [WW/adminx449222] started P2V_sync_user -xkey VICTOR8
[2023-11-14 15:03:15] - [INFO] [WW/adminx449222] started P2V_sync_user -xkey VICTOR8
[2023-11-14 15:06:19] - [INFO] [WW/adminx449222] started P2V_sync_user -xkey VICTOR8
[2023-11-14 15:08:12] - [INFO] [WW/adminx449222] started P2V_sync_user -xkey VICTOR8
[2023-11-14 15:13:41] - [INFO] [WW/adminx449222] started P2V_sync_user -xkey VICTOR8
[2023-11-14 15:21:09] - [INFO] [WW/adminx449222] started P2V_sync_user -xkey VICTOR8
[2023-11-14 15:24:00] - [INFO] [WW/adminx449222] started P2V_sync_user -xkey FLORIAN109
[2023-11-14 15:31:37] - [INFO] [WW/adminx449222] started P2V_sync_user -xkey VICTOR8
[2023-11-15 12:28:24] - [INFO] [WW/adminx449222] started P2V_calculate_groups_bd 
[2023-11-15 12:28:25] - [INFO] [WW/adminx449222] on [SOMVAT502676] started [P2V_calculate_groups_bd]
[2023-11-15 12:33:51] - [ERROR] [P2V_TEST]-[Z.BD.016.allow] : remove remove add Balomiri Victor-Emanuel (VICTOR8) Balomiri Victor-Emanuel (VICTOR8) Haberfehlner Stephanie (STEPHANIE3) - error
[2023-11-15 12:33:52] - [INFO] [P2V_TEST]-[Z.BD.031.deny] : add add remove Balomiri Victor-Emanuel (VICTOR8) Balomiri Victor-Emanuel (VICTOR8) Haberfehlner Stephanie (STEPHANIE3) - done
[2023-11-15 12:33:53] - [INFO] [P2V_TEST]-[Z.BD.016.deny] : add add remove Balomiri Victor-Emanuel (VICTOR8) Balomiri Victor-Emanuel (VICTOR8) Haberfehlner Stephanie (STEPHANIE3) - done
[2023-11-15 12:33:53] - [INFO] [P2V_TEST]-[Z.BD.031.allow] : remove remove add Balomiri Victor-Emanuel (VICTOR8) Balomiri Victor-Emanuel (VICTOR8) Haberfehlner Stephanie (STEPHANIE3) - done
[2023-11-15 12:33:54] - [INFO] [P2V_TEST]-[Z.BD.035.allow] : remove remove add Balomiri Victor-Emanuel (VICTOR8) Balomiri Victor-Emanuel (VICTOR8) Haberfehlner Stephanie (STEPHANIE3) - done
[2023-11-15 12:33:55] - [INFO] [P2V_TEST]-[Z.BD.029.deny] : remove Haberfehlner Stephanie (STEPHANIE3) - done
[2023-11-15 12:33:56] - [INFO] [P2V_TEST]-[Z.BD.028.deny] : remove Haberfehlner Stephanie (STEPHANIE3) - done
[2023-11-15 12:33:57] - [INFO] [P2V_TEST]-[Z.BD.030.allow] : add Haberfehlner Stephanie (STEPHANIE3) - done
[2023-11-15 12:33:58] - [INFO] [P2V_TEST]-[Z.BD.030.deny] : remove Haberfehlner Stephanie (STEPHANIE3) - done
[2023-11-15 12:34:00] - [INFO] [P2V_TEST]-[Z.BD.029.allow] : add Haberfehlner Stephanie (STEPHANIE3) - done
[2023-11-15 12:34:01] - [INFO] [P2V_TEST]-[Z.BD.032.deny] : remove Haberfehlner Stephanie (STEPHANIE3) - done
[2023-11-15 12:34:01] - [INFO] [P2V_TEST]-[Z.BD.027.deny] : add add remove Balomiri Victor-Emanuel (VICTOR8) Balomiri Victor-Emanuel (VICTOR8) Haberfehlner Stephanie (STEPHANIE3) - done
[2023-11-15 12:34:02] - [INFO] [P2V_TEST]-[Z.BD.027.allow] : remove remove add Balomiri Victor-Emanuel (VICTOR8) Balomiri Victor-Emanuel (VICTOR8) Haberfehlner Stephanie (STEPHANIE3) - done
[2023-11-15 12:34:03] - [INFO] [P2V_TEST]-[Z.BD.035.deny] : add add remove Balomiri Victor-Emanuel (VICTOR8) Balomiri Victor-Emanuel (VICTOR8) Haberfehlner Stephanie (STEPHANIE3) - done
[2023-11-15 12:34:04] - [INFO] [P2V_TEST]-[Z.BD.032.allow] : add Haberfehlner Stephanie (STEPHANIE3) - done
[2023-11-15 12:34:05] - [INFO] [P2V_TEST]-[Z.BD.028.allow] : add Haberfehlner Stephanie (STEPHANIE3) - done
[2023-11-15 12:34:42] - [INFO] [WW/adminx449222] started P2V_calculate_groups_bd 
[2023-11-15 12:34:42] - [INFO] [WW/adminx449222] on [SOMVAT502676] started [P2V_calculate_groups_bd]
[2023-11-15 12:43:50] - [INFO] [P2V-PROD]-[Z.BD.016.allow] : remove add add Balomiri Victor-Emanuel (VICTOR8) Haberfehlner Stephanie (STEPHANIE3) Ponz Moreno Sara (SARA27) - done
[2023-11-15 12:43:51] - [INFO] [P2V-PROD]-[Z.BD.031.deny] : add remove remove Balomiri Victor-Emanuel (VICTOR8) Haberfehlner Stephanie (STEPHANIE3) Ponz Moreno Sara (SARA27) - done
[2023-11-15 12:43:52] - [INFO] [P2V-PROD]-[Z.BD.016.deny] : add remove remove Balomiri Victor-Emanuel (VICTOR8) Haberfehlner Stephanie (STEPHANIE3) Ponz Moreno Sara (SARA27) - done
[2023-11-15 12:43:53] - [INFO] [P2V-PROD]-[Z.BD.031.allow] : remove add add Balomiri Victor-Emanuel (VICTOR8) Haberfehlner Stephanie (STEPHANIE3) Ponz Moreno Sara (SARA27) - done
[2023-11-15 12:43:54] - [INFO] [P2V-PROD]-[Z.BD.035.allow] : remove add Balomiri Victor-Emanuel (VICTOR8) Haberfehlner Stephanie (STEPHANIE3) - done
[2023-11-15 12:43:55] - [INFO] [P2V-PROD]-[Z.BD.029.deny] : remove remove Haberfehlner Stephanie (STEPHANIE3) Ponz Moreno Sara (SARA27) - done
[2023-11-15 12:43:56] - [INFO] [P2V-PROD]-[Z.BD.028.deny] : remove remove Haberfehlner Stephanie (STEPHANIE3) Ponz Moreno Sara (SARA27) - done
[2023-11-15 12:43:57] - [INFO] [P2V-PROD]-[Z.BD.030.allow] : add add Haberfehlner Stephanie (STEPHANIE3) Ponz Moreno Sara (SARA27) - done
[2023-11-15 12:43:58] - [INFO] [P2V-PROD]-[Z.BD.030.deny] : remove remove Haberfehlner Stephanie (STEPHANIE3) Ponz Moreno Sara (SARA27) - done
[2023-11-15 12:43:59] - [INFO] [P2V-PROD]-[Z.BD.029.allow] : add add Haberfehlner Stephanie (STEPHANIE3) Ponz Moreno Sara (SARA27) - done
[2023-11-15 12:44:00] - [INFO] [P2V-PROD]-[Z.BD.032.deny] : remove remove Haberfehlner Stephanie (STEPHANIE3) Ponz Moreno Sara (SARA27) - done
[2023-11-15 12:44:01] - [INFO] [P2V-PROD]-[Z.BD.028.allow] : add add Haberfehlner Stephanie (STEPHANIE3) Ponz Moreno Sara (SARA27) - done
[2023-11-15 12:44:02] - [INFO] [P2V-PROD]-[Z.BD.027.deny] : add remove Balomiri Victor-Emanuel (VICTOR8) Haberfehlner Stephanie (STEPHANIE3) - done
[2023-11-15 12:44:03] - [INFO] [P2V-PROD]-[Z.BD.027.allow] : remove add Balomiri Victor-Emanuel (VICTOR8) Haberfehlner Stephanie (STEPHANIE3) - done
[2023-11-15 12:44:04] - [INFO] [P2V-PROD]-[Z.BD.035.deny] : add remove Balomiri Victor-Emanuel (VICTOR8) Haberfehlner Stephanie (STEPHANIE3) - done
[2023-11-15 12:44:06] - [INFO] [P2V-PROD]-[Z.BD.032.allow] : add add Haberfehlner Stephanie (STEPHANIE3) Ponz Moreno Sara (SARA27) - done
[2023-11-15 12:44:07] - [INFO] [P2V-PROD]-[bd.base] : add Ponz Moreno Sara (SARA27) - done
