[2023-01-27 10:30:20] - [INFO] [WW/adminx449222] on [SOMVAT502676] started [P2V_lock_inactive_users.ps1]
[2023-01-27 11:18:31] - [INFO] [WW/adminx449222] on [SOMVAT502676] started [P2V_super_sync-SEC2.ps1]
[2023-01-27 11:57:13] - [INFO] [WW/adminx449222] on [SOMVAT502676] started [P2V_super_sync-SEC2.ps1]
[2023-01-27 12:10:46] - [INFO] user=WW/adminx449222,script=P2V_super_sync-SEC2.ps1,tenant=P2V_PRODTEST,uid=468/fatma.khalfallah@omv.com,gid=/userworkgroups/108 /userworkgroups/357 /userworkgroups/354 /userworkgroups/362 /userworkgroups/365 /userworkgroups/363 /userworkgroups/361 /userworkgroups/364 /userworkgroups/353 /userworkgroups/358 /userworkgroups/349,add add add add add add add add add add add,[DONE]
[2023-01-27 12:11:15] - [INFO] user=WW/adminx449222,script=P2V_super_sync-SEC2.ps1,tenant=P2V_PRODTEST,uid=608/Hadi.Hendizadeh@omv.com,gid=/userworkgroups/108 /userworkgroups/148 /userworkgroups/138 /userworkgroups/357 /userworkgroups/354 /userworkgroups/362 /userworkgroups/361 /userworkgroups/364 /userworkgroups/353 /userworkgroups/358 /userworkgroups/349 /userworkgroups/211 /userworkgroups/221 /userworkgroups/104 /userworkgroups/366 /userworkgroups/370,add add add add add add add add add add add add add add add add,[DONE]
[2023-01-27 12:11:25] - [INFO] user=WW/adminx449222,script=P2V_super_sync-SEC2.ps1,tenant=P2V_PRODTEST,uid=436/Hichem.Zar@omv.com,gid=/userworkgroups/6 /userworkgroups/113 /userworkgroups/108 /userworkgroups/357 /userworkgroups/354 /userworkgroups/362 /userworkgroups/365 /userworkgroups/363 /userworkgroups/361 /userworkgroups/364 /userworkgroups/353 /userworkgroups/358 /userworkgroups/349,add add add add add add add add add add add add add,[DONE]
[2023-01-27 12:11:30] - [INFO] user=WW/adminx449222,script=P2V_super_sync-SEC2.ps1,tenant=P2V_PRODTEST,uid=54/Ionica.Barbu@petrom.com,gid=/userworkgroups/108 /userworkgroups/357 /userworkgroups/354 /userworkgroups/362 /userworkgroups/365 /userworkgroups/363 /userworkgroups/361 /userworkgroups/364 /userworkgroups/353 /userworkgroups/358 /userworkgroups/349,add add add add add add add add add add add,[DONE]
[2023-01-27 12:11:37] - [INFO] user=WW/adminx449222,script=P2V_super_sync-SEC2.ps1,tenant=P2V_PRODTEST,uid=55/Jens.Behrend@omv.com,gid=/userworkgroups/108 /userworkgroups/357 /userworkgroups/354 /userworkgroups/362 /userworkgroups/365 /userworkgroups/363 /userworkgroups/361 /userworkgroups/364 /userworkgroups/353 /userworkgroups/358 /userworkgroups/349,add add add add add add add add add add add,[DONE]
[2023-01-27 12:11:43] - [INFO] user=WW/adminx449222,script=P2V_super_sync-SEC2.ps1,tenant=P2V_PRODTEST,uid=309/Michael.German@omv.com,gid=/userworkgroups/108 /userworkgroups/357 /userworkgroups/354 /userworkgroups/362 /userworkgroups/365 /userworkgroups/363 /userworkgroups/361 /userworkgroups/364 /userworkgroups/353 /userworkgroups/358 /userworkgroups/349,add add add add add add add add add add add,[DONE]
[2023-01-27 12:11:47] - [INFO] user=WW/adminx449222,script=P2V_super_sync-SEC2.ps1,tenant=P2V_PRODTEST,uid=568/NASARENE1@ww.omv.com,gid=/userworkgroups/108 /userworkgroups/357 /userworkgroups/354 /userworkgroups/362 /userworkgroups/365 /userworkgroups/363 /userworkgroups/361 /userworkgroups/364 /userworkgroups/353 /userworkgroups/358 /userworkgroups/349,add add add add add add add add add add add,[DONE]
[2023-01-27 12:11:58] - [INFO] user=WW/adminx449222,script=P2V_super_sync-SEC2.ps1,tenant=P2V_PRODTEST,uid=593/NicoletaAdriana.Toma@omv.com,gid=/userworkgroups/134 /userworkgroups/212 /userworkgroups/108 /userworkgroups/357 /userworkgroups/354 /userworkgroups/362 /userworkgroups/361 /userworkgroups/364 /userworkgroups/353 /userworkgroups/358 /userworkgroups/349 /userworkgroups/104 /userworkgroups/366 /userworkgroups/370,remove remove add add add add add add add add add add add add,[DONE]
[2023-01-27 12:12:03] - [INFO] user=WW/adminx449222,script=P2V_super_sync-SEC2.ps1,tenant=P2V_PRODTEST,uid=209/TorOskar.Holmgard@omv.com,gid=/userworkgroups/108 /userworkgroups/357 /userworkgroups/354 /userworkgroups/362 /userworkgroups/365 /userworkgroups/363 /userworkgroups/361 /userworkgroups/364 /userworkgroups/353 /userworkgroups/358 /userworkgroups/349,add add add add add add add add add add add,[DONE]
[2023-01-27 12:12:23] - [INFO] user=WW/adminx449222,script=P2V_super_sync-SEC2.ps1,tenant=P2V-PROD,uid=468/fatma.khalfallah@omv.com,gid=/userworkgroups/108 /userworkgroups/349 /userworkgroups/339,add add add,[DONE]
[2023-01-27 12:12:30] - [INFO] user=WW/adminx449222,script=P2V_super_sync-SEC2.ps1,tenant=P2V-PROD,uid=608/Hadi.Hendizadeh@omv.com,gid=/userworkgroups/108 /userworkgroups/148 /userworkgroups/138 /userworkgroups/211 /userworkgroups/221,add add add add add,[DONE]
[2023-01-27 12:12:34] - [INFO] user=WW/adminx449222,script=P2V_super_sync-SEC2.ps1,tenant=P2V-PROD,uid=436/Hichem.Zar@omv.com,gid=/userworkgroups/108 /userworkgroups/349 /userworkgroups/339,add add add,[DONE]
[2023-01-27 12:12:37] - [INFO] user=WW/adminx449222,script=P2V_super_sync-SEC2.ps1,tenant=P2V-PROD,uid=54/Ionica.Barbu@petrom.com,gid=/userworkgroups/108 /userworkgroups/349 /userworkgroups/339,add add add,[DONE]
[2023-01-27 12:12:40] - [INFO] user=WW/adminx449222,script=P2V_super_sync-SEC2.ps1,tenant=P2V-PROD,uid=55/Jens.Behrend@omv.com,gid=/userworkgroups/108 /userworkgroups/349 /userworkgroups/339,add add add,[DONE]
[2023-01-27 12:12:52] - [INFO] user=WW/adminx449222,script=P2V_super_sync-SEC2.ps1,tenant=P2V-PROD,uid=309/Michael.German@omv.com,gid=/userworkgroups/349 /userworkgroups/339,add add,[DONE]
[2023-01-27 12:12:54] - [INFO] user=WW/adminx449222,script=P2V_super_sync-SEC2.ps1,tenant=P2V-PROD,uid=568/NASARENE1@ww.omv.com,gid=/userworkgroups/108 /userworkgroups/349 /userworkgroups/339,add add add,[DONE]
[2023-01-27 12:12:59] - [INFO] user=WW/adminx449222,script=P2V_super_sync-SEC2.ps1,tenant=P2V-PROD,uid=593/NicoletaAdriana.Toma@omv.com,gid=/userworkgroups/134 /userworkgroups/212 /userworkgroups/108,remove remove add,[DONE]
[2023-01-27 12:13:07] - [INFO] user=WW/adminx449222,script=P2V_super_sync-SEC2.ps1,tenant=P2V-PROD,uid=209/TorOskar.Holmgard@omv.com,gid=/userworkgroups/108 /userworkgroups/349 /userworkgroups/339,add add add,[DONE]
[2023-01-27 12:13:24] - [INFO] user=WW/adminx449222,script=P2V_super_sync-SEC2.ps1,tenant=P2V_BENCHMARK,uid=468/fatma.khalfallah@omv.com,gid=/userworkgroups/108,add,[DONE]
[2023-01-27 12:13:25] - [INFO] user=WW/adminx449222,script=P2V_super_sync-SEC2.ps1,tenant=P2V_BENCHMARK,uid=608/Hadi.Hendizadeh@omv.com,gid=/userworkgroups/108 /userworkgroups/148 /userworkgroups/138 /userworkgroups/211 /userworkgroups/221,add add add add add,[DONE]
[2023-01-27 12:13:26] - [INFO] user=WW/adminx449222,script=P2V_super_sync-SEC2.ps1,tenant=P2V_BENCHMARK,uid=436/Hichem.Zar@omv.com,gid=/userworkgroups/108,add,[DONE]
[2023-01-27 12:13:26] - [INFO] user=WW/adminx449222,script=P2V_super_sync-SEC2.ps1,tenant=P2V_BENCHMARK,uid=54/Ionica.Barbu@petrom.com,gid=/userworkgroups/108,add,[DONE]
[2023-01-27 12:13:28] - [INFO] user=WW/adminx449222,script=P2V_super_sync-SEC2.ps1,tenant=P2V_BENCHMARK,uid=55/Jens.Behrend@omv.com,gid=/userworkgroups/108,add,[DONE]
[2023-01-27 12:13:29] - [INFO] user=WW/adminx449222,script=P2V_super_sync-SEC2.ps1,tenant=P2V_BENCHMARK,uid=309/Michael.German@omv.com,gid=/userworkgroups/108,add,[DONE]
[2023-01-27 12:13:30] - [INFO] user=WW/adminx449222,script=P2V_super_sync-SEC2.ps1,tenant=P2V_BENCHMARK,uid=568/NASARENE1@ww.omv.com,gid=/userworkgroups/108,add,[DONE]
[2023-01-27 12:13:30] - [INFO] user=WW/adminx449222,script=P2V_super_sync-SEC2.ps1,tenant=P2V_BENCHMARK,uid=593/NicoletaAdriana.Toma@omv.com,gid=/userworkgroups/134 /userworkgroups/212 /userworkgroups/108,remove remove add,[DONE]
[2023-01-27 12:13:32] - [INFO] user=WW/adminx449222,script=P2V_super_sync-SEC2.ps1,tenant=P2V_BENCHMARK,uid=209/TorOskar.Holmgard@omv.com,gid=/userworkgroups/108,add,[DONE]
[2023-01-27 12:13:55] - [INFO] user=WW/adminx449222,script=P2V_super_sync-SEC2.ps1,tenant=P2V_DEMO,uid=468/fatma.khalfallah@omv.com,gid=/userworkgroups/108,add,[DONE]
[2023-01-27 12:16:15] - [INFO] user=WW/adminx449222,script=P2V_super_sync-SEC2.ps1,tenant=P2V_DEMO,uid=608/Hadi.Hendizadeh@omv.com,gid=/userworkgroups/108 /userworkgroups/148 /userworkgroups/138 /userworkgroups/211 /userworkgroups/221,add add add add add,[DONE]
[2023-01-27 12:16:18] - [INFO] user=WW/adminx449222,script=P2V_super_sync-SEC2.ps1,tenant=P2V_DEMO,uid=436/Hichem.Zar@omv.com,gid=/userworkgroups/108,add,[DONE]
[2023-01-27 12:16:29] - [INFO] user=WW/adminx449222,script=P2V_super_sync-SEC2.ps1,tenant=P2V_DEMO,uid=54/Ionica.Barbu@petrom.com,gid=/userworkgroups/108,add,[DONE]
[2023-01-27 12:18:25] - [INFO] user=WW/adminx449222,script=P2V_super_sync-SEC2.ps1,tenant=P2V_DEMO,uid=55/Jens.Behrend@omv.com,gid=/userworkgroups/108,add,[DONE]
[2023-01-27 12:37:21] - [INFO] user=WW/adminx449222,script=P2V_super_sync-SEC2.ps1,tenant=P2V_DEMO,uid=309/Michael.German@omv.com,gid=/userworkgroups/108,add,[DONE]
[2023-01-27 12:37:27] - [INFO] user=WW/adminx449222,script=P2V_super_sync-SEC2.ps1,tenant=P2V_DEMO,uid=568/NASARENE1@ww.omv.com,gid=/userworkgroups/108,add,[DONE]
[2023-01-27 12:37:31] - [INFO] user=WW/adminx449222,script=P2V_super_sync-SEC2.ps1,tenant=P2V_DEMO,uid=593/NicoletaAdriana.Toma@omv.com,gid=/userworkgroups/134 /userworkgroups/212 /userworkgroups/108,remove remove add,[DONE]
[2023-01-27 12:37:37] - [INFO] user=WW/adminx449222,script=P2V_super_sync-SEC2.ps1,tenant=P2V_DEMO,uid=209/TorOskar.Holmgard@omv.com,gid=/userworkgroups/108,add,[DONE]
[2023-01-27 12:37:45] - [INFO] user=WW/adminx449222,script=P2V_super_sync-SEC2.ps1,tenant=P2V_TEST,uid=468/fatma.khalfallah@omv.com,gid=/userworkgroups/108 /userworkgroups/349 /userworkgroups/339,add add add,[DONE]
[2023-01-27 12:37:48] - [INFO] user=WW/adminx449222,script=P2V_super_sync-SEC2.ps1,tenant=P2V_TEST,uid=608/Hadi.Hendizadeh@omv.com,gid=/userworkgroups/108 /userworkgroups/148 /userworkgroups/138 /userworkgroups/211 /userworkgroups/221,add add add add add,[DONE]
[2023-01-27 12:37:50] - [INFO] user=WW/adminx449222,script=P2V_super_sync-SEC2.ps1,tenant=P2V_TEST,uid=436/Hichem.Zar@omv.com,gid=/userworkgroups/108 /userworkgroups/349 /userworkgroups/339,add add add,[DONE]
[2023-01-27 12:37:52] - [INFO] user=WW/adminx449222,script=P2V_super_sync-SEC2.ps1,tenant=P2V_TEST,uid=54/Ionica.Barbu@petrom.com,gid=/userworkgroups/108 /userworkgroups/349 /userworkgroups/339,add add add,[DONE]
[2023-01-27 12:37:54] - [INFO] user=WW/adminx449222,script=P2V_super_sync-SEC2.ps1,tenant=P2V_TEST,uid=55/Jens.Behrend@omv.com,gid=/userworkgroups/108 /userworkgroups/349 /userworkgroups/339,add add add,[DONE]
[2023-01-27 12:37:56] - [INFO] user=WW/adminx449222,script=P2V_super_sync-SEC2.ps1,tenant=P2V_TEST,uid=309/Michael.German@omv.com,gid=/userworkgroups/108 /userworkgroups/349 /userworkgroups/339,add add add,[DONE]
[2023-01-27 12:37:59] - [INFO] user=WW/adminx449222,script=P2V_super_sync-SEC2.ps1,tenant=P2V_TEST,uid=568/NASARENE1@ww.omv.com,gid=/userworkgroups/108 /userworkgroups/349 /userworkgroups/339,add add add,[DONE]
[2023-01-27 12:38:04] - [INFO] user=WW/adminx449222,script=P2V_super_sync-SEC2.ps1,tenant=P2V_TEST,uid=593/NicoletaAdriana.Toma@omv.com,gid=/userworkgroups/134 /userworkgroups/212 /userworkgroups/108,remove remove add,[DONE]
[2023-01-27 12:38:07] - [INFO] user=WW/adminx449222,script=P2V_super_sync-SEC2.ps1,tenant=P2V_TEST,uid=209/TorOskar.Holmgard@omv.com,gid=/userworkgroups/108 /userworkgroups/349 /userworkgroups/339,add add add,[DONE]
[2023-01-27 12:38:18] - [INFO] user=WW/adminx449222,script=P2V_super_sync-SEC2.ps1,tenant=P2V_UPDATE,uid=468/fatma.khalfallah@omv.com,gid=/userworkgroups/108,add,[DONE]
[2023-01-27 12:38:22] - [INFO] user=WW/adminx449222,script=P2V_super_sync-SEC2.ps1,tenant=P2V_UPDATE,uid=608/Hadi.Hendizadeh@omv.com,gid=/userworkgroups/108 /userworkgroups/148 /userworkgroups/138 /userworkgroups/211 /userworkgroups/221,add add add add add,[DONE]
[2023-01-27 12:38:24] - [INFO] user=WW/adminx449222,script=P2V_super_sync-SEC2.ps1,tenant=P2V_UPDATE,uid=436/Hichem.Zar@omv.com,gid=/userworkgroups/108,add,[DONE]
[2023-01-27 12:38:26] - [INFO] user=WW/adminx449222,script=P2V_super_sync-SEC2.ps1,tenant=P2V_UPDATE,uid=54/Ionica.Barbu@petrom.com,gid=/userworkgroups/108,add,[DONE]
[2023-01-27 12:38:29] - [INFO] user=WW/adminx449222,script=P2V_super_sync-SEC2.ps1,tenant=P2V_UPDATE,uid=55/Jens.Behrend@omv.com,gid=/userworkgroups/108,add,[DONE]
[2023-01-27 12:38:30] - [INFO] user=WW/adminx449222,script=P2V_super_sync-SEC2.ps1,tenant=P2V_UPDATE,uid=309/Michael.German@omv.com,gid=/userworkgroups/108,add,[DONE]
[2023-01-27 12:38:33] - [INFO] user=WW/adminx449222,script=P2V_super_sync-SEC2.ps1,tenant=P2V_UPDATE,uid=568/NASARENE1@ww.omv.com,gid=/userworkgroups/108,add,[DONE]
[2023-01-27 12:38:36] - [INFO] user=WW/adminx449222,script=P2V_super_sync-SEC2.ps1,tenant=P2V_UPDATE,uid=593/NicoletaAdriana.Toma@omv.com,gid=/userworkgroups/134 /userworkgroups/212 /userworkgroups/108,remove remove add,[DONE]
[2023-01-27 12:38:38] - [INFO] user=WW/adminx449222,script=P2V_super_sync-SEC2.ps1,tenant=P2V_UPDATE,uid=209/TorOskar.Holmgard@omv.com,gid=/userworkgroups/108,add,[DONE]
[2023-01-27 12:38:54] - [INFO] user=WW/adminx449222,script=P2V_super_sync-SEC2.ps1,tenant=P2V_TRAINING,uid=468/fatma.khalfallah@omv.com,gid=/userworkgroups/108,add,[DONE]
[2023-01-27 12:38:55] - [INFO] user=WW/adminx449222,script=P2V_super_sync-SEC2.ps1,tenant=P2V_TRAINING,uid=608/Hadi.Hendizadeh@omv.com,gid=/userworkgroups/108 /userworkgroups/148 /userworkgroups/138 /userworkgroups/211 /userworkgroups/221,add add add add add,[DONE]
[2023-01-27 12:38:55] - [INFO] user=WW/adminx449222,script=P2V_super_sync-SEC2.ps1,tenant=P2V_TRAINING,uid=436/Hichem.Zar@omv.com,gid=/userworkgroups/108,add,[DONE]
[2023-01-27 12:38:56] - [INFO] user=WW/adminx449222,script=P2V_super_sync-SEC2.ps1,tenant=P2V_TRAINING,uid=54/Ionica.Barbu@petrom.com,gid=/userworkgroups/108,add,[DONE]
[2023-01-27 12:38:56] - [INFO] user=WW/adminx449222,script=P2V_super_sync-SEC2.ps1,tenant=P2V_TRAINING,uid=55/Jens.Behrend@omv.com,gid=/userworkgroups/108,add,[DONE]
[2023-01-27 12:38:57] - [INFO] user=WW/adminx449222,script=P2V_super_sync-SEC2.ps1,tenant=P2V_TRAINING,uid=309/Michael.German@omv.com,gid=/userworkgroups/108,add,[DONE]
[2023-01-27 12:38:57] - [INFO] user=WW/adminx449222,script=P2V_super_sync-SEC2.ps1,tenant=P2V_TRAINING,uid=568/NASARENE1@ww.omv.com,gid=/userworkgroups/108,add,[DONE]
[2023-01-27 12:38:58] - [INFO] user=WW/adminx449222,script=P2V_super_sync-SEC2.ps1,tenant=P2V_TRAINING,uid=593/NicoletaAdriana.Toma@omv.com,gid=/userworkgroups/134 /userworkgroups/212 /userworkgroups/108,remove remove add,[DONE]
[2023-01-27 12:38:58] - [INFO] user=WW/adminx449222,script=P2V_super_sync-SEC2.ps1,tenant=P2V_TRAINING,uid=209/TorOskar.Holmgard@omv.com,gid=/userworkgroups/108,add,[DONE]
[2023-01-27 12:54:05] - [INFO] [WW/adminx449222] on [SOMVAT502676] started [P2V_super_sync-SEC2.ps1]
[2023-01-27 13:24:45] - [INFO] [WW/adminx449222] on [SOMVAT502676] started [P2V_super_sync-SEC2.ps1]
[2023-01-27 13:29:22] - [INFO] user=WW/adminx449222,script=P2V_super_sync-SEC2.ps1,tenant=P2V-PROD,uid=394/Maricel.Obiacoro@omv.com,gid=/userworkgroups/329 /userworkgroups/328 /userworkgroups/344 /userworkgroups/313 /userworkgroups/321 /userworkgroups/297 /userworkgroups/98,add add add add add add add,[DONE]
[2023-01-27 13:29:27] - [INFO] user=WW/adminx449222,script=P2V_super_sync-SEC2.ps1,tenant=P2V-PROD,uid=703/Simon.Skar@omv.com,gid=/userworkgroups/329 /userworkgroups/328 /userworkgroups/344 /userworkgroups/313 /userworkgroups/321 /userworkgroups/297 /userworkgroups/98,add add add add add add add,[DONE]
[2023-01-27 13:29:43] - [INFO] user=WW/adminx449222,script=P2V_super_sync-SEC2.ps1,tenant=P2V_TEST,uid=394/Maricel.Obiacoro@omv.com,gid=/userworkgroups/329 /userworkgroups/328 /userworkgroups/344 /userworkgroups/313 /userworkgroups/321 /userworkgroups/297 /userworkgroups/98,add add add add add add add,[DONE]
[2023-01-27 13:30:06] - [INFO] user=WW/adminx449222,script=P2V_super_sync-SEC2.ps1,tenant=P2V_TRAINING,uid=394/Maricel.Obiacoro@omv.com,gid=/userworkgroups/329 /userworkgroups/328 /userworkgroups/344 /userworkgroups/313 /userworkgroups/321 /userworkgroups/297 /userworkgroups/98,add add add add add add add,[DONE]
[2023-01-27 13:30:10] - [INFO] user=WW/adminx449222,script=P2V_super_sync-SEC2.ps1,tenant=P2V_TRAINING,uid=704/Simon.Skar@omv.com,gid=/userworkgroups/329 /userworkgroups/328 /userworkgroups/344 /userworkgroups/313 /userworkgroups/321 /userworkgroups/297 /userworkgroups/98,add add add add add add add,[DONE]
