[2025-06-10 09:40:24] - [INFO] [WW/adminx449222] on [SOMVAT502676] started [P2V_super_sync-SEC2.ps1]
[2025-06-10 09:50:34] - [ERROR] user=WW/adminx449222,script=P2V_super_sync-SEC2.ps1,tenant=TRAINING,uid=813/Sanela.Geng@omv.com,gid=/userworkgroups/ /userworkgroups/409 /userworkgroups/10,add add add,[FAIL]
[2025-06-10 09:50:36] - [ERROR] user=WW/adminx449222,script=P2V_super_sync-SEC2.ps1,tenant=TRAINING,uid=815/SusanneLisa.Koppelhuber@omv.com,gid=/userworkgroups/ /userworkgroups/409,add add,[FAIL]
[2025-06-10 09:50:37] - [ERROR] user=WW/adminx449222,script=P2V_super_sync-SEC2.ps1,tenant=TRAINING,uid=193/Michal.Griac@omv.com,gid=/userworkgroups/ /userworkgroups/409,add add,[FAIL]
[2025-06-10 10:02:31] - [INFO] [WW/adminx449222] on [SOMVAT502676] started [P2V_super_sync-SEC2.ps1]
[2025-06-10 10:07:33] - [INFO] [WW/adminx449222] on [SOMVAT502676] started [P2V_super_sync-SEC2.ps1]
[2025-06-10 10:11:55] - [ERROR] user=WW/adminx449222,script=P2V_super_sync-SEC2.ps1,tenant=TEST2,uid=813/Sanela.Geng@omv.com,gid=/userworkgroups/ /userworkgroups/409 /userworkgroups/10,add add add,[FAIL]
[2025-06-10 10:12:15] - [ERROR] user=WW/adminx449222,script=P2V_super_sync-SEC2.ps1,tenant=TEST2,uid=193/Michal.Griac@omv.com,gid=/userworkgroups/ /userworkgroups/409,add add,[FAIL]
[2025-06-10 10:12:19] - [ERROR] user=WW/adminx449222,script=P2V_super_sync-SEC2.ps1,tenant=TEST2,uid=815/SusanneLisa.Koppelhuber@omv.com,gid=/userworkgroups/ /userworkgroups/409,add add,[FAIL]
[2025-06-10 10:15:49] - [ERROR] user=WW/adminx449222,script=P2V_super_sync-SEC2.ps1,tenant=PRODTEST,uid=813/Sanela.Geng@omv.com,gid=/userworkgroups/ /userworkgroups/409 /userworkgroups/10,add add add,[FAIL]
[2025-06-10 10:16:12] - [INFO] [WW/adminx449222] on [SOMVAT502676] started [P2V_super_sync-SEC2.ps1]
[2025-06-10 10:20:55] - [ERROR] user=WW/adminx449222,script=P2V_super_sync-SEC2.ps1,tenant=BASE_TEST,uid=813/Sanela.Geng@omv.com,gid=/userworkgroups/ /userworkgroups/409 /userworkgroups/10,add add add,[FAIL]
[2025-06-10 11:07:32] - [INFO] [WW/adminx449222] on [SOMVAT502676] started [P2V_super_sync-SEC2.ps1]
[2025-06-10 11:27:06] - [INFO] [WW/adminx449222] on [SOMVAT502676] started [P2V_super_sync-SEC2.ps1]
[2025-06-10 12:53:32] - [INFO] [WW/adminx449222] on [SOMVAT502676] started [P2V_super_sync-SEC2.ps1]
[2025-06-10 13:21:26] - [INFO] user=WW/adminx449222,script=P2V_super_sync-SEC2.ps1,tenant=TEST2,uid=813/Sanela.Geng@omv.com,gid=/userWorkgroups/416 /userWorkgroups/409 /userWorkgroups/10,add add add,[DONE]
[2025-06-10 13:21:27] - [INFO] user=WW/adminx449222,script=P2V_super_sync-SEC2.ps1,tenant=TEST2,uid=193/Michal.Griac@omv.com,gid=/userWorkgroups/416 /userWorkgroups/409,add add,[DONE]
[2025-06-10 13:21:28] - [INFO] user=WW/adminx449222,script=P2V_super_sync-SEC2.ps1,tenant=TEST2,uid=815/SusanneLisa.Koppelhuber@omv.com,gid=/userWorkgroups/416 /userWorkgroups/409,add add,[DONE]
[2025-06-10 14:23:40] - [INFO] [WW/adminx449222] on [SOMVAT502676] started [P2V_super_sync-SEC2.ps1]
[2025-06-10 15:30:09] - [INFO] [WW/adminx449222] on [SOMVAT502676] started [P2V_super_sync-SEC2.ps1]
[2025-06-10 15:42:55] - [INFO] user=WW/adminx449222,script=P2V_super_sync-SEC2.ps1,tenant=PRODTEST,uid=132/Jan.Paul@omv.com,gid=/userWorkgroups/9 /userWorkgroups/63,remove add,[DONE]
[2025-06-10 15:44:07] - [INFO] user=WW/adminx449222,script=P2V_super_sync-SEC2.ps1,tenant=TEST2,uid=132/Jan.Paul@omv.com,gid=/userWorkgroups/9 /userWorkgroups/63,remove add,[DONE]
[2025-06-10 15:45:40] - [INFO] user=WW/adminx449222,script=P2V_super_sync-SEC2.ps1,tenant=TEST1,uid=813/Sanela.Geng@omv.com,gid=/userWorkgroups/416 /userWorkgroups/409 /userWorkgroups/10,add add add,[DONE]
[2025-06-10 15:45:41] - [INFO] user=WW/adminx449222,script=P2V_super_sync-SEC2.ps1,tenant=TEST1,uid=193/Michal.Griac@omv.com,gid=/userWorkgroups/416 /userWorkgroups/409,add add,[DONE]
[2025-06-10 15:45:42] - [INFO] user=WW/adminx449222,script=P2V_super_sync-SEC2.ps1,tenant=TEST1,uid=815/SusanneLisa.Koppelhuber@omv.com,gid=/userWorkgroups/416 /userWorkgroups/409,add add,[DONE]
[2025-06-10 15:45:44] - [INFO] user=WW/adminx449222,script=P2V_super_sync-SEC2.ps1,tenant=TEST1,uid=132/Jan.Paul@omv.com,gid=/userWorkgroups/334 /userWorkgroups/54 /userWorkgroups/85 /userWorkgroups/77 /userWorkgroups/82 /userWorkgroups/274 /userWorkgroups/58 /userWorkgroups/276 /userWorkgroups/57 /userWorkgroups/50 /userWorkgroups/72 /userWorkgroups/48 /userWorkgroups/131 /userWorkgroups/353 /userWorkgroups/144 /userWorkgroups/432 /userWorkgroups/20 /userWorkgroups/346 /userWorkgroups/75 /userWorkgroups/86 /userWorkgroups/25 /userWorkgroups/37 /userWorkgroups/63 /userWorkgroups/321 /userWorkgroups/297 /userWorkgroups/316 /userWorkgroups/328 /userWorkgroups/395 /userWorkgroups/376 /userWorkgroups/313 /userWorkgroups/344 /userWorkgroups/320 /userWorkgroups/232 /userWorkgroups/240 /userWorkgroups/241 /userWorkgroups/236 /userWorkgroups/339 /userWorkgroups/329 /userWorkgroups/233 /userWorkgroups/349 /userWorkgroups/381 /userWorkgroups/494 /userWorkgroups/493 /userWorkgroups/478 /userWorkgroups/480 /userWorkgroups/501 /userWorkgroups/492 /userWorkgroups/500 /userWorkgroups/491 /userWorkgroups/486 /userWorkgroups/394 /userWorkgroups/391 /userWorkgroups/385 /userWorkgroups/389 /userWorkgroups/387 /userWorkgroups/490 /userWorkgroups/388 /userWorkgroups/380 /userWorkgroups/251 /userWorkgroups/450 /userWorkgroups/444 /userWorkgroups/462 /userWorkgroups/243 /userWorkgroups/230 /userWorkgroups/229 /userWorkgroups/200 /userWorkgroups/503 /userWorkgroups/235 /userWorkgroups/237 /userWorkgroups/249 /userWorkgroups/227 /userWorkgroups/205 /userWorkgroups/103 /userWorkgroups/202 /userWorkgroups/204 /userWorkgroups/197 /userWorkgroups/199,add add add add add add add add add add add add add add add add add add add add add add add add add add add add add add add add add add add add add add add add add add add add add add add add add add add add add add add add add add add add add add add add add add add add add add add add add add add add add,[DONE]
[2025-06-10 15:46:55] - [INFO] user=WW/adminx449222,script=P2V_super_sync-SEC2.ps1,tenant=TRAINING,uid=813/Sanela.Geng@omv.com,gid=/userWorkgroups/416 /userWorkgroups/409 /userWorkgroups/10,add add add,[DONE]
[2025-06-10 15:46:56] - [INFO] user=WW/adminx449222,script=P2V_super_sync-SEC2.ps1,tenant=TRAINING,uid=193/Michal.Griac@omv.com,gid=/userWorkgroups/416 /userWorkgroups/409,add add,[DONE]
[2025-06-10 15:46:57] - [INFO] user=WW/adminx449222,script=P2V_super_sync-SEC2.ps1,tenant=TRAINING,uid=815/SusanneLisa.Koppelhuber@omv.com,gid=/userWorkgroups/416 /userWorkgroups/409,add add,[DONE]
[2025-06-10 15:46:58] - [INFO] user=WW/adminx449222,script=P2V_super_sync-SEC2.ps1,tenant=TRAINING,uid=132/Jan.Paul@omv.com,gid=/userWorkgroups/9 /userWorkgroups/63,remove add,[DONE]
[2025-06-10 15:48:32] - [INFO] user=WW/adminx449222,script=P2V_super_sync-SEC2.ps1,tenant=UPDATE,uid=132/Jan.Paul@omv.com,gid=/userWorkgroups/9 /userWorkgroups/63,remove add,[DONE]
[2025-06-10 15:54:30] - [INFO] user=WW/adminx449222,script=P2V_super_sync-SEC2.ps1,tenant=PROD,uid=132/Jan.Paul@omv.com,gid=/userWorkgroups/9 /userWorkgroups/63,remove add,[DONE]
[2025-06-17 10:05:06] - [INFO] [WW/adminx449222] on [SOMVAT502676] started [P2V_super_sync-SEC2.ps1]
[2025-06-17 10:41:41] - [INFO] user=WW/adminx449222,script=P2V_super_sync-SEC2.ps1,tenant=TEST2,uid=776/Adriana.SicalaPerez@omv.com,gid=/userWorkgroups/9 /userWorkgroups/90 /userWorkgroups/45 /userWorkgroups/317 /userWorkgroups/339 /userWorkgroups/450 /userWorkgroups/432 /userWorkgroups/444 /userWorkgroups/462 /userWorkgroups/503,remove remove remove remove add add add add add add,[DONE]
[2025-06-17 10:43:43] - [INFO] user=WW/adminx449222,script=P2V_super_sync-SEC2.ps1,tenant=TEST1,uid=776/Adriana.SicalaPerez@omv.com,gid=/userWorkgroups/9 /userWorkgroups/90 /userWorkgroups/45 /userWorkgroups/317 /userWorkgroups/339 /userWorkgroups/450 /userWorkgroups/432 /userWorkgroups/444 /userWorkgroups/462 /userWorkgroups/503,remove remove remove remove add add add add add add,[DONE]
[2025-06-17 10:45:02] - [INFO] user=WW/adminx449222,script=P2V_super_sync-SEC2.ps1,tenant=TRAINING,uid=776/Adriana.SicalaPerez@omv.com,gid=/userWorkgroups/9 /userWorkgroups/90 /userWorkgroups/45 /userWorkgroups/317 /userWorkgroups/339 /userWorkgroups/450 /userWorkgroups/432 /userWorkgroups/444 /userWorkgroups/462 /userWorkgroups/503,remove remove remove remove add add add add add add,[DONE]
[2025-06-17 10:46:32] - [INFO] user=WW/adminx449222,script=P2V_super_sync-SEC2.ps1,tenant=UPDATE,uid=776/Adriana.SicalaPerez@omv.com,gid=/userWorkgroups/9 /userWorkgroups/90 /userWorkgroups/45 /userWorkgroups/317 /userWorkgroups/339 /userWorkgroups/450 /userWorkgroups/432 /userWorkgroups/444 /userWorkgroups/462 /userWorkgroups/503,remove remove remove remove add add add add add add,[DONE]
[2025-06-17 11:12:06] - [INFO] user=WW/adminx449222,script=P2V_super_sync-SEC2.ps1,tenant=PROD,uid=776/Adriana.SicalaPerez@omv.com,gid=/userWorkgroups/9 /userWorkgroups/90 /userWorkgroups/45 /userWorkgroups/317 /userWorkgroups/339 /userWorkgroups/450 /userWorkgroups/432 /userWorkgroups/444 /userWorkgroups/462 /userWorkgroups/503,remove remove remove remove add add add add add add,[DONE]
