[2023-08-21 10:10:39] - [INFO] [WW/adminx449222] on [SOMVAT502676] started [P2V_lock_inactive_users.ps1]
[2023-08-21 11:22:23] - [INFO] [WW/adminx449222] on [SOMVAT502676] started [P2V_lock_user]
[2023-08-21 11:23:08] - [INFO] [WW/adminx449222] on [SOMVAT502676] started [P2V_lock_user]
[2023-08-21 11:24:30] - [INFO] [WW/adminx449222] on [SOMVAT502676] started [P2V_lock_user]
[2023-08-21 12:57:18] - [INFO] [WW/adminx449222] on [SOMVAT502676] started [P2V_super_sync-SEC2.ps1]
[2023-08-21 13:02:00] - [INFO] user=WW/adminx449222,script=P2V_super_sync-SEC2.ps1,tenant=P2V-PROD,uid=776/Adriana.SicalaPerez@omv.com,gid=/userworkgroups/271 /userworkgroups/444 /userworkgroups/489 /userworkgroups/450 /userworkgroups/432 /userworkgroups/286 /userworkgroups/330 /userworkgroups/80 /userworkgroups/77 /userworkgroups/334 /userworkgroups/53 /userworkgroups/50 /userworkgroups/71 /userworkgroups/59 /userworkgroups/9 /userworkgroups/292 /userworkgroups/52 /userworkgroups/58 /userworkgroups/157 /userworkgroups/65 /userworkgroups/177 /userworkgroups/331 /userworkgroups/21 /userworkgroups/79 /userworkgroups/48 /userworkgroups/70 /userworkgroups/176 /userworkgroups/119 /userworkgroups/76 /userworkgroups/24 /userworkgroups/338 /userworkgroups/49 /userworkgroups/90 /userworkgroups/45 /userworkgroups/94 /userworkgroups/64 /userworkgroups/92 /userworkgroups/47,remove remove remove remove remove remove remove remove remove remove remove remove remove remove add add add add add add add add add add add add add add add add add add add add add add add add,[DONE]
[2023-08-21 13:02:15] - [INFO] user=WW/adminx449222,script=P2V_super_sync-SEC2.ps1,tenant=P2V_UPDATE,uid=776/Adriana.SicalaPerez@omv.com,gid=/userworkgroups/271 /userworkgroups/444 /userworkgroups/489 /userworkgroups/450 /userworkgroups/432 /userworkgroups/286 /userworkgroups/330 /userworkgroups/80 /userworkgroups/77 /userworkgroups/334 /userworkgroups/53 /userworkgroups/50 /userworkgroups/71 /userworkgroups/59 /userworkgroups/9 /userworkgroups/292 /userworkgroups/52 /userworkgroups/58 /userworkgroups/157 /userworkgroups/65 /userworkgroups/177 /userworkgroups/331 /userworkgroups/21 /userworkgroups/79 /userworkgroups/48 /userworkgroups/70 /userworkgroups/176 /userworkgroups/119 /userworkgroups/76 /userworkgroups/24 /userworkgroups/338 /userworkgroups/49 /userworkgroups/90 /userworkgroups/45 /userworkgroups/94 /userworkgroups/64 /userworkgroups/92 /userworkgroups/47,remove remove remove remove remove remove remove remove remove remove remove remove remove remove add add add add add add add add add add add add add add add add add add add add add add add add,[DONE]
[2023-08-21 13:06:47] - [INFO] [WW/adminx449222] on [SOMVAT502676] started [P2V_lock_user]
[2023-08-21 13:08:23] - [INFO] [WW/adminx449222] on [SOMVAT502676] started [P2V_lock_user]
[2023-08-21 13:10:08] - [INFO] [WW/adminx449222] on [SOMVAT502676] started [P2V_lock_user]
[2023-08-21 13:12:08] - [INFO] [WW/adminx449222] on [SOMVAT502676] started [P2V_lock_user]
[2023-08-21 13:13:10] - [INFO] [WW/adminx449222] on [SOMVAT502676] started [check_userprofile]
[2023-08-21 13:13:35] - [INFO] [WW/adminx449222] on [SOMVAT502676] started [check_P2V_user]
[2023-08-21 13:15:24] - [INFO] [WW/adminx449222] on [SOMVAT502676] started [check_userprofile]
[2023-08-21 13:18:29] - [INFO] [WW/adminx449222] on [SOMVAT502676] started [check_P2V_user]
[2023-08-21 13:45:36] - [INFO] [WW/adminx449222] on [SOMVAT502676] started [check_P2V_user]
[2023-08-21 15:12:04] - [INFO] [WW/adminx449222] on [SOMVAT502676] started [P2V_super_sync-SEC2.ps1]
[2023-08-21 15:16:00] - [INFO] [WW/adminx449222] on [SOMVAT502676] started [P2V_super_sync-SEC2.ps1]
[2023-08-21 15:17:46] - [INFO] user=WW/adminx449222,script=P2V_super_sync-SEC2.ps1,tenant=P2V_TEST,uid=774/Andras.Bogar@omv.com,gid=/userworkgroups/271 /userworkgroups/350 /userworkgroups/80 /userworkgroups/77 /userworkgroups/82 /userworkgroups/85 /userworkgroups/334 /userworkgroups/56 /userworkgroups/59 /userworkgroups/166 /userworkgroups/29 /userworkgroups/368 /userworkgroups/79 /userworkgroups/331 /userworkgroups/171 /userworkgroups/318 /userworkgroups/30 /userworkgroups/177 /userworkgroups/58 /userworkgroups/55 /userworkgroups/81 /userworkgroups/76 /userworkgroups/292 /userworkgroups/84 /userworkgroups/101,remove remove remove remove remove remove remove remove remove add add add add add add add add add add add add add add add add,[DONE]
[2023-08-21 15:18:00] - [INFO] user=WW/adminx449222,script=P2V_super_sync-SEC2.ps1,tenant=P2V_TRAINING,uid=774/Andras.Bogar@omv.com,gid=/userworkgroups/271 /userworkgroups/350 /userworkgroups/80 /userworkgroups/77 /userworkgroups/82 /userworkgroups/85 /userworkgroups/334 /userworkgroups/56 /userworkgroups/59 /userworkgroups/166 /userworkgroups/29 /userworkgroups/368 /userworkgroups/79 /userworkgroups/331 /userworkgroups/171 /userworkgroups/318 /userworkgroups/30 /userworkgroups/177 /userworkgroups/58 /userworkgroups/55 /userworkgroups/81 /userworkgroups/76 /userworkgroups/292 /userworkgroups/84 /userworkgroups/101,remove remove remove remove remove remove remove remove remove add add add add add add add add add add add add add add add add,[DONE]
[2023-08-21 15:19:12] - [INFO] user=WW/adminx449222,script=P2V_super_sync-SEC2.ps1,tenant=P2V_UPDATE,uid=774/Andras.Bogar@omv.com,gid=/userworkgroups/271 /userworkgroups/444 /userworkgroups/489 /userworkgroups/450 /userworkgroups/432 /userworkgroups/350 /userworkgroups/80 /userworkgroups/77 /userworkgroups/82 /userworkgroups/85 /userworkgroups/334 /userworkgroups/56 /userworkgroups/59 /userworkgroups/166 /userworkgroups/29 /userworkgroups/368 /userworkgroups/79 /userworkgroups/331 /userworkgroups/171 /userworkgroups/318 /userworkgroups/30 /userworkgroups/177 /userworkgroups/58 /userworkgroups/55 /userworkgroups/81 /userworkgroups/76 /userworkgroups/292 /userworkgroups/84 /userworkgroups/101,remove remove remove remove remove remove remove remove remove remove remove remove remove add add add add add add add add add add add add add add add add,[DONE]
