[2023-05-30 12:38:07] - [INFO] [WW/adminx449222] on [SOMVAT502676] started [check_userprofile]
[2023-05-30 13:33:38] - [INFO] [WW/adminx449222] on [SOMVAT502676] started [check_userprofile]
[2023-05-30 14:11:57] - [INFO] [WW/adminx449222] on [SOMVAT502676] started [check_userprofile]
[2023-05-30 16:25:35] - [INFO] [WW/adminx449222] on [SOMVAT502676] started [check_userprofile]
[2023-05-30 17:30:44] - [INFO] [WW/adminx449222] on [SOMVAT502676] started [check_userprofile]
[2023-05-30 17:32:10] - [INFO] [WW/adminx449222] on [SOMVAT502676] started [check_userprofile]
[2023-05-30 17:34:26] - [INFO] [WW/adminx449222] on [SOMVAT502676] started [check_userprofile]
[2023-05-30 17:43:43] - [INFO] [WW/adminx449222] on [SOMVAT502676] started [check_userprofile]
[2023-05-30 18:58:58] - [INFO] [WW/adminx449222] on [SOMVAT502676] started [check_userprofile]
[2023-05-30 18:59:16] - [INFO] [WW/adminx449222] on [SOMVAT502676] started [check_userprofile]
[2023-05-30 19:00:15] - [INFO] [WW/adminx449222] on [SOMVAT502676] started [P2V_super_sync-SEC2.ps1]
[2023-05-30 19:04:29] - [INFO] [WW/adminx449222] on [SOMVAT502676] started [check_userprofile]
[2023-05-30 19:04:35] - [INFO] [WW/adminx449222] on [SOMVAT502676] started [P2V_super_sync]
[2023-05-30 19:05:54] - [INFO] [WW/adminx449222] on [SOMVAT502676] started [P2V_super_sync-SEC2.ps1]
[2023-05-30 19:06:49] - [INFO] user=WW/adminx449222,script=P2V_super_sync-SEC2.ps1,tenant=P2V-PROD,uid=31/Leonardo.Umani@omv.com,gid=/userworkgroups/168 /userworkgroups/63 /userworkgroups/100 /userworkgroups/85 /userworkgroups/84 /userworkgroups/171 /userworkgroups/166 /userworkgroups/29 /userworkgroups/8 /userworkgroups/339 /userworkgroups/349 /userworkgroups/101,remove remove remove remove add add add add add add add add,[DONE]
[2023-05-30 19:06:56] - [INFO] user=WW/adminx449222,script=P2V_super_sync-SEC2.ps1,tenant=P2V-PROD,uid=744/Ioan_Irinel.Enea@petrom.com,gid=/userworkgroups/54 /userworkgroups/274 /userworkgroups/85 /userworkgroups/334 /userworkgroups/50 /userworkgroups/59 /userworkgroups/276 /userworkgroups/72 /userworkgroups/57 /userworkgroups/82 /userworkgroups/20 /userworkgroups/147 /userworkgroups/353 /userworkgroups/37 /userworkgroups/75 /userworkgroups/77 /userworkgroups/86 /userworkgroups/346 /userworkgroups/123 /userworkgroups/329 /userworkgroups/328,add add add add add add add add add add add add add add add add add add add add add,[DONE]
[2023-05-30 19:07:04] - [INFO] user=WW/adminx449222,script=P2V_super_sync-SEC2.ps1,tenant=P2V_TEST,uid=31/Leonardo.Umani@omv.com,gid=/userworkgroups/168 /userworkgroups/63 /userworkgroups/100 /userworkgroups/85 /userworkgroups/84 /userworkgroups/171 /userworkgroups/166 /userworkgroups/29 /userworkgroups/8 /userworkgroups/101,remove remove remove remove add add add add add add,[DONE]
[2023-05-30 19:07:06] - [INFO] user=WW/adminx449222,script=P2V_super_sync-SEC2.ps1,tenant=P2V_TEST,uid=704/Ioan_Irinel.Enea@petrom.com,gid=/userworkgroups/54 /userworkgroups/274 /userworkgroups/85 /userworkgroups/334 /userworkgroups/50 /userworkgroups/59 /userworkgroups/276 /userworkgroups/72 /userworkgroups/57 /userworkgroups/82 /userworkgroups/20 /userworkgroups/147 /userworkgroups/353 /userworkgroups/37 /userworkgroups/75 /userworkgroups/77 /userworkgroups/86 /userworkgroups/346 /userworkgroups/123 /userworkgroups/329 /userworkgroups/328,add add add add add add add add add add add add add add add add add add add add add,[DONE]
[2023-05-30 19:07:27] - [INFO] user=WW/adminx449222,script=P2V_super_sync-SEC2.ps1,tenant=P2V_TRAINING,uid=31/Leonardo.Umani@omv.com,gid=/userworkgroups/168 /userworkgroups/63 /userworkgroups/100 /userworkgroups/85 /userworkgroups/84 /userworkgroups/171 /userworkgroups/166 /userworkgroups/29 /userworkgroups/8 /userworkgroups/101,remove remove remove remove add add add add add add,[DONE]
[2023-05-30 19:07:29] - [INFO] user=WW/adminx449222,script=P2V_super_sync-SEC2.ps1,tenant=P2V_TRAINING,uid=741/Ioan_Irinel.Enea@petrom.com,gid=/userworkgroups/54 /userworkgroups/274 /userworkgroups/85 /userworkgroups/334 /userworkgroups/50 /userworkgroups/59 /userworkgroups/276 /userworkgroups/72 /userworkgroups/57 /userworkgroups/82 /userworkgroups/20 /userworkgroups/147 /userworkgroups/353 /userworkgroups/37 /userworkgroups/75 /userworkgroups/77 /userworkgroups/86 /userworkgroups/346 /userworkgroups/123 /userworkgroups/329 /userworkgroups/328,add add add add add add add add add add add add add add add add add add add add add,[DONE]
[2023-05-30 19:07:48] - [INFO] [WW/adminx449222] on [SOMVAT502676] started [check_userprofile]
[2023-05-30 19:07:57] - [INFO] [WW/adminx449222] on [SOMVAT502676] started [check_P2V_user]
[2023-05-30 19:08:48] - [INFO] [WW/adminx449222] on [SOMVAT502676] started [check_userprofile]
[2023-05-30 19:08:55] - [INFO] [WW/adminx449222] on [SOMVAT502676] started [check_P2V_user]
[2023-05-30 19:10:04] - [INFO] [WW/adminx449222] on [SOMVAT502676] started [check_userprofile]
[2023-05-30 19:11:00] - [INFO] [WW/adminx449222] on [SOMVAT502676] started [check_P2V_user]
[2023-05-31 14:27:00] - [INFO] [WW/adminx449222] on [SOMVAT502676] started [get_UPN_from_XKEY]
