[2024-02-19 17:20:58] - [INFO] [WW/adminx449222] started check_userprofile -xkey CATARINA1
[2024-02-19 17:20:58] - [INFO] [WW/adminx449222] on [SOMVAT502676] started [check_userprofile]
[2024-02-19 17:29:02] - [INFO] [WW/adminx449222] started check_userprofile -xkey CATARINA1
[2024-02-19 17:29:02] - [INFO] [WW/adminx449222] on [SOMVAT502676] started [check_userprofile]
[2024-02-19 17:30:37] - [INFO] [WW/adminx449222] started check_userprofile -xkey CATARINA1
[2024-02-19 17:30:37] - [INFO] [WW/adminx449222] on [SOMVAT502676] started [check_userprofile]
[2024-02-19 17:31:49] - [INFO] [WW/adminx449222] started check_userprofile -xkey CATARINA1
[2024-02-19 17:31:49] - [INFO] [WW/adminx449222] on [SOMVAT502676] started [check_userprofile]
[2024-02-19 17:32:33] - [INFO] [WW/adminx449222] started P2V_sync_user -xkey CATARINA1
[2024-02-19 17:32:40] - [INFO] loading userlist from tenant P2V_TRAINING
[2024-02-19 17:33:09] - [INFO] loading userlist from tenant P2V-PROD
[2024-02-19 17:33:33] - [INFO] [WW/adminx449222] started P2V_calculate_groups_bd 
[2024-02-19 17:33:33] - [INFO] [WW/adminx449222] on [SOMVAT502676] started [P2V_calculate_groups_bd]
[2024-02-19 17:39:05] - [INFO] [WW/adminx449222] started P2V_check_UPNs 
[2024-02-19 17:42:44] - [INFO] [WW/adminx449222] started P2V_lock_inactive_users 
[2024-02-19 17:42:45] - [INFO] [WW/adminx449222] on [SOMVAT502676] started [P2V_lock_inactive_users]
[2024-02-19 17:44:10] - [INFO] [WW/adminx449222] started P2V_lock_inactive_users 
[2024-02-19 17:44:11] - [INFO] [WW/adminx449222] on [SOMVAT502676] started [P2V_lock_inactive_users]
[2024-02-19 17:45:00] - [INFO] [WW/adminx449222] on [SOMVAT502676] started [P2V_super_sync-SEC2.ps1]
[2024-02-19 18:13:02] - [INFO] user=WW/adminx449222,script=P2V_super_sync-SEC2.ps1,tenant=P2V_TEST,uid=586/Catarina.MartaAmaro@omv.com,gid=/userworkgroups/489 /userworkgroups/78 /userworkgroups/87 /userworkgroups/296 /userworkgroups/51 /userworkgroups/60 /userworkgroups/277 /userworkgroups/10 /userworkgroups/334 /userworkgroups/82 /userworkgroups/50 /userworkgroups/276 /userworkgroups/58 /userworkgroups/77 /userworkgroups/48 /userworkgroups/144 /userworkgroups/25 /userworkgroups/501 /userworkgroups/492 /userworkgroups/500 /userworkgroups/491 /userworkgroups/462 /userworkgroups/444 /userworkgroups/450 /userworkgroups/493 /userworkgroups/490 /userworkgroups/480 /userworkgroups/494 /userworkgroups/486 /userworkgroups/478,remove remove remove remove remove remove remove add add add add add add add add add add add add add add add add add add add add add add add,[DONE]
[2024-02-19 18:13:23] - [INFO] user=WW/adminx449222,script=P2V_super_sync-SEC2.ps1,tenant=P2V_DEMO,uid=586/Catarina.MartaAmaro@omv.com,gid=/userworkgroups/489 /userworkgroups/78 /userworkgroups/87 /userworkgroups/296 /userworkgroups/51 /userworkgroups/60 /userworkgroups/277 /userworkgroups/10 /userworkgroups/334 /userworkgroups/82 /userworkgroups/50 /userworkgroups/276 /userworkgroups/58 /userworkgroups/77 /userworkgroups/48 /userworkgroups/144 /userworkgroups/25 /userworkgroups/501 /userworkgroups/492 /userworkgroups/500 /userworkgroups/491 /userworkgroups/462 /userworkgroups/444 /userworkgroups/450 /userworkgroups/493 /userworkgroups/490 /userworkgroups/480 /userworkgroups/494 /userworkgroups/486 /userworkgroups/478 /userworkgroups/234,remove remove remove remove remove remove remove add add add add add add add add add add add add add add add add add add add add add add add add,[DONE]
[2024-02-19 18:14:04] - [INFO] user=WW/adminx449222,script=P2V_super_sync-SEC2.ps1,tenant=P2V_PRODTEST,uid=586/Catarina.MartaAmaro@omv.com,gid=/userworkgroups/489 /userworkgroups/78 /userworkgroups/87 /userworkgroups/296 /userworkgroups/51 /userworkgroups/60 /userworkgroups/277 /userworkgroups/10 /userworkgroups/334 /userworkgroups/82 /userworkgroups/50 /userworkgroups/276 /userworkgroups/58 /userworkgroups/77 /userworkgroups/48 /userworkgroups/144 /userworkgroups/25 /userworkgroups/501 /userworkgroups/492 /userworkgroups/500 /userworkgroups/491 /userworkgroups/462 /userworkgroups/444 /userworkgroups/450 /userworkgroups/493 /userworkgroups/490 /userworkgroups/480 /userworkgroups/494 /userworkgroups/486 /userworkgroups/478,remove remove remove remove remove remove remove add add add add add add add add add add add add add add add add add add add add add add add,[DONE]
[2024-02-19 18:14:19] - [INFO] user=WW/adminx449222,script=P2V_super_sync-SEC2.ps1,tenant=P2V_UPDATE,uid=586/Catarina.MartaAmaro@omv.com,gid=/userworkgroups/489 /userworkgroups/78 /userworkgroups/87 /userworkgroups/296 /userworkgroups/51 /userworkgroups/60 /userworkgroups/277 /userworkgroups/10 /userworkgroups/334 /userworkgroups/82 /userworkgroups/50 /userworkgroups/276 /userworkgroups/58 /userworkgroups/77 /userworkgroups/48 /userworkgroups/144 /userworkgroups/25 /userworkgroups/501 /userworkgroups/492 /userworkgroups/500 /userworkgroups/491 /userworkgroups/462 /userworkgroups/444 /userworkgroups/450 /userworkgroups/493 /userworkgroups/490 /userworkgroups/480 /userworkgroups/494 /userworkgroups/486 /userworkgroups/478 /userworkgroups/234,remove remove remove remove remove remove remove add add add add add add add add add add add add add add add add add add add add add add add add,[DONE]
[2024-02-19 18:56:54] - [INFO] [WW/adminx449222] started P2V_sync_user -xkey CATARINA1
[2024-02-19 18:57:12] - [INFO] loading userlist from tenant P2V_PRODTEST
[2024-02-19 18:57:24] - [INFO] loading userlist from tenant P2V-PROD
[2024-02-19 18:57:33] - [INFO] loading userlist from tenant P2V_BENCHMARK
[2024-02-19 18:57:57] - [INFO] loading userlist from tenant P2V_DEMO
[2024-02-19 18:58:10] - [INFO] loading userlist from tenant P2V_TEST
[2024-02-19 18:59:07] - [INFO] loading userlist from tenant P2V_UPDATE
[2024-02-19 18:59:18] - [INFO] loading userlist from tenant P2V_TRAINING
[2024-02-20 13:15:57] - [INFO] [WW/adminx449222] on [SOMVAT502676] started [P2V_super_sync-SEC2.ps1]
[2024-02-20 13:20:00] - [INFO] user=WW/adminx449222,script=P2V_super_sync-SEC2.ps1,tenant=P2V-PROD,uid=800/Shahram.Pourmohammadi@external.omv.com,gid=/userworkgroups/10 /userworkgroups/54 /userworkgroups/274 /userworkgroups/334 /userworkgroups/82 /userworkgroups/85 /userworkgroups/50 /userworkgroups/276 /userworkgroups/432 /userworkgroups/58 /userworkgroups/72 /userworkgroups/57 /userworkgroups/75 /userworkgroups/77 /userworkgroups/346 /userworkgroups/48 /userworkgroups/86 /userworkgroups/144 /userworkgroups/25 /userworkgroups/37 /userworkgroups/20 /userworkgroups/353 /userworkgroups/131 /userworkgroups/376 /userworkgroups/381 /userworkgroups/344 /userworkgroups/395 /userworkgroups/394 /userworkgroups/391 /userworkgroups/385 /userworkgroups/389 /userworkgroups/313 /userworkgroups/329 /userworkgroups/320 /userworkgroups/349 /userworkgroups/339 /userworkgroups/321 /userworkgroups/297 /userworkgroups/316 /userworkgroups/328 /userworkgroups/501 /userworkgroups/492 /userworkgroups/500 /userworkgroups/491 /userworkgroups/462 /userworkgroups/444 /userworkgroups/450 /userworkgroups/493 /userworkgroups/387 /userworkgroups/490 /userworkgroups/388 /userworkgroups/380 /userworkgroups/480 /userworkgroups/494 /userworkgroups/486 /userworkgroups/478 /userworkgroups/233 /userworkgroups/103 /userworkgroups/237 /userworkgroups/251 /userworkgroups/227 /userworkgroups/235 /userworkgroups/232 /userworkgroups/240 /userworkgroups/241 /userworkgroups/236 /userworkgroups/249 /userworkgroups/202 /userworkgroups/204 /userworkgroups/197 /userworkgroups/199 /userworkgroups/230 /userworkgroups/229 /userworkgroups/205 /userworkgroups/200 /userworkgroups/234,add add add add add add add add add add add add add add add add add add add add add add add add add add add add add add add add add add add add add add add add add add add add add add add add add add add add add add add add add add add add add add add add add add add add add add add add add add add add,[DONE]
