[2023-07-07 00:11:33] - [INFO] [WW/adminx449222] on [SOMVAT502676] started [check_userprofile]
[2023-07-07 00:13:23] - [INFO] [WW/adminx449222] on [SOMVAT502676] started [check_userprofile]
[2023-07-07 00:27:17] - [INFO] [WW/adminx449222] on [SOMVAT502676] started [P2V_super_sync]
[2023-07-07 00:56:07] - [INFO] [WW/adminx449222] on [SOMVAT502676] started [check_userprofile]
[2023-07-07 00:57:43] - [INFO] [WW/adminx449222] on [SOMVAT502676] started [check_userprofile]
[2023-07-07 00:57:56] - [INFO] [WW/adminx449222] on [SOMVAT502676] started [check_P2V_user]
[2023-07-07 01:00:05] - [INFO] [WW/adminx449222] on [SOMVAT502676] started [check_userprofile]
[2023-07-07 01:00:20] - [INFO] [WW/adminx449222] on [SOMVAT502676] started [check_P2V_user]
[2023-07-07 01:05:00] - [INFO] [WW/adminx449222] on [SOMVAT502676] started [check_userprofile]
[2023-07-07 01:17:30] - [INFO] [WW/adminx449222] on [SOMVAT502676] started [check_P2V_user]
[2023-07-07 01:23:10] - [INFO] [WW/adminx449222] on [SOMVAT502676] started [check_userprofile]
[2023-07-07 02:17:27] - [INFO] [WW/adminx449222] on [SOMVAT502676] started [P2V_super_sync-SEC2.ps1]
[2023-07-07 02:28:18] - [INFO] user=WW/adminx449222,script=P2V_super_sync-SEC2.ps1,tenant=P2V_TRAINING,uid=558/Mihaela.Anagnastopol@petrom.com,gid=/userworkgroups/397 /userworkgroups/451 /userworkgroups/447 /userworkgroups/417 /userworkgroups/379 /userworkgroups/393 /userworkgroups/374 /userworkgroups/385 /userworkgroups/378 /userworkgroups/440 /userworkgroups/462 /userworkgroups/392 /userworkgroups/386 /userworkgroups/389 /userworkgroups/467 /userworkgroups/497 /userworkgroups/468 /userworkgroups/499 /userworkgroups/415 /userworkgroups/400 /userworkgroups/473 /userworkgroups/474 /userworkgroups/383 /userworkgroups/387,remove remove remove remove add add add add add add add add add add add add add add add add add add add add,[DONE]
[2023-07-07 08:11:15] - [INFO] [WW/adminx449222] on [SOMVAT502676] started [check_userprofile]
[2023-07-07 08:12:13] - [INFO] [WW/adminx449222] on [SOMVAT502676] started [check_P2V_user]
[2023-07-07 08:54:23] - [INFO] [WW/adminx449222] on [SOMVAT502676] started [P2V_super_sync-SEC2.ps1]
[2023-07-07 08:54:37] - [INFO] [WW/adminx449222] on [SOMVAT502676] started [P2V_super_sync-SEC2.ps1]
[2023-07-07 09:10:07] - [INFO] [WW/adminx449222] on [SOMVAT502676] started [P2V_super_sync-SEC2.ps1]
[2023-07-07 09:13:09] - [INFO] user=WW/adminx449222,script=P2V_super_sync-SEC2.ps1,tenant=P2V_PRODTEST,uid=44/Christian.Malle@omv.com,gid=/userworkgroups/131 /userworkgroups/475 /userworkgroups/56 /userworkgroups/71 /userworkgroups/59 /userworkgroups/77 /userworkgroups/276 /userworkgroups/50 /userworkgroups/334 /userworkgroups/85 /userworkgroups/53 /userworkgroups/82 /userworkgroups/274 /userworkgroups/20 /userworkgroups/353 /userworkgroups/37 /userworkgroups/314 /userworkgroups/309 /userworkgroups/121 /userworkgroups/271 /userworkgroups/25 /userworkgroups/75 /userworkgroups/80 /userworkgroups/346 /userworkgroups/329 /userworkgroups/320 /userworkgroups/349 /userworkgroups/339 /userworkgroups/316 /userworkgroups/297 /userworkgroups/313 /userworkgroups/328 /userworkgroups/321 /userworkgroups/344 /userworkgroups/511 /userworkgroups/503 /userworkgroups/505 /userworkgroups/517 /userworkgroups/388 /userworkgroups/380 /userworkgroups/387 /userworkgroups/525 /userworkgroups/519 /userworkgroups/518 /userworkgroups/521 /userworkgroups/520 /userworkgroups/524 /userworkgroups/391 /userworkgroups/385 /userworkgroups/389 /userworkgroups/394 /userworkgroups/381 /userworkgroups/395 /userworkgroups/376 /userworkgroups/350,remove add add add add add add add add add add add add add add add add add add add add add add add add add add add add add add add add add add add add add add add add add add add add add add add add add add add add add add,[DONE]
[2023-07-07 09:13:17] - [INFO] [WW/adminx449222] on [SOMVAT502676] started [P2V_super_sync-SEC2.ps1]
[2023-07-07 09:26:15] - [INFO] [WW/adminadrian75] on [SOMVAT502676] started [check_userprofile]
[2023-07-07 09:26:28] - [INFO] [WW/adminadrian75] on [SOMVAT502676] started [check_P2V_user]
