[2023-05-23 09:55:39] - [INFO] [WW/adminx449222] on [SOMVAT502676] started [check_userprofile]
[2023-05-23 10:05:44] - [INFO] [WW/adminx449222] on [SOMVAT502676] started [check_userprofile]
[2023-05-23 10:06:31] - [INFO] [WW/adminx449222] on [SOMVAT502676] started [check_userprofile]
[2023-05-23 10:07:01] - [INFO] [WW/adminx449222] on [SOMVAT502676] started [P2V_super_sync]
[2023-05-23 10:08:41] - [INFO] [WW/adminx449222] on [SOMVAT502676] started [check_userprofile]
[2023-05-23 10:08:48] - [INFO] [WW/adminx449222] on [SOMVAT502676] started [P2V_super_sync]
[2023-05-23 10:11:21] - [INFO] [WW/adminx449222] on [SOMVAT502676] started [check_userprofile]
[2023-05-23 10:19:31] - [INFO] [WW/adminx449222] on [SOMVAT502676] started [P2V_super_sync]
[2023-05-23 10:23:04] - [INFO] [WW/adminx449222] on [SOMVAT502676] started [P2V_set_profiles]
[2023-05-23 10:36:14] - [INFO] [WW/adminx449222] on [SOMVAT502676] started [check_P2V_user]
[2023-05-23 10:39:54] - [INFO] [WW/adminx449222] on [SOMVAT502676] started [check_userprofile]
[2023-05-23 10:41:55] - [INFO] [WW/adminx449222] on [SOMVAT502676] started [check_userprofile]
[2023-05-23 10:53:40] - [INFO] [WW/adminx449222] on [SOMVAT502676] started [P2V_super_sync]
[2023-05-23 11:45:51] - [INFO] [WW/adminx449222] on [SOMVAT502676] started [check_userprofile]
[2023-05-23 11:46:07] - [INFO] [WW/adminx449222] on [SOMVAT502676] started [P2V_super_sync]
[2023-05-23 12:03:55] - [INFO] [WW/adminx449222] on [SOMVAT502676] started [check_userprofile]
[2023-05-23 13:18:38] - [INFO] [WW/adminx449222] on [SOMVAT502676] started [check_userprofile]
[2023-05-23 13:20:30] - [INFO] [WW/adminx449222] on [SOMVAT502676] started [check_userprofile]
[2023-05-23 13:21:20] - [INFO] [WW/adminx449222] on [SOMVAT502676] started [check_userprofile]
[2023-05-23 13:25:23] - [INFO] [WW/adminx449222] on [SOMVAT502676] started [check_userprofile]
[2023-05-23 13:26:14] - [INFO] [WW/adminx449222] on [SOMVAT502676] started [check_userprofile]
[2023-05-23 14:18:50] - [INFO] [WW/adminx449222] on [SOMVAT502676] started [P2V_super_sync-SEC2.ps1]
[2023-05-23 14:22:38] - [INFO] [WW/adminx449222] on [SOMVAT502676] started [P2V_super_sync-SEC2.ps1]
[2023-05-23 14:23:19] - [INFO] [WW/adminx449222] on [SOMVAT502676] started [P2V_super_sync-SEC2.ps1]
[2023-05-23 15:57:43] - [INFO] [WW/adminx449222] on [SOMVAT502676] started [P2V_super_sync]
[2023-05-23 15:58:23] - [INFO] [WW/adminx449222] on [SOMVAT502676] started [P2V_super_sync-SEC2.ps1]
[2023-05-23 16:00:03] - [INFO] [WW/adminx449222] on [SOMVAT502676] started [check_userprofile]
[2023-05-23 16:00:14] - [INFO] [WW/adminx449222] on [SOMVAT502676] started [P2V_super_sync]
[2023-05-23 16:01:35] - [INFO] [WW/adminx449222] on [SOMVAT502676] started [check_userprofile]
[2023-05-23 16:02:15] - [INFO] [WW/adminx449222] on [SOMVAT502676] started [check_userprofile]
[2023-05-23 16:02:21] - [INFO] [WW/adminx449222] on [SOMVAT502676] started [P2V_super_sync]
[2023-05-23 16:03:22] - [INFO] [WW/adminx449222] on [SOMVAT502676] started [check_userprofile]
[2023-05-23 16:03:47] - [INFO] [WW/adminx449222] on [SOMVAT502676] started [check_userprofile]
[2023-05-23 16:05:00] - [INFO] [WW/adminx449222] on [SOMVAT502676] started [check_userprofile]
[2023-05-23 16:05:43] - [INFO] [WW/adminx449222] on [SOMVAT502676] started [check_userprofile]
[2023-05-23 16:05:49] - [INFO] [WW/adminx449222] on [SOMVAT502676] started [P2V_super_sync]
[2023-05-23 16:07:00] - [INFO] user=WW/adminx449222,script=P2V_super_sync-SEC2.ps1,tenant=P2V-PROD,uid=725/Michael.Inglis@omv.com,gid=/userworkgroups/131 /userworkgroups/20 /userworkgroups/6 /userworkgroups/37 /userworkgroups/121 /userworkgroups/113 /userworkgroups/353 /userworkgroups/314 /userworkgroups/329 /userworkgroups/328 /userworkgroups/394 /userworkgroups/389 /userworkgroups/385 /userworkgroups/391 /userworkgroups/387 /userworkgroups/380 /userworkgroups/388 /userworkgroups/313 /userworkgroups/297 /userworkgroups/321 /userworkgroups/344 /userworkgroups/381 /userworkgroups/376 /userworkgroups/395 /userworkgroups/54 /userworkgroups/296 /userworkgroups/85 /userworkgroups/274 /userworkgroups/57 /userworkgroups/72 /userworkgroups/51 /userworkgroups/86 /userworkgroups/346 /userworkgroups/87 /userworkgroups/78 /userworkgroups/75 /userworkgroups/277 /userworkgroups/60,remove add add add add add add add add add add add add add add add add add add add add add add add add add add add add add add add add add add add add add,[DONE]
[2023-05-23 16:07:10] - [INFO] user=WW/adminx449222,script=P2V_super_sync-SEC2.ps1,tenant=P2V-PROD,uid=729/Stian.Lindstrom@omv.com,gid=/userworkgroups/131 /userworkgroups/20 /userworkgroups/6 /userworkgroups/37 /userworkgroups/121 /userworkgroups/113 /userworkgroups/353 /userworkgroups/314 /userworkgroups/329 /userworkgroups/328 /userworkgroups/394 /userworkgroups/389 /userworkgroups/385 /userworkgroups/391 /userworkgroups/387 /userworkgroups/380 /userworkgroups/388 /userworkgroups/313 /userworkgroups/297 /userworkgroups/321 /userworkgroups/344 /userworkgroups/381 /userworkgroups/376 /userworkgroups/395 /userworkgroups/54 /userworkgroups/296 /userworkgroups/85 /userworkgroups/274 /userworkgroups/57 /userworkgroups/72 /userworkgroups/51 /userworkgroups/86 /userworkgroups/346 /userworkgroups/87 /userworkgroups/78 /userworkgroups/75 /userworkgroups/277 /userworkgroups/60,remove add add add add add add add add add add add add add add add add add add add add add add add add add add add add add add add add add add add add add,[DONE]
[2023-05-23 16:07:16] - [INFO] user=WW/adminx449222,script=P2V_super_sync-SEC2.ps1,tenant=P2V-PROD,uid=586/Catarina.MartaAmaro@omv.com,gid=/userworkgroups/339 /userworkgroups/349,add add,[DONE]
[2023-05-23 16:07:19] - [INFO] user=WW/adminx449222,script=P2V_super_sync-SEC2.ps1,tenant=P2V-PROD,uid=726/Eivind.Skare@omv.com,gid=/userworkgroups/131 /userworkgroups/20 /userworkgroups/6 /userworkgroups/37 /userworkgroups/121 /userworkgroups/113 /userworkgroups/353 /userworkgroups/314 /userworkgroups/329 /userworkgroups/328 /userworkgroups/394 /userworkgroups/389 /userworkgroups/385 /userworkgroups/391 /userworkgroups/387 /userworkgroups/380 /userworkgroups/388 /userworkgroups/313 /userworkgroups/297 /userworkgroups/321 /userworkgroups/344 /userworkgroups/381 /userworkgroups/376 /userworkgroups/395 /userworkgroups/54 /userworkgroups/296 /userworkgroups/85 /userworkgroups/274 /userworkgroups/57 /userworkgroups/72 /userworkgroups/51 /userworkgroups/86 /userworkgroups/346 /userworkgroups/87 /userworkgroups/78 /userworkgroups/75 /userworkgroups/277 /userworkgroups/60,remove add add add add add add add add add add add add add add add add add add add add add add add add add add add add add add add add add add add add add,[DONE]
[2023-05-23 16:07:25] - [INFO] user=WW/adminx449222,script=P2V_super_sync-SEC2.ps1,tenant=P2V-PROD,uid=730/MariaIndriaty.Susanto@omv.com,gid=/userworkgroups/131 /userworkgroups/20 /userworkgroups/6 /userworkgroups/37 /userworkgroups/121 /userworkgroups/113 /userworkgroups/353 /userworkgroups/314 /userworkgroups/329 /userworkgroups/328 /userworkgroups/394 /userworkgroups/389 /userworkgroups/385 /userworkgroups/391 /userworkgroups/387 /userworkgroups/380 /userworkgroups/388 /userworkgroups/313 /userworkgroups/297 /userworkgroups/321 /userworkgroups/344 /userworkgroups/381 /userworkgroups/376 /userworkgroups/395 /userworkgroups/54 /userworkgroups/296 /userworkgroups/85 /userworkgroups/274 /userworkgroups/57 /userworkgroups/72 /userworkgroups/51 /userworkgroups/86 /userworkgroups/346 /userworkgroups/87 /userworkgroups/78 /userworkgroups/75 /userworkgroups/277 /userworkgroups/60,remove add add add add add add add add add add add add add add add add add add add add add add add add add add add add add add add add add add add add add,[DONE]
[2023-05-23 16:07:53] - [INFO] user=WW/adminx449222,script=P2V_super_sync-SEC2.ps1,tenant=P2V_TRAINING,uid=707/DavidTeodor.Birsa@omv.com,gid=/userworkgroups/131 /userworkgroups/54 /userworkgroups/274 /userworkgroups/334 /userworkgroups/82 /userworkgroups/85 /userworkgroups/58 /userworkgroups/276 /userworkgroups/57 /userworkgroups/50 /userworkgroups/72 /userworkgroups/77 /userworkgroups/20 /userworkgroups/48 /userworkgroups/144 /userworkgroups/353 /userworkgroups/346 /userworkgroups/75 /userworkgroups/86 /userworkgroups/25 /userworkgroups/37 /userworkgroups/10 /userworkgroups/6 /userworkgroups/121 /userworkgroups/113 /userworkgroups/314 /userworkgroups/329 /userworkgroups/328 /userworkgroups/392 /userworkgroups/387 /userworkgroups/383 /userworkgroups/389 /userworkgroups/385 /userworkgroups/378 /userworkgroups/386 /userworkgroups/313 /userworkgroups/297 /userworkgroups/321 /userworkgroups/344 /userworkgroups/379 /userworkgroups/374 /userworkgroups/393,remove add add add add add add add add add add add add add add add add add add add add add add add add add add add add add add add add add add add add add add add add add,[DONE]
[2023-05-23 16:08:06] - [INFO] user=WW/adminx449222,script=P2V_super_sync-SEC2.ps1,tenant=P2V_TRAINING,uid=714/Linda.Lerchbaumer@omv.com,gid=/userworkgroups/329 /userworkgroups/328 /userworkgroups/392 /userworkgroups/387 /userworkgroups/383 /userworkgroups/389 /userworkgroups/385 /userworkgroups/378 /userworkgroups/386 /userworkgroups/313 /userworkgroups/297 /userworkgroups/321 /userworkgroups/344 /userworkgroups/379 /userworkgroups/374 /userworkgroups/393,add add add add add add add add add add add add add add add add,[DONE]
[2023-05-23 16:08:10] - [INFO] user=WW/adminx449222,script=P2V_super_sync-SEC2.ps1,tenant=P2V_TRAINING,uid=586/Catarina.MartaAmaro@omv.com,gid=/userworkgroups/392 /userworkgroups/387 /userworkgroups/383 /userworkgroups/389 /userworkgroups/385 /userworkgroups/378 /userworkgroups/386 /userworkgroups/379 /userworkgroups/374 /userworkgroups/393,add add add add add add add add add add,[DONE]
[2023-05-23 16:36:54] - [INFO] [WW/adminx449222] on [SOMVAT502676] started [P2V_update_groups.ps1]
[2023-05-23 16:45:24] - [INFO] [WW/adminx449222] on [SOMVAT502676] started [P2V_update_groups.ps1]
[2023-05-23 16:46:48] - [INFO] [WW/adminx449222] on [SOMVAT502676] started [P2V_update_groups.ps1]
[2023-05-24 09:20:15] - [INFO] [WW/adminx449222] on [SOMVAT502676] started [P2V_update_groups.ps1]
[2023-05-25 09:06:05] - [INFO] [WW/adminx449222] on [SOMVAT502676] started [check_userprofile]
[2023-05-25 09:12:31] - [INFO] [WW/adminx449222] on [SOMVAT502676] started [check_userprofile]
[2023-05-25 09:16:27] - [INFO] [WW/adminx449222] on [SOMVAT502676] started [check_userprofile]
[2023-05-25 13:26:20] - [INFO] [WW/adminx449222] on [SOMVAT502676] started [check_P2V_user]
[2023-05-25 15:11:08] - [INFO] [WW/adminx449222] on [SOMVAT502676] started [check_userprofile]
[2023-05-25 15:22:01] - [INFO] [WW/adminx449222] on [SOMVAT502676] started [check_userprofile]
[2023-05-25 15:22:14] - [INFO] [WW/adminx449222] on [SOMVAT502676] started [P2V_super_sync]
[2023-05-25 15:26:24] - [INFO] [WW/adminx449222] on [SOMVAT502676] started [check_userprofile]
[2023-05-25 16:30:25] - [INFO] [WW/adminx449222] on [SOMVAT502676] started [check_userprofile]
[2023-05-25 16:30:34] - [INFO] [WW/adminx449222] on [SOMVAT502676] started [check_P2V_user]
[2023-05-25 16:33:14] - [INFO] [WW/adminx449222] on [SOMVAT502676] started [check_userprofile]
[2023-05-25 16:33:49] - [INFO] [WW/adminx449222] on [SOMVAT502676] started [check_P2V_user]
[2023-05-25 16:41:54] - [INFO] [WW/adminx449222] on [SOMVAT502676] started [check_userprofile]
[2023-05-25 16:51:08] - [INFO] [WW/adminx449222] on [SOMVAT502676] started [check_P2V_user]
[2023-05-25 16:53:29] - [INFO] [WW/adminx449222] on [SOMVAT502676] started [check_userprofile]
[2023-05-25 16:53:56] - [INFO] [WW/adminx449222] on [SOMVAT502676] started [check_P2V_user]
[2023-05-25 16:58:15] - [INFO] [WW/adminx449222] on [SOMVAT502676] started [check_P2V_user]
[2023-05-25 16:58:26] - [INFO] [WW/adminx449222] on [SOMVAT502676] started [check_userprofile]
[2023-05-25 17:09:01] - [INFO] [WW/adminx449222] on [SOMVAT502676] started [check_userprofile]
[2023-05-25 17:10:17] - [INFO] [WW/adminx449222] on [SOMVAT502676] started [check_userprofile]
[2023-05-25 17:11:56] - [INFO] [WW/adminx449222] on [SOMVAT502676] started [check_userprofile]
[2023-05-25 17:12:50] - [INFO] [WW/adminx449222] on [SOMVAT502676] started [check_P2V_user]
[2023-05-25 17:14:06] - [INFO] [WW/adminx449222] on [SOMVAT502676] started [check_userprofile]
[2023-05-25 17:14:18] - [INFO] [WW/adminx449222] on [SOMVAT502676] started [check_P2V_user]
[2023-05-25 17:15:06] - [INFO] [WW/adminx449222] on [SOMVAT502676] started [check_userprofile]
[2023-05-25 17:15:45] - [INFO] [WW/adminx449222] on [SOMVAT502676] started [check_userprofile]
[2023-05-25 17:20:26] - [INFO] [WW/adminx449222] on [SOMVAT502676] started [check_userprofile]
[2023-05-25 17:21:57] - [INFO] [WW/adminx449222] on [SOMVAT502676] started [check_userprofile]
[2023-05-25 17:24:29] - [INFO] [WW/adminx449222] on [SOMVAT502676] started [check_userprofile]
[2023-05-25 17:24:52] - [INFO] [WW/adminx449222] on [SOMVAT502676] started [check_userprofile]
[2023-05-25 17:34:34] - [INFO] [WW/adminx449222] on [SOMVAT502676] started [check_userprofile]
[2023-05-25 17:35:44] - [INFO] [WW/adminx449222] on [SOMVAT502676] started [check_userprofile]
[2023-05-25 17:44:44] - [INFO] [WW/adminx449222] on [SOMVAT502676] started [check_userprofile]
[2023-05-25 17:49:49] - [INFO] [WW/adminx449222] on [SOMVAT502676] started [check_userprofile]
[2023-05-25 17:49:54] - [INFO] [WW/adminx449222] on [SOMVAT502676] started [P2V_super_sync]
