[2024-01-29 15:17:33] - [INFO] [WW/adminx449222] started P2V_calculate_groups_bd 
[2024-01-29 15:17:34] - [INFO] [WW/adminx449222] on [SOMVAT502676] started [P2V_calculate_groups_bd]
[2024-01-29 15:18:45] - [INFO] loading userlist from tenant P2V_PRODTEST
[2024-01-29 15:19:30] - [INFO] [P2V_PRODTEST]-[Z.BD.016.allow] : add Ponz Moreno Sara (SARA27) - done
[2024-01-29 15:19:30] - [INFO] [P2V_PRODTEST]-[Z.BD.031.deny] : remove Ponz Moreno Sara (SARA27) - done
[2024-01-29 15:19:32] - [INFO] [P2V_PRODTEST]-[Z.BD.016.deny] : remove Ponz Moreno Sara (SARA27) - done
[2024-01-29 15:19:32] - [INFO] [P2V_PRODTEST]-[Z.BD.031.allow] : add Ponz Moreno Sara (SARA27) - done
[2024-01-29 15:19:33] - [INFO] [P2V_PRODTEST]-[Z.BD.035.allow] : add Ponz Moreno Sara (SARA27) - done
[2024-01-29 15:19:34] - [INFO] [P2V_PRODTEST]-[Z.BD.029.deny] : remove Ponz Moreno Sara (SARA27) - done
[2024-01-29 15:19:35] - [INFO] [P2V_PRODTEST]-[Z.BD.028.deny] : remove Ponz Moreno Sara (SARA27) - done
[2024-01-29 15:19:36] - [INFO] [P2V_PRODTEST]-[Z.BD.030.allow] : add Ponz Moreno Sara (SARA27) - done
[2024-01-29 15:19:37] - [INFO] [P2V_PRODTEST]-[Z.BD.030.deny] : remove Ponz Moreno Sara (SARA27) - done
[2024-01-29 15:19:38] - [INFO] [P2V_PRODTEST]-[Z.BD.029.allow] : add Ponz Moreno Sara (SARA27) - done
[2024-01-29 15:19:39] - [INFO] [P2V_PRODTEST]-[Z.BD.032.deny] : remove Ponz Moreno Sara (SARA27) - done
[2024-01-29 15:19:40] - [INFO] [P2V_PRODTEST]-[Z.BD.028.allow] : add Ponz Moreno Sara (SARA27) - done
[2024-01-29 15:19:41] - [INFO] [P2V_PRODTEST]-[Z.BD.027.deny] : remove Ponz Moreno Sara (SARA27) - done
[2024-01-29 15:19:42] - [INFO] [P2V_PRODTEST]-[Z.BD.027.allow] : add Ponz Moreno Sara (SARA27) - done
[2024-01-29 15:19:43] - [INFO] [P2V_PRODTEST]-[Z.BD.035.deny] : remove Ponz Moreno Sara (SARA27) - done
[2024-01-29 15:19:43] - [INFO] [P2V_PRODTEST]-[Z.BD.032.allow] : add Ponz Moreno Sara (SARA27) - done
[2024-01-29 15:19:45] - [INFO] [P2V_PRODTEST]-[bd.base] : add Ponz Moreno Sara (SARA27) - done
[2024-01-29 15:21:10] - [INFO] [WW/adminx449222] started P2V_calculate_groups_bd 
[2024-01-29 15:21:11] - [INFO] [WW/adminx449222] on [SOMVAT502676] started [P2V_calculate_groups_bd]
[2024-01-29 15:23:00] - [INFO] loading userlist from tenant P2V-PROD
[2024-01-29 15:24:28] - [INFO] [P2V-PROD]-[Z.BD.016.allow] : add Ponz Moreno Sara (SARA27) - done
[2024-01-29 15:24:28] - [INFO] [P2V-PROD]-[Z.BD.031.deny] : remove Ponz Moreno Sara (SARA27) - done
[2024-01-29 15:24:29] - [INFO] [P2V-PROD]-[Z.BD.016.deny] : remove Ponz Moreno Sara (SARA27) - done
[2024-01-29 15:24:30] - [INFO] [P2V-PROD]-[Z.BD.031.allow] : add Ponz Moreno Sara (SARA27) - done
[2024-01-29 15:24:31] - [INFO] [P2V-PROD]-[Z.BD.035.allow] : add Ponz Moreno Sara (SARA27) - done
[2024-01-29 15:24:32] - [INFO] [P2V-PROD]-[Z.BD.029.deny] : remove Ponz Moreno Sara (SARA27) - done
[2024-01-29 15:24:33] - [INFO] [P2V-PROD]-[Z.BD.028.deny] : remove Ponz Moreno Sara (SARA27) - done
[2024-01-29 15:24:34] - [INFO] [P2V-PROD]-[Z.BD.030.allow] : add Ponz Moreno Sara (SARA27) - done
[2024-01-29 15:24:35] - [INFO] [P2V-PROD]-[Z.BD.030.deny] : remove Ponz Moreno Sara (SARA27) - done
[2024-01-29 15:24:35] - [INFO] [P2V-PROD]-[Z.BD.029.allow] : add Ponz Moreno Sara (SARA27) - done
[2024-01-29 15:24:36] - [INFO] [P2V-PROD]-[Z.BD.032.deny] : remove Ponz Moreno Sara (SARA27) - done
[2024-01-29 15:24:37] - [INFO] [P2V-PROD]-[Z.BD.028.allow] : add Ponz Moreno Sara (SARA27) - done
[2024-01-29 15:24:38] - [INFO] [P2V-PROD]-[Z.BD.027.deny] : remove Ponz Moreno Sara (SARA27) - done
[2024-01-29 15:24:39] - [INFO] [P2V-PROD]-[Z.BD.027.allow] : add Ponz Moreno Sara (SARA27) - done
[2024-01-29 15:24:40] - [INFO] [P2V-PROD]-[Z.BD.035.deny] : remove Ponz Moreno Sara (SARA27) - done
[2024-01-29 15:24:41] - [INFO] [P2V-PROD]-[Z.BD.032.allow] : add Ponz Moreno Sara (SARA27) - done
[2024-01-29 15:24:42] - [INFO] [P2V-PROD]-[bd.base] : add Ponz Moreno Sara (SARA27) - done
[2024-01-30 10:05:38] - [INFO] [WW/adminx449222] on [SOMVAT502676] started [P2V_super_sync-SEC2.ps1]
[2024-01-30 10:12:35] - [INFO] user=WW/adminx449222,script=P2V_super_sync-SEC2.ps1,tenant=P2V_TRAINING,uid=796/Amanina.Azhar@external.omv.com,gid=/userworkgroups/81 /userworkgroups/85 /userworkgroups/292 /userworkgroups/346 /userworkgroups/75 /userworkgroups/76 /userworkgroups/53 /userworkgroups/55 /userworkgroups/58 /userworkgroups/276 /userworkgroups/274 /userworkgroups/50 /userworkgroups/71 /userworkgroups/79 /userworkgroups/331 /userworkgroups/314 /userworkgroups/177 /userworkgroups/168 /userworkgroups/318 /userworkgroups/353 /userworkgroups/309 /userworkgroups/20 /userworkgroups/25 /userworkgroups/37 /userworkgroups/30 /userworkgroups/368 /userworkgroups/121 /userworkgroups/182 /userworkgroups/169 /userworkgroups/184 /userworkgroups/158 /userworkgroups/376 /userworkgroups/381 /userworkgroups/344 /userworkgroups/395 /userworkgroups/394 /userworkgroups/391 /userworkgroups/385 /userworkgroups/389 /userworkgroups/313 /userworkgroups/329 /userworkgroups/320 /userworkgroups/349 /userworkgroups/339 /userworkgroups/321 /userworkgroups/297 /userworkgroups/316 /userworkgroups/328 /userworkgroups/501 /userworkgroups/492 /userworkgroups/500 /userworkgroups/491 /userworkgroups/462 /userworkgroups/444 /userworkgroups/432 /userworkgroups/450 /userworkgroups/493 /userworkgroups/387 /userworkgroups/490 /userworkgroups/388 /userworkgroups/380 /userworkgroups/480 /userworkgroups/494 /userworkgroups/486 /userworkgroups/478 /userworkgroups/233 /userworkgroups/103 /userworkgroups/237 /userworkgroups/251 /userworkgroups/227 /userworkgroups/235 /userworkgroups/232 /userworkgroups/240 /userworkgroups/241 /userworkgroups/236 /userworkgroups/249 /userworkgroups/202 /userworkgroups/204 /userworkgroups/197 /userworkgroups/199 /userworkgroups/230 /userworkgroups/229 /userworkgroups/205 /userworkgroups/200 /userworkgroups/165 /userworkgroups/128 /userworkgroups/190 /userworkgroups/186 /userworkgroups/234,add add add add add add add add add add add add add add add add add add add add add add add add add add add add add add add add add add add add add add add add add add add add add add add add add add add add add add add add add add add add add add add add add add add add add add add add add add add add add add add add add add add add add add add add add,[DONE]
[2024-01-30 10:12:59] - [INFO] user=WW/adminx449222,script=P2V_super_sync-SEC2.ps1,tenant=P2V_TRAINING,uid=797/Katrina.Labitoria@external.omv.com,gid=/userworkgroups/81 /userworkgroups/85 /userworkgroups/292 /userworkgroups/346 /userworkgroups/75 /userworkgroups/76 /userworkgroups/53 /userworkgroups/55 /userworkgroups/58 /userworkgroups/276 /userworkgroups/274 /userworkgroups/50 /userworkgroups/71 /userworkgroups/79 /userworkgroups/331 /userworkgroups/314 /userworkgroups/177 /userworkgroups/168 /userworkgroups/318 /userworkgroups/353 /userworkgroups/309 /userworkgroups/20 /userworkgroups/25 /userworkgroups/37 /userworkgroups/30 /userworkgroups/368 /userworkgroups/121 /userworkgroups/182 /userworkgroups/169 /userworkgroups/184 /userworkgroups/158 /userworkgroups/376 /userworkgroups/381 /userworkgroups/344 /userworkgroups/395 /userworkgroups/394 /userworkgroups/391 /userworkgroups/385 /userworkgroups/389 /userworkgroups/313 /userworkgroups/329 /userworkgroups/320 /userworkgroups/349 /userworkgroups/339 /userworkgroups/321 /userworkgroups/297 /userworkgroups/316 /userworkgroups/328 /userworkgroups/501 /userworkgroups/492 /userworkgroups/500 /userworkgroups/491 /userworkgroups/462 /userworkgroups/444 /userworkgroups/432 /userworkgroups/450 /userworkgroups/493 /userworkgroups/387 /userworkgroups/490 /userworkgroups/388 /userworkgroups/380 /userworkgroups/480 /userworkgroups/494 /userworkgroups/486 /userworkgroups/478 /userworkgroups/233 /userworkgroups/103 /userworkgroups/237 /userworkgroups/251 /userworkgroups/227 /userworkgroups/235 /userworkgroups/232 /userworkgroups/240 /userworkgroups/241 /userworkgroups/236 /userworkgroups/249 /userworkgroups/202 /userworkgroups/204 /userworkgroups/197 /userworkgroups/199 /userworkgroups/230 /userworkgroups/229 /userworkgroups/205 /userworkgroups/200 /userworkgroups/165 /userworkgroups/128 /userworkgroups/190 /userworkgroups/186 /userworkgroups/234,add add add add add add add add add add add add add add add add add add add add add add add add add add add add add add add add add add add add add add add add add add add add add add add add add add add add add add add add add add add add add add add add add add add add add add add add add add add add add add add add add add add add add add add add add,[DONE]
[2024-01-30 10:14:23] - [INFO] user=WW/adminx449222,script=P2V_super_sync-SEC2.ps1,tenant=P2V-PROD,uid=798/Amanina.Azhar@external.omv.com,gid=/userworkgroups/81 /userworkgroups/85 /userworkgroups/292 /userworkgroups/346 /userworkgroups/75 /userworkgroups/76 /userworkgroups/53 /userworkgroups/55 /userworkgroups/58 /userworkgroups/276 /userworkgroups/274 /userworkgroups/50 /userworkgroups/71 /userworkgroups/79 /userworkgroups/331 /userworkgroups/314 /userworkgroups/177 /userworkgroups/168 /userworkgroups/318 /userworkgroups/353 /userworkgroups/309 /userworkgroups/20 /userworkgroups/25 /userworkgroups/37 /userworkgroups/30 /userworkgroups/368 /userworkgroups/121 /userworkgroups/182 /userworkgroups/169 /userworkgroups/184 /userworkgroups/158 /userworkgroups/376 /userworkgroups/381 /userworkgroups/344 /userworkgroups/395 /userworkgroups/394 /userworkgroups/391 /userworkgroups/385 /userworkgroups/389 /userworkgroups/313 /userworkgroups/329 /userworkgroups/320 /userworkgroups/349 /userworkgroups/339 /userworkgroups/321 /userworkgroups/297 /userworkgroups/316 /userworkgroups/328 /userworkgroups/501 /userworkgroups/492 /userworkgroups/500 /userworkgroups/491 /userworkgroups/462 /userworkgroups/444 /userworkgroups/432 /userworkgroups/450 /userworkgroups/493 /userworkgroups/387 /userworkgroups/490 /userworkgroups/388 /userworkgroups/380 /userworkgroups/480 /userworkgroups/494 /userworkgroups/486 /userworkgroups/478 /userworkgroups/233 /userworkgroups/103 /userworkgroups/237 /userworkgroups/251 /userworkgroups/227 /userworkgroups/235 /userworkgroups/232 /userworkgroups/240 /userworkgroups/241 /userworkgroups/236 /userworkgroups/249 /userworkgroups/202 /userworkgroups/204 /userworkgroups/197 /userworkgroups/199 /userworkgroups/230 /userworkgroups/229 /userworkgroups/205 /userworkgroups/200 /userworkgroups/165 /userworkgroups/128 /userworkgroups/190 /userworkgroups/186 /userworkgroups/234,add add add add add add add add add add add add add add add add add add add add add add add add add add add add add add add add add add add add add add add add add add add add add add add add add add add add add add add add add add add add add add add add add add add add add add add add add add add add add add add add add add add add add add add add add,[DONE]
[2024-01-30 10:14:39] - [INFO] user=WW/adminx449222,script=P2V_super_sync-SEC2.ps1,tenant=P2V-PROD,uid=799/Katrina.Labitoria@external.omv.com,gid=/userworkgroups/81 /userworkgroups/85 /userworkgroups/292 /userworkgroups/346 /userworkgroups/75 /userworkgroups/76 /userworkgroups/53 /userworkgroups/55 /userworkgroups/58 /userworkgroups/276 /userworkgroups/274 /userworkgroups/50 /userworkgroups/71 /userworkgroups/79 /userworkgroups/331 /userworkgroups/314 /userworkgroups/177 /userworkgroups/168 /userworkgroups/318 /userworkgroups/353 /userworkgroups/309 /userworkgroups/20 /userworkgroups/25 /userworkgroups/37 /userworkgroups/30 /userworkgroups/368 /userworkgroups/121 /userworkgroups/182 /userworkgroups/169 /userworkgroups/184 /userworkgroups/158 /userworkgroups/376 /userworkgroups/381 /userworkgroups/344 /userworkgroups/395 /userworkgroups/394 /userworkgroups/391 /userworkgroups/385 /userworkgroups/389 /userworkgroups/313 /userworkgroups/329 /userworkgroups/320 /userworkgroups/349 /userworkgroups/339 /userworkgroups/321 /userworkgroups/297 /userworkgroups/316 /userworkgroups/328 /userworkgroups/501 /userworkgroups/492 /userworkgroups/500 /userworkgroups/491 /userworkgroups/462 /userworkgroups/444 /userworkgroups/432 /userworkgroups/450 /userworkgroups/493 /userworkgroups/387 /userworkgroups/490 /userworkgroups/388 /userworkgroups/380 /userworkgroups/480 /userworkgroups/494 /userworkgroups/486 /userworkgroups/478 /userworkgroups/233 /userworkgroups/103 /userworkgroups/237 /userworkgroups/251 /userworkgroups/227 /userworkgroups/235 /userworkgroups/232 /userworkgroups/240 /userworkgroups/241 /userworkgroups/236 /userworkgroups/249 /userworkgroups/202 /userworkgroups/204 /userworkgroups/197 /userworkgroups/199 /userworkgroups/230 /userworkgroups/229 /userworkgroups/205 /userworkgroups/200 /userworkgroups/165 /userworkgroups/128 /userworkgroups/190 /userworkgroups/186 /userworkgroups/234,add add add add add add add add add add add add add add add add add add add add add add add add add add add add add add add add add add add add add add add add add add add add add add add add add add add add add add add add add add add add add add add add add add add add add add add add add add add add add add add add add add add add add add add add add,[DONE]
[2024-01-30 10:14:43] - [INFO] [WW/adminx449222] started check_userprofile -xkey AMANINA1
[2024-01-30 10:14:43] - [INFO] [WW/adminx449222] on [SOMVAT502676] started [check_userprofile]
[2024-01-30 10:15:20] - [INFO] [WW/adminx449222] started P2V_sync_user -xkey AMANINA1
[2024-01-30 10:15:27] - [INFO] loading userlist from tenant P2V-PROD
[2024-01-30 10:15:46] - [INFO] loading userlist from tenant P2V_TRAINING
[2024-01-30 10:17:15] - [INFO] [WW/adminx449222] started check_userprofile -xkey KATRINA1
[2024-01-30 10:17:16] - [INFO] [WW/adminx449222] on [SOMVAT502676] started [check_userprofile]
[2024-01-30 10:17:56] - [INFO] [WW/adminx449222] started P2V_sync_user -xkey KATRINA1
[2024-01-30 10:20:09] - [INFO] [WW/adminx449222] started check_userprofile -xkey AMANINA1
[2024-01-30 10:20:09] - [INFO] [WW/adminx449222] on [SOMVAT502676] started [check_userprofile]
[2024-01-30 11:01:40] - [INFO] [WW/adminx449222] started check_userprofile -xkey DANE01
[2024-01-30 11:01:40] - [INFO] [WW/adminx449222] on [SOMVAT502676] started [check_userprofile]
