[2023-06-26 09:31:38] - [INFO] [WW/adminx449222] on [SOMVAT502676] started [check_userprofile]
[2023-06-26 09:31:52] - [INFO] [WW/adminx449222] on [SOMVAT502676] started [check_P2V_user]
[2023-06-26 09:32:31] - [INFO] [WW/adminx449222] on [SOMVAT502676] started [P2V_super_sync]
[2023-06-26 09:32:49] - [INFO] [WW/adminx449222] on [SOMVAT502676] started [P2V_calculate_groups_bd]
[2023-06-26 09:33:23] - [INFO] [WW/adminx449222] on [SOMVAT502676] started [P2V_calculate_groups_bd]
[2023-06-26 09:35:18] - [INFO] [WW/adminx449222] on [SOMVAT502676] started [P2V_calculate_groups_bd]
[2023-06-26 09:43:10] - [INFO] [WW/adminx449222] on [SOMVAT502676] started [check_userprofile]
[2023-06-26 09:43:18] - [INFO] [WW/adminx449222] on [SOMVAT502676] started [check_P2V_user]
[2023-06-26 09:48:24] - [INFO] [WW/adminx449222] on [SOMVAT502676] started [check_userprofile]
[2023-06-26 10:37:28] - [INFO] [WW/adminx449222] on [SOMVAT502676] started [check_userprofile]
[2023-06-26 10:37:41] - [INFO] [WW/adminx449222] on [SOMVAT502676] started [P2V_super_sync-SEC2.ps1]
[2023-06-26 11:04:33] - [INFO] [WW/adminx449222] on [SOMVAT502676] started [P2V_super_sync]
[2023-06-26 11:16:55] - [INFO] [WW/adminx449222] on [SOMVAT502676] started [check_userprofile]
[2023-06-26 11:17:34] - [INFO] [WW/adminx449222] on [SOMVAT502676] started [check_userprofile]
[2023-06-26 11:33:25] - [INFO] [WW/adminx449222] on [SOMVAT502676] started [P2V_super_sync-SEC2.ps1]
[2023-06-26 12:44:32] - [INFO] [WW/adminx449222] on [SOMVAT502676] started [P2V_super_sync-SEC2.ps1]
[2023-06-26 12:46:08] - [ERROR] user=WW/adminx449222,script=P2V_super_sync-SEC2.ps1,tenant=P2V_TRAINING,uid=111/Nina.Romich@omv.com,gid=/userworkgroups/72 /userworkgroups/ /userworkgroups/71,remove add add,[FAIL]
[2023-06-26 12:46:13] - [ERROR] user=WW/adminx449222,script=P2V_super_sync-SEC2.ps1,tenant=P2V_TRAINING,uid=742/Martin.Floimayr@Omv.Com,gid=/userworkgroups/147 /userworkgroups/86 /userworkgroups/72 /userworkgroups/59 /userworkgroups/80 /userworkgroups/298 /userworkgroups/58 /userworkgroups/48 /userworkgroups/ /userworkgroups/71,remove remove remove remove add add add add add add,[FAIL]
[2023-06-26 12:46:17] - [ERROR] user=WW/adminx449222,script=P2V_super_sync-SEC2.ps1,tenant=P2V_TRAINING,uid=767/Richard.Grader@omv.com,gid=/userworkgroups/80 /userworkgroups/54 /userworkgroups/334 /userworkgroups/274 /userworkgroups/353 /userworkgroups/298 /userworkgroups/75 /userworkgroups/346 /userworkgroups/77 /userworkgroups/85 /userworkgroups/82 /userworkgroups/58 /userworkgroups/57 /userworkgroups/276 /userworkgroups/48 /userworkgroups/ /userworkgroups/20 /userworkgroups/131 /userworkgroups/37 /userworkgroups/71 /userworkgroups/50 /userworkgroups/8 /userworkgroups/339 /userworkgroups/349 /userworkgroups/233 /userworkgroups/329 /userworkgroups/328 /userworkgroups/316 /userworkgroups/320 /userworkgroups/251 /userworkgroups/237 /userworkgroups/235 /userworkgroups/241 /userworkgroups/240 /userworkgroups/232 /userworkgroups/236 /userworkgroups/392 /userworkgroups/387 /userworkgroups/383 /userworkgroups/389 /userworkgroups/385 /userworkgroups/378 /userworkgroups/386 /userworkgroups/313 /userworkgroups/297 /userworkgroups/321 /userworkgroups/344 /userworkgroups/379 /userworkgroups/374 /userworkgroups/393 /userworkgroups/234 /userworkgroups/200 /userworkgroups/205 /userworkgroups/230 /userworkgroups/227 /userworkgroups/249 /userworkgroups/229 /userworkgroups/103 /userworkgroups/197 /userworkgroups/204 /userworkgroups/202 /userworkgroups/199,add add add add add add add add add add add add add add add add add add add add add add add add add add add add add add add add add add add add add add add add add add add add add add add add add add add add add add add add add add add add add add,[FAIL]
[2023-06-26 12:46:18] - [ERROR] user=WW/adminx449222,script=P2V_super_sync-SEC2.ps1,tenant=P2V_TRAINING,uid=679/Michael.Pachner@omv.com,gid=/userworkgroups/144 /userworkgroups/9 /userworkgroups/25 /userworkgroups/86 /userworkgroups/72 /userworkgroups/80 /userworkgroups/298 /userworkgroups/ /userworkgroups/71 /userworkgroups/8 /userworkgroups/392 /userworkgroups/387 /userworkgroups/383 /userworkgroups/389 /userworkgroups/385 /userworkgroups/378 /userworkgroups/386 /userworkgroups/379 /userworkgroups/374 /userworkgroups/393,remove remove remove remove remove add add add add add add add add add add add add add add add,[FAIL]
[2023-06-26 12:46:19] - [ERROR] user=WW/adminx449222,script=P2V_super_sync-SEC2.ps1,tenant=P2V_TRAINING,uid=208/Thomas.Posch@omv.com,gid=/userworkgroups/86 /userworkgroups/78 /userworkgroups/87 /userworkgroups/51 /userworkgroups/72 /userworkgroups/60 /userworkgroups/80 /userworkgroups/334 /userworkgroups/274 /userworkgroups/353 /userworkgroups/298 /userworkgroups/346 /userworkgroups/77 /userworkgroups/82 /userworkgroups/58 /userworkgroups/276 /userworkgroups/48 /userworkgroups/ /userworkgroups/20 /userworkgroups/131 /userworkgroups/37 /userworkgroups/71 /userworkgroups/50 /userworkgroups/8 /userworkgroups/339 /userworkgroups/349 /userworkgroups/233 /userworkgroups/329 /userworkgroups/328 /userworkgroups/316 /userworkgroups/320 /userworkgroups/251 /userworkgroups/237 /userworkgroups/235 /userworkgroups/240 /userworkgroups/232 /userworkgroups/236 /userworkgroups/392 /userworkgroups/387 /userworkgroups/383 /userworkgroups/389 /userworkgroups/385 /userworkgroups/378 /userworkgroups/386 /userworkgroups/313 /userworkgroups/297 /userworkgroups/344 /userworkgroups/379 /userworkgroups/374 /userworkgroups/234 /userworkgroups/200 /userworkgroups/205 /userworkgroups/230 /userworkgroups/227 /userworkgroups/249 /userworkgroups/229 /userworkgroups/197 /userworkgroups/204 /userworkgroups/202 /userworkgroups/199 /userworkgroups/104 /userworkgroups/246 /userworkgroups/299 /userworkgroups/390,remove remove remove remove remove remove add add add add add add add add add add add add add add add add add add add add add add add add add add add add add add add add add add add add add add add add add add add add add add add add add add add add add add add add add add,[FAIL]
[2023-06-26 12:46:19] - [ERROR] user=WW/adminx449222,script=P2V_super_sync-SEC2.ps1,tenant=P2V_TRAINING,uid=292/Jan.Mayer@omv.com,gid=/userworkgroups/72 /userworkgroups/ /userworkgroups/71,remove add add,[FAIL]
[2023-06-26 12:46:20] - [ERROR] user=WW/adminx449222,script=P2V_super_sync-SEC2.ps1,tenant=P2V_TRAINING,uid=182/DanielAlexander.Kovacs@omv.com,gid=/userworkgroups/72 /userworkgroups/59 /userworkgroups/321 /userworkgroups/58 /userworkgroups/ /userworkgroups/71 /userworkgroups/392 /userworkgroups/387 /userworkgroups/383 /userworkgroups/389 /userworkgroups/385 /userworkgroups/378 /userworkgroups/386 /userworkgroups/379 /userworkgroups/374 /userworkgroups/299 /userworkgroups/390,remove remove remove add add add add add add add add add add add add add add,[FAIL]
[2023-06-26 12:46:21] - [ERROR] user=WW/adminx449222,script=P2V_super_sync-SEC2.ps1,tenant=P2V_TRAINING,uid=743/Bernhard.Novotny@omv.com,gid=/userworkgroups/72 /userworkgroups/ /userworkgroups/71,remove add add,[FAIL]
[2023-06-26 12:46:22] - [ERROR] user=WW/adminx449222,script=P2V_super_sync-SEC2.ps1,tenant=P2V_TRAINING,uid=744/Philipp.Strauss@omv.com,gid=/userworkgroups/72 /userworkgroups/ /userworkgroups/71,remove add add,[FAIL]
[2023-06-26 12:46:23] - [ERROR] user=WW/adminx449222,script=P2V_super_sync-SEC2.ps1,tenant=P2V_TRAINING,uid=91/Darijo.Tomasevic@omv.com,gid=/userworkgroups/72 /userworkgroups/59 /userworkgroups/241 /userworkgroups/321 /userworkgroups/393 /userworkgroups/58 /userworkgroups/ /userworkgroups/71 /userworkgroups/246 /userworkgroups/299 /userworkgroups/390,remove remove remove remove remove add add add add add add,[FAIL]
[2023-06-26 12:46:37] - [INFO] user=WW/adminx449222,script=P2V_super_sync-SEC2.ps1,tenant=P2V-PROD,uid=111/Nina.Romich@omv.com,gid=/userworkgroups/450,add,[DONE]
[2023-06-26 12:46:40] - [INFO] user=WW/adminx449222,script=P2V_super_sync-SEC2.ps1,tenant=P2V-PROD,uid=745/Martin.Floimayr@Omv.Com,gid=/userworkgroups/147 /userworkgroups/86 /userworkgroups/72 /userworkgroups/59 /userworkgroups/80 /userworkgroups/298 /userworkgroups/58 /userworkgroups/48 /userworkgroups/450 /userworkgroups/71,remove remove remove remove add add add add add add,[DONE]
[2023-06-26 12:46:42] - [INFO] user=WW/adminx449222,script=P2V_super_sync-SEC2.ps1,tenant=P2V-PROD,uid=772/Richard.Grader@omv.com,gid=/userworkgroups/80 /userworkgroups/54 /userworkgroups/334 /userworkgroups/274 /userworkgroups/353 /userworkgroups/298 /userworkgroups/75 /userworkgroups/346 /userworkgroups/77 /userworkgroups/85 /userworkgroups/82 /userworkgroups/58 /userworkgroups/57 /userworkgroups/276 /userworkgroups/48 /userworkgroups/450 /userworkgroups/20 /userworkgroups/131 /userworkgroups/37 /userworkgroups/71 /userworkgroups/50 /userworkgroups/8 /userworkgroups/339 /userworkgroups/349 /userworkgroups/233 /userworkgroups/329 /userworkgroups/328 /userworkgroups/316 /userworkgroups/320 /userworkgroups/251 /userworkgroups/237 /userworkgroups/235 /userworkgroups/241 /userworkgroups/240 /userworkgroups/232 /userworkgroups/236 /userworkgroups/394 /userworkgroups/389 /userworkgroups/385 /userworkgroups/391 /userworkgroups/387 /userworkgroups/380 /userworkgroups/388 /userworkgroups/313 /userworkgroups/297 /userworkgroups/321 /userworkgroups/344 /userworkgroups/381 /userworkgroups/376 /userworkgroups/395 /userworkgroups/234 /userworkgroups/200 /userworkgroups/205 /userworkgroups/230 /userworkgroups/227 /userworkgroups/249 /userworkgroups/229 /userworkgroups/103 /userworkgroups/197 /userworkgroups/204 /userworkgroups/202 /userworkgroups/199,add add add add add add add add add add add add add add add add add add add add add add add add add add add add add add add add add add add add add add add add add add add add add add add add add add add add add add add add add add add add add add,[DONE]
[2023-06-26 12:46:47] - [INFO] user=WW/adminx449222,script=P2V_super_sync-SEC2.ps1,tenant=P2V-PROD,uid=679/Michael.Pachner@omv.com,gid=/userworkgroups/144 /userworkgroups/9 /userworkgroups/25 /userworkgroups/86 /userworkgroups/72 /userworkgroups/80 /userworkgroups/298 /userworkgroups/450 /userworkgroups/71 /userworkgroups/8,remove remove remove remove remove add add add add add,[DONE]
[2023-06-26 12:46:48] - [INFO] user=WW/adminx449222,script=P2V_super_sync-SEC2.ps1,tenant=P2V-PROD,uid=208/Thomas.Posch@omv.com,gid=/userworkgroups/450,add,[DONE]
[2023-06-26 12:46:51] - [INFO] user=WW/adminx449222,script=P2V_super_sync-SEC2.ps1,tenant=P2V-PROD,uid=292/Jan.Mayer@omv.com,gid=/userworkgroups/450,add,[DONE]
[2023-06-26 12:46:53] - [INFO] user=WW/adminx449222,script=P2V_super_sync-SEC2.ps1,tenant=P2V-PROD,uid=182/DanielAlexander.Kovacs@omv.com,gid=/userworkgroups/450,add,[DONE]
[2023-06-26 12:46:55] - [INFO] user=WW/adminx449222,script=P2V_super_sync-SEC2.ps1,tenant=P2V-PROD,uid=746/Bernhard.Novotny@omv.com,gid=/userworkgroups/450,add,[DONE]
[2023-06-26 12:46:57] - [INFO] user=WW/adminx449222,script=P2V_super_sync-SEC2.ps1,tenant=P2V-PROD,uid=747/Philipp.Strauss@omv.com,gid=/userworkgroups/450,add,[DONE]
[2023-06-26 12:47:00] - [INFO] user=WW/adminx449222,script=P2V_super_sync-SEC2.ps1,tenant=P2V-PROD,uid=91/Darijo.Tomasevic@omv.com,gid=/userworkgroups/450,add,[DONE]
[2023-06-26 16:29:38] - [INFO] [WW/adminx449222] on [SOMVAT502676] started [check_userprofile]
[2023-06-26 17:07:27] - [INFO] [WW/adminx449222] on [SOMVAT502676] started [P2V_super_sync-SEC2.ps1]
[2023-06-26 17:09:13] - [ERROR] user=WW/adminx449222,script=P2V_super_sync-SEC2.ps1,tenant=P2V_TRAINING,uid=679/Michael.Pachner@omv.com,gid=/userworkgroups/144 /userworkgroups/9 /userworkgroups/25 /userworkgroups/86 /userworkgroups/72 /userworkgroups/80 /userworkgroups/298 /userworkgroups/71 /userworkgroups/ /userworkgroups/8 /userworkgroups/ /userworkgroups/ /userworkgroups/ /userworkgroups/378 /userworkgroups/385 /userworkgroups/ /userworkgroups/ /userworkgroups/ /userworkgroups/ /userworkgroups/ /userworkgroups/ /userworkgroups/386 /userworkgroups/393 /userworkgroups/374 /userworkgroups/392 /userworkgroups/389 /userworkgroups/387 /userworkgroups/379 /userworkgroups/383 /userworkgroups/,remove remove remove remove remove add add add add add add add add add add add add add add add add add add add add add add add add add,[FAIL]
[2023-06-26 17:09:36] - [ERROR] user=WW/adminx449222,script=P2V_super_sync-SEC2.ps1,tenant=P2V_TRAINING,uid=767/Richard.Grader@omv.com,gid=/userworkgroups/85 /userworkgroups/82 /userworkgroups/334 /userworkgroups/274 /userworkgroups/54 /userworkgroups/80 /userworkgroups/48 /userworkgroups/346 /userworkgroups/77 /userworkgroups/75 /userworkgroups/298 /userworkgroups/57 /userworkgroups/71 /userworkgroups/58 /userworkgroups/ /userworkgroups/276 /userworkgroups/131 /userworkgroups/353 /userworkgroups/20 /userworkgroups/50 /userworkgroups/37 /userworkgroups/8 /userworkgroups/240 /userworkgroups/233 /userworkgroups/232 /userworkgroups/241 /userworkgroups/236 /userworkgroups/349 /userworkgroups/316 /userworkgroups/328 /userworkgroups/320 /userworkgroups/339 /userworkgroups/329 /userworkgroups/251 /userworkgroups/200 /userworkgroups/234 /userworkgroups/205 /userworkgroups/202 /userworkgroups/204 /userworkgroups/230 /userworkgroups/235 /userworkgroups/237 /userworkgroups/227 /userworkgroups/229 /userworkgroups/249 /userworkgroups/ /userworkgroups/ /userworkgroups/ /userworkgroups/378 /userworkgroups/385 /userworkgroups/ /userworkgroups/ /userworkgroups/ /userworkgroups/ /userworkgroups/ /userworkgroups/ /userworkgroups/386 /userworkgroups/344 /userworkgroups/393 /userworkgroups/313 /userworkgroups/321 /userworkgroups/297 /userworkgroups/374 /userworkgroups/392 /userworkgroups/389 /userworkgroups/387 /userworkgroups/379 /userworkgroups/383 /userworkgroups/199 /userworkgroups/ /userworkgroups/197 /userworkgroups/103,add add add add add add add add add add add add add add add add add add add add add add add add add add add add add add add add add add add add add add add add add add add add add add add add add add add add add add add add add add add add add add add add add add add add add add add add,[FAIL]
[2023-06-26 17:09:53] - [INFO] user=WW/adminx449222,script=P2V_super_sync-SEC2.ps1,tenant=P2V-PROD,uid=679/Michael.Pachner@omv.com,gid=/userworkgroups/486 /userworkgroups/478 /userworkgroups/490 /userworkgroups/480 /userworkgroups/501 /userworkgroups/492 /userworkgroups/491 /userworkgroups/494 /userworkgroups/493 /userworkgroups/500,add add add add add add add add add add,[DONE]
[2023-06-26 17:09:57] - [INFO] user=WW/adminx449222,script=P2V_super_sync-SEC2.ps1,tenant=P2V-PROD,uid=772/Richard.Grader@omv.com,gid=/userworkgroups/486 /userworkgroups/478 /userworkgroups/490 /userworkgroups/480 /userworkgroups/501 /userworkgroups/492 /userworkgroups/491 /userworkgroups/494 /userworkgroups/493 /userworkgroups/500,add add add add add add add add add add,[DONE]
[2023-06-26 17:10:06] - [INFO] [WW/adminx449222] on [SOMVAT502676] started [P2V_update_groups.ps1]
[2023-06-26 17:10:57] - [INFO] [WW/adminx449222] on [SOMVAT502676] started [P2V_update_groups.ps1]
[2023-06-26 17:15:02] - [INFO] [WW/adminx449222] on [SOMVAT502676] started [P2V_update_groups.ps1]
[2023-06-26 17:15:39] - [INFO] [WW/adminx449222] on [SOMVAT502676] started [P2V_update_groups.ps1]
[2023-06-26 17:16:10] - [INFO] [WW/adminx449222] on [SOMVAT502676] started [P2V_update_groups.ps1]
[2023-06-26 17:25:43] - [INFO] [WW/adminx449222] on [SOMVAT502676] started [P2V_update_groups.ps1]
[2023-06-26 17:27:32] - [INFO] [WW/adminx449222] on [SOMVAT502676] started [P2V_super_sync-SEC2.ps1]
[2023-06-26 17:30:14] - [INFO] user=WW/adminx449222,script=P2V_super_sync-SEC2.ps1,tenant=P2V_TRAINING,uid=679/Michael.Pachner@omv.com,gid=/userworkgroups/144 /userworkgroups/9 /userworkgroups/25 /userworkgroups/86 /userworkgroups/72 /userworkgroups/80 /userworkgroups/298 /userworkgroups/71 /userworkgroups/447 /userworkgroups/8 /userworkgroups/440 /userworkgroups/400 /userworkgroups/462 /userworkgroups/378 /userworkgroups/385 /userworkgroups/415 /userworkgroups/499 /userworkgroups/468 /userworkgroups/467 /userworkgroups/474 /userworkgroups/473 /userworkgroups/386 /userworkgroups/393 /userworkgroups/374 /userworkgroups/392 /userworkgroups/389 /userworkgroups/387 /userworkgroups/379 /userworkgroups/383 /userworkgroups/497,remove remove remove remove remove add add add add add add add add add add add add add add add add add add add add add add add add add,[DONE]
[2023-06-26 17:30:30] - [INFO] user=WW/adminx449222,script=P2V_super_sync-SEC2.ps1,tenant=P2V_TRAINING,uid=767/Richard.Grader@omv.com,gid=/userworkgroups/85 /userworkgroups/82 /userworkgroups/334 /userworkgroups/274 /userworkgroups/54 /userworkgroups/80 /userworkgroups/48 /userworkgroups/346 /userworkgroups/77 /userworkgroups/75 /userworkgroups/298 /userworkgroups/57 /userworkgroups/71 /userworkgroups/58 /userworkgroups/447 /userworkgroups/276 /userworkgroups/131 /userworkgroups/353 /userworkgroups/20 /userworkgroups/50 /userworkgroups/37 /userworkgroups/8 /userworkgroups/240 /userworkgroups/233 /userworkgroups/232 /userworkgroups/241 /userworkgroups/236 /userworkgroups/349 /userworkgroups/316 /userworkgroups/328 /userworkgroups/320 /userworkgroups/339 /userworkgroups/329 /userworkgroups/251 /userworkgroups/200 /userworkgroups/234 /userworkgroups/205 /userworkgroups/202 /userworkgroups/204 /userworkgroups/230 /userworkgroups/235 /userworkgroups/237 /userworkgroups/227 /userworkgroups/229 /userworkgroups/249 /userworkgroups/440 /userworkgroups/400 /userworkgroups/462 /userworkgroups/378 /userworkgroups/385 /userworkgroups/415 /userworkgroups/499 /userworkgroups/468 /userworkgroups/467 /userworkgroups/474 /userworkgroups/473 /userworkgroups/386 /userworkgroups/344 /userworkgroups/393 /userworkgroups/313 /userworkgroups/321 /userworkgroups/297 /userworkgroups/374 /userworkgroups/392 /userworkgroups/389 /userworkgroups/387 /userworkgroups/379 /userworkgroups/383 /userworkgroups/199 /userworkgroups/497 /userworkgroups/197 /userworkgroups/103,add add add add add add add add add add add add add add add add add add add add add add add add add add add add add add add add add add add add add add add add add add add add add add add add add add add add add add add add add add add add add add add add add add add add add add add add,[DONE]
[2023-06-26 17:30:52] - [INFO] [WW/adminx449222] on [SOMVAT502676] started [P2V_super_sync-SEC2.ps1]
[2023-06-26 17:52:54] - [INFO] [WW/adminx449222] on [SOMVAT502676] started [check_userprofile]
[2023-06-26 18:11:03] - [INFO] [WW/adminx449222] on [SOMVAT502676] started [check_userprofile]
[2023-06-26 18:19:58] - [INFO] [WW/adminx449222] on [SOMVAT502676] started [P2V_super_sync-SEC2.ps1]
[2023-06-27 16:38:10] - [INFO] [WW/adminx449222] on [SOMVAT502676] started [P2V_lock_inactive_users.ps1]
[2023-06-27 17:05:43] - [INFO] user=WW/adminx449222,script=P2V_lock_inactive_users.ps1,tenant=P2V-PROD,uid=57/Karl.Berghofer@omv.com/Berghofer Karl (XBERGHOKA) deactivated as user never logged in, [DONE]
[2023-06-27 17:05:44] - [INFO] user=WW/adminx449222,script=P2V_lock_inactive_users.ps1,tenant=P2V-PROD,uid=534/Mihai.Obreajan@petrom.com/Obreajan Mihai (X01000954) deactivated as user never logged in, [DONE]
[2023-06-27 17:05:45] - [INFO] user=WW/adminx449222,script=P2V_lock_inactive_users.ps1,tenant=P2V-PROD,uid=595/Bernd.Apelt@omv.com/Apelt Bernd (X449766) deactivated as user never logged in, [DONE]
[2023-06-27 17:05:46] - [INFO] user=WW/adminx449222,script=P2V_lock_inactive_users.ps1,tenant=P2V-PROD,uid=596/Andreas.Beidinger@omv.com/Beidinger Andreas (ANDREAS11) deactivated as user never logged in, [DONE]
[2023-06-27 17:05:47] - [INFO] user=WW/adminx449222,script=P2V_lock_inactive_users.ps1,tenant=P2V-PROD,uid=598/Petrisor.Neacsu@petrom.com/Neacsu Petrisor (X01025154) deactivated as user never logged in, [DONE]
[2023-06-27 17:05:49] - [INFO] user=WW/adminx449222,script=P2V_lock_inactive_users.ps1,tenant=P2V-PROD,uid=615/David.Zabel@omv.com/Zabel David (DAVID27) deactivated as user never logged in, [DONE]
[2023-06-27 17:05:50] - [INFO] user=WW/adminx449222,script=P2V_lock_inactive_users.ps1,tenant=P2V-PROD,uid=616/Volker.Otto@omv.com/Otto Volker (X449571) deactivated as user never logged in, [DONE]
[2023-06-27 17:05:51] - [INFO] user=WW/adminx449222,script=P2V_lock_inactive_users.ps1,tenant=P2V-PROD,uid=624/Octavian.Duta1@petrom.com/Duta Octavian (X01024886) deactivated as user never logged in, [DONE]
[2023-06-27 17:05:52] - [INFO] user=WW/adminx449222,script=P2V_lock_inactive_users.ps1,tenant=P2V-PROD,uid=626/Marinela.Haias@petrom.com/Haias Marinela (X01004353) deactivated as user never logged in, [DONE]
[2023-06-27 17:05:53] - [INFO] user=WW/adminx449222,script=P2V_lock_inactive_users.ps1,tenant=P2V-PROD,uid=630/Philip.Manning@omv.com/Manning Philip (PHILIP15) deactivated as user never logged in, [DONE]
[2023-06-27 17:05:55] - [INFO] user=WW/adminx449222,script=P2V_lock_inactive_users.ps1,tenant=P2V-PROD,uid=631/Alina.Micu@petrom.com/Micu Alina (X01003512) deactivated as user never logged in, [DONE]
[2023-06-27 17:05:56] - [INFO] user=WW/adminx449222,script=P2V_lock_inactive_users.ps1,tenant=P2V-PROD,uid=633/Tania.Mihalcea@Petrom.Com/Mihalcea Tania (X01001196) deactivated as user never logged in, [DONE]
[2023-06-27 17:05:58] - [INFO] user=WW/adminx449222,script=P2V_lock_inactive_users.ps1,tenant=P2V-PROD,uid=640/Gabriela.Stoican@petrom.com/Stoican Gabriela (X01015911) deactivated as user never logged in, [DONE]
[2023-06-27 17:05:59] - [INFO] user=WW/adminx449222,script=P2V_lock_inactive_users.ps1,tenant=P2V-PROD,uid=641/Elena.Uta@petrom.com/Uta Elena (X01013566) deactivated as user never logged in, [DONE]
[2023-06-27 17:06:01] - [INFO] user=WW/adminx449222,script=P2V_lock_inactive_users.ps1,tenant=P2V-PROD,uid=644/Elena.Rotaru3@petrom.com/Rotaru Elena (X01019014) deactivated as user never logged in, [DONE]
[2023-06-27 17:06:02] - [INFO] user=WW/adminx449222,script=P2V_lock_inactive_users.ps1,tenant=P2V-PROD,uid=645/Daniela.Vladila@petrom.com/Vladila Daniela (X01015430) deactivated as user never logged in, [DONE]
[2023-06-27 17:06:04] - [INFO] user=WW/adminx449222,script=P2V_lock_inactive_users.ps1,tenant=P2V-PROD,uid=646/Angela.Stefanescu@petrom.com/Stefanescu Angela (X01002079) deactivated as user never logged in, [DONE]
[2023-06-27 17:06:06] - [INFO] user=WW/adminx449222,script=P2V_lock_inactive_users.ps1,tenant=P2V-PROD,uid=647/Aureliu.Sbarcea@petrom.com/Sbarcea Dan Aureliu (X01024255) deactivated as user never logged in, [DONE]
[2023-06-27 17:06:08] - [INFO] user=WW/adminx449222,script=P2V_lock_inactive_users.ps1,tenant=P2V-PROD,uid=652/Philipp.Schulz@omv.com/Schulz Philipp (PHILIPP53) deactivated as user never logged in, [DONE]
[2023-06-27 17:06:10] - [INFO] user=WW/adminx449222,script=P2V_lock_inactive_users.ps1,tenant=P2V-PROD,uid=655/Stephanie.Huber@petrom.com/Huber Stephanie (X450894) deactivated as user never logged in, [DONE]
[2023-06-27 17:10:01] - [INFO] user=WW/adminx449222,script=P2V_lock_inactive_users.ps1,tenant=P2V-PROD,uid=509/CezarGabriel.Tiganasu@petrom.com/Tiganasu Cezar-Gabriel (X01026058) locked as user has not logged in for 365 days, [DONE]
[2023-06-27 17:10:04] - [INFO] user=WW/adminx449222,script=P2V_lock_inactive_users.ps1,tenant=P2V-PROD,uid=516/Mohammad.Fallah@omv.com/Fallah Mohammad (X903220) locked as user has not logged in for 365 days, [DONE]
[2023-06-27 17:10:06] - [INFO] user=WW/adminx449222,script=P2V_lock_inactive_users.ps1,tenant=P2V-PROD,uid=521/Anton.Panduru@petrom.com/Panduru Anton-Cristian (X01024026) locked as user has not logged in for 365 days, [DONE]
[2023-06-27 17:10:08] - [INFO] user=WW/adminx449222,script=P2V_lock_inactive_users.ps1,tenant=P2V-PROD,uid=528/Carlos.Garcia@omv.com/Garcia Carlos (X451869) locked as user has not logged in for 365 days, [DONE]
[2023-06-27 17:10:10] - [INFO] user=WW/adminx449222,script=P2V_lock_inactive_users.ps1,tenant=P2V-PROD,uid=533/Mariana.Rebega@petrom.com/Rebega Mariana (MARIANA31) locked as user has not logged in for 365 days, [DONE]
[2023-06-27 17:10:12] - [INFO] user=WW/adminx449222,script=P2V_lock_inactive_users.ps1,tenant=P2V-PROD,uid=545/IoanaDenisa.Pintilie@petrom.com/Pintilie Ioana-Denisa (X01027241) locked as user has not logged in for 365 days, [DONE]
[2023-06-27 17:10:15] - [INFO] user=WW/adminx449222,script=P2V_lock_inactive_users.ps1,tenant=P2V-PROD,uid=547/ElenaIuliana.Andrei@petrom.com/Andrei Elena Iuliana (X01018903) locked as user has not logged in for 365 days, [DONE]
[2023-06-27 17:10:17] - [INFO] user=WW/adminx449222,script=P2V_lock_inactive_users.ps1,tenant=P2V-PROD,uid=563/DanielaCristina.Nicolaescu@petrom.com/Nicolaescu Daniela-Cristina (DANIELA34) locked as user has not logged in for 365 days, [DONE]
[2023-06-27 17:10:19] - [INFO] user=WW/adminx449222,script=P2V_lock_inactive_users.ps1,tenant=P2V-PROD,uid=567/Craig.Rodriguez@petrom.com/Rodriguez Craig (CRAIG8) locked as user has not logged in for 365 days, [DONE]
[2023-06-27 17:10:22] - [INFO] user=WW/adminx449222,script=P2V_lock_inactive_users.ps1,tenant=P2V-PROD,uid=585/Iulia_Carmen.Surubaru@petrom.com/Surubaru Iulia Carmen (X01004284) locked as user has not logged in for 365 days, [DONE]
[2023-06-27 17:10:25] - [INFO] user=WW/adminx449222,script=P2V_lock_inactive_users.ps1,tenant=P2V-PROD,uid=588/AMANDA4@ww.omv.com/Shi Rong Amanda Choong (AMANDA4) locked as user has not logged in for 365 days, [DONE]
[2023-06-27 17:10:27] - [INFO] user=WW/adminx449222,script=P2V_lock_inactive_users.ps1,tenant=P2V-PROD,uid=594/Harald.Scheruga@omv.com/Scheruga-Rosmarion Harald (X011481) locked as user has not logged in for 365 days, [DONE]
[2023-06-27 17:10:30] - [INFO] user=WW/adminx449222,script=P2V_lock_inactive_users.ps1,tenant=P2V-PROD,uid=607/Oliver.Gratzer@omv.com/Gratzer Oliver (OLIVER3) locked as user has not logged in for 365 days, [DONE]
[2023-06-27 17:10:33] - [INFO] user=WW/adminx449222,script=P2V_lock_inactive_users.ps1,tenant=P2V-PROD,uid=609/BogdanIonut.Stanciu@omv.com/Stanciu Bogdan-Ionut (X01026906) locked as user has not logged in for 365 days, [DONE]
[2023-06-27 17:10:36] - [INFO] user=WW/adminx449222,script=P2V_lock_inactive_users.ps1,tenant=P2V-PROD,uid=620/Ion.Apostoiu1@petrom.com/Apostoiu Ion (X01010924) locked as user has not logged in for 365 days, [DONE]
[2023-06-27 17:10:39] - [INFO] user=WW/adminx449222,script=P2V_lock_inactive_users.ps1,tenant=P2V-PROD,uid=622/Valentina.Cujba@petrom.com/Cujba Valentina (X01000845) locked as user has not logged in for 365 days, [DONE]
[2023-06-27 17:10:42] - [INFO] user=WW/adminx449222,script=P2V_lock_inactive_users.ps1,tenant=P2V-PROD,uid=625/Jose.Gonzalez@petrom.com/Gonzalez Rojas Jose Maria (X01GONJOS) locked as user has not logged in for 365 days, [DONE]
[2023-06-27 17:10:45] - [INFO] user=WW/adminx449222,script=P2V_lock_inactive_users.ps1,tenant=P2V-PROD,uid=627/Peter.Janiczek@petrom.com/Janiczek Peter (X451740) locked as user has not logged in for 365 days, [DONE]
[2023-06-27 17:10:48] - [INFO] user=WW/adminx449222,script=P2V_lock_inactive_users.ps1,tenant=P2V-PROD,uid=628/Radu.Jipa@omv.com/Jipa Radu-Ionut (X01023752) locked as user has not logged in for 365 days, [DONE]
[2023-06-27 17:10:51] - [INFO] user=WW/adminx449222,script=P2V_lock_inactive_users.ps1,tenant=P2V-PROD,uid=629/Csaba.Krezsek@petrom.com/Krezsek Csaba (X01KRECSA) locked as user has not logged in for 365 days, [DONE]
[2023-06-27 17:10:54] - [INFO] user=WW/adminx449222,script=P2V_lock_inactive_users.ps1,tenant=P2V-PROD,uid=632/Constantin.Mihalcea@petrom.com/Mihalcea Constantin (X01005384) locked as user has not logged in for 365 days, [DONE]
[2023-06-27 17:10:58] - [INFO] user=WW/adminx449222,script=P2V_lock_inactive_users.ps1,tenant=P2V-PROD,uid=634/Emil.Panait@petrom.com/Panait Emil-Gheorghe (X01020120) locked as user has not logged in for 365 days, [DONE]
[2023-06-27 17:11:01] - [INFO] user=WW/adminx449222,script=P2V_lock_inactive_users.ps1,tenant=P2V-PROD,uid=637/Anthony.Simpkins@petrom.com/Simpkins Anthony (ANTHONY1) locked as user has not logged in for 365 days, [DONE]
[2023-06-27 17:11:04] - [INFO] user=WW/adminx449222,script=P2V_lock_inactive_users.ps1,tenant=P2V-PROD,uid=635/Ionut_Andrei.Radu@petrom.com/Radu Ionut-Andrei (X01024948) locked as user has not logged in for 365 days, [DONE]
[2023-06-27 17:11:08] - [INFO] user=WW/adminx449222,script=P2V_lock_inactive_users.ps1,tenant=P2V-PROD,uid=639/Ion.Stoica@petrom.com/Stoica Ion (X01008414) locked as user has not logged in for 365 days, [DONE]
[2023-06-27 17:11:11] - [INFO] user=WW/adminx449222,script=P2V_lock_inactive_users.ps1,tenant=P2V-PROD,uid=649/Elena.Lupu@petrom.com/Lupu Elena (X01012359) locked as user has not logged in for 365 days, [DONE]
[2023-06-27 17:11:15] - [INFO] user=WW/adminx449222,script=P2V_lock_inactive_users.ps1,tenant=P2V-PROD,uid=653/Georgeta.Zahiu@omv.com/Zahiu Georgeta (X01010515) locked as user has not logged in for 365 days, [DONE]
[2023-06-27 17:11:18] - [INFO] user=WW/adminx449222,script=P2V_lock_inactive_users.ps1,tenant=P2V-PROD,uid=657/Octavian.Duta@petrom.com/Duta Octavian (X01023297) locked as user has not logged in for 365 days, [DONE]
