[2022-06-30 13:17:44] - [INFO] [WW/adminx449222] on [SOMVAT502676] started [P2V_super_sync-SEC2.ps1]
[2022-06-30 14:24:47] - [INFO] [WW/adminx449222] on [SOMVAT502676] started [P2V_super_sync-SEC2.ps1]
[2022-06-30 15:05:42] - [INFO] [WW/adminx449222] on [SOMVAT502676] started [P2V_rename_workgroup.ps1]
[2022-06-30 15:06:13] - [INFO] user=WW/adminx449222,script=P2V_rename_workgroup.ps1,tenant=P2V_PRODTEST,gid=233,bd.020.deny renamed to Z.BD.020.deny,[DONE]
[2022-06-30 15:06:13] - [INFO] user=WW/adminx449222,script=P2V_rename_workgroup.ps1,tenant=P2V_PRODTEST,gid=78,temp.adjust.ecoresults.deny renamed to T.ADJUST.ecoresults.deny,[DONE]
[2022-06-30 15:06:14] - [INFO] user=WW/adminx449222,script=P2V_rename_workgroup.ps1,tenant=P2V_PRODTEST,gid=150,data.Kurdistan.key renamed to data.Kurdistan.Planning,[DONE]
[2022-06-30 15:06:14] - [INFO] user=WW/adminx449222,script=P2V_rename_workgroup.ps1,tenant=P2V_PRODTEST,gid=168,profile.Finance.local renamed to A16.profile.Finance.Classic,[DONE]
[2022-06-30 15:06:15] - [INFO] user=WW/adminx449222,script=P2V_rename_workgroup.ps1,tenant=P2V_PRODTEST,gid=77,temp.adjust.ecoresults.readonly renamed to T.ADJUST.ecoresults.readonly,[DONE]
[2022-06-30 15:06:15] - [INFO] user=WW/adminx449222,script=P2V_rename_workgroup.ps1,tenant=P2V_PRODTEST,gid=196,bd.002.allow renamed to Z.BD.002.allow,[DONE]
[2022-06-30 15:06:16] - [INFO] user=WW/adminx449222,script=P2V_rename_workgroup.ps1,tenant=P2V_PRODTEST,gid=237,bd.014.deny renamed to Z.BD.014.deny,[DONE]
[2022-06-30 15:06:16] - [INFO] user=WW/adminx449222,script=P2V_rename_workgroup.ps1,tenant=P2V_PRODTEST,gid=117,profile.Student.local renamed to XXX.profile.Student.local.OLD,[DONE]
[2022-06-30 15:06:17] - [INFO] user=WW/adminx449222,script=P2V_rename_workgroup.ps1,tenant=P2V_PRODTEST,gid=271,profile.Portfolio.Light renamed to A06.profile.Light.Fin.Port,[DONE]
[2022-06-30 15:06:18] - [INFO] user=WW/adminx449222,script=P2V_rename_workgroup.ps1,tenant=P2V_PRODTEST,gid=248,bd.014.allow renamed to Z.BD.014.allow,[DONE]
[2022-06-30 15:06:18] - [INFO] user=WW/adminx449222,script=P2V_rename_workgroup.ps1,tenant=P2V_PRODTEST,gid=241,bd.016.deny renamed to Z.BD.016.deny,[DONE]
[2022-06-30 15:06:19] - [INFO] user=WW/adminx449222,script=P2V_rename_workgroup.ps1,tenant=P2V_PRODTEST,gid=226,bd.012.allow renamed to Z.BD.012.allow,[DONE]
[2022-06-30 15:06:20] - [INFO] user=WW/adminx449222,script=P2V_rename_workgroup.ps1,tenant=P2V_PRODTEST,gid=49,temp.economics renamed to T.PRMS.economics.full,[DONE]
[2022-06-30 15:06:20] - [INFO] user=WW/adminx449222,script=P2V_rename_workgroup.ps1,tenant=P2V_PRODTEST,gid=62,data.Tunisia.Key renamed to data.Tunisia.Planning,[DONE]
[2022-06-30 15:06:21] - [INFO] user=WW/adminx449222,script=P2V_rename_workgroup.ps1,tenant=P2V_PRODTEST,gid=239,bd.019.allow renamed to Z.BD.019.allow,[DONE]
[2022-06-30 15:06:22] - [INFO] user=WW/adminx449222,script=P2V_rename_workgroup.ps1,tenant=P2V_PRODTEST,gid=47,data.Russia.Key renamed to data.Russia.Planning,[DONE]
[2022-06-30 15:06:22] - [INFO] user=WW/adminx449222,script=P2V_rename_workgroup.ps1,tenant=P2V_PRODTEST,gid=71,temp.ecoresults.readonly renamed to T.PRMS.ecoresults.readonly,[DONE]
[2022-06-30 15:06:23] - [INFO] user=WW/adminx449222,script=P2V_rename_workgroup.ps1,tenant=P2V_PRODTEST,gid=139,profile.LightUser.local renamed to XXX.profile.LightUser.local,[DONE]
[2022-06-30 15:06:24] - [INFO] user=WW/adminx449222,script=P2V_rename_workgroup.ps1,tenant=P2V_PRODTEST,gid=73,temp.adjust.eco renamed to T.ADJUST.economics.full,[DONE]
[2022-06-30 15:06:24] - [INFO] user=WW/adminx449222,script=P2V_rename_workgroup.ps1,tenant=P2V_PRODTEST,gid=144,profile.Projectmanager renamed to A08.profile.Projectmanager.Classic,[DONE]
[2022-06-30 15:06:25] - [INFO] user=WW/adminx449222,script=P2V_rename_workgroup.ps1,tenant=P2V_PRODTEST,gid=202,bd.004.deny renamed to Z.BD.004.deny,[DONE]
[2022-06-30 15:06:26] - [INFO] user=WW/adminx449222,script=P2V_rename_workgroup.ps1,tenant=P2V_PRODTEST,gid=142,profile.Reserves.readonly renamed to A05.profile.Light.reserves,[DONE]
[2022-06-30 15:06:26] - [INFO] user=WW/adminx449222,script=P2V_rename_workgroup.ps1,tenant=P2V_PRODTEST,gid=147,profile.LightUser.Headoffice renamed to A04.profile.Light,[DONE]
[2022-06-30 15:06:27] - [INFO] user=WW/adminx449222,script=P2V_rename_workgroup.ps1,tenant=P2V_PRODTEST,gid=201,bd.005.allow renamed to Z.BD.005.allow,[DONE]
[2022-06-30 15:06:28] - [INFO] user=WW/adminx449222,script=P2V_rename_workgroup.ps1,tenant=P2V_PRODTEST,gid=113,profile.PetroVR renamed to A02.profile.PetroVR,[DONE]
[2022-06-30 15:06:28] - [INFO] user=WW/adminx449222,script=P2V_rename_workgroup.ps1,tenant=P2V_PRODTEST,gid=275,temp.quicklook renamed to T.PRMS.quicklook.full,[DONE]
[2022-06-30 15:06:28] - [INFO] user=WW/adminx449222,script=P2V_rename_workgroup.ps1,tenant=P2V_PRODTEST,gid=245,bd.015.allow renamed to Z.BD.015.allow,[DONE]
[2022-06-30 15:06:29] - [INFO] user=WW/adminx449222,script=P2V_rename_workgroup.ps1,tenant=P2V_PRODTEST,gid=278,temp.calc renamed to T.PRMS.calc.full,[DONE]
[2022-06-30 15:06:30] - [INFO] user=WW/adminx449222,script=P2V_rename_workgroup.ps1,tenant=P2V_PRODTEST,gid=126,data.Georgia.key renamed to data.Georgia.Planning,[DONE]
[2022-06-30 15:06:30] - [INFO] user=WW/adminx449222,script=P2V_rename_workgroup.ps1,tenant=P2V_PRODTEST,gid=125,profile.Resources.local renamed to XXX.profile.Resources.local,[DONE]
[2022-06-30 15:06:31] - [INFO] user=WW/adminx449222,script=P2V_rename_workgroup.ps1,tenant=P2V_PRODTEST,gid=102,bd.001.allow renamed to Z.BD.001.allow,[DONE]
[2022-06-30 15:06:32] - [INFO] user=WW/adminx449222,script=P2V_rename_workgroup.ps1,tenant=P2V_PRODTEST,gid=110,profile.Admin.Developer renamed to XXX.profile.Admin.Developer.OLD,[DONE]
[2022-06-30 15:06:32] - [INFO] user=WW/adminx449222,script=P2V_rename_workgroup.ps1,tenant=P2V_PRODTEST,gid=161,profile.Reserves.local.Approve renamed to XXX.profile.Reserves.local.Approve,[DONE]
[2022-06-30 15:06:33] - [INFO] user=WW/adminx449222,script=P2V_rename_workgroup.ps1,tenant=P2V_PRODTEST,gid=250,bd.010.allow renamed to Z.BD.010.allow,[DONE]
[2022-06-30 15:06:34] - [INFO] user=WW/adminx449222,script=P2V_rename_workgroup.ps1,tenant=P2V_PRODTEST,gid=76,temp.adjust.ecoresults renamed to T.ADJUST.ecoresults.full,[DONE]
[2022-06-30 15:06:34] - [INFO] user=WW/adminx449222,script=P2V_rename_workgroup.ps1,tenant=P2V_PRODTEST,gid=205,bd.006.deny renamed to Z.BD.006.deny,[DONE]
[2022-06-30 15:06:35] - [INFO] user=WW/adminx449222,script=P2V_rename_workgroup.ps1,tenant=P2V_PRODTEST,gid=229,bd.010.deny renamed to Z.BD.010.deny,[DONE]
[2022-06-30 15:06:36] - [INFO] user=WW/adminx449222,script=P2V_rename_workgroup.ps1,tenant=P2V_PRODTEST,gid=75,temp.adjust.eco.deny renamed to T.ADJUST.economics.deny,[DONE]
[2022-06-30 15:06:37] - [INFO] user=WW/adminx449222,script=P2V_rename_workgroup.ps1,tenant=P2V_PRODTEST,gid=50,temp.economics.readonly renamed to T.PRMS.economics.readonly,[DONE]
[2022-06-30 15:06:38] - [INFO] user=WW/adminx449222,script=P2V_rename_workgroup.ps1,tenant=P2V_PRODTEST,gid=60,temp.input.deny renamed to T.PRMS.input.deny,[DONE]
[2022-06-30 15:06:38] - [INFO] user=WW/adminx449222,script=P2V_rename_workgroup.ps1,tenant=P2V_PRODTEST,gid=119,profile.Economics.local renamed to A13.profile.Economics.Classic,[DONE]
[2022-06-30 15:06:39] - [INFO] user=WW/adminx449222,script=P2V_rename_workgroup.ps1,tenant=P2V_PRODTEST,gid=83,temp.adjust.input renamed to T.ADJUST.input.full,[DONE]
[2022-06-30 15:06:40] - [INFO] user=WW/adminx449222,script=P2V_rename_workgroup.ps1,tenant=P2V_PRODTEST,gid=242,bd.020.allow renamed to Z.BD.020.allow,[DONE]
[2022-06-30 15:06:40] - [INFO] user=WW/adminx449222,script=P2V_rename_workgroup.ps1,tenant=P2V_PRODTEST,gid=159,data.Malaysia.key renamed to data.Malaysia.Planning,[DONE]
[2022-06-30 15:06:41] - [INFO] user=WW/adminx449222,script=P2V_rename_workgroup.ps1,tenant=P2V_PRODTEST,gid=206,bd.007.allow renamed to Z.BD.007.allow,[DONE]
[2022-06-30 15:06:41] - [INFO] user=WW/adminx449222,script=P2V_rename_workgroup.ps1,tenant=P2V_PRODTEST,gid=51,temp.economics.deny renamed to T.PRMS.economics.deny,[DONE]
[2022-06-30 15:06:42] - [INFO] user=WW/adminx449222,script=P2V_rename_workgroup.ps1,tenant=P2V_PRODTEST,gid=199,bd.003.deny renamed to Z.BD.003.deny,[DONE]
[2022-06-30 15:06:42] - [INFO] user=WW/adminx449222,script=P2V_rename_workgroup.ps1,tenant=P2V_PRODTEST,gid=284,Input.Confirm.RO.PM renamed to Input.Confirm.PET,[DONE]
[2022-06-30 15:06:43] - [INFO] user=WW/adminx449222,script=P2V_rename_workgroup.ps1,tenant=P2V_PRODTEST,gid=163,profile.Economics.Headoffice renamed to A15.profile.Economics.Plus,[DONE]
[2022-06-30 15:06:44] - [INFO] user=WW/adminx449222,script=P2V_rename_workgroup.ps1,tenant=P2V_PRODTEST,gid=55,temp.financials renamed to T.PRMS.financials.full,[DONE]
[2022-06-30 15:06:45] - [INFO] user=WW/adminx449222,script=P2V_rename_workgroup.ps1,tenant=P2V_PRODTEST,gid=103,bd.001.deny renamed to Z.BD.001.deny,[DONE]
[2022-06-30 15:06:45] - [INFO] user=WW/adminx449222,script=P2V_rename_workgroup.ps1,tenant=P2V_PRODTEST,gid=85,temp.adjust.input.deny renamed to T.ADJUST.input.deny,[DONE]
[2022-06-30 15:06:46] - [INFO] user=WW/adminx449222,script=P2V_rename_workgroup.ps1,tenant=P2V_PRODTEST,gid=146,data.ArabEmirates.key renamed to data.ArabEmirates.Planning,[DONE]
[2022-06-30 15:06:47] - [INFO] user=WW/adminx449222,script=P2V_rename_workgroup.ps1,tenant=P2V_PRODTEST,gid=59,temp.input.readonly renamed to T.PRMS.input.readonly,[DONE]
[2022-06-30 15:06:47] - [INFO] user=WW/adminx449222,script=P2V_rename_workgroup.ps1,tenant=P2V_PRODTEST,gid=86,temp.adjust.admin.deny renamed to T.ADJUST.admin.deny,[DONE]
[2022-06-30 15:06:48] - [INFO] user=WW/adminx449222,script=P2V_rename_workgroup.ps1,tenant=P2V_PRODTEST,gid=54,temp.admin.deny renamed to T.PRMS.admin.deny,[DONE]
[2022-06-30 15:06:49] - [INFO] user=WW/adminx449222,script=P2V_rename_workgroup.ps1,tenant=P2V_PRODTEST,gid=207,bd.004.allow renamed to Z.BD.004.allow,[DONE]
[2022-06-30 15:06:49] - [INFO] user=WW/adminx449222,script=P2V_rename_workgroup.ps1,tenant=P2V_PRODTEST,gid=151,data.Yemen.key renamed to data.Yemen.Planning,[DONE]
[2022-06-30 15:06:50] - [INFO] user=WW/adminx449222,script=P2V_rename_workgroup.ps1,tenant=P2V_PRODTEST,gid=124,profile.Admin.Headoffice renamed to XXX.profile.Admin.Headoffice.OLD,[DONE]
[2022-06-30 15:06:51] - [INFO] user=WW/adminx449222,script=P2V_rename_workgroup.ps1,tenant=P2V_PRODTEST,gid=251,bd.015.deny renamed to Z.BD.015.deny,[DONE]
[2022-06-30 15:06:51] - [INFO] user=WW/adminx449222,script=P2V_rename_workgroup.ps1,tenant=P2V_PRODTEST,gid=132,profile.Reserves.local.QRE renamed to A20.profile.Reserves.local.QRE,[DONE]
[2022-06-30 15:06:52] - [INFO] user=WW/adminx449222,script=P2V_rename_workgroup.ps1,tenant=P2V_PRODTEST,gid=197,bd.002.deny renamed to Z.BD.002.deny,[DONE]
[2022-06-30 15:06:52] - [INFO] user=WW/adminx449222,script=P2V_rename_workgroup.ps1,tenant=P2V_PRODTEST,gid=231,bd.017.allow renamed to Z.BD.017.allow,[DONE]
[2022-06-30 15:06:53] - [INFO] user=WW/adminx449222,script=P2V_rename_workgroup.ps1,tenant=P2V_PRODTEST,gid=80,temp.adjust.admin.readonly renamed to T.ADJUST.admin.readonly,[DONE]
[2022-06-30 15:06:53] - [INFO] user=WW/adminx449222,script=P2V_rename_workgroup.ps1,tenant=P2V_PRODTEST,gid=79,temp.adjust.admin renamed to T.ADJUST.admin.full,[DONE]
[2022-06-30 15:06:54] - [INFO] user=WW/adminx449222,script=P2V_rename_workgroup.ps1,tenant=P2V_PRODTEST,gid=240,bd.019.deny renamed to Z.BD.019.deny,[DONE]
[2022-06-30 15:06:55] - [INFO] user=WW/adminx449222,script=P2V_rename_workgroup.ps1,tenant=P2V_PRODTEST,gid=118,profile.Reserves.Headoffice.Power renamed to A22.profile.Reserves.Headoffice.Power,[DONE]
[2022-06-30 15:06:55] - [INFO] user=WW/adminx449222,script=P2V_rename_workgroup.ps1,tenant=P2V_PRODTEST,gid=141,profile.Finance.Regimes renamed to A17.profile.Finance.Regimes,[DONE]
[2022-06-30 15:06:56] - [INFO] user=WW/adminx449222,script=P2V_rename_workgroup.ps1,tenant=P2V_PRODTEST,gid=171,profile.Finance.Headoffice renamed to A18.profile.Finance.Plus,[DONE]
[2022-06-30 15:06:57] - [INFO] user=WW/adminx449222,script=P2V_rename_workgroup.ps1,tenant=P2V_PRODTEST,gid=155,profile.PP.Headoffice renamed to A19.profile.Portfolio.Classic,[DONE]
[2022-06-30 15:06:57] - [INFO] user=WW/adminx449222,script=P2V_rename_workgroup.ps1,tenant=P2V_PRODTEST,gid=189,data.Sapura.Australia.key renamed to data.Sapura.Australia.Planning,[DONE]
[2022-06-30 15:06:58] - [INFO] user=WW/adminx449222,script=P2V_rename_workgroup.ps1,tenant=P2V_PRODTEST,gid=156,profile.Reserves.Headoffice.Approve renamed to A23.profile.Reserves.Headoffice.Approve,[DONE]
[2022-06-30 15:06:59] - [INFO] user=WW/adminx449222,script=P2V_rename_workgroup.ps1,tenant=P2V_PRODTEST,gid=228,bd.011.allow renamed to Z.BD.011.allow,[DONE]
[2022-06-30 15:06:59] - [INFO] user=WW/adminx449222,script=P2V_rename_workgroup.ps1,tenant=P2V_PRODTEST,gid=235,bd.013.deny renamed to Z.BD.013.deny,[DONE]
[2022-06-30 15:07:00] - [INFO] user=WW/adminx449222,script=P2V_rename_workgroup.ps1,tenant=P2V_PRODTEST,gid=249,bd.011.deny renamed to Z.BD.011.deny,[DONE]
[2022-06-30 15:07:01] - [INFO] user=WW/adminx449222,script=P2V_rename_workgroup.ps1,tenant=P2V_PRODTEST,gid=192,data.OMVEP.Key renamed to data.OMVEP.Planning,[DONE]
[2022-06-30 15:07:01] - [INFO] user=WW/adminx449222,script=P2V_rename_workgroup.ps1,tenant=P2V_PRODTEST,gid=72,temp.ecoresults.deny renamed to T.PRMS.ecoresults.deny,[DONE]
[2022-06-30 15:07:01] - [INFO] user=WW/adminx449222,script=P2V_rename_workgroup.ps1,tenant=P2V_PRODTEST,gid=137,data.Bulgaria.key renamed to data.Bulgaria.Planning,[DONE]
[2022-06-30 15:07:03] - [INFO] user=WW/adminx449222,script=P2V_rename_workgroup.ps1,tenant=P2V_PRODTEST,gid=70,temp.ecoresults renamed to T.PRMS.ecoresults.full,[DONE]
[2022-06-30 15:07:03] - [INFO] user=WW/adminx449222,script=P2V_rename_workgroup.ps1,tenant=P2V_PRODTEST,gid=234,bd.008.deny renamed to Z.BD.008.deny,[DONE]
[2022-06-30 15:07:03] - [INFO] user=WW/adminx449222,script=P2V_rename_workgroup.ps1,tenant=P2V_PRODTEST,gid=274,temp.calc.deny renamed to T.PRMS.calc.deny,[DONE]
[2022-06-30 15:07:04] - [INFO] user=WW/adminx449222,script=P2V_rename_workgroup.ps1,tenant=P2V_PRODTEST,gid=170,data.Romania.key renamed to data.Romania.Planning,[DONE]
[2022-06-30 15:07:05] - [INFO] user=WW/adminx449222,script=P2V_rename_workgroup.ps1,tenant=P2V_PRODTEST,gid=145,data.Mexico.key renamed to data.Mexico.Planning,[DONE]
[2022-06-30 15:07:05] - [INFO] user=WW/adminx449222,script=P2V_rename_workgroup.ps1,tenant=P2V_PRODTEST,gid=58,temp.input renamed to T.PRMS.input.full,[DONE]
[2022-06-30 15:07:06] - [INFO] user=WW/adminx449222,script=P2V_rename_workgroup.ps1,tenant=P2V_PRODTEST,gid=87,temp.adjust.fin.deny renamed to T.ADJUST.financials.deny,[DONE]
[2022-06-30 15:07:07] - [INFO] user=WW/adminx449222,script=P2V_rename_workgroup.ps1,tenant=P2V_PRODTEST,gid=53,temp.admin.readonly renamed to T.PRMS.admin.readonly,[DONE]
[2022-06-30 15:07:07] - [INFO] user=WW/adminx449222,script=P2V_rename_workgroup.ps1,tenant=P2V_PRODTEST,gid=88,data.Corporate.key renamed to data.Corporate.Planning,[DONE]
[2022-06-30 15:07:08] - [INFO] user=WW/adminx449222,script=P2V_rename_workgroup.ps1,tenant=P2V_PRODTEST,gid=181,data.Sapura.NewZealand.key renamed to data.Sapura.NewZealand.Planning,[DONE]
[2022-06-30 15:07:09] - [INFO] user=WW/adminx449222,script=P2V_rename_workgroup.ps1,tenant=P2V_PRODTEST,gid=56,temp.financials.readonly renamed to T.PRMS.financials.readonly,[DONE]
[2022-06-30 15:07:09] - [INFO] user=WW/adminx449222,script=P2V_rename_workgroup.ps1,tenant=P2V_PRODTEST,gid=64,data.Libya.key renamed to data.Libya.Planning,[DONE]
[2022-06-30 15:07:10] - [INFO] user=WW/adminx449222,script=P2V_rename_workgroup.ps1,tenant=P2V_PRODTEST,gid=153,data.NewZealand.key renamed to data.NewZealand.Planning,[DONE]
[2022-06-30 15:07:11] - [INFO] user=WW/adminx449222,script=P2V_rename_workgroup.ps1,tenant=P2V_PRODTEST,gid=277,temp.quicklook.deny renamed to T.PRMS.quicklook.deny,[DONE]
[2022-06-30 15:07:11] - [INFO] user=WW/adminx449222,script=P2V_rename_workgroup.ps1,tenant=P2V_PRODTEST,gid=230,bd.009.deny renamed to Z.BD.009.deny,[DONE]
[2022-06-30 15:07:12] - [INFO] user=WW/adminx449222,script=P2V_rename_workgroup.ps1,tenant=P2V_PRODTEST,gid=246,bd.016.allow renamed to Z.BD.016.allow,[DONE]
[2022-06-30 15:07:12] - [INFO] user=WW/adminx449222,script=P2V_rename_workgroup.ps1,tenant=P2V_PRODTEST,gid=204,bd.005.deny renamed to Z.BD.005.deny,[DONE]
[2022-06-30 15:07:13] - [INFO] user=WW/adminx449222,script=P2V_rename_workgroup.ps1,tenant=P2V_PRODTEST,gid=238,bd.013.allow renamed to Z.BD.013.allow,[DONE]
[2022-06-30 15:07:14] - [INFO] user=WW/adminx449222,script=P2V_rename_workgroup.ps1,tenant=P2V_PRODTEST,gid=227,bd.012.deny renamed to Z.BD.012.deny,[DONE]
[2022-06-30 15:07:15] - [INFO] user=WW/adminx449222,script=P2V_rename_workgroup.ps1,tenant=P2V_PRODTEST,gid=74,temp.adjust.eco.readonly renamed to T.ADJUST.economics.readonly,[DONE]
[2022-06-30 15:07:15] - [INFO] user=WW/adminx449222,script=P2V_rename_workgroup.ps1,tenant=P2V_PRODTEST,gid=243,bd.008.allow renamed to Z.BD.008.allow,[DONE]
[2022-06-30 15:07:16] - [INFO] user=WW/adminx449222,script=P2V_rename_workgroup.ps1,tenant=P2V_PRODTEST,gid=143,profile.PP.Headoffice.Power renamed to XXX.profile.PP.Headoffice.Power.OLD,[DONE]
[2022-06-30 15:07:16] - [INFO] user=WW/adminx449222,script=P2V_rename_workgroup.ps1,tenant=P2V_PRODTEST,gid=52,temp.admin renamed to T.PRMS.admin.full,[DONE]
[2022-06-30 15:07:17] - [INFO] user=WW/adminx449222,script=P2V_rename_workgroup.ps1,tenant=P2V_PRODTEST,gid=81,temp.adjust.fin renamed to T.ADJUST.financials.full,[DONE]
[2022-06-30 15:07:17] - [INFO] user=WW/adminx449222,script=P2V_rename_workgroup.ps1,tenant=P2V_PRODTEST,gid=157,profile.PP.local renamed to A10.profile.Planning.Classic,[DONE]
[2022-06-30 15:07:18] - [INFO] user=WW/adminx449222,script=P2V_rename_workgroup.ps1,tenant=P2V_PRODTEST,gid=82,temp.adjust.fin.readonly renamed to T.ADJUST.financials.readonly,[DONE]
[2022-06-30 15:07:19] - [INFO] user=WW/adminx449222,script=P2V_rename_workgroup.ps1,tenant=P2V_PRODTEST,gid=232,bd.018.deny renamed to Z.BD.018.deny,[DONE]
[2022-06-30 15:07:19] - [INFO] user=WW/adminx449222,script=P2V_rename_workgroup.ps1,tenant=P2V_PRODTEST,gid=45,data.Austria.Key renamed to data.Austria.Planning,[DONE]
[2022-06-30 15:07:20] - [INFO] user=WW/adminx449222,script=P2V_rename_workgroup.ps1,tenant=P2V_PRODTEST,gid=244,bd.018.allow renamed to Z.BD.018.allow,[DONE]
[2022-06-30 15:07:21] - [INFO] user=WW/adminx449222,script=P2V_rename_workgroup.ps1,tenant=P2V_PRODTEST,gid=135,profile.Resources.Headoffice renamed to A24.profile.Exploration.Assurance,[DONE]
[2022-06-30 15:07:21] - [INFO] user=WW/adminx449222,script=P2V_rename_workgroup.ps1,tenant=P2V_PRODTEST,gid=46,data.Norway.Key renamed to data.Norway.Planning,[DONE]
[2022-06-30 15:07:22] - [INFO] user=WW/adminx449222,script=P2V_rename_workgroup.ps1,tenant=P2V_PRODTEST,gid=57,temp.financials.deny renamed to T.PRMS.financials.deny,[DONE]
[2022-06-30 15:07:23] - [INFO] user=WW/adminx449222,script=P2V_rename_workgroup.ps1,tenant=P2V_PRODTEST,gid=272,profile.Portfolio.Power renamed to XXX.profile.Portfolio.Power.OLD,[DONE]
[2022-06-30 15:07:23] - [INFO] user=WW/adminx449222,script=P2V_rename_workgroup.ps1,tenant=P2V_PRODTEST,gid=203,bd.006.allow renamed to Z.BD.006.allow,[DONE]
[2022-06-30 15:07:24] - [INFO] user=WW/adminx449222,script=P2V_rename_workgroup.ps1,tenant=P2V_PRODTEST,gid=175,profile.Reserves.Headoffice renamed to A21.profile.Reserves.Headoffice,[DONE]
[2022-06-30 15:07:25] - [INFO] user=WW/adminx449222,script=P2V_rename_workgroup.ps1,tenant=P2V_PRODTEST,gid=247,bd.009.allow renamed to Z.BD.009.allow,[DONE]
[2022-06-30 15:07:25] - [INFO] user=WW/adminx449222,script=P2V_rename_workgroup.ps1,tenant=P2V_PRODTEST,gid=276,temp.quicklook.readonly renamed to T.PRMS.quicklook.readonly,[DONE]
[2022-06-30 15:07:26] - [INFO] user=WW/adminx449222,script=P2V_rename_workgroup.ps1,tenant=P2V_PRODTEST,gid=84,temp.adjust.input.readonly renamed to T.ADJUST.input.readonly,[DONE]
[2022-06-30 15:07:27] - [INFO] user=WW/adminx449222,script=P2V_rename_workgroup.ps1,tenant=P2V_PRODTEST,gid=279,temp.calc.readonly renamed to T.PRMS.calc.readonly,[DONE]
[2022-06-30 15:07:27] - [INFO] user=WW/adminx449222,script=P2V_rename_workgroup.ps1,tenant=P2V_PRODTEST,gid=200,bd.007.deny renamed to Z.BD.007.deny,[DONE]
[2022-06-30 15:07:28] - [INFO] user=WW/adminx449222,script=P2V_rename_workgroup.ps1,tenant=P2V_PRODTEST,gid=283,profile.Projectmanager.RO renamed to A07.profile.Projectmanager.PET,[DONE]
[2022-06-30 15:07:29] - [INFO] user=WW/adminx449222,script=P2V_rename_workgroup.ps1,tenant=P2V_PRODTEST,gid=162,data.Australia.key renamed to data.Australia.Planning,[DONE]
[2022-06-30 15:07:29] - [INFO] user=WW/adminx449222,script=P2V_rename_workgroup.ps1,tenant=P2V_PRODTEST,gid=236,bd.017.deny renamed to Z.BD.017.deny,[DONE]
[2022-06-30 15:07:30] - [INFO] user=WW/adminx449222,script=P2V_rename_workgroup.ps1,tenant=P2V_PRODTEST,gid=25,Portfolio renamed to Portfolio.base,[DONE]
[2022-06-30 15:07:31] - [INFO] user=WW/adminx449222,script=P2V_rename_workgroup.ps1,tenant=P2V_PRODTEST,gid=198,bd.003.allow renamed to Z.BD.003.allow,[DONE]
[2022-06-30 15:08:11] - [INFO] [WW/adminx449222] on [SOMVAT502676] started [P2V_update_groups.ps1]
[2022-06-30 15:09:53] - [INFO] [WW/adminx449222] on [SOMVAT502676] started [P2V_update_WG_roles.ps1]
[2022-06-30 15:10:21] - [INFO] workgroup=T.ADJUST.overview.readonly,script=P2V_update_WG_roles.ps1,tenant=P2V_PRODTEST,gid=291,rid=/allowedRoles/27 /allowedRoles/28,add add,[DONE]
[2022-06-30 15:10:22] - [INFO] workgroup=systemcheck,script=P2V_update_WG_roles.ps1,tenant=P2V_PRODTEST,gid=280,rid=/allowedRoles/25,remove,[DONE]
[2022-06-30 15:10:23] - [INFO] workgroup=T.ADJUST.calc.readonly,script=P2V_update_WG_roles.ps1,tenant=P2V_PRODTEST,gid=300,rid=/allowedRoles/39,add,[DONE]
[2022-06-30 15:10:23] - [INFO] workgroup=Financials.key,script=P2V_update_WG_roles.ps1,tenant=P2V_PRODTEST,gid=30,rid=/allowedRoles/20 /allowedRoles/27 /allowedRoles/28 /allowedRoles/8,remove remove remove remove,[DONE]
[2022-06-30 15:10:24] - [INFO] workgroup=DataFlow.key,script=P2V_update_WG_roles.ps1,tenant=P2V_PRODTEST,gid=21,rid=/allowedRoles/26 /allowedRoles/27 /allowedRoles/28 /allowedRoles/44 /allowedRoles/67,remove remove remove remove remove,[DONE]
[2022-06-30 15:10:25] - [INFO] workgroup=Input.Confirm.PET,script=P2V_update_WG_roles.ps1,tenant=P2V_PRODTEST,gid=284,rid=/allowedRoles/20,add,[DONE]
[2022-06-30 15:10:25] - [INFO] workgroup=data.Kurdistan.CAPDAT,script=P2V_update_WG_roles.ps1,tenant=P2V_PRODTEST,gid=288,rid=/allowedRoles/18,add,[DONE]
[2022-06-30 15:10:26] - [INFO] workgroup=Economics.key,script=P2V_update_WG_roles.ps1,tenant=P2V_PRODTEST,gid=24,rid=/allowedRoles/27 /allowedRoles/28 /allowedRoles/39 /allowedRoles/8,remove remove remove remove,[DONE]
[2022-06-30 15:10:27] - [INFO] workgroup=DataFlow.power,script=P2V_update_WG_roles.ps1,tenant=P2V_PRODTEST,gid=22,rid=/allowedRoles/8 /allowedRoles/26,remove add,[DONE]
[2022-06-30 15:10:28] - [INFO] workgroup=P2V.admin,script=P2V_update_WG_roles.ps1,tenant=P2V_PRODTEST,gid=41,rid=/allowedRoles/1 /allowedRoles/10 /allowedRoles/15 /allowedRoles/16 /allowedRoles/17 /allowedRoles/18 /allowedRoles/19 /allowedRoles/2 /allowedRoles/20 /allowedRoles/21 /allowedRoles/22 /allowedRoles/23 /allowedRoles/24 /allowedRoles/25 /allowedRoles/26 /allowedRoles/27 /allowedRoles/28 /allowedRoles/29 /allowedRoles/3 /allowedRoles/30 /allowedRoles/31 /allowedRoles/32 /allowedRoles/34 /allowedRoles/35 /allowedRoles/36 /allowedRoles/38 /allowedRoles/39 /allowedRoles/4 /allowedRoles/40 /allowedRoles/41 /allowedRoles/42 /allowedRoles/43 /allowedRoles/44 /allowedRoles/45 /allowedRoles/5 /allowedRoles/6 /allowedRoles/66 /allowedRoles/67 /allowedRoles/68 /allowedRoles/69 /allowedRoles/7 /allowedRoles/70 /allowedRoles/71 /allowedRoles/8 /allowedRoles/9,remove remove remove remove remove remove remove remove remove remove remove remove remove remove remove remove remove remove remove remove remove remove remove remove remove remove remove remove remove remove remove remove remove remove remove remove remove remove remove remove remove remove remove remove remove,[DONE]
[2022-06-30 15:10:28] - [INFO] workgroup=data.Mexico.CAPDAT,script=P2V_update_WG_roles.ps1,tenant=P2V_PRODTEST,gid=290,rid=/allowedRoles/30 /allowedRoles/25 /allowedRoles/33,add add add,[DONE]
[2022-06-30 15:10:29] - [INFO] workgroup=Portfolio.base,script=P2V_update_WG_roles.ps1,tenant=P2V_PRODTEST,gid=25,rid=/allowedRoles/20 /allowedRoles/8,remove remove,[DONE]
[2022-06-30 15:10:29] - [INFO] workgroup=Economics.power,script=P2V_update_WG_roles.ps1,tenant=P2V_PRODTEST,gid=23,rid=/allowedRoles/10,remove,[DONE]
[2022-06-30 15:10:30] - [INFO] workgroup=PetroVR,script=P2V_update_WG_roles.ps1,tenant=P2V_PRODTEST,gid=6,rid=/allowedRoles/8,remove,[DONE]
[2022-06-30 15:10:31] - [INFO] workgroup=A07.profile.Projectmanager.PET,script=P2V_update_WG_roles.ps1,tenant=P2V_PRODTEST,gid=283,rid=/allowedRoles/8,add,[DONE]
[2022-06-30 15:49:27] - [INFO] [WW/adminx449222] on [SOMVAT502676] started [get_UPN_from_XKEY]
[2022-06-30 15:53:37] - [INFO] [WW/adminx449222] on [SOMVAT502676] started [get_AD_userdata]
[2022-06-30 15:53:37] - [INFO] directory  created
[2022-06-30 16:16:50] - [INFO] [WW/adminx449222] on [SOMVAT502676] started [get_AD_userdata]
[2022-06-30 16:26:38] - [INFO] [WW/adminx449222] on [SOMVAT502676] started [get_AD_userdata]
[2022-06-30 16:28:13] - [INFO] [WW/adminx449222] on [SOMVAT502676] started [get_AD_userdata]
[2022-06-30 17:02:24] - [INFO] [WW/adminx449222] on [SOMVAT502676] started [get_AD_userdata]
[2022-06-30 17:08:33] - [INFO] [WW/adminx449222] on [SOMVAT502676] started [get_AD_userdata]
[2022-06-30 17:12:38] - [INFO] [WW/adminx449222] on [SOMVAT502676] started [get_AD_userdata]
[2022-06-30 17:14:21] - [INFO] [WW/adminx449222] on [SOMVAT502676] started [get_AD_userdata]
[2022-06-30 17:16:38] - [INFO] [WW/adminx449222] on [SOMVAT502676] started [get_AD_userdata]
[2022-06-30 17:17:13] - [INFO] [WW/adminx449222] on [SOMVAT502676] started [get_AD_userdata]
[2022-07-01 08:03:14] - [INFO] [WW/adminx449222] on [SOMVAT502676] started [get_AD_userdata]
