[2023-11-27 13:48:03] - [INFO] [WW/adminx449222] started check_userprofile -xkey DAVID27
[2023-11-27 13:48:03] - [INFO] [WW/adminx449222] on [SOMVAT502676] started [check_userprofile]
[2023-11-27 13:48:20] - [INFO] [WW/adminx449222] started check_P2V_user -xkey DAVID27
[2023-11-27 13:48:20] - [INFO] [WW/adminx449222] on [SOMVAT502676] started [check_P2V_user]
[2023-11-28 14:29:21] - [INFO] [WW/adminx449222] started check_userprofile -xkey PEDRO8
[2023-11-28 14:29:21] - [INFO] [WW/adminx449222] on [SOMVAT502676] started [check_userprofile]
[2023-11-29 10:26:11] - [INFO] [WW/adminx449222] started check_userprofile -xkey X450313
[2023-11-29 10:26:11] - [INFO] [WW/adminx449222] on [SOMVAT502676] started [check_userprofile]
[2023-11-29 10:26:21] - [INFO] [WW/adminx449222] started check_P2V_user -xkey X450313
[2023-11-29 10:26:21] - [INFO] [WW/adminx449222] on [SOMVAT502676] started [check_P2V_user]
[2023-11-29 10:28:33] - [INFO] [WW/adminx449222] started P2V_calculate_groups_bd 
[2023-11-29 10:28:33] - [INFO] [WW/adminx449222] on [SOMVAT502676] started [P2V_calculate_groups_bd]
[2023-11-29 10:30:26] - [INFO] [P2V-PROD]-[bd.base] : add Bauer Jan Erik (X450487) - done
[2023-11-29 10:30:27] - [INFO] [P2V-PROD]-[Z.BD.021.allow] : add Bauer Jan Erik (X450487) - done
[2023-11-29 10:30:28] - [INFO] [P2V-PROD]-[Z.BD.021.deny] : remove Bauer Jan Erik (X450487) - done
[2023-11-29 10:30:30] - [INFO] [P2V-PROD]-[Z.BD.022.allow] : add Bauer Jan Erik (X450487) - done
[2023-11-29 10:30:31] - [INFO] [P2V-PROD]-[Z.BD.022.deny] : remove Bauer Jan Erik (X450487) - done
[2023-11-29 10:34:31] - [INFO] [WW/adminx449222] started P2V_calculate_groups_bd 
[2023-11-29 10:34:32] - [INFO] [WW/adminx449222] on [SOMVAT502676] started [P2V_calculate_groups_bd]
[2023-11-29 10:37:59] - [INFO] [P2V_TEST]-[Z.BD.022.deny] : remove Bauer Jan Erik (X450487) - done
[2023-11-29 10:39:41] - [INFO] [P2V_TRAINING]-[bd.base] : add Bauer Jan Erik (X450487) - done
[2023-11-29 10:39:42] - [INFO] [P2V_TRAINING]-[Z.BD.021.allow] : add Bauer Jan Erik (X450487) - done
[2023-11-29 10:39:43] - [INFO] [P2V_TRAINING]-[Z.BD.021.deny] : remove Bauer Jan Erik (X450487) - done
[2023-11-29 10:39:44] - [INFO] [P2V_TRAINING]-[Z.BD.022.allow] : add Bauer Jan Erik (X450487) - done
[2023-11-29 10:39:45] - [INFO] [P2V_TRAINING]-[Z.BD.022.deny] : remove Bauer Jan Erik (X450487) - done
[2023-11-29 10:40:02] - [INFO] [WW/adminx449222] started P2V_calculate_groups_bd 
[2023-11-29 10:40:03] - [INFO] [WW/adminx449222] on [SOMVAT502676] started [P2V_calculate_groups_bd]
[2023-11-29 10:45:58] - [INFO] [P2V_TEST]-[Z.BD.021.deny] : remove Bauer Jan Erik (X450487) - done
[2023-11-29 10:47:00] - [INFO] [P2V_TRAINING]-[Z.BD.021.deny] : remove Bauer Jan Erik (X450487) - done
