[2023-05-08 10:01:02] - [INFO] [WW/adminx449222] on [SOMVAT502676] started [check_userprofile]
[2023-05-08 10:04:22] - [INFO] [WW/adminx449222] on [SOMVAT502676] started [check_userprofile]
[2023-05-08 10:06:13] - [INFO] [WW/adminx449222] on [SOMVAT502676] started [check_userprofile]
[2023-05-08 10:06:49] - [INFO] [WW/adminx449222] on [SOMVAT502676] started [P2V_super_sync]
[2023-05-08 10:36:03] - [INFO] [WW/adminx449222] on [SOMVAT502676] started [check_P2V_user]
[2023-05-08 16:28:29] - [INFO] [WW/adminx449222] on [SOMVAT502676] started [check_userprofile]
[2023-05-08 16:32:49] - [INFO] [WW/adminx449222] on [SOMVAT502676] started [P2V_super_sync-SEC2.ps1]
[2023-05-08 16:33:23] - [INFO] [WW/adminx449222] on [SOMVAT502676] started [check_userprofile]
[2023-05-08 16:33:39] - [INFO] [WW/adminx449222] on [SOMVAT502676] started [check_userprofile]
[2023-05-08 16:33:59] - [INFO] [WW/adminx449222] on [SOMVAT502676] started [check_userprofile]
[2023-05-08 16:34:05] - [INFO] [WW/adminx449222] on [SOMVAT502676] started [P2V_calculate_groups_bd]
[2023-05-08 16:39:12] - [INFO] [WW/adminx449222] on [SOMVAT502676] started [P2V_calculate_groups_bd]
[2023-05-08 16:39:55] - [INFO] [WW/adminx449222] on [SOMVAT502676] started [check_userprofile]
[2023-05-08 16:40:01] - [INFO] [WW/adminx449222] on [SOMVAT502676] started [P2V_super_sync]
[2023-05-08 16:41:28] - [INFO] user=WW/adminx449222,script=P2V_super_sync-SEC2.ps1,tenant=P2V_TRAINING,uid=701/Zoltan.Suele@omv.com,gid=/userworkgroups/374 /userworkgroups/379 /userworkgroups/383 /userworkgroups/393 /userworkgroups/387 /userworkgroups/378 /userworkgroups/385 /userworkgroups/392 /userworkgroups/389 /userworkgroups/386,add add add add add add add add add add,[DONE]
[2023-05-08 16:41:47] - [INFO] user=WW/adminx449222,script=P2V_super_sync-SEC2.ps1,tenant=P2V-PROD,uid=723/Zoltan.Suele@omv.com,gid=/userworkgroups/131 /userworkgroups/318 /userworkgroups/171 /userworkgroups/346 /userworkgroups/314 /userworkgroups/331 /userworkgroups/353 /userworkgroups/84 /userworkgroups/292 /userworkgroups/75 /userworkgroups/76 /userworkgroups/81 /userworkgroups/20 /userworkgroups/121 /userworkgroups/166 /userworkgroups/79 /userworkgroups/37 /userworkgroups/25 /userworkgroups/309 /userworkgroups/177 /userworkgroups/368 /userworkgroups/29 /userworkgroups/30 /userworkgroups/55 /userworkgroups/58 /userworkgroups/276 /userworkgroups/71 /userworkgroups/53 /userworkgroups/274 /userworkgroups/50 /userworkgroups/8 /userworkgroups/376 /userworkgroups/381 /userworkgroups/385 /userworkgroups/313 /userworkgroups/344 /userworkgroups/395 /userworkgroups/389 /userworkgroups/380 /userworkgroups/387 /userworkgroups/394 /userworkgroups/391 /userworkgroups/388 /userworkgroups/297 /userworkgroups/328 /userworkgroups/321 /userworkgroups/329 /userworkgroups/101,remove add add add add add add add add add add add add add add add add add add add add add add add add add add add add add add add add add add add add add add add add add add add add add add add,[DONE]
[2023-05-08 16:42:50] - [INFO] [WW/adminx449222] on [SOMVAT502676] started [P2V_super_sync-SEC2.ps1]
[2023-05-08 17:08:13] - [INFO] [WW/adminx449222] on [SOMVAT502676] started [P2V_calculate_groups_bd]
[2023-05-08 17:11:05] - [INFO] [WW/adminx449222] on [SOMVAT502676] started [P2V_calculate_groups_bd]
[2023-05-10 08:16:06] - [INFO] [WW/adminx449222] on [SOMVAT502676] started [P2V_check_UPNs]
