[2023-01-30 09:07:53] - [INFO] [WW/adminx449222] on [SOMVAT502676] started [P2V_super_sync-SEC2.ps1]
[2023-01-30 13:57:07] - [INFO] [WW/adminx449222] on [SOMVAT502676] started [P2V_update_groups.ps1]
[2023-01-30 13:59:18] - [INFO] [WW/adminx449222] on [SOMVAT502676] started [P2V_update_groups.ps1]
[2023-01-30 17:02:45] - [INFO] [WW/adminx449222] on [SOMVAT502676] started [P2V_update_groups.ps1]
[2023-01-30 17:10:12] - [INFO] [WW/adminx449222] on [SOMVAT502676] started [P2V_update_groups.ps1]
[2023-01-30 17:10:47] - [INFO] [WW/adminx449222] on [SOMVAT502676] started [P2V_update_groups.ps1]
[2023-01-30 17:17:51] - [INFO] [WW/adminx449222] on [SOMVAT502676] started [P2V_update_groups.ps1]
[2023-01-30 17:55:31] - [INFO] [WW/adminx449222] on [SOMVAT502676] started [P2V_super_sync-SEC2.ps1]
[2023-01-30 18:07:11] - [INFO] [WW/adminx449222] on [SOMVAT502676] started [P2V_super_sync-SEC2.ps1]
[2023-01-30 18:16:15] - [ERROR] user=WW/adminx449222,script=P2V_super_sync-SEC2.ps1,tenant=P2V_TRAINING,uid=468/fatma.khalfallah@omv.com,gid=/userworkgroups/,add,[FAIL]
[2023-01-30 18:19:00] - [ERROR] user=WW/adminx449222,script=P2V_super_sync-SEC2.ps1,tenant=P2V_TRAINING,uid=608/Hadi.Hendizadeh@omv.com,gid=/userworkgroups/,add,[FAIL]
[2023-01-30 18:19:14] - [ERROR] user=WW/adminx449222,script=P2V_super_sync-SEC2.ps1,tenant=P2V_TRAINING,uid=436/Hichem.Zar@omv.com,gid=/userworkgroups/,add,[FAIL]
[2023-01-30 18:19:18] - [ERROR] user=WW/adminx449222,script=P2V_super_sync-SEC2.ps1,tenant=P2V_TRAINING,uid=54/Ionica.Barbu@petrom.com,gid=/userworkgroups/,add,[FAIL]
[2023-01-30 18:19:22] - [ERROR] user=WW/adminx449222,script=P2V_super_sync-SEC2.ps1,tenant=P2V_TRAINING,uid=55/Jens.Behrend@omv.com,gid=/userworkgroups/,add,[FAIL]
[2023-01-30 18:19:26] - [ERROR] user=WW/adminx449222,script=P2V_super_sync-SEC2.ps1,tenant=P2V_TRAINING,uid=309/Michael.German@omv.com,gid=/userworkgroups/,add,[FAIL]
[2023-01-30 18:19:36] - [INFO] user=WW/adminx449222,script=P2V_super_sync-SEC2.ps1,tenant=P2V_TRAINING,uid=534/Mihai.Obreajan@petrom.com,gid=/userworkgroups/82 /userworkgroups/85 /userworkgroups/334 /userworkgroups/346 /userworkgroups/75 /userworkgroups/77 /userworkgroups/274 /userworkgroups/50 /userworkgroups/71 /userworkgroups/54 /userworkgroups/48 /userworkgroups/86 /userworkgroups/121 /userworkgroups/20 /userworkgroups/132 /userworkgroups/353 /userworkgroups/314 /userworkgroups/32 /userworkgroups/105 /userworkgroups/309 /userworkgroups/25 /userworkgroups/37 /userworkgroups/66 /userworkgroups/57 /userworkgroups/276 /userworkgroups/58 /userworkgroups/123 /userworkgroups/204 /userworkgroups/202 /userworkgroups/199 /userworkgroups/234 /userworkgroups/200 /userworkgroups/205 /userworkgroups/197 /userworkgroups/103 /userworkgroups/320 /userworkgroups/316 /userworkgroups/329 /userworkgroups/349 /userworkgroups/339 /userworkgroups/328 /userworkgroups/344 /userworkgroups/229 /userworkgroups/313 /userworkgroups/321 /userworkgroups/297 /userworkgroups/233 /userworkgroups/235 /userworkgroups/237 /userworkgroups/227 /userworkgroups/230 /userworkgroups/249 /userworkgroups/232 /userworkgroups/240 /userworkgroups/236 /userworkgroups/251 /userworkgroups/241 /userworkgroups/216,add add add add add add add add add add add add add add add add add add add add add add add add add add add add add add add add add add add add add add add add add add add add add add add add add add add add add add add add add add,[DONE]
[2023-01-30 18:19:39] - [INFO] user=WW/adminx449222,script=P2V_super_sync-SEC2.ps1,tenant=P2V_TRAINING,uid=568/NASARENE1@ww.omv.com,gid=/userworkgroups/,add,[DONE]
[2023-01-30 18:19:43] - [INFO] user=WW/adminx449222,script=P2V_super_sync-SEC2.ps1,tenant=P2V_TRAINING,uid=593/NicoletaAdriana.Toma@omv.com,gid=/userworkgroups/,add,[DONE]
[2023-01-30 18:19:45] - [INFO] user=WW/adminx449222,script=P2V_super_sync-SEC2.ps1,tenant=P2V_TRAINING,uid=209/TorOskar.Holmgard@omv.com,gid=/userworkgroups/,add,[DONE]
[2023-01-30 18:20:08] - [INFO] user=WW/adminx449222,script=P2V_super_sync-SEC2.ps1,tenant=P2V-PROD,uid=609/BogdanIonut.Stanciu@omv.com,gid=/userworkgroups/349 /userworkgroups/339,add add,[DONE]
[2023-01-30 18:20:13] - [INFO] user=WW/adminx449222,script=P2V_super_sync-SEC2.ps1,tenant=P2V-PROD,uid=532/Carmen.Arafat@petrom.com,gid=/userworkgroups/349 /userworkgroups/339,add add,[DONE]
[2023-01-30 18:20:18] - [INFO] user=WW/adminx449222,script=P2V_super_sync-SEC2.ps1,tenant=P2V-PROD,uid=507/Catalina.Popescu@petrom.com,gid=/userworkgroups/349 /userworkgroups/339,add add,[DONE]
[2023-01-30 18:20:23] - [INFO] user=WW/adminx449222,script=P2V_super_sync-SEC2.ps1,tenant=P2V-PROD,uid=468/fatma.khalfallah@omv.com,gid=/userworkgroups/374,add,[DONE]
[2023-01-30 18:20:27] - [INFO] user=WW/adminx449222,script=P2V_super_sync-SEC2.ps1,tenant=P2V-PROD,uid=608/Hadi.Hendizadeh@omv.com,gid=/userworkgroups/374,add,[DONE]
[2023-01-30 18:20:32] - [INFO] user=WW/adminx449222,script=P2V_super_sync-SEC2.ps1,tenant=P2V-PROD,uid=436/Hichem.Zar@omv.com,gid=/userworkgroups/374,add,[DONE]
[2023-01-30 18:20:35] - [INFO] user=WW/adminx449222,script=P2V_super_sync-SEC2.ps1,tenant=P2V-PROD,uid=54/Ionica.Barbu@petrom.com,gid=/userworkgroups/374,add,[DONE]
[2023-01-30 18:20:38] - [INFO] user=WW/adminx449222,script=P2V_super_sync-SEC2.ps1,tenant=P2V-PROD,uid=55/Jens.Behrend@omv.com,gid=/userworkgroups/374,add,[DONE]
[2023-01-30 18:20:45] - [INFO] user=WW/adminx449222,script=P2V_super_sync-SEC2.ps1,tenant=P2V-PROD,uid=399/Karine.GuibertDAmore@omv.com,gid=/userworkgroups/339,add,[DONE]
[2023-01-30 18:20:47] - [INFO] user=WW/adminx449222,script=P2V_super_sync-SEC2.ps1,tenant=P2V-PROD,uid=571/Marie.Deckers@omv.com,gid=/userworkgroups/349 /userworkgroups/339,add add,[DONE]
[2023-01-30 18:20:53] - [INFO] user=WW/adminx449222,script=P2V_super_sync-SEC2.ps1,tenant=P2V-PROD,uid=309/Michael.German@omv.com,gid=/userworkgroups/374,add,[DONE]
[2023-01-30 18:20:57] - [INFO] user=WW/adminx449222,script=P2V_super_sync-SEC2.ps1,tenant=P2V-PROD,uid=534/Mihai.Obreajan@petrom.com,gid=/userworkgroups/123 /userworkgroups/349 /userworkgroups/339 /userworkgroups/216,add add add add,[DONE]
[2023-01-30 18:21:02] - [INFO] user=WW/adminx449222,script=P2V_super_sync-SEC2.ps1,tenant=P2V-PROD,uid=568/NASARENE1@ww.omv.com,gid=/userworkgroups/374,add,[DONE]
[2023-01-30 18:21:05] - [INFO] user=WW/adminx449222,script=P2V_super_sync-SEC2.ps1,tenant=P2V-PROD,uid=117/Nicoleta.Stancu@petrom.com,gid=/userworkgroups/349 /userworkgroups/339,add add,[DONE]
[2023-01-30 18:21:08] - [INFO] user=WW/adminx449222,script=P2V_super_sync-SEC2.ps1,tenant=P2V-PROD,uid=593/NicoletaAdriana.Toma@omv.com,gid=/userworkgroups/374,add,[DONE]
[2023-01-30 18:21:11] - [INFO] user=WW/adminx449222,script=P2V_super_sync-SEC2.ps1,tenant=P2V-PROD,uid=450/Oliver.Thomas@omv.com,gid=/userworkgroups/349 /userworkgroups/339,add add,[DONE]
[2023-01-30 18:21:15] - [INFO] user=WW/adminx449222,script=P2V_super_sync-SEC2.ps1,tenant=P2V-PROD,uid=367/Razvan.Corbu@petrom.com,gid=/userworkgroups/349 /userworkgroups/339,add add,[DONE]
[2023-01-30 18:21:18] - [INFO] user=WW/adminx449222,script=P2V_super_sync-SEC2.ps1,tenant=P2V-PROD,uid=209/TorOskar.Holmgard@omv.com,gid=/userworkgroups/374,add,[DONE]
[2023-01-30 18:21:22] - [INFO] user=WW/adminx449222,script=P2V_super_sync-SEC2.ps1,tenant=P2V-PROD,uid=150/Wuilmer.Ponte@omv.com,gid=/userworkgroups/349 /userworkgroups/339,add add,[DONE]
