[2022-06-27 08:46:21] - [INFO] [WW/adminx449222] on [SOMVAT502676] started [P2V_update_WG_roles.ps1]
[2022-06-27 08:56:10] - [INFO] [WW/adminx449222] on [SOMVAT502676] started [P2V_update_WG_roles.ps1]
[2022-06-27 08:56:42] - [INFO] [WW/adminx449222] on [SOMVAT502676] started [P2V_update_WG_roles.ps1]
[2022-06-27 09:13:51] - [INFO] [WW/adminx449222] on [SOMVAT502676] started [P2V_update_WG_roles.ps1]
[2022-06-27 09:15:30] - [INFO] [WW/adminx449222] on [SOMVAT502676] started [P2V_update_WG_roles.ps1]
[2022-06-27 09:26:51] - [INFO] [WW/adminx449222] on [SOMVAT502676] started [P2V_update_WG_roles.ps1]
[2022-06-27 09:28:37] - [INFO] [WW/adminx449222] on [SOMVAT502676] started [P2V_update_WG_roles.ps1]
[2022-06-27 09:30:36] - [INFO] [WW/adminx449222] on [SOMVAT502676] started [P2V_update_WG_roles.ps1]
[2022-06-27 09:45:14] - [INFO] [WW/adminx449222] on [SOMVAT502676] started [P2V_update_WG_roles.ps1]
[2022-06-27 09:46:20] - [INFO] [WW/adminx449222] on [SOMVAT502676] started [P2V_update_WG_roles.ps1]
[2022-06-27 11:49:39] - [INFO] [WW/adminx449222] on [SOMVAT502676] started [P2V_update_groups.ps1]
[2022-06-27 11:55:07] - [INFO] [WW/adminx449222] on [SOMVAT502676] started [P2V_rename_workgroup.ps1]
[2022-06-27 11:55:27] - [INFO] user=WW/adminx449222,script=P2V_rename_workgroup.ps1,tenant=P2V_DEMO,gid=55,T.PRMS.financials renamed to T.PRMS.financials.full,[DONE]
[2022-06-27 11:55:28] - [INFO] user=WW/adminx449222,script=P2V_rename_workgroup.ps1,tenant=P2V_DEMO,gid=73,T.ADJUST.economics renamed to T.ADJUST.economics.full,[DONE]
[2022-06-27 11:55:28] - [INFO] user=WW/adminx449222,script=P2V_rename_workgroup.ps1,tenant=P2V_DEMO,gid=79,T.ADJUST.admin renamed to T.ADJUST.admin.full,[DONE]
[2022-06-27 11:55:29] - [INFO] user=WW/adminx449222,script=P2V_rename_workgroup.ps1,tenant=P2V_DEMO,gid=52,T.PRMS.admin renamed to T.PRMS.admin.full,[DONE]
[2022-06-27 11:55:29] - [INFO] user=WW/adminx449222,script=P2V_rename_workgroup.ps1,tenant=P2V_DEMO,gid=58,T.PRMS.input renamed to T.PRMS.input.full,[DONE]
[2022-06-27 11:55:30] - [INFO] user=WW/adminx449222,script=P2V_rename_workgroup.ps1,tenant=P2V_DEMO,gid=278,T.PRMS.calc renamed to T.PRMS.calc.full,[DONE]
[2022-06-27 11:55:30] - [INFO] user=WW/adminx449222,script=P2V_rename_workgroup.ps1,tenant=P2V_DEMO,gid=81,T.ADJUST.financials renamed to T.ADJUST.financials.full,[DONE]
[2022-06-27 11:55:31] - [INFO] user=WW/adminx449222,script=P2V_rename_workgroup.ps1,tenant=P2V_DEMO,gid=275,T.PRMS.quicklook renamed to T.PRMS.quicklook.full,[DONE]
[2022-06-27 11:55:32] - [INFO] user=WW/adminx449222,script=P2V_rename_workgroup.ps1,tenant=P2V_DEMO,gid=49,T.PRMS.economics renamed to T.PRMS.economics.full,[DONE]
[2022-06-27 11:55:32] - [INFO] user=WW/adminx449222,script=P2V_rename_workgroup.ps1,tenant=P2V_DEMO,gid=76,T.ADJUST.ecoresults renamed to T.ADJUST.ecoresults.full,[DONE]
[2022-06-27 11:55:33] - [INFO] user=WW/adminx449222,script=P2V_rename_workgroup.ps1,tenant=P2V_DEMO,gid=70,T.PRMS.ecoresults renamed to T.PRMS.ecoresults.full,[DONE]
[2022-06-27 11:55:34] - [INFO] user=WW/adminx449222,script=P2V_rename_workgroup.ps1,tenant=P2V_DEMO,gid=83,T.ADJUST.input renamed to T.ADJUST.input.full,[DONE]
[2022-06-27 12:28:15] - [INFO] [WW/adminx449222] on [SOMVAT502676] started [P2V_update_WG_roles.ps1]
[2022-06-27 12:32:33] - [INFO] [WW/adminx449222] on [SOMVAT502676] started [P2V_update_WG_roles.ps1]
[2022-06-27 12:36:58] - [INFO] [WW/adminx449222] on [SOMVAT502676] started [P2V_update_WG_roles.ps1]
[2022-06-27 12:39:18] - [INFO] [WW/adminx449222] on [SOMVAT502676] started [P2V_update_WG_roles.ps1]
[2022-06-27 12:40:20] - [INFO] [WW/adminx449222] on [SOMVAT502676] started [P2V_update_WG_roles.ps1]
[2022-06-27 12:41:05] - [INFO] [WW/adminx449222] on [SOMVAT502676] started [P2V_update_WG_roles.ps1]
[2022-06-27 13:33:51] - [INFO] [WW/adminx449222] on [SOMVAT502676] started [P2V_update_WG_roles.ps1]
[2022-06-27 13:48:07] - [INFO] [WW/adminx449222] on [SOMVAT502676] started [P2V_update_WG_roles.ps1]
[2022-06-27 13:49:58] - [INFO] [WW/adminx449222] on [SOMVAT502676] started [P2V_update_WG_roles.ps1]
[2022-06-27 13:53:44] - [INFO] [WW/adminx449222] on [SOMVAT502676] started [P2V_update_WG_roles.ps1]
[2022-06-27 13:55:20] - [INFO] [WW/adminx449222] on [SOMVAT502676] started [P2V_update_WG_roles.ps1]
[2022-06-27 13:57:15] - [INFO] [WW/adminx449222] on [SOMVAT502676] started [P2V_update_WG_roles.ps1]
[2022-06-27 14:02:38] - [INFO] [WW/adminx449222] on [SOMVAT502676] started [P2V_update_WG_roles.ps1]
[2022-06-27 14:19:41] - [INFO] [WW/adminx449222] on [SOMVAT502676] started [P2V_update_WG_roles.ps1]
[2022-06-27 14:20:36] - [INFO] [WW/adminx449222] on [SOMVAT502676] started [P2V_update_WG_roles.ps1]
[2022-06-27 14:22:09] - [INFO] [WW/adminx449222] on [SOMVAT502676] started [P2V_update_WG_roles.ps1]
[2022-06-27 14:35:46] - [INFO] [WW/adminx449222] on [SOMVAT502676] started [P2V_update_WG_roles.ps1]
[2022-06-27 14:44:31] - [ERROR] user=WW/adminx449222,script=P2V_update_WG_roles.ps1,tenant=P2V_PRODTEST,uid=,gid=/allowedRoles/8,remove,[FAIL]
[2022-06-27 14:44:39] - [ERROR] user=WW/adminx449222,script=P2V_update_WG_roles.ps1,tenant=P2V_PRODTEST,uid=,gid=/allowedRoles/27 /allowedRoles/28,add add,[FAIL]
[2022-06-27 15:11:11] - [INFO] [WW/adminx449222] on [SOMVAT502676] started [P2V_update_WG_roles.ps1]
[2022-06-27 15:11:41] - [ERROR] workgroup=PetroVR,script=P2V_update_WG_roles.ps1,tenant=P2V_PRODTEST,gid=6,rid=/allowedRoles/8,remove,[FAIL]
[2022-06-27 15:13:13] - [INFO] [WW/adminx449222] on [SOMVAT502676] started [P2V_update_WG_roles.ps1]
[2022-06-27 15:14:13] - [ERROR] workgroup=PetroVR,script=P2V_update_WG_roles.ps1,tenant=P2V_PRODTEST,gid=6,rid=/allowedRoles/8,remove,[FAIL]
[2022-06-27 15:16:53] - [INFO] [WW/adminx449222] on [SOMVAT502676] started [P2V_update_WG_roles.ps1]
[2022-06-27 15:17:28] - [ERROR] workgroup=PetroVR,script=P2V_update_WG_roles.ps1,tenant=P2V_PRODTEST,gid=6,rid=/allowedRoles/8,remove,[FAIL]
[2022-06-27 15:17:35] - [ERROR] workgroup=,script=P2V_update_WG_roles.ps1,tenant=P2V_PRODTEST,gid=291,rid=/allowedRoles/27 /allowedRoles/28,add add,[FAIL]
[2022-06-27 15:17:58] - [INFO] [WW/adminx449222] on [SOMVAT502676] started [P2V_update_WG_roles.ps1]
[2022-06-27 15:18:28] - [ERROR] workgroup=PetroVR,script=P2V_update_WG_roles.ps1,tenant=P2V_PRODTEST,gid=6,rid=/allowedRoles/8,remove,[FAIL]
[2022-06-27 15:20:11] - [INFO] [WW/adminx449222] on [SOMVAT502676] started [P2V_update_WG_roles.ps1]
[2022-06-27 15:20:34] - [ERROR] workgroup=PetroVR,script=P2V_update_WG_roles.ps1,tenant=P2V_PRODTEST,gid=6,rid=/allowedRoles/8,remove,[FAIL]
[2022-06-27 15:29:04] - [ERROR] workgroup=,script=P2V_update_WG_roles.ps1,tenant=P2V_PRODTEST,gid=291,rid=/allowedRoles/27 /allowedRoles/28,add add,[FAIL]
[2022-06-27 15:29:40] - [INFO] [WW/adminx449222] on [SOMVAT502676] started [P2V_update_WG_roles.ps1]
[2022-06-27 15:30:00] - [INFO] workgroup=PetroVR,script=P2V_update_WG_roles.ps1,tenant=P2V_PRODTEST,gid=6,rid=/allowedRoles/8,remove,[DONE]
[2022-06-27 15:30:07] - [INFO] [WW/adminx449222] on [SOMVAT502676] started [P2V_update_WG_roles.ps1]
[2022-06-27 15:37:56] - [INFO] [WW/adminx449222] on [SOMVAT502676] started [P2V_rename_workgroup.ps1]
[2022-06-27 15:38:42] - [INFO] [WW/adminx449222] on [SOMVAT502676] started [P2V_rename_workgroup.ps1]
[2022-06-27 15:39:00] - [INFO] user=WW/adminx449222,script=P2V_rename_workgroup.ps1,tenant=P2V_DEMO,gid=292,T.ADJUST.calc renamed to T.ADJUST.calc.full,[DONE]
[2022-06-27 15:39:01] - [INFO] user=WW/adminx449222,script=P2V_rename_workgroup.ps1,tenant=P2V_DEMO,gid=304,T.ADJUST.overview renamed to T.ADJUST.overview.full,[DONE]
[2022-06-27 15:45:26] - [INFO] [WW/adminx449222] on [SOMVAT502676] started [P2V_rename_workgroup.ps1]
[2022-06-27 15:48:14] - [INFO] [WW/adminx449222] on [SOMVAT502676] started [P2V_rename_workgroup.ps1]
[2022-06-28 14:20:07] - [INFO] [WW/adminx449222] on [SOMVAT502676] started [P2V_rename_workgroup.ps1]
[2022-06-28 14:20:26] - [INFO] user=WW/adminx449222,script=P2V_rename_workgroup.ps1,tenant=P2V_PRODTEST,gid=233,bd.020.deny renamed to Z.BD.020.deny,[DONE]
[2022-06-28 14:20:26] - [INFO] user=WW/adminx449222,script=P2V_rename_workgroup.ps1,tenant=P2V_PRODTEST,gid=78,temp.adjust.ecoresults.deny renamed to T.ADJUST.ecoresults.deny,[DONE]
[2022-06-28 14:20:27] - [INFO] user=WW/adminx449222,script=P2V_rename_workgroup.ps1,tenant=P2V_PRODTEST,gid=150,data.Kurdistan.key renamed to data.Kurdistan.Planning,[DONE]
[2022-06-28 14:20:27] - [INFO] user=WW/adminx449222,script=P2V_rename_workgroup.ps1,tenant=P2V_PRODTEST,gid=168,profile.Finance.local renamed to A16.profile.Finance.Classic,[DONE]
[2022-06-28 14:20:28] - [INFO] user=WW/adminx449222,script=P2V_rename_workgroup.ps1,tenant=P2V_PRODTEST,gid=77,temp.adjust.ecoresults.readonly renamed to T.ADJUST.ecoresults.readonly,[DONE]
[2022-06-28 14:20:28] - [INFO] user=WW/adminx449222,script=P2V_rename_workgroup.ps1,tenant=P2V_PRODTEST,gid=196,bd.002.allow renamed to Z.BD.002.allow,[DONE]
[2022-06-28 14:20:29] - [INFO] user=WW/adminx449222,script=P2V_rename_workgroup.ps1,tenant=P2V_PRODTEST,gid=237,bd.014.deny renamed to Z.BD.014.deny,[DONE]
[2022-06-28 14:20:30] - [INFO] user=WW/adminx449222,script=P2V_rename_workgroup.ps1,tenant=P2V_PRODTEST,gid=117,profile.Student.local renamed to XXX.profile.Student.local.OLD,[DONE]
[2022-06-28 14:20:30] - [INFO] user=WW/adminx449222,script=P2V_rename_workgroup.ps1,tenant=P2V_PRODTEST,gid=271,profile.Portfolio.Light renamed to A06.profile.Light.Fin.Port,[DONE]
[2022-06-28 14:20:31] - [INFO] user=WW/adminx449222,script=P2V_rename_workgroup.ps1,tenant=P2V_PRODTEST,gid=248,bd.014.allow renamed to Z.BD.014.allow,[DONE]
[2022-06-28 14:20:31] - [INFO] user=WW/adminx449222,script=P2V_rename_workgroup.ps1,tenant=P2V_PRODTEST,gid=241,bd.016.deny renamed to Z.BD.016.deny,[DONE]
[2022-06-28 14:20:32] - [INFO] user=WW/adminx449222,script=P2V_rename_workgroup.ps1,tenant=P2V_PRODTEST,gid=226,bd.012.allow renamed to Z.BD.012.allow,[DONE]
[2022-06-28 14:20:33] - [INFO] user=WW/adminx449222,script=P2V_rename_workgroup.ps1,tenant=P2V_PRODTEST,gid=49,temp.economics renamed to T.PRMS.economics.full,[DONE]
[2022-06-28 14:20:33] - [INFO] user=WW/adminx449222,script=P2V_rename_workgroup.ps1,tenant=P2V_PRODTEST,gid=62,data.Tunisia.Key renamed to data.Tunisia.Planning,[DONE]
[2022-06-28 14:20:34] - [INFO] user=WW/adminx449222,script=P2V_rename_workgroup.ps1,tenant=P2V_PRODTEST,gid=239,bd.019.allow renamed to Z.BD.019.allow,[DONE]
[2022-06-28 14:20:35] - [INFO] user=WW/adminx449222,script=P2V_rename_workgroup.ps1,tenant=P2V_PRODTEST,gid=47,data.Russia.Key renamed to data.Russia.Planning,[DONE]
[2022-06-28 14:20:35] - [INFO] user=WW/adminx449222,script=P2V_rename_workgroup.ps1,tenant=P2V_PRODTEST,gid=71,temp.ecoresults.readonly renamed to T.PRMS.ecoresults.readonly,[DONE]
[2022-06-28 14:20:36] - [INFO] user=WW/adminx449222,script=P2V_rename_workgroup.ps1,tenant=P2V_PRODTEST,gid=139,profile.LightUser.local renamed to XXX.profile.LightUser.local,[DONE]
[2022-06-28 14:20:36] - [INFO] user=WW/adminx449222,script=P2V_rename_workgroup.ps1,tenant=P2V_PRODTEST,gid=73,temp.adjust.eco renamed to T.ADJUST.economics.full,[DONE]
[2022-06-28 14:20:37] - [INFO] user=WW/adminx449222,script=P2V_rename_workgroup.ps1,tenant=P2V_PRODTEST,gid=144,profile.Projectmanager renamed to A08.profile.Projectmanager.Classic,[DONE]
[2022-06-28 14:20:38] - [INFO] user=WW/adminx449222,script=P2V_rename_workgroup.ps1,tenant=P2V_PRODTEST,gid=202,bd.004.deny renamed to Z.BD.004.deny,[DONE]
[2022-06-28 14:20:38] - [INFO] user=WW/adminx449222,script=P2V_rename_workgroup.ps1,tenant=P2V_PRODTEST,gid=142,profile.Reserves.readonly renamed to A05.profile.Light.reserves,[DONE]
[2022-06-28 14:20:39] - [INFO] user=WW/adminx449222,script=P2V_rename_workgroup.ps1,tenant=P2V_PRODTEST,gid=147,profile.LightUser.Headoffice renamed to A04.profile.Light,[DONE]
[2022-06-28 14:20:40] - [INFO] user=WW/adminx449222,script=P2V_rename_workgroup.ps1,tenant=P2V_PRODTEST,gid=201,bd.005.allow renamed to Z.BD.005.allow,[DONE]
[2022-06-28 14:20:40] - [INFO] user=WW/adminx449222,script=P2V_rename_workgroup.ps1,tenant=P2V_PRODTEST,gid=113,profile.PetroVR renamed to A02.profile.PetroVR,[DONE]
[2022-06-28 14:20:41] - [INFO] user=WW/adminx449222,script=P2V_rename_workgroup.ps1,tenant=P2V_PRODTEST,gid=275,temp.quicklook renamed to T.PRMS.quicklook.full,[DONE]
[2022-06-28 14:20:41] - [INFO] user=WW/adminx449222,script=P2V_rename_workgroup.ps1,tenant=P2V_PRODTEST,gid=245,bd.015.allow renamed to Z.BD.015.allow,[DONE]
[2022-06-28 14:20:42] - [INFO] user=WW/adminx449222,script=P2V_rename_workgroup.ps1,tenant=P2V_PRODTEST,gid=278,temp.calc renamed to T.PRMS.calc.full,[DONE]
[2022-06-28 14:20:43] - [INFO] user=WW/adminx449222,script=P2V_rename_workgroup.ps1,tenant=P2V_PRODTEST,gid=126,data.Georgia.key renamed to data.Georgia.Planning,[DONE]
[2022-06-28 14:20:43] - [INFO] user=WW/adminx449222,script=P2V_rename_workgroup.ps1,tenant=P2V_PRODTEST,gid=125,profile.Resources.local renamed to XXX.profile.Resources.local,[DONE]
[2022-06-28 14:20:44] - [INFO] user=WW/adminx449222,script=P2V_rename_workgroup.ps1,tenant=P2V_PRODTEST,gid=102,bd.001.allow renamed to Z.BD.001.allow,[DONE]
[2022-06-28 14:20:45] - [INFO] user=WW/adminx449222,script=P2V_rename_workgroup.ps1,tenant=P2V_PRODTEST,gid=110,profile.Admin.Developer renamed to XXX.profile.Admin.Developer.OLD,[DONE]
[2022-06-28 14:20:45] - [INFO] user=WW/adminx449222,script=P2V_rename_workgroup.ps1,tenant=P2V_PRODTEST,gid=161,profile.Reserves.local.Approve renamed to XXX.profile.Reserves.local.Approve,[DONE]
[2022-06-28 14:20:46] - [INFO] user=WW/adminx449222,script=P2V_rename_workgroup.ps1,tenant=P2V_PRODTEST,gid=250,bd.010.allow renamed to Z.BD.010.allow,[DONE]
[2022-06-28 14:20:47] - [INFO] user=WW/adminx449222,script=P2V_rename_workgroup.ps1,tenant=P2V_PRODTEST,gid=76,temp.adjust.ecoresults renamed to T.ADJUST.ecoresults.full,[DONE]
[2022-06-28 14:20:47] - [INFO] user=WW/adminx449222,script=P2V_rename_workgroup.ps1,tenant=P2V_PRODTEST,gid=205,bd.006.deny renamed to Z.BD.006.deny,[DONE]
[2022-06-28 14:20:48] - [INFO] user=WW/adminx449222,script=P2V_rename_workgroup.ps1,tenant=P2V_PRODTEST,gid=229,bd.010.deny renamed to Z.BD.010.deny,[DONE]
[2022-06-28 14:20:49] - [INFO] user=WW/adminx449222,script=P2V_rename_workgroup.ps1,tenant=P2V_PRODTEST,gid=75,temp.adjust.eco.deny renamed to T.ADJUST.economics.deny,[DONE]
[2022-06-28 14:20:49] - [INFO] user=WW/adminx449222,script=P2V_rename_workgroup.ps1,tenant=P2V_PRODTEST,gid=50,temp.economics.readonly renamed to T.PRMS.economics.readonly,[DONE]
[2022-06-28 14:20:50] - [INFO] user=WW/adminx449222,script=P2V_rename_workgroup.ps1,tenant=P2V_PRODTEST,gid=60,temp.input.deny renamed to T.PRMS.input.deny,[DONE]
[2022-06-28 14:20:50] - [INFO] user=WW/adminx449222,script=P2V_rename_workgroup.ps1,tenant=P2V_PRODTEST,gid=119,profile.Economics.local renamed to A13.profile.Economics.Classic,[DONE]
[2022-06-28 14:20:51] - [INFO] user=WW/adminx449222,script=P2V_rename_workgroup.ps1,tenant=P2V_PRODTEST,gid=83,temp.adjust.input renamed to T.ADJUST.input.full,[DONE]
[2022-06-28 14:20:52] - [INFO] user=WW/adminx449222,script=P2V_rename_workgroup.ps1,tenant=P2V_PRODTEST,gid=242,bd.020.allow renamed to Z.BD.020.allow,[DONE]
[2022-06-28 14:20:52] - [INFO] user=WW/adminx449222,script=P2V_rename_workgroup.ps1,tenant=P2V_PRODTEST,gid=159,data.Malaysia.key renamed to data.Malaysia.Planning,[DONE]
[2022-06-28 14:20:53] - [INFO] user=WW/adminx449222,script=P2V_rename_workgroup.ps1,tenant=P2V_PRODTEST,gid=206,bd.007.allow renamed to Z.BD.007.allow,[DONE]
[2022-06-28 14:20:54] - [INFO] user=WW/adminx449222,script=P2V_rename_workgroup.ps1,tenant=P2V_PRODTEST,gid=51,temp.economics.deny renamed to T.PRMS.economics.deny,[DONE]
[2022-06-28 14:20:54] - [INFO] user=WW/adminx449222,script=P2V_rename_workgroup.ps1,tenant=P2V_PRODTEST,gid=199,bd.003.deny renamed to Z.BD.003.deny,[DONE]
[2022-06-28 14:20:55] - [INFO] user=WW/adminx449222,script=P2V_rename_workgroup.ps1,tenant=P2V_PRODTEST,gid=284,Input.Confirm.RO.PM renamed to Input.Confirm.PET,[DONE]
[2022-06-28 14:20:56] - [INFO] user=WW/adminx449222,script=P2V_rename_workgroup.ps1,tenant=P2V_PRODTEST,gid=163,profile.Economics.Headoffice renamed to A15.profile.Economics.Plus,[DONE]
[2022-06-28 14:20:56] - [INFO] user=WW/adminx449222,script=P2V_rename_workgroup.ps1,tenant=P2V_PRODTEST,gid=55,temp.financials renamed to T.PRMS.financials.full,[DONE]
[2022-06-28 14:20:57] - [INFO] user=WW/adminx449222,script=P2V_rename_workgroup.ps1,tenant=P2V_PRODTEST,gid=103,bd.001.deny renamed to Z.BD.001.deny,[DONE]
[2022-06-28 14:20:57] - [INFO] user=WW/adminx449222,script=P2V_rename_workgroup.ps1,tenant=P2V_PRODTEST,gid=85,temp.adjust.input.deny renamed to T.ADJUST.input.deny,[DONE]
[2022-06-28 14:20:58] - [INFO] user=WW/adminx449222,script=P2V_rename_workgroup.ps1,tenant=P2V_PRODTEST,gid=146,data.ArabEmirates.key renamed to data.ArabEmirates.Planning,[DONE]
[2022-06-28 14:20:58] - [INFO] user=WW/adminx449222,script=P2V_rename_workgroup.ps1,tenant=P2V_PRODTEST,gid=59,temp.input.readonly renamed to T.PRMS.input.readonly,[DONE]
[2022-06-28 14:20:59] - [INFO] user=WW/adminx449222,script=P2V_rename_workgroup.ps1,tenant=P2V_PRODTEST,gid=86,temp.adjust.admin.deny renamed to T.ADJUST.admin.deny,[DONE]
[2022-06-28 14:20:59] - [INFO] user=WW/adminx449222,script=P2V_rename_workgroup.ps1,tenant=P2V_PRODTEST,gid=54,temp.admin.deny renamed to T.PRMS.admin.deny,[DONE]
[2022-06-28 14:21:00] - [INFO] user=WW/adminx449222,script=P2V_rename_workgroup.ps1,tenant=P2V_PRODTEST,gid=207,bd.004.allow renamed to Z.BD.004.allow,[DONE]
[2022-06-28 14:21:01] - [INFO] user=WW/adminx449222,script=P2V_rename_workgroup.ps1,tenant=P2V_PRODTEST,gid=151,data.Yemen.key renamed to data.Yemen.Planning,[DONE]
[2022-06-28 14:21:01] - [INFO] user=WW/adminx449222,script=P2V_rename_workgroup.ps1,tenant=P2V_PRODTEST,gid=124,profile.Admin.Headoffice renamed to XXX.profile.Admin.Headoffice.OLD,[DONE]
[2022-06-28 14:21:02] - [INFO] user=WW/adminx449222,script=P2V_rename_workgroup.ps1,tenant=P2V_PRODTEST,gid=251,bd.015.deny renamed to Z.BD.015.deny,[DONE]
[2022-06-28 14:21:03] - [INFO] user=WW/adminx449222,script=P2V_rename_workgroup.ps1,tenant=P2V_PRODTEST,gid=132,profile.Reserves.local.QRE renamed to A20.profile.Reserves.local.QRE,[DONE]
[2022-06-28 14:21:03] - [INFO] user=WW/adminx449222,script=P2V_rename_workgroup.ps1,tenant=P2V_PRODTEST,gid=197,bd.002.deny renamed to Z.BD.002.deny,[DONE]
[2022-06-28 14:21:04] - [INFO] user=WW/adminx449222,script=P2V_rename_workgroup.ps1,tenant=P2V_PRODTEST,gid=231,bd.017.allow renamed to Z.BD.017.allow,[DONE]
[2022-06-28 14:21:05] - [INFO] user=WW/adminx449222,script=P2V_rename_workgroup.ps1,tenant=P2V_PRODTEST,gid=80,temp.adjust.admin.readonly renamed to T.ADJUST.admin.readonly,[DONE]
[2022-06-28 14:21:06] - [INFO] user=WW/adminx449222,script=P2V_rename_workgroup.ps1,tenant=P2V_PRODTEST,gid=79,temp.adjust.admin renamed to T.ADJUST.admin.full,[DONE]
[2022-06-28 14:21:06] - [INFO] user=WW/adminx449222,script=P2V_rename_workgroup.ps1,tenant=P2V_PRODTEST,gid=240,bd.019.deny renamed to Z.BD.019.deny,[DONE]
[2022-06-28 14:21:07] - [INFO] user=WW/adminx449222,script=P2V_rename_workgroup.ps1,tenant=P2V_PRODTEST,gid=118,profile.Reserves.Headoffice.Power renamed to A22.profile.Reserves.Headoffice.Power,[DONE]
[2022-06-28 14:21:07] - [INFO] user=WW/adminx449222,script=P2V_rename_workgroup.ps1,tenant=P2V_PRODTEST,gid=141,profile.Finance.Regimes renamed to A17.profile.Finance.Regimes,[DONE]
[2022-06-28 14:21:08] - [INFO] user=WW/adminx449222,script=P2V_rename_workgroup.ps1,tenant=P2V_PRODTEST,gid=171,profile.Finance.Headoffice renamed to A18.profile.Finance.Plus,[DONE]
[2022-06-28 14:21:08] - [INFO] user=WW/adminx449222,script=P2V_rename_workgroup.ps1,tenant=P2V_PRODTEST,gid=155,profile.PP.Headoffice renamed to A19.profile.Portfolio.Classic,[DONE]
[2022-06-28 14:21:09] - [INFO] user=WW/adminx449222,script=P2V_rename_workgroup.ps1,tenant=P2V_PRODTEST,gid=189,data.Sapura.Australia.key renamed to data.Sapura.Australia.Planning,[DONE]
[2022-06-28 14:21:09] - [INFO] user=WW/adminx449222,script=P2V_rename_workgroup.ps1,tenant=P2V_PRODTEST,gid=156,profile.Reserves.Headoffice.Approve renamed to A23.profile.Reserves.Headoffice.Approve,[DONE]
[2022-06-28 14:21:10] - [INFO] user=WW/adminx449222,script=P2V_rename_workgroup.ps1,tenant=P2V_PRODTEST,gid=228,bd.011.allow renamed to Z.BD.011.allow,[DONE]
[2022-06-28 14:21:11] - [INFO] user=WW/adminx449222,script=P2V_rename_workgroup.ps1,tenant=P2V_PRODTEST,gid=235,bd.013.deny renamed to Z.BD.013.deny,[DONE]
[2022-06-28 14:21:11] - [INFO] user=WW/adminx449222,script=P2V_rename_workgroup.ps1,tenant=P2V_PRODTEST,gid=249,bd.011.deny renamed to Z.BD.011.deny,[DONE]
[2022-06-28 14:21:12] - [INFO] user=WW/adminx449222,script=P2V_rename_workgroup.ps1,tenant=P2V_PRODTEST,gid=192,data.OMVEP.Key renamed to data.OMVEP.Planning,[DONE]
[2022-06-28 14:21:12] - [INFO] user=WW/adminx449222,script=P2V_rename_workgroup.ps1,tenant=P2V_PRODTEST,gid=72,temp.ecoresults.deny renamed to T.PRMS.ecoresults.deny,[DONE]
[2022-06-28 14:21:13] - [INFO] user=WW/adminx449222,script=P2V_rename_workgroup.ps1,tenant=P2V_PRODTEST,gid=137,data.Bulgaria.key renamed to data.Bulgaria.Planning,[DONE]
[2022-06-28 14:21:14] - [INFO] user=WW/adminx449222,script=P2V_rename_workgroup.ps1,tenant=P2V_PRODTEST,gid=70,temp.ecoresults renamed to T.PRMS.ecoresults.full,[DONE]
[2022-06-28 14:21:14] - [INFO] user=WW/adminx449222,script=P2V_rename_workgroup.ps1,tenant=P2V_PRODTEST,gid=234,bd.008.deny renamed to Z.BD.008.deny,[DONE]
[2022-06-28 14:21:15] - [INFO] user=WW/adminx449222,script=P2V_rename_workgroup.ps1,tenant=P2V_PRODTEST,gid=274,temp.calc.deny renamed to T.PRMS.calc.deny,[DONE]
[2022-06-28 14:21:16] - [INFO] user=WW/adminx449222,script=P2V_rename_workgroup.ps1,tenant=P2V_PRODTEST,gid=170,data.Romania.key renamed to data.Romania.Planning,[DONE]
[2022-06-28 14:21:16] - [INFO] user=WW/adminx449222,script=P2V_rename_workgroup.ps1,tenant=P2V_PRODTEST,gid=145,data.Mexico.key renamed to data.Mexico.Planning,[DONE]
[2022-06-28 14:21:17] - [INFO] user=WW/adminx449222,script=P2V_rename_workgroup.ps1,tenant=P2V_PRODTEST,gid=58,temp.input renamed to T.PRMS.input.full,[DONE]
[2022-06-28 14:21:18] - [INFO] user=WW/adminx449222,script=P2V_rename_workgroup.ps1,tenant=P2V_PRODTEST,gid=87,temp.adjust.fin.deny renamed to T.ADJUST.financials.deny,[DONE]
[2022-06-28 14:21:18] - [INFO] user=WW/adminx449222,script=P2V_rename_workgroup.ps1,tenant=P2V_PRODTEST,gid=53,temp.admin.readonly renamed to T.PRMS.admin.readonly,[DONE]
[2022-06-28 14:21:19] - [INFO] user=WW/adminx449222,script=P2V_rename_workgroup.ps1,tenant=P2V_PRODTEST,gid=88,data.Corporate.key renamed to data.Corporate.Planning,[DONE]
[2022-06-28 14:21:20] - [INFO] user=WW/adminx449222,script=P2V_rename_workgroup.ps1,tenant=P2V_PRODTEST,gid=181,data.Sapura.NewZealand.key renamed to data.Sapura.NewZealand.Planning,[DONE]
[2022-06-28 14:21:20] - [INFO] user=WW/adminx449222,script=P2V_rename_workgroup.ps1,tenant=P2V_PRODTEST,gid=56,temp.financials.readonly renamed to T.PRMS.financials.readonly,[DONE]
[2022-06-28 14:21:21] - [INFO] user=WW/adminx449222,script=P2V_rename_workgroup.ps1,tenant=P2V_PRODTEST,gid=64,data.Libya.key renamed to data.Libya.Planning,[DONE]
[2022-06-28 14:21:22] - [INFO] user=WW/adminx449222,script=P2V_rename_workgroup.ps1,tenant=P2V_PRODTEST,gid=153,data.NewZealand.key renamed to data.NewZealand.Planning,[DONE]
[2022-06-28 14:21:22] - [INFO] user=WW/adminx449222,script=P2V_rename_workgroup.ps1,tenant=P2V_PRODTEST,gid=277,temp.quicklook.deny renamed to T.PRMS.quicklook.deny,[DONE]
[2022-06-28 14:21:23] - [INFO] user=WW/adminx449222,script=P2V_rename_workgroup.ps1,tenant=P2V_PRODTEST,gid=230,bd.009.deny renamed to Z.BD.009.deny,[DONE]
[2022-06-28 14:21:24] - [INFO] user=WW/adminx449222,script=P2V_rename_workgroup.ps1,tenant=P2V_PRODTEST,gid=246,bd.016.allow renamed to Z.BD.016.allow,[DONE]
[2022-06-28 14:21:24] - [INFO] user=WW/adminx449222,script=P2V_rename_workgroup.ps1,tenant=P2V_PRODTEST,gid=204,bd.005.deny renamed to Z.BD.005.deny,[DONE]
[2022-06-28 14:21:25] - [INFO] user=WW/adminx449222,script=P2V_rename_workgroup.ps1,tenant=P2V_PRODTEST,gid=238,bd.013.allow renamed to Z.BD.013.allow,[DONE]
[2022-06-28 14:21:26] - [INFO] user=WW/adminx449222,script=P2V_rename_workgroup.ps1,tenant=P2V_PRODTEST,gid=227,bd.012.deny renamed to Z.BD.012.deny,[DONE]
[2022-06-28 14:21:26] - [INFO] user=WW/adminx449222,script=P2V_rename_workgroup.ps1,tenant=P2V_PRODTEST,gid=74,temp.adjust.eco.readonly renamed to T.ADJUST.economics.readonly,[DONE]
[2022-06-28 14:21:27] - [INFO] user=WW/adminx449222,script=P2V_rename_workgroup.ps1,tenant=P2V_PRODTEST,gid=243,bd.008.allow renamed to Z.BD.008.allow,[DONE]
[2022-06-28 14:21:28] - [INFO] user=WW/adminx449222,script=P2V_rename_workgroup.ps1,tenant=P2V_PRODTEST,gid=143,profile.PP.Headoffice.Power renamed to XXX.profile.PP.Headoffice.Power.OLD,[DONE]
[2022-06-28 14:21:28] - [INFO] user=WW/adminx449222,script=P2V_rename_workgroup.ps1,tenant=P2V_PRODTEST,gid=52,temp.admin renamed to T.PRMS.admin.full,[DONE]
[2022-06-28 14:21:29] - [INFO] user=WW/adminx449222,script=P2V_rename_workgroup.ps1,tenant=P2V_PRODTEST,gid=81,temp.adjust.fin renamed to T.ADJUST.financials.full,[DONE]
[2022-06-28 14:21:29] - [INFO] user=WW/adminx449222,script=P2V_rename_workgroup.ps1,tenant=P2V_PRODTEST,gid=157,profile.PP.local renamed to A10.profile.Planning.Classic,[DONE]
[2022-06-28 14:21:30] - [INFO] user=WW/adminx449222,script=P2V_rename_workgroup.ps1,tenant=P2V_PRODTEST,gid=82,temp.adjust.fin.readonly renamed to T.ADJUST.financials.readonly,[DONE]
[2022-06-28 14:21:31] - [INFO] user=WW/adminx449222,script=P2V_rename_workgroup.ps1,tenant=P2V_PRODTEST,gid=232,bd.018.deny renamed to Z.BD.018.deny,[DONE]
[2022-06-28 14:21:31] - [INFO] user=WW/adminx449222,script=P2V_rename_workgroup.ps1,tenant=P2V_PRODTEST,gid=45,data.Austria.Key renamed to data.Austria.Planning,[DONE]
[2022-06-28 14:21:32] - [INFO] user=WW/adminx449222,script=P2V_rename_workgroup.ps1,tenant=P2V_PRODTEST,gid=244,bd.018.allow renamed to Z.BD.018.allow,[DONE]
[2022-06-28 14:21:33] - [INFO] user=WW/adminx449222,script=P2V_rename_workgroup.ps1,tenant=P2V_PRODTEST,gid=135,profile.Resources.Headoffice renamed to A24.profile.Exploration.Assurance,[DONE]
[2022-06-28 14:21:33] - [INFO] user=WW/adminx449222,script=P2V_rename_workgroup.ps1,tenant=P2V_PRODTEST,gid=46,data.Norway.Key renamed to data.Norway.Planning,[DONE]
[2022-06-28 14:21:34] - [INFO] user=WW/adminx449222,script=P2V_rename_workgroup.ps1,tenant=P2V_PRODTEST,gid=57,temp.financials.deny renamed to T.PRMS.financials.deny,[DONE]
[2022-06-28 14:21:34] - [INFO] user=WW/adminx449222,script=P2V_rename_workgroup.ps1,tenant=P2V_PRODTEST,gid=272,profile.Portfolio.Power renamed to XXX.profile.Portfolio.Power.OLD,[DONE]
[2022-06-28 14:21:35] - [INFO] user=WW/adminx449222,script=P2V_rename_workgroup.ps1,tenant=P2V_PRODTEST,gid=203,bd.006.allow renamed to Z.BD.006.allow,[DONE]
[2022-06-28 14:21:35] - [INFO] user=WW/adminx449222,script=P2V_rename_workgroup.ps1,tenant=P2V_PRODTEST,gid=175,profile.Reserves.Headoffice renamed to A21.profile.Reserves.Headoffice,[DONE]
[2022-06-28 14:21:36] - [INFO] user=WW/adminx449222,script=P2V_rename_workgroup.ps1,tenant=P2V_PRODTEST,gid=247,bd.009.allow renamed to Z.BD.009.allow,[DONE]
[2022-06-28 14:21:37] - [INFO] user=WW/adminx449222,script=P2V_rename_workgroup.ps1,tenant=P2V_PRODTEST,gid=276,temp.quicklook.readonly renamed to T.PRMS.quicklook.readonly,[DONE]
[2022-06-28 14:21:38] - [INFO] user=WW/adminx449222,script=P2V_rename_workgroup.ps1,tenant=P2V_PRODTEST,gid=84,temp.adjust.input.readonly renamed to T.ADJUST.input.readonly,[DONE]
[2022-06-28 14:21:38] - [INFO] user=WW/adminx449222,script=P2V_rename_workgroup.ps1,tenant=P2V_PRODTEST,gid=279,temp.calc.readonly renamed to T.PRMS.calc.readonly,[DONE]
[2022-06-28 14:21:39] - [INFO] user=WW/adminx449222,script=P2V_rename_workgroup.ps1,tenant=P2V_PRODTEST,gid=200,bd.007.deny renamed to Z.BD.007.deny,[DONE]
[2022-06-28 14:21:39] - [INFO] user=WW/adminx449222,script=P2V_rename_workgroup.ps1,tenant=P2V_PRODTEST,gid=283,profile.Projectmanager.RO renamed to A07.profile.Projectmanager.PET,[DONE]
[2022-06-28 14:21:40] - [INFO] user=WW/adminx449222,script=P2V_rename_workgroup.ps1,tenant=P2V_PRODTEST,gid=162,data.Australia.key renamed to data.Australia.Planning,[DONE]
[2022-06-28 14:21:41] - [INFO] user=WW/adminx449222,script=P2V_rename_workgroup.ps1,tenant=P2V_PRODTEST,gid=236,bd.017.deny renamed to Z.BD.017.deny,[DONE]
[2022-06-28 14:21:41] - [INFO] user=WW/adminx449222,script=P2V_rename_workgroup.ps1,tenant=P2V_PRODTEST,gid=25,Portfolio renamed to Portfolio.base,[DONE]
[2022-06-28 14:21:42] - [INFO] user=WW/adminx449222,script=P2V_rename_workgroup.ps1,tenant=P2V_PRODTEST,gid=198,bd.003.allow renamed to Z.BD.003.allow,[DONE]
