[2024-02-22 09:38:57] - [INFO] [WW/adminx449222] started check_userprofile -xkey X450367
[2024-02-22 09:38:58] - [INFO] [WW/adminx449222] on [SOMVAT502676] started [check_userprofile]
[2024-02-22 09:43:31] - [INFO] [WW/adminx449222] started check_userprofile -xkey X449890
[2024-02-22 09:43:31] - [INFO] [WW/adminx449222] on [SOMVAT502676] started [check_userprofile]
[2024-02-22 11:12:51] - [INFO] [WW/adminx449222] started P2V_export_AD_users 
[2024-02-22 11:12:52] - [INFO] [WW/adminx449222] on [SOMVAT502676] started [P2V_export_AD_users]
[2024-02-22 11:12:52] - [INFO] [\\somvat202005\PPS_share\P2V_UM_data\sec 2.0P2V_SAMLusers_profiles_AUTO.csv] deleted
[2024-02-22 11:25:08] - [INFO] [WW/adminx449222] started P2V_check_data_access 
[2024-02-22 11:25:08] - [INFO] [WW/adminx449222] on [SOMVAT502676] started [P2V_check_data_access]
[2024-02-22 11:40:50] - [INFO] [WW/adminx449222] on [SOMVAT502676] started [P2V_super_sync-SEC2.ps1]
[2024-02-22 11:43:31] - [INFO] user=WW/adminx449222,script=P2V_super_sync-SEC2.ps1,tenant=P2V_TRAINING,uid=800/Jonathan.Church@omv.com,gid=/userworkgroups/10 /userworkgroups/54 /userworkgroups/274 /userworkgroups/334 /userworkgroups/82 /userworkgroups/85 /userworkgroups/50 /userworkgroups/276 /userworkgroups/432 /userworkgroups/58 /userworkgroups/72 /userworkgroups/57 /userworkgroups/75 /userworkgroups/77 /userworkgroups/346 /userworkgroups/48 /userworkgroups/86 /userworkgroups/144 /userworkgroups/25 /userworkgroups/37 /userworkgroups/20 /userworkgroups/353 /userworkgroups/131 /userworkgroups/376 /userworkgroups/381 /userworkgroups/344 /userworkgroups/395 /userworkgroups/394 /userworkgroups/391 /userworkgroups/385 /userworkgroups/389 /userworkgroups/313 /userworkgroups/329 /userworkgroups/320 /userworkgroups/349 /userworkgroups/339 /userworkgroups/321 /userworkgroups/297 /userworkgroups/316 /userworkgroups/328 /userworkgroups/501 /userworkgroups/492 /userworkgroups/500 /userworkgroups/491 /userworkgroups/462 /userworkgroups/444 /userworkgroups/450 /userworkgroups/493 /userworkgroups/387 /userworkgroups/490 /userworkgroups/388 /userworkgroups/380 /userworkgroups/480 /userworkgroups/494 /userworkgroups/486 /userworkgroups/478 /userworkgroups/233 /userworkgroups/103 /userworkgroups/237 /userworkgroups/251 /userworkgroups/227 /userworkgroups/235 /userworkgroups/232 /userworkgroups/240 /userworkgroups/241 /userworkgroups/236 /userworkgroups/249 /userworkgroups/202 /userworkgroups/204 /userworkgroups/197 /userworkgroups/199 /userworkgroups/230 /userworkgroups/229 /userworkgroups/205 /userworkgroups/200 /userworkgroups/234,add add add add add add add add add add add add add add add add add add add add add add add add add add add add add add add add add add add add add add add add add add add add add add add add add add add add add add add add add add add add add add add add add add add add add add add add add add add add,[DONE]
[2024-02-22 11:44:02] - [INFO] user=WW/adminx449222,script=P2V_super_sync-SEC2.ps1,tenant=P2V-PROD,uid=802/Jonathan.Church@omv.com,gid=/userworkgroups/10 /userworkgroups/54 /userworkgroups/274 /userworkgroups/334 /userworkgroups/82 /userworkgroups/85 /userworkgroups/50 /userworkgroups/276 /userworkgroups/432 /userworkgroups/58 /userworkgroups/72 /userworkgroups/57 /userworkgroups/75 /userworkgroups/77 /userworkgroups/346 /userworkgroups/48 /userworkgroups/86 /userworkgroups/144 /userworkgroups/25 /userworkgroups/37 /userworkgroups/20 /userworkgroups/353 /userworkgroups/131 /userworkgroups/376 /userworkgroups/381 /userworkgroups/344 /userworkgroups/395 /userworkgroups/394 /userworkgroups/391 /userworkgroups/385 /userworkgroups/389 /userworkgroups/313 /userworkgroups/329 /userworkgroups/320 /userworkgroups/349 /userworkgroups/339 /userworkgroups/321 /userworkgroups/297 /userworkgroups/316 /userworkgroups/328 /userworkgroups/501 /userworkgroups/492 /userworkgroups/500 /userworkgroups/491 /userworkgroups/462 /userworkgroups/444 /userworkgroups/450 /userworkgroups/493 /userworkgroups/387 /userworkgroups/490 /userworkgroups/388 /userworkgroups/380 /userworkgroups/480 /userworkgroups/494 /userworkgroups/486 /userworkgroups/478 /userworkgroups/233 /userworkgroups/103 /userworkgroups/237 /userworkgroups/251 /userworkgroups/227 /userworkgroups/235 /userworkgroups/232 /userworkgroups/240 /userworkgroups/241 /userworkgroups/236 /userworkgroups/249 /userworkgroups/202 /userworkgroups/204 /userworkgroups/197 /userworkgroups/199 /userworkgroups/230 /userworkgroups/229 /userworkgroups/205 /userworkgroups/200 /userworkgroups/234,add add add add add add add add add add add add add add add add add add add add add add add add add add add add add add add add add add add add add add add add add add add add add add add add add add add add add add add add add add add add add add add add add add add add add add add add add add add add,[DONE]
[2024-02-22 11:44:17] - [INFO] [WW/adminx449222] started P2V_sync_user -xkey X450367
[2024-02-22 11:44:26] - [INFO] loading userlist from tenant P2V-PROD
[2024-02-22 11:45:32] - [INFO] loading userlist from tenant P2V_PRODTEST
[2024-02-22 11:46:03] - [INFO] loading userlist from tenant P2V_TRAINING
[2024-02-22 13:31:51] - [INFO] [WW/adminx449222] on [SOMVAT502676] started [P2V_super_sync-SEC2.ps1]
[2024-02-22 13:33:44] - [INFO] [WW/adminx449222] started check_userprofile -xkey HEGE1
[2024-02-22 13:33:44] - [INFO] [WW/adminx449222] on [SOMVAT502676] started [check_userprofile]
[2024-02-22 13:42:03] - [INFO] user=WW/adminx449222,script=P2V_super_sync-SEC2.ps1,tenant=P2V_TEST,uid=794/Hege.Stensland@omv.com,gid=/userworkgroups/10 /userworkgroups/54 /userworkgroups/274 /userworkgroups/334 /userworkgroups/82 /userworkgroups/85 /userworkgroups/50 /userworkgroups/276 /userworkgroups/432 /userworkgroups/58 /userworkgroups/72 /userworkgroups/57 /userworkgroups/75 /userworkgroups/77 /userworkgroups/346 /userworkgroups/48 /userworkgroups/86 /userworkgroups/144 /userworkgroups/25 /userworkgroups/37 /userworkgroups/20 /userworkgroups/353 /userworkgroups/131 /userworkgroups/376 /userworkgroups/381 /userworkgroups/344 /userworkgroups/395 /userworkgroups/394 /userworkgroups/391 /userworkgroups/385 /userworkgroups/389 /userworkgroups/313 /userworkgroups/329 /userworkgroups/320 /userworkgroups/349 /userworkgroups/339 /userworkgroups/321 /userworkgroups/297 /userworkgroups/316 /userworkgroups/328 /userworkgroups/501 /userworkgroups/492 /userworkgroups/500 /userworkgroups/491 /userworkgroups/462 /userworkgroups/444 /userworkgroups/450 /userworkgroups/493 /userworkgroups/387 /userworkgroups/490 /userworkgroups/388 /userworkgroups/380 /userworkgroups/480 /userworkgroups/494 /userworkgroups/486 /userworkgroups/478 /userworkgroups/233 /userworkgroups/103 /userworkgroups/237 /userworkgroups/251 /userworkgroups/227 /userworkgroups/235 /userworkgroups/232 /userworkgroups/240 /userworkgroups/241 /userworkgroups/236 /userworkgroups/249 /userworkgroups/202 /userworkgroups/204 /userworkgroups/197 /userworkgroups/199 /userworkgroups/230 /userworkgroups/229 /userworkgroups/205 /userworkgroups/200 /userworkgroups/234,add add add add add add add add add add add add add add add add add add add add add add add add add add add add add add add add add add add add add add add add add add add add add add add add add add add add add add add add add add add add add add add add add add add add add add add add add add add add,[DONE]
[2024-02-22 13:45:27] - [INFO] [WW/adminx449222] on [SOMVAT502676] started [P2V_super_sync-SEC2.ps1]
[2024-02-22 13:52:51] - [INFO] user=WW/adminx449222,script=P2V_super_sync-SEC2.ps1,tenant=P2V-PROD,uid=789/Tahir.Tahirov@omv.com,gid=/userworkgroups/104 /userworkgroups/134 /userworkgroups/167 /userworkgroups/9 /userworkgroups/90 /userworkgroups/164 /userworkgroups/116 /userworkgroups/149 /userworkgroups/152 /userworkgroups/138 /userworkgroups/140 /userworkgroups/123 /userworkgroups/111 /userworkgroups/61 /userworkgroups/93 /userworkgroups/243 /userworkgroups/355 /userworkgroups/317 /userworkgroups/8 /userworkgroups/349 /userworkgroups/339 /userworkgroups/95 /userworkgroups/234,remove remove remove remove remove remove remove remove remove remove remove remove remove remove remove remove remove remove add add add add add,[DONE]
[2024-02-22 13:52:58] - [INFO] user=WW/adminx449222,script=P2V_super_sync-SEC2.ps1,tenant=P2V-PROD,uid=788/Nico.Wannenmacher@omv.com,gid=/userworkgroups/134 /userworkgroups/167 /userworkgroups/9 /userworkgroups/90 /userworkgroups/164 /userworkgroups/116 /userworkgroups/149 /userworkgroups/152 /userworkgroups/138 /userworkgroups/140 /userworkgroups/123 /userworkgroups/111 /userworkgroups/61 /userworkgroups/93 /userworkgroups/243 /userworkgroups/355 /userworkgroups/317 /userworkgroups/8 /userworkgroups/349 /userworkgroups/339 /userworkgroups/95 /userworkgroups/234,remove remove remove remove remove remove remove remove remove remove remove remove remove remove remove remove remove add add add add add,[DONE]
[2024-02-22 13:54:05] - [INFO] [WW/adminx449222] started P2V_calculate_groups_bd 
[2024-02-22 13:54:06] - [INFO] [WW/adminx449222] on [SOMVAT502676] started [P2V_calculate_groups_bd]
[2024-02-22 13:55:55] - [INFO] loading userlist from tenant P2V-PROD
[2024-02-22 13:57:45] - [INFO] [WW/adminx449222] started P2V_calculate_groups_bd 
[2024-02-22 13:57:45] - [INFO] [WW/adminx449222] on [SOMVAT502676] started [P2V_calculate_groups_bd]
[2024-02-22 14:07:17] - [INFO] loading userlist from tenant P2V_TRAINING
[2024-02-22 14:18:48] - [INFO] [WW/adminx449222] started P2V_sync_user -xkey HEGE1
[2024-02-22 14:18:59] - [INFO] loading userlist from tenant P2V_PRODTEST
[2024-02-22 14:19:07] - [INFO] loading userlist from tenant P2V-PROD
[2024-02-22 14:19:34] - [INFO] loading userlist from tenant P2V_BENCHMARK
[2024-02-22 14:19:42] - [INFO] loading userlist from tenant P2V_DEMO
[2024-02-22 14:19:50] - [INFO] loading userlist from tenant P2V_TEST
[2024-02-22 14:20:05] - [INFO] loading userlist from tenant P2V_UPDATE
[2024-02-22 14:20:13] - [INFO] loading userlist from tenant P2V_TRAINING
[2024-02-22 14:29:27] - [INFO] [WW/adminx449222] started P2V_sync_user -xkey TAHIR3
[2024-02-22 14:29:33] - [INFO] loading userlist from tenant P2V_PRODTEST
[2024-02-22 14:29:47] - [INFO] loading userlist from tenant P2V-PROD
[2024-02-22 14:30:01] - [INFO] loading userlist from tenant P2V_BENCHMARK
[2024-02-22 14:30:25] - [INFO] loading userlist from tenant P2V_DEMO
[2024-02-22 14:30:41] - [INFO] loading userlist from tenant P2V_TEST
[2024-02-22 14:30:49] - [INFO] loading userlist from tenant P2V_UPDATE
[2024-02-22 14:31:05] - [INFO] loading userlist from tenant P2V_TRAINING
[2024-02-22 15:16:19] - [INFO] [WW/adminx449222] started P2V_sync_user -xkey NICO23
[2024-02-22 15:16:25] - [INFO] loading userlist from tenant P2V_PRODTEST
[2024-02-22 15:16:42] - [INFO] loading userlist from tenant P2V-PROD
[2024-02-22 15:16:58] - [INFO] loading userlist from tenant P2V_BENCHMARK
[2024-02-22 15:17:12] - [INFO] loading userlist from tenant P2V_DEMO
[2024-02-22 15:17:27] - [INFO] loading userlist from tenant P2V_TEST
[2024-02-22 15:17:35] - [INFO] loading userlist from tenant P2V_UPDATE
[2024-02-22 15:17:46] - [INFO] loading userlist from tenant P2V_TRAINING
[2024-02-22 15:26:40] - [INFO] [WW/adminx449222] started P2V_calculate_groups_bd 
[2024-02-22 15:26:40] - [INFO] [WW/adminx449222] on [SOMVAT502676] started [P2V_calculate_groups_bd]
[2024-02-22 15:29:56] - [INFO] loading userlist from tenant P2V_PRODTEST
[2024-02-22 15:30:37] - [INFO] loading userlist from tenant P2V_TEST
[2024-02-22 15:32:11] - [INFO] [WW/adminx449222] started P2V_calculate_groups_bd 
[2024-02-22 15:32:11] - [INFO] [WW/adminx449222] on [SOMVAT502676] started [P2V_calculate_groups_bd]
[2024-02-22 15:34:38] - [INFO] loading userlist from tenant P2V_BENCHMARK
[2024-02-22 15:35:27] - [INFO] loading userlist from tenant P2V_DEMO
[2024-02-22 15:36:00] - [INFO] loading userlist from tenant P2V_UPDATE
[2024-02-22 15:36:32] - [INFO] loading userlist from tenant P2V_TRAINING
[2024-02-22 15:37:19] - [INFO] [WW/adminx449222] started P2V_super_sync -xkey NICO23 
[2024-02-22 15:37:20] - [INFO] [WW/adminx449222] on [SOMVAT502676] started [P2V_super_sync]
[2024-02-22 15:46:08] - [INFO] loading userlist from tenant P2V_TEST
[2024-02-22 15:47:04] - [INFO] [WW/adminx449222] started P2V_super_sync -xkey NICO23 
[2024-02-22 15:47:04] - [INFO] [WW/adminx449222] on [SOMVAT502676] started [P2V_super_sync]
[2024-02-22 15:47:54] - [INFO] loading userlist from tenant P2V_TRAINING
[2024-02-22 15:48:57] - [INFO] [WW/adminx449222] started P2V_calculate_groups_bd 
[2024-02-22 15:48:57] - [INFO] [WW/adminx449222] on [SOMVAT502676] started [P2V_calculate_groups_bd]
[2024-02-22 15:55:39] - [INFO] [WW/adminx449222] started check_P2V_user -xkey NICO23
[2024-02-22 15:55:39] - [INFO] [WW/adminx449222] on [SOMVAT502676] started [check_P2V_user]
[2024-02-22 15:55:44] - [INFO] loading userlist from tenant P2V-PROD
[2024-02-22 15:55:59] - [INFO] [WW/adminx449222] started P2V_calculate_groups_bd 
[2024-02-22 15:56:00] - [INFO] [WW/adminx449222] on [SOMVAT502676] started [P2V_calculate_groups_bd]
