[2023-11-13 13:42:37] - [INFO] [WW/adminx449222] started P2V_sync_user -xkey SANDRA18
[2023-11-13 14:22:29] - [INFO] [WW/adminx449222] started P2V_sync_user -xkey SANDRA18
[2023-11-13 14:36:50] - [INFO] [WW/adminx449222] started P2V_sync_user -xkey FLORIAN109
[2023-11-13 14:42:26] - [INFO] [WW/adminx449222] started P2V_sync_user -xkey LEONARDO1
[2023-11-13 14:44:07] - [INFO] [WW/adminx449222] started P2V_sync_user -xkey LEONARDO1
[2023-11-13 14:51:10] - [INFO] [WW/adminx449222] started P2V_sync_user -xkey LEONARDO1
[2023-11-13 14:59:29] - [INFO] [WW/adminx449222] started P2V_sync_user -xkey LEONARDO1
[2023-11-13 15:04:11] - [INFO] [WW/adminx449222] started P2V_sync_user -xkey LEONARDO1
[2023-11-13 15:06:31] - [INFO] [WW/adminx449222] started P2V_sync_user -xkey SANDRA18
[2023-11-13 15:28:12] - [INFO] [WW/adminx449222] started P2V_sync_user -xkey LEONARDO1
[2023-11-13 15:32:18] - [INFO] [WW/adminx449222] started P2V_sync_user -xkey SANDRA18
[2023-11-13 15:35:05] - [INFO] [WW/adminx449222] started P2V_sync_user -xkey LEONARDO1
[2023-11-13 15:42:18] - [INFO] [WW/adminx449222] started P2V_sync_user -xkey SANDRA18
[2023-11-13 15:46:06] - [INFO] [WW/adminx449222] started P2V_sync_user -xkey X451671
[2023-11-13 15:55:50] - [INFO] [WW/adminx449222] started P2V_sync_user -xkey FLORIAN109
[2023-11-13 16:05:26] - [INFO] [WW/adminx449222] started P2V_sync_user -xkey X451671
[2023-11-13 16:21:57] - [INFO] [WW/adminx449222] started P2V_sync_user -xkey X451671
[2023-11-13 16:45:48] - [INFO] [WW/adminx449222] started P2V_sync_user -xkey X451671
[2023-11-13 16:48:27] - [INFO] [WW/adminx449222] started P2V_sync_user -xkey X449222
[2023-11-13 16:52:23] - [INFO] [WW/adminx449222] started P2V_sync_user -xkey MARCO9
