[2023-04-25 08:37:55] - [INFO] [WW/adminx449222] on [SOMVAT502676] started [check_userprofile]
[2023-04-25 08:38:18] - [INFO] [WW/adminx449222] on [SOMVAT502676] started [P2V_super_sync]
[2023-04-25 08:40:04] - [INFO] [WW/adminx449222] on [SOMVAT502676] started [check_P2V_user]
[2023-04-25 08:40:40] - [INFO] [WW/adminx449222] on [SOMVAT502676] started [check_userprofile]
[2023-04-25 08:40:48] - [INFO] [WW/adminx449222] on [SOMVAT502676] started [P2V_super_sync]
[2023-04-25 16:13:00] - [INFO] [WW/adminx449222] on [SOMVAT502676] started [P2V_export_AD_users]
[2023-04-25 16:13:00] - [INFO] [\\somvat202005\PPS_share\P2V_UM_data\output\dashboard\All_AD_users.csv] deleted
[2023-04-25 17:43:44] - [INFO] [WW/adminx449222] on [SOMVAT502676] started [P2V_export_AD_users]
[2023-04-25 17:43:44] - [INFO] [\\somvat202005\PPS_share\P2V_UM_data\output\\Myusers.csv] deleted
[2023-04-25 17:43:44] - [INFO] [\\somvat202005\PPS_share\P2V_UM_data\output\dashboard\All_AD_users.csv] deleted
[2023-04-25 17:57:58] - [INFO] [WW/adminx449222] on [SOMVAT502676] started [P2V_export_AD_users]
[2023-04-25 17:57:58] - [INFO] [\\somvat202005\PPS_share\P2V_UM_data\output\\Myusers.csv] deleted
[2023-04-25 17:57:58] - [INFO] [\\somvat202005\PPS_share\P2V_UM_data\output\dashboard\All_AD_users.csv] deleted
[2023-04-25 17:59:06] - [INFO] [WW/adminx449222] on [SOMVAT502676] started [P2V_export_AD_users]
[2023-04-25 17:59:06] - [INFO] [\\somvat202005\PPS_share\P2V_UM_data\output\\Myusers.csv] deleted
[2023-04-25 17:59:06] - [INFO] [\\somvat202005\PPS_share\P2V_UM_data\output\dashboard\All_AD_users.csv] deleted
[2023-04-25 19:01:22] - [INFO] [WW/adminx449222] on [SOMVAT502676] started [P2V_super_sync]
[2023-04-28 09:03:16] - [INFO] [WW/adminx449222] on [SOMVAT502676] started [P2V_super_sync-SEC2.ps1]
[2023-04-28 09:05:11] - [INFO] user=WW/adminx449222,script=P2V_super_sync-SEC2.ps1,tenant=P2V-PROD,uid=91/Darijo.Tomasevic@omv.com,gid=/userworkgroups/334 /userworkgroups/54 /userworkgroups/82 /userworkgroups/85 /userworkgroups/274 /userworkgroups/59 /userworkgroups/276 /userworkgroups/57 /userworkgroups/50 /userworkgroups/72 /userworkgroups/20 /userworkgroups/37 /userworkgroups/346 /userworkgroups/80 /userworkgroups/48 /userworkgroups/75 /userworkgroups/77 /userworkgroups/298 /userworkgroups/353 /userworkgroups/8 /userworkgroups/376 /userworkgroups/381 /userworkgroups/385 /userworkgroups/313 /userworkgroups/344 /userworkgroups/395 /userworkgroups/389 /userworkgroups/380 /userworkgroups/387 /userworkgroups/394 /userworkgroups/391 /userworkgroups/388 /userworkgroups/297 /userworkgroups/328 /userworkgroups/321 /userworkgroups/329,add add add add add add add add add add add add add add add add add add add add add add add add add add add add add add add add add add add add,[DONE]
[2023-04-28 09:05:27] - [INFO] user=WW/adminx449222,script=P2V_super_sync-SEC2.ps1,tenant=P2V_BENCHMARK,uid=91/Darijo.Tomasevic@omv.com,gid=/userworkgroups/334 /userworkgroups/54 /userworkgroups/82 /userworkgroups/85 /userworkgroups/274 /userworkgroups/59 /userworkgroups/276 /userworkgroups/57 /userworkgroups/50 /userworkgroups/72 /userworkgroups/20 /userworkgroups/37 /userworkgroups/346 /userworkgroups/80 /userworkgroups/48 /userworkgroups/75 /userworkgroups/77 /userworkgroups/298 /userworkgroups/353 /userworkgroups/8 /userworkgroups/375 /userworkgroups/380 /userworkgroups/384 /userworkgroups/313 /userworkgroups/344 /userworkgroups/394 /userworkgroups/388 /userworkgroups/379 /userworkgroups/386 /userworkgroups/393 /userworkgroups/390 /userworkgroups/387 /userworkgroups/297 /userworkgroups/328 /userworkgroups/321 /userworkgroups/329,add add add add add add add add add add add add add add add add add add add add add add add add add add add add add add add add add add add add,[DONE]
[2023-04-28 09:07:28] - [INFO] user=WW/adminx449222,script=P2V_super_sync-SEC2.ps1,tenant=P2V_TRAINING,uid=91/Darijo.Tomasevic@omv.com,gid=/userworkgroups/334 /userworkgroups/54 /userworkgroups/82 /userworkgroups/85 /userworkgroups/274 /userworkgroups/59 /userworkgroups/276 /userworkgroups/57 /userworkgroups/50 /userworkgroups/72 /userworkgroups/20 /userworkgroups/37 /userworkgroups/346 /userworkgroups/80 /userworkgroups/48 /userworkgroups/75 /userworkgroups/77 /userworkgroups/298 /userworkgroups/353 /userworkgroups/8 /userworkgroups/374 /userworkgroups/379 /userworkgroups/383 /userworkgroups/313 /userworkgroups/344 /userworkgroups/393 /userworkgroups/387 /userworkgroups/378 /userworkgroups/385 /userworkgroups/392 /userworkgroups/389 /userworkgroups/386 /userworkgroups/297 /userworkgroups/328 /userworkgroups/321 /userworkgroups/329,add add add add add add add add add add add add add add add add add add add add add add add add add add add add add add add add add add add add,[DONE]
