[2023-04-24 08:19:50] - [INFO] [WW/adminx449222] on [SOMVAT502676] started [P2V_super_sync]
[2023-04-24 08:21:18] - [INFO] [WW/adminx449222] on [SOMVAT502676] started [P2V_super_sync]
[2023-04-24 08:22:10] - [INFO] [WW/adminx449222] on [SOMVAT502676] started [P2V_super_sync-SEC2.ps1]
[2023-04-24 08:23:41] - [ERROR] user=WW/adminx449222,script=P2V_super_sync-SEC2.ps1,tenant=P2V-PROD,uid=717/Larisa.Wagner@omv.com,gid=/userworkgroups/376 /userworkgroups/381 /userworkgroups/385 /userworkgroups/313 /userworkgroups/344 /userworkgroups/395 /userworkgroups/389 /userworkgroups/380 /userworkgroups/387 /userworkgroups/394 /userworkgroups/391 /userworkgroups/388 /userworkgroups/297 /userworkgroups/328 /userworkgroups/321 /userworkgroups/329 /userworkgroups/,add add add add add add add add add add add add add add add add add,[FAIL]
[2023-04-24 08:23:49] - [ERROR] user=WW/adminx449222,script=P2V_super_sync-SEC2.ps1,tenant=P2V-PROD,uid=685/Ante.Borovina@omv.com,gid=/userworkgroups/376 /userworkgroups/381 /userworkgroups/385 /userworkgroups/313 /userworkgroups/344 /userworkgroups/395 /userworkgroups/389 /userworkgroups/380 /userworkgroups/387 /userworkgroups/394 /userworkgroups/391 /userworkgroups/388 /userworkgroups/297 /userworkgroups/328 /userworkgroups/321 /userworkgroups/329 /userworkgroups/,add add add add add add add add add add add add add add add add add,[FAIL]
[2023-04-24 08:24:01] - [ERROR] user=WW/adminx449222,script=P2V_super_sync-SEC2.ps1,tenant=P2V_TRAINING,uid=715/Larisa.Wagner@omv.com,gid=/userworkgroups/374 /userworkgroups/379 /userworkgroups/383 /userworkgroups/313 /userworkgroups/344 /userworkgroups/393 /userworkgroups/387 /userworkgroups/378 /userworkgroups/385 /userworkgroups/392 /userworkgroups/389 /userworkgroups/386 /userworkgroups/297 /userworkgroups/328 /userworkgroups/321 /userworkgroups/329 /userworkgroups/,add add add add add add add add add add add add add add add add add,[FAIL]
[2023-04-24 08:24:02] - [ERROR] user=WW/adminx449222,script=P2V_super_sync-SEC2.ps1,tenant=P2V_TRAINING,uid=685/Ante.Borovina@omv.com,gid=/userworkgroups/374 /userworkgroups/379 /userworkgroups/383 /userworkgroups/313 /userworkgroups/344 /userworkgroups/393 /userworkgroups/387 /userworkgroups/378 /userworkgroups/385 /userworkgroups/392 /userworkgroups/389 /userworkgroups/386 /userworkgroups/297 /userworkgroups/328 /userworkgroups/321 /userworkgroups/329 /userworkgroups/,add add add add add add add add add add add add add add add add add,[FAIL]
[2023-04-24 08:30:03] - [INFO] [WW/adminx449222] on [SOMVAT502676] started [check_P2V_user]
[2023-04-24 08:36:50] - [INFO] [WW/adminx449222] on [SOMVAT502676] started [P2V_super_sync-SEC2.ps1]
[2023-04-24 08:38:06] - [ERROR] user=WW/adminx449222,script=P2V_super_sync-SEC2.ps1,tenant=P2V-PROD,uid=685/Ante.Borovina@omv.com,gid=/userworkgroups/376 /userworkgroups/381 /userworkgroups/385 /userworkgroups/313 /userworkgroups/344 /userworkgroups/395 /userworkgroups/389 /userworkgroups/380 /userworkgroups/387 /userworkgroups/394 /userworkgroups/391 /userworkgroups/388 /userworkgroups/297 /userworkgroups/328 /userworkgroups/321 /userworkgroups/329 /userworkgroups/,add add add add add add add add add add add add add add add add add,[FAIL]
[2023-04-24 08:38:09] - [ERROR] user=WW/adminx449222,script=P2V_super_sync-SEC2.ps1,tenant=P2V-PROD,uid=717/Larisa.Wagner@omv.com,gid=/userworkgroups/376 /userworkgroups/381 /userworkgroups/385 /userworkgroups/313 /userworkgroups/344 /userworkgroups/395 /userworkgroups/389 /userworkgroups/380 /userworkgroups/387 /userworkgroups/394 /userworkgroups/391 /userworkgroups/388 /userworkgroups/297 /userworkgroups/328 /userworkgroups/321 /userworkgroups/329 /userworkgroups/,add add add add add add add add add add add add add add add add add,[FAIL]
[2023-04-24 08:49:58] - [ERROR] user=WW/adminx449222,script=P2V_super_sync-SEC2.ps1,tenant=P2V_TRAINING,uid=685/Ante.Borovina@omv.com,gid=/userworkgroups/374 /userworkgroups/379 /userworkgroups/383 /userworkgroups/313 /userworkgroups/344 /userworkgroups/393 /userworkgroups/387 /userworkgroups/378 /userworkgroups/385 /userworkgroups/392 /userworkgroups/389 /userworkgroups/386 /userworkgroups/297 /userworkgroups/328 /userworkgroups/321 /userworkgroups/329 /userworkgroups/,add add add add add add add add add add add add add add add add add,[FAIL]
[2023-04-24 08:50:02] - [ERROR] user=WW/adminx449222,script=P2V_super_sync-SEC2.ps1,tenant=P2V_TRAINING,uid=715/Larisa.Wagner@omv.com,gid=/userworkgroups/374 /userworkgroups/379 /userworkgroups/383 /userworkgroups/313 /userworkgroups/344 /userworkgroups/393 /userworkgroups/387 /userworkgroups/378 /userworkgroups/385 /userworkgroups/392 /userworkgroups/389 /userworkgroups/386 /userworkgroups/297 /userworkgroups/328 /userworkgroups/321 /userworkgroups/329 /userworkgroups/,add add add add add add add add add add add add add add add add add,[FAIL]
[2023-04-24 08:52:37] - [INFO] directory  created
[2023-04-24 08:52:37] - [INFO] [WW/adminx449222] on [SOMVAT502676] started [P2V_super_sync-SEC2_1.ps1]
[2023-04-24 08:54:42] - [ERROR] user=WW/adminx449222,script=P2V_super_sync-SEC2_1.ps1,tenant=P2V_TRAINING,uid=685/Ante.Borovina@omv.com,gid=/userworkgroups/374 /userworkgroups/379 /userworkgroups/383 /userworkgroups/313 /userworkgroups/344 /userworkgroups/393 /userworkgroups/387 /userworkgroups/378 /userworkgroups/385 /userworkgroups/392 /userworkgroups/389 /userworkgroups/386 /userworkgroups/297 /userworkgroups/328 /userworkgroups/321 /userworkgroups/329 /userworkgroups/,add add add add add add add add add add add add add add add add add,[FAIL]
[2023-04-24 08:54:45] - [ERROR] user=WW/adminx449222,script=P2V_super_sync-SEC2_1.ps1,tenant=P2V_TRAINING,uid=715/Larisa.Wagner@omv.com,gid=/userworkgroups/374 /userworkgroups/379 /userworkgroups/383 /userworkgroups/313 /userworkgroups/344 /userworkgroups/393 /userworkgroups/387 /userworkgroups/378 /userworkgroups/385 /userworkgroups/392 /userworkgroups/389 /userworkgroups/386 /userworkgroups/297 /userworkgroups/328 /userworkgroups/321 /userworkgroups/329 /userworkgroups/,add add add add add add add add add add add add add add add add add,[FAIL]
[2023-04-24 08:54:59] - [ERROR] user=WW/adminx449222,script=P2V_super_sync-SEC2_1.ps1,tenant=P2V-PROD,uid=685/Ante.Borovina@omv.com,gid=/userworkgroups/376 /userworkgroups/381 /userworkgroups/385 /userworkgroups/313 /userworkgroups/344 /userworkgroups/395 /userworkgroups/389 /userworkgroups/380 /userworkgroups/387 /userworkgroups/394 /userworkgroups/391 /userworkgroups/388 /userworkgroups/297 /userworkgroups/328 /userworkgroups/321 /userworkgroups/329 /userworkgroups/,add add add add add add add add add add add add add add add add add,[FAIL]
[2023-04-24 08:55:02] - [ERROR] user=WW/adminx449222,script=P2V_super_sync-SEC2_1.ps1,tenant=P2V-PROD,uid=717/Larisa.Wagner@omv.com,gid=/userworkgroups/376 /userworkgroups/381 /userworkgroups/385 /userworkgroups/313 /userworkgroups/344 /userworkgroups/395 /userworkgroups/389 /userworkgroups/380 /userworkgroups/387 /userworkgroups/394 /userworkgroups/391 /userworkgroups/388 /userworkgroups/297 /userworkgroups/328 /userworkgroups/321 /userworkgroups/329 /userworkgroups/,add add add add add add add add add add add add add add add add add,[FAIL]
[2023-04-24 08:57:03] - [INFO] [WW/adminx449222] on [SOMVAT502676] started [P2V_super_sync-SEC2.ps1]
[2023-04-24 08:59:20] - [INFO] [WW/adminx449222] on [SOMVAT502676] started [P2V_super_sync-SEC2.ps1]
[2023-04-24 09:10:17] - [INFO] [WW/adminx449222] on [SOMVAT502676] started [P2V_super_sync-SEC2.ps1]
[2023-04-24 09:14:26] - [INFO] [WW/adminx449222] on [SOMVAT502676] started [P2V_super_sync-SEC2.ps1]
[2023-04-24 09:17:02] - [INFO] [WW/adminx449222] on [SOMVAT502676] started [P2V_super_sync-SEC2.ps1]
[2023-04-24 09:19:29] - [INFO] [WW/adminx449222] on [SOMVAT502676] started [P2V_super_sync-SEC2.ps1]
[2023-04-24 09:34:43] - [INFO] [WW/adminx449222] on [SOMVAT502676] started [check_P2V_user]
[2023-04-24 09:43:36] - [INFO] [WW/adminx449222] on [SOMVAT502676] started [check_userprofile]
[2023-04-24 09:48:12] - [INFO] [WW/adminx449222] on [SOMVAT502676] started [check_userprofile]
[2023-04-24 09:48:19] - [INFO] [WW/adminx449222] on [SOMVAT502676] started [P2V_super_sync]
[2023-04-24 10:00:56] - [INFO] [WW/adminx449222] on [SOMVAT502676] started [P2V_super_sync-SEC2.ps1]
[2023-04-24 10:23:11] - [INFO] [WW/adminx449222] on [SOMVAT502676] started [P2V_super_sync-SEC2.ps1]
[2023-04-24 10:26:25] - [INFO] [WW/adminx449222] on [SOMVAT502676] started [P2V_super_sync-SEC2.ps1]
[2023-04-24 10:33:02] - [INFO] [WW/adminx449222] on [SOMVAT502676] started [P2V_super_sync-SEC2.ps1]
[2023-04-24 10:33:58] - [INFO] user=WW/adminx449222,script=P2V_super_sync-SEC2.ps1,tenant=P2V_TRAINING,uid=685/Ante.Borovina@omv.com,gid=/userworkgroups/374 /userworkgroups/379 /userworkgroups/383 /userworkgroups/313 /userworkgroups/344 /userworkgroups/393 /userworkgroups/387 /userworkgroups/378 /userworkgroups/385 /userworkgroups/392 /userworkgroups/389 /userworkgroups/386 /userworkgroups/297 /userworkgroups/328 /userworkgroups/321 /userworkgroups/329,add add add add add add add add add add add add add add add add,[DONE]
[2023-04-24 10:34:05] - [INFO] user=WW/adminx449222,script=P2V_super_sync-SEC2.ps1,tenant=P2V_TRAINING,uid=715/Larisa.Wagner@omv.com,gid=/userworkgroups/374 /userworkgroups/379 /userworkgroups/383 /userworkgroups/313 /userworkgroups/344 /userworkgroups/393 /userworkgroups/387 /userworkgroups/378 /userworkgroups/385 /userworkgroups/392 /userworkgroups/389 /userworkgroups/386 /userworkgroups/297 /userworkgroups/328 /userworkgroups/321 /userworkgroups/329,add add add add add add add add add add add add add add add add,[DONE]
[2023-04-24 10:34:09] - [INFO] user=WW/adminx449222,script=P2V_super_sync-SEC2.ps1,tenant=P2V_TRAINING,uid=716/Daniel.Poettler@omv.com,gid=/userworkgroups/374 /userworkgroups/379 /userworkgroups/383 /userworkgroups/313 /userworkgroups/344 /userworkgroups/393 /userworkgroups/387 /userworkgroups/378 /userworkgroups/385 /userworkgroups/392 /userworkgroups/389 /userworkgroups/386 /userworkgroups/297 /userworkgroups/328 /userworkgroups/321 /userworkgroups/329,add add add add add add add add add add add add add add add add,[DONE]
[2023-04-24 10:34:23] - [INFO] user=WW/adminx449222,script=P2V_super_sync-SEC2.ps1,tenant=P2V-PROD,uid=718/Daniel.Poettler@omv.com,gid=/userworkgroups/376 /userworkgroups/381 /userworkgroups/385 /userworkgroups/313 /userworkgroups/344 /userworkgroups/395 /userworkgroups/389 /userworkgroups/380 /userworkgroups/387 /userworkgroups/394 /userworkgroups/391 /userworkgroups/388 /userworkgroups/297 /userworkgroups/328 /userworkgroups/321 /userworkgroups/329,add add add add add add add add add add add add add add add add,[DONE]
[2023-04-24 14:18:44] - [INFO] [WW/adminx449222] on [SOMVAT502676] started [P2V_super_sync]
[2023-04-24 16:39:37] - [INFO] [WW/adminx449222] on [SOMVAT502676] started [check_userprofile]
[2023-04-24 16:39:51] - [INFO] [WW/adminx449222] on [SOMVAT502676] started [P2V_super_sync]
[2023-04-24 16:43:02] - [INFO] [WW/adminx449222] on [SOMVAT502676] started [P2V_super_sync-SEC2.ps1]
[2023-04-24 16:43:57] - [INFO] user=WW/adminx449222,script=P2V_super_sync-SEC2.ps1,tenant=P2V_TRAINING,uid=717/Daniela.Martin@omv.com,gid=/userworkgroups/374 /userworkgroups/379 /userworkgroups/383 /userworkgroups/313 /userworkgroups/344 /userworkgroups/393 /userworkgroups/387 /userworkgroups/378 /userworkgroups/385 /userworkgroups/392 /userworkgroups/389 /userworkgroups/386 /userworkgroups/297 /userworkgroups/328 /userworkgroups/321 /userworkgroups/329,add add add add add add add add add add add add add add add add,[DONE]
[2023-04-24 16:44:09] - [INFO] user=WW/adminx449222,script=P2V_super_sync-SEC2.ps1,tenant=P2V-PROD,uid=719/Daniela.Martin@omv.com,gid=/userworkgroups/376 /userworkgroups/381 /userworkgroups/385 /userworkgroups/313 /userworkgroups/344 /userworkgroups/395 /userworkgroups/389 /userworkgroups/380 /userworkgroups/387 /userworkgroups/394 /userworkgroups/391 /userworkgroups/388 /userworkgroups/297 /userworkgroups/328 /userworkgroups/321 /userworkgroups/329,add add add add add add add add add add add add add add add add,[DONE]
[2023-04-25 08:41:27] - [INFO] [WW/adminx449222] on [SOMVAT502676] started [P2V_super_sync-SEC2.ps1]
