[2023-04-28 08:50:57] - [INFO] [WW/adminx449222] on [SOMVAT502676] started [check_userprofile]
[2023-04-28 08:51:53] - [INFO] [WW/adminx449222] on [SOMVAT502676] started [check_P2V_user]
[2023-04-28 08:57:42] - [INFO] [WW/adminx449222] on [SOMVAT502676] started [P2V_super_sync]
[2023-04-28 09:02:58] - [INFO] [WW/adminx449222] on [SOMVAT502676] started [check_userprofile]
[2023-04-28 09:08:38] - [INFO] [WW/adminx449222] on [SOMVAT502676] started [check_userprofile]
[2023-04-28 09:12:52] - [INFO] [WW/adminx449222] on [SOMVAT502676] started [P2V_lock_user]
[2023-04-28 09:13:26] - [INFO] [WW/adminx449222] on [SOMVAT502676] started [P2V_lock_user]
[2023-04-28 09:14:36] - [INFO] [WW/adminx449222] on [SOMVAT502676] started [P2V_lock_user]
[2023-04-28 09:19:39] - [INFO] [WW/adminx449222] on [SOMVAT502676] started [check_userprofile]
[2023-04-28 09:20:37] - [INFO] [WW/adminx449222] on [SOMVAT502676] started [check_userprofile]
[2023-04-28 09:24:44] - [INFO] [WW/adminx449222] on [SOMVAT502676] started [check_userprofile]
[2023-04-28 09:29:19] - [INFO] [WW/adminx449222] on [SOMVAT502676] started [check_userprofile]
[2023-04-28 17:07:48] - [INFO] [WW/adminx449222] on [SOMVAT502676] started [check_userprofile]
[2023-04-28 17:10:13] - [INFO] [WW/adminx449222] on [SOMVAT502676] started [check_userprofile]
[2023-04-28 17:11:53] - [INFO] [WW/adminx449222] on [SOMVAT502676] started [check_userprofile]
[2023-04-28 17:12:37] - [INFO] [WW/adminx449222] on [SOMVAT502676] started [P2V_super_sync]
[2023-04-28 17:15:07] - [INFO] [WW/adminx449222] on [SOMVAT502676] started [P2V_super_sync-SEC2.ps1]
[2023-05-02 10:25:11] - [INFO] [WW/adminx449222] on [SOMVAT502676] started [check_userprofile]
[2023-05-02 10:25:17] - [INFO] [WW/adminx449222] on [SOMVAT502676] started [check_P2V_user]
[2023-05-02 10:27:20] - [INFO] [WW/adminx449222] on [SOMVAT502676] started [P2V_super_sync-SEC2.ps1]
[2023-05-02 10:27:51] - [INFO] [WW/adminx449222] on [SOMVAT502676] started [check_userprofile]
[2023-05-02 10:30:02] - [INFO] [WW/adminx449222] on [SOMVAT502676] started [check_userprofile]
[2023-05-02 10:30:13] - [INFO] [WW/adminx449222] on [SOMVAT502676] started [P2V_super_sync]
[2023-05-02 10:32:29] - [INFO] [WW/adminx449222] on [SOMVAT502676] started [check_userprofile]
[2023-05-02 10:33:25] - [INFO] [WW/adminx449222] on [SOMVAT502676] started [P2V_super_sync]
[2023-05-02 10:34:24] - [INFO] [WW/adminx449222] on [SOMVAT502676] started [check_userprofile]
[2023-05-02 10:36:12] - [INFO] [WW/adminx449222] on [SOMVAT502676] started [check_userprofile]
[2023-05-02 10:36:39] - [INFO] [WW/adminx449222] on [SOMVAT502676] started [check_userprofile]
[2023-05-02 10:46:15] - [INFO] [WW/adminx449222] on [SOMVAT502676] started [check_userprofile]
[2023-05-02 10:48:32] - [INFO] [WW/adminx449222] on [SOMVAT502676] started [check_userprofile]
[2023-05-02 10:50:53] - [INFO] [WW/adminx449222] on [SOMVAT502676] started [check_userprofile]
[2023-05-02 10:51:50] - [INFO] [WW/adminx449222] on [SOMVAT502676] started [check_userprofile]
[2023-05-02 11:27:41] - [INFO] [WW/adminx449222] on [SOMVAT502676] started [check_userprofile]
