[2021-05-06 11:07:41] - [INFO] [WW/adminx449222] on [SOMVAT502676] started [P2V_calculate_groups_dependencies.ps1]
[2021-05-06 11:08:08] - [INFO] [WW/adminx449222] on [SOMVAT502676] started [P2V_calculate_groups_dependencies.ps1]
[2021-05-06 11:08:28] - [INFO] [WW/adminx449222] on [SOMVAT502676] started [P2V_calculate_groups.ps1]
[2021-05-06 11:09:43] - [INFO] [WW/adminx449222] on [SOMVAT502676] started [P2V_calculate_groups.ps1]
[2021-05-06 11:10:33] - [INFO] [WW/adminx449222] on [SOMVAT502676] started [P2V_calculate_groups_dependencies.ps1]
[2021-05-06 11:22:47] - [INFO] [WW/adminx449222] on [SOMVAT502676] started [P2V_calculate_groups_dependencies.ps1]
[2021-05-06 11:23:06] - [INFO] [WW/adminx449222] on [SOMVAT502676] started [P2V_calculate_groups.ps1]
[2021-05-06 11:23:32] - [INFO] [WW/adminx449222] on [SOMVAT502676] started [P2V_calculate_groups.ps1]
[2021-05-06 11:23:52] - [INFO] [WW/adminx449222] on [SOMVAT502676] started [P2V_calculate_groups.ps1]
[2021-05-06 11:24:06] - [INFO] [WW/adminx449222] on [SOMVAT502676] started [P2V_calculate_groups_dependencies.ps1]
[2021-05-06 14:46:36] - [INFO] [WW/adminx449222] on [SOMVAT502676] started [P2V_calculate_groups_dependencies.ps1]
[2021-05-06 14:57:04] - [INFO] [WW/adminx449222] on [SOMVAT502676] started [P2V_calculate_groups_dependencies.ps1]
[2021-05-06 14:58:02] - [INFO] [WW/adminx449222] on [SOMVAT502676] started [P2V_calculate_groups.ps1]
[2021-05-06 14:58:32] - [INFO] [WW/adminx449222] on [SOMVAT502676] started [P2V_calculate_groups_dependencies.ps1]
[2021-05-06 15:31:12] - [INFO] [WW/adminx449222] on [SOMVAT502676] started [P2V_export_AD_users]
[2021-05-06 15:31:12] - [INFO] [\\somvat202005\PPS_share\P2V_UM_data\output\P2V_export_AD_users\Myuserworkgroup.csv] deleted
[2021-05-06 15:31:12] - [INFO] [\\somvat202005\PPS_share\P2V_UM_data\output\P2V_export_AD_users\Myusers.csv] deleted
[2021-05-06 15:31:12] - [INFO] [\\somvat202005\PPS_share\P2V_UM_data\output\dashboard\All_AD_users.csv] deleted
[2021-05-06 15:31:13] - [INFO] [\\somvat202005\PPS_share\P2V_UM_data\output\P2V_export_AD_users\dlg.WW.ADM-Services.P2V.access.development.csv] deleted
[2021-05-06 15:31:32] - [INFO] [\\somvat202005\PPS_share\P2V_UM_data\output\P2V_export_AD_users\dlg.WW.ADM-Services.P2V.access.production.csv] deleted
[2021-05-06 15:31:42] - [INFO] [\\somvat202005\PPS_share\P2V_UM_data\output\P2V_export_AD_users\dlg.WW.ADM-Services.P2V.access.test.csv] deleted
[2021-05-06 15:31:50] - [INFO] [\\somvat202005\PPS_share\P2V_UM_data\output\P2V_export_AD_users\dlg.WW.ADM-Services.P2V.access.training.csv] deleted
[2021-05-06 15:31:51] - [INFO] [\\somvat202005\PPS_share\P2V_UM_data\output\P2V_export_AD_users\dlg.WW.ADM-Services.P2V.access.update.csv] deleted
[2021-05-06 15:31:51] - [INFO] [\\somvat202005\PPS_share\P2V_UM_data\output\P2V_export_AD_users\dlg.WW.ADM-Services.P2V.Admin.csv] deleted
[2021-05-06 15:31:51] - [INFO] [\\somvat202005\PPS_share\P2V_UM_data\output\P2V_export_AD_users\dlg.WW.ADM-Services.P2V.approver.csv] deleted
[2021-05-06 15:31:51] - [INFO] [\\somvat202005\PPS_share\P2V_UM_data\output\P2V_export_AD_users\dlg.WW.ADM-Services.P2V.Aucerna.csv] deleted
[2021-05-06 15:31:52] - [INFO] [\\somvat202005\PPS_share\P2V_UM_data\output\P2V_export_AD_users\dlg.WW.ADM-Services.P2V.auditor.csv] deleted
[2021-05-06 15:31:52] - [INFO] [\\somvat202005\PPS_share\P2V_UM_data\output\P2V_export_AD_users\dlg.WW.ADM-Services.P2V.BD.key.csv] deleted
[2021-05-06 15:31:52] - [INFO] [\\somvat202005\PPS_share\P2V_UM_data\output\P2V_export_AD_users\dlg.WW.ADM-Services.P2V.BD.power.csv] deleted
[2021-05-06 15:31:52] - [INFO] [\\somvat202005\PPS_share\P2V_UM_data\output\P2V_export_AD_users\dlg.WW.ADM-Services.P2V.CO.key.csv] deleted
[2021-05-06 15:31:52] - [INFO] [\\somvat202005\PPS_share\P2V_UM_data\output\P2V_export_AD_users\dlg.WW.ADM-Services.P2V.CO.power.csv] deleted
[2021-05-06 15:31:52] - [INFO] [\\somvat202005\PPS_share\P2V_UM_data\output\P2V_export_AD_users\dlg.WW.ADM-Services.P2V.data.ARE.csv] deleted
[2021-05-06 15:31:53] - [INFO] [\\somvat202005\PPS_share\P2V_UM_data\output\P2V_export_AD_users\dlg.WW.ADM-Services.P2V.data.AUS.csv] deleted
[2021-05-06 15:31:53] - [INFO] [\\somvat202005\PPS_share\P2V_UM_data\output\P2V_export_AD_users\dlg.WW.ADM-Services.P2V.data.AUT.csv] deleted
[2021-05-06 15:31:55] - [INFO] [\\somvat202005\PPS_share\P2V_UM_data\output\P2V_export_AD_users\dlg.WW.ADM-Services.P2V.data.BGR.csv] deleted
[2021-05-06 15:31:56] - [INFO] [\\somvat202005\PPS_share\P2V_UM_data\output\P2V_export_AD_users\dlg.WW.ADM-Services.P2V.data.corporate.csv] deleted
[2021-05-06 15:31:58] - [INFO] [\\somvat202005\PPS_share\P2V_UM_data\output\P2V_export_AD_users\dlg.WW.ADM-Services.P2V.data.GEO.csv] deleted
[2021-05-06 15:31:59] - [INFO] [\\somvat202005\PPS_share\P2V_UM_data\output\P2V_export_AD_users\dlg.WW.ADM-Services.P2V.data.KRI.csv] deleted
[2021-05-06 15:31:59] - [INFO] [\\somvat202005\PPS_share\P2V_UM_data\output\P2V_export_AD_users\dlg.WW.ADM-Services.P2V.data.KZ.csv] deleted
[2021-05-06 15:31:59] - [INFO] [\\somvat202005\PPS_share\P2V_UM_data\output\P2V_export_AD_users\dlg.WW.ADM-Services.P2V.data.LBY.csv] deleted
[2021-05-06 15:32:00] - [INFO] [\\somvat202005\PPS_share\P2V_UM_data\output\P2V_export_AD_users\dlg.WW.ADM-Services.P2V.data.MEX.csv] deleted
[2021-05-06 15:32:00] - [INFO] [\\somvat202005\PPS_share\P2V_UM_data\output\P2V_export_AD_users\dlg.WW.ADM-Services.P2V.data.MYS.csv] deleted
[2021-05-06 15:32:01] - [INFO] [\\somvat202005\PPS_share\P2V_UM_data\output\P2V_export_AD_users\dlg.WW.ADM-Services.P2V.data.NOR.csv] deleted
[2021-05-06 15:32:02] - [INFO] [\\somvat202005\PPS_share\P2V_UM_data\output\P2V_export_AD_users\dlg.WW.ADM-Services.P2V.data.NZL.csv] deleted
[2021-05-06 15:32:03] - [INFO] [\\somvat202005\PPS_share\P2V_UM_data\output\P2V_export_AD_users\dlg.WW.ADM-Services.P2V.data.ROU.csv] deleted
[2021-05-06 15:32:07] - [INFO] [\\somvat202005\PPS_share\P2V_UM_data\output\P2V_export_AD_users\dlg.WW.ADM-Services.P2V.data.RUS.csv] deleted
[2021-05-06 15:32:08] - [INFO] [\\somvat202005\PPS_share\P2V_UM_data\output\P2V_export_AD_users\dlg.WW.ADM-Services.P2V.data.Sapura.csv] deleted
[2021-05-06 15:32:08] - [INFO] [\\somvat202005\PPS_share\P2V_UM_data\output\P2V_export_AD_users\dlg.WW.ADM-Services.P2V.data.TUN.csv] deleted
[2021-05-06 15:32:09] - [INFO] [\\somvat202005\PPS_share\P2V_UM_data\output\P2V_export_AD_users\dlg.WW.ADM-Services.P2V.data.YEM.csv] deleted
[2021-05-06 15:32:09] - [INFO] [\\somvat202005\PPS_share\P2V_UM_data\output\P2V_export_AD_users\dlg.WW.ADM-Services.P2V.DataLoader.csv] deleted
[2021-05-06 15:32:13] - [INFO] [\\somvat202005\PPS_share\P2V_UM_data\output\P2V_export_AD_users\dlg.WW.ADM-Services.P2V.developer.csv] deleted
[2021-05-06 15:32:13] - [INFO] [\\somvat202005\PPS_share\P2V_UM_data\output\P2V_export_AD_users\dlg.WW.ADM-Services.P2V.DF.key.csv] deleted
[2021-05-06 15:32:13] - [INFO] [\\somvat202005\PPS_share\P2V_UM_data\output\P2V_export_AD_users\dlg.WW.ADM-Services.P2V.DF.power.csv] deleted
[2021-05-06 15:32:13] - [INFO] [\\somvat202005\PPS_share\P2V_UM_data\output\P2V_export_AD_users\dlg.WW.ADM-Services.P2V.DF.unlock.csv] deleted
[2021-05-06 15:32:13] - [INFO] [\\somvat202005\PPS_share\P2V_UM_data\output\P2V_export_AD_users\dlg.WW.ADM-Services.P2V.ECO.key.csv] deleted
[2021-05-06 15:32:14] - [INFO] [\\somvat202005\PPS_share\P2V_UM_data\output\P2V_export_AD_users\dlg.WW.ADM-Services.P2V.ECO.power.csv] deleted
[2021-05-06 15:32:14] - [INFO] [\\somvat202005\PPS_share\P2V_UM_data\output\P2V_export_AD_users\dlg.WW.ADM-Services.P2V.ECO.regimes.csv] deleted
[2021-05-06 15:32:14] - [INFO] [\\somvat202005\PPS_share\P2V_UM_data\output\P2V_export_AD_users\dlg.WW.ADM-Services.P2V.ECO.unlock.csv] deleted
[2021-05-06 15:32:14] - [INFO] [\\somvat202005\PPS_share\P2V_UM_data\output\P2V_export_AD_users\dlg.WW.ADM-Services.P2V.EX.key.csv] deleted
[2021-05-06 15:32:15] - [INFO] [\\somvat202005\PPS_share\P2V_UM_data\output\P2V_export_AD_users\dlg.WW.ADM-Services.P2V.EX.power.csv] deleted
[2021-05-06 15:32:15] - [INFO] [\\somvat202005\PPS_share\P2V_UM_data\output\P2V_export_AD_users\dlg.WW.ADM-Services.P2V.FIN.regimes.csv] deleted
[2021-05-06 15:32:15] - [INFO] [\\somvat202005\PPS_share\P2V_UM_data\output\P2V_export_AD_users\dlg.WW.ADM-Services.P2V.FIN.unlock.csv] deleted
[2021-05-06 15:32:15] - [INFO] [\\somvat202005\PPS_share\P2V_UM_data\output\P2V_export_AD_users\dlg.WW.ADM-Services.P2V.Interfaces.csv] deleted
[2021-05-06 15:32:49] - [INFO] [\\somvat202005\PPS_share\P2V_UM_data\output\P2V_export_AD_users\dlg.WW.ADM-Services.P2V.Odata.csv] deleted
[2021-05-06 15:32:49] - [INFO] [\\somvat202005\PPS_share\P2V_UM_data\output\P2V_export_AD_users\dlg.WW.ADM-Services.P2V.PP.key.csv] deleted
[2021-05-06 15:32:50] - [INFO] [\\somvat202005\PPS_share\P2V_UM_data\output\P2V_export_AD_users\dlg.WW.ADM-Services.P2V.PP.power.csv] deleted
[2021-05-06 15:32:50] - [INFO] [\\somvat202005\PPS_share\P2V_UM_data\output\P2V_export_AD_users\dlg.WW.ADM-Services.P2V.profile.Admin.Headoffice.csv] deleted
[2021-05-06 15:32:50] - [INFO] [\\somvat202005\PPS_share\P2V_UM_data\output\P2V_export_AD_users\dlg.WW.ADM-Services.P2V.profile.Economics.Headoffice.csv] deleted
[2021-05-06 15:32:50] - [INFO] [\\somvat202005\PPS_share\P2V_UM_data\output\P2V_export_AD_users\dlg.WW.ADM-Services.P2V.profile.Economics.local.csv] deleted
[2021-05-06 15:32:51] - [INFO] [\\somvat202005\PPS_share\P2V_UM_data\output\P2V_export_AD_users\dlg.WW.ADM-Services.P2V.profile.Finance.Headoffice.csv] deleted
[2021-05-06 15:32:51] - [INFO] [\\somvat202005\PPS_share\P2V_UM_data\output\P2V_export_AD_users\dlg.WW.ADM-Services.P2V.profile.Finance.local.csv] deleted
[2021-05-06 15:32:53] - [INFO] [\\somvat202005\PPS_share\P2V_UM_data\output\P2V_export_AD_users\dlg.WW.ADM-Services.P2V.profile.LightUser.Headoffice.csv] deleted
[2021-05-06 15:32:54] - [INFO] [\\somvat202005\PPS_share\P2V_UM_data\output\P2V_export_AD_users\dlg.WW.ADM-Services.P2V.profile.LightUser.local.csv] deleted
[2021-05-06 15:32:57] - [INFO] [\\somvat202005\PPS_share\P2V_UM_data\output\P2V_export_AD_users\dlg.WW.ADM-Services.P2V.profile.PP.Headoffice.csv] deleted
[2021-05-06 15:32:57] - [INFO] [\\somvat202005\PPS_share\P2V_UM_data\output\P2V_export_AD_users\dlg.WW.ADM-Services.P2V.profile.PP.Headoffice.Power.csv] deleted
[2021-05-06 15:32:58] - [INFO] [\\somvat202005\PPS_share\P2V_UM_data\output\P2V_export_AD_users\dlg.WW.ADM-Services.P2V.profile.PP.local.csv] deleted
[2021-05-06 15:32:58] - [INFO] [\\somvat202005\PPS_share\P2V_UM_data\output\P2V_export_AD_users\dlg.WW.ADM-Services.P2V.profile.Projectmanager.csv] deleted
[2021-05-06 15:33:01] - [INFO] [\\somvat202005\PPS_share\P2V_UM_data\output\P2V_export_AD_users\dlg.WW.ADM-Services.P2V.profile.Reserves.Headoffice.csv] deleted
[2021-05-06 15:33:01] - [INFO] [\\somvat202005\PPS_share\P2V_UM_data\output\P2V_export_AD_users\dlg.WW.ADM-Services.P2V.profile.Reserves.Headoffice.Approve.csv] deleted
[2021-05-06 15:33:01] - [INFO] [\\somvat202005\PPS_share\P2V_UM_data\output\P2V_export_AD_users\dlg.WW.ADM-Services.P2V.profile.Reserves.Headoffice.Power.csv] deleted
[2021-05-06 15:33:01] - [INFO] [\\somvat202005\PPS_share\P2V_UM_data\output\P2V_export_AD_users\dlg.WW.ADM-Services.P2V.profile.Reserves.local.Approve.csv] deleted
[2021-05-06 15:33:01] - [INFO] [\\somvat202005\PPS_share\P2V_UM_data\output\P2V_export_AD_users\dlg.WW.ADM-Services.P2V.profile.Reserves.local.QRE.csv] deleted
[2021-05-06 15:33:02] - [INFO] [\\somvat202005\PPS_share\P2V_UM_data\output\P2V_export_AD_users\dlg.WW.ADM-Services.P2V.profile.Reserves.readonly.csv] deleted
[2021-05-06 15:33:02] - [INFO] [\\somvat202005\PPS_share\P2V_UM_data\output\P2V_export_AD_users\dlg.WW.ADM-Services.P2V.profile.Resources.Headoffice.csv] deleted
[2021-05-06 15:33:02] - [INFO] [\\somvat202005\PPS_share\P2V_UM_data\output\P2V_export_AD_users\dlg.WW.ADM-Services.P2V.profile.Resources.local.csv] deleted
[2021-05-06 15:33:03] - [INFO] [\\somvat202005\PPS_share\P2V_UM_data\output\P2V_export_AD_users\dlg.WW.ADM-Services.P2V.RES.key.csv] deleted
[2021-05-06 15:33:03] - [INFO] [\\somvat202005\PPS_share\P2V_UM_data\output\P2V_export_AD_users\dlg.WW.ADM-Services.P2V.RES.power.csv] deleted
[2021-05-06 15:33:03] - [INFO] [\\somvat202005\PPS_share\P2V_UM_data\output\P2V_export_AD_users\dlg.WW.ADM-Services.P2V.serveradmin.csv] deleted
[2021-05-06 15:33:03] - [INFO] [\\somvat202005\PPS_share\P2V_UM_data\output\P2V_export_AD_users\dlg.WW.ADM-Services.P2V.testserveradmin.csv] deleted
[2021-05-06 15:33:03] - [INFO] [\\somvat202005\PPS_share\P2V_UM_data\output\P2V_export_AD_users\dlg.WW.ADM-Services.P2V.testusers.csv] deleted
[2021-05-06 15:33:14] - [INFO] [\\somvat202005\PPS_share\P2V_UM_data\output\P2V_export_AD_users\dlg.WW.ADM-Services.P2V.useradmin.csv] deleted
[2021-05-06 15:33:14] - [INFO] [\\somvat202005\PPS_share\P2V_UM_data\output\P2V_export_AD_users\dlg.WW.ADM-Services.P2V.users.csv] deleted
[2021-05-06 15:33:17] - [INFO] [\\somvat202005\PPS_share\P2V_UM_data\output\P2V_export_AD_users\dlg.WW.ADM-Services.PetroVR.csv] deleted
[2021-05-06 15:33:18] - [INFO] [\\somvat202005\PPS_share\P2V_UM_data\output\P2V_export_AD_users\dlg.WW.ADM-Services.P2V.useradmin.csv] deleted
[2021-05-06 15:33:18] - [INFO] [\\somvat202005\PPS_share\P2V_UM_data\output\P2V_export_AD_users\dlg.WW.ADM-Services.P2V.profile.LightUser.local.csv] deleted
[2021-05-06 15:33:20] - [INFO] [\\somvat202005\PPS_share\P2V_UM_data\output\P2V_export_AD_users\dlg.WW.ADM-Services.P2V.profile.PP.Headoffice.csv] deleted
[2021-05-06 15:33:20] - [INFO] [\\somvat202005\PPS_share\P2V_UM_data\output\P2V_export_AD_users\dlg.WW.ADM-Services.P2V.Admin.csv] deleted
[2021-05-06 15:34:27] - [INFO] [WW/adminx449222] on [SOMVAT502676] started [P2V_export_AD_users]
[2021-05-06 15:34:27] - [INFO] [\\somvat202005\PPS_share\P2V_UM_data\output\P2V_export_AD_users\Myuserworkgroup.csv] deleted
[2021-05-06 15:34:27] - [INFO] [\\somvat202005\PPS_share\P2V_UM_data\output\P2V_export_AD_users\Myusers.csv] deleted
[2021-05-06 15:34:27] - [INFO] [\\somvat202005\PPS_share\P2V_UM_data\output\dashboard\All_AD_users.csv] deleted
[2021-05-06 15:34:27] - [INFO] [\\somvat202005\PPS_share\P2V_UM_data\output\P2V_export_AD_users\dlg.WW.ADM-Services.P2V.access.development.csv] deleted
[2021-05-06 15:34:28] - [INFO] [\\somvat202005\PPS_share\P2V_UM_data\output\P2V_export_AD_users\dlg.WW.ADM-Services.P2V.access.production.csv] deleted
[2021-05-06 15:34:37] - [INFO] [\\somvat202005\PPS_share\P2V_UM_data\output\P2V_export_AD_users\dlg.WW.ADM-Services.P2V.access.test.csv] deleted
[2021-05-06 15:34:46] - [INFO] [\\somvat202005\PPS_share\P2V_UM_data\output\P2V_export_AD_users\dlg.WW.ADM-Services.P2V.access.training.csv] deleted
[2021-05-06 15:34:46] - [INFO] [\\somvat202005\PPS_share\P2V_UM_data\output\P2V_export_AD_users\dlg.WW.ADM-Services.P2V.access.update.csv] deleted
[2021-05-06 15:34:46] - [INFO] [\\somvat202005\PPS_share\P2V_UM_data\output\P2V_export_AD_users\dlg.WW.ADM-Services.P2V.Admin.csv] deleted
[2021-05-06 15:34:46] - [INFO] [\\somvat202005\PPS_share\P2V_UM_data\output\P2V_export_AD_users\dlg.WW.ADM-Services.P2V.approver.csv] deleted
[2021-05-06 15:34:46] - [INFO] [\\somvat202005\PPS_share\P2V_UM_data\output\P2V_export_AD_users\dlg.WW.ADM-Services.P2V.Aucerna.csv] deleted
[2021-05-06 15:34:47] - [INFO] [\\somvat202005\PPS_share\P2V_UM_data\output\P2V_export_AD_users\dlg.WW.ADM-Services.P2V.auditor.csv] deleted
[2021-05-06 15:34:47] - [INFO] [\\somvat202005\PPS_share\P2V_UM_data\output\P2V_export_AD_users\dlg.WW.ADM-Services.P2V.BD.key.csv] deleted
[2021-05-06 15:34:47] - [INFO] [\\somvat202005\PPS_share\P2V_UM_data\output\P2V_export_AD_users\dlg.WW.ADM-Services.P2V.BD.power.csv] deleted
[2021-05-06 15:34:47] - [INFO] [\\somvat202005\PPS_share\P2V_UM_data\output\P2V_export_AD_users\dlg.WW.ADM-Services.P2V.CO.key.csv] deleted
[2021-05-06 15:34:47] - [INFO] [\\somvat202005\PPS_share\P2V_UM_data\output\P2V_export_AD_users\dlg.WW.ADM-Services.P2V.CO.power.csv] deleted
[2021-05-06 15:34:48] - [INFO] [\\somvat202005\PPS_share\P2V_UM_data\output\P2V_export_AD_users\dlg.WW.ADM-Services.P2V.data.ARE.csv] deleted
[2021-05-06 15:34:48] - [INFO] [\\somvat202005\PPS_share\P2V_UM_data\output\P2V_export_AD_users\dlg.WW.ADM-Services.P2V.data.AUS.csv] deleted
[2021-05-06 15:34:49] - [INFO] [\\somvat202005\PPS_share\P2V_UM_data\output\P2V_export_AD_users\dlg.WW.ADM-Services.P2V.data.AUT.csv] deleted
[2021-05-06 15:34:50] - [INFO] [\\somvat202005\PPS_share\P2V_UM_data\output\P2V_export_AD_users\dlg.WW.ADM-Services.P2V.data.BGR.csv] deleted
[2021-05-06 15:34:51] - [INFO] [\\somvat202005\PPS_share\P2V_UM_data\output\P2V_export_AD_users\dlg.WW.ADM-Services.P2V.data.corporate.csv] deleted
[2021-05-06 15:34:53] - [INFO] [\\somvat202005\PPS_share\P2V_UM_data\output\P2V_export_AD_users\dlg.WW.ADM-Services.P2V.data.GEO.csv] deleted
[2021-05-06 15:34:54] - [INFO] [\\somvat202005\PPS_share\P2V_UM_data\output\P2V_export_AD_users\dlg.WW.ADM-Services.P2V.data.KRI.csv] deleted
[2021-05-06 15:34:55] - [INFO] [\\somvat202005\PPS_share\P2V_UM_data\output\P2V_export_AD_users\dlg.WW.ADM-Services.P2V.data.KZ.csv] deleted
[2021-05-06 15:34:55] - [INFO] [\\somvat202005\PPS_share\P2V_UM_data\output\P2V_export_AD_users\dlg.WW.ADM-Services.P2V.data.LBY.csv] deleted
[2021-05-06 15:34:56] - [INFO] [\\somvat202005\PPS_share\P2V_UM_data\output\P2V_export_AD_users\dlg.WW.ADM-Services.P2V.data.MEX.csv] deleted
[2021-05-06 15:34:56] - [INFO] [\\somvat202005\PPS_share\P2V_UM_data\output\P2V_export_AD_users\dlg.WW.ADM-Services.P2V.data.MYS.csv] deleted
[2021-05-06 15:34:57] - [INFO] [\\somvat202005\PPS_share\P2V_UM_data\output\P2V_export_AD_users\dlg.WW.ADM-Services.P2V.data.NOR.csv] deleted
[2021-05-06 15:34:58] - [INFO] [\\somvat202005\PPS_share\P2V_UM_data\output\P2V_export_AD_users\dlg.WW.ADM-Services.P2V.data.NZL.csv] deleted
[2021-05-06 15:34:59] - [INFO] [\\somvat202005\PPS_share\P2V_UM_data\output\P2V_export_AD_users\dlg.WW.ADM-Services.P2V.data.ROU.csv] deleted
[2021-05-06 15:35:03] - [INFO] [\\somvat202005\PPS_share\P2V_UM_data\output\P2V_export_AD_users\dlg.WW.ADM-Services.P2V.data.RUS.csv] deleted
[2021-05-06 15:35:04] - [INFO] [\\somvat202005\PPS_share\P2V_UM_data\output\P2V_export_AD_users\dlg.WW.ADM-Services.P2V.data.Sapura.csv] deleted
[2021-05-06 15:35:04] - [INFO] [\\somvat202005\PPS_share\P2V_UM_data\output\P2V_export_AD_users\dlg.WW.ADM-Services.P2V.data.TUN.csv] deleted
[2021-05-06 15:35:05] - [INFO] [\\somvat202005\PPS_share\P2V_UM_data\output\P2V_export_AD_users\dlg.WW.ADM-Services.P2V.data.YEM.csv] deleted
[2021-05-06 15:35:05] - [INFO] [\\somvat202005\PPS_share\P2V_UM_data\output\P2V_export_AD_users\dlg.WW.ADM-Services.P2V.DataLoader.csv] deleted
[2021-05-06 15:35:09] - [INFO] [\\somvat202005\PPS_share\P2V_UM_data\output\P2V_export_AD_users\dlg.WW.ADM-Services.P2V.developer.csv] deleted
[2021-05-06 15:35:09] - [INFO] [\\somvat202005\PPS_share\P2V_UM_data\output\P2V_export_AD_users\dlg.WW.ADM-Services.P2V.DF.key.csv] deleted
[2021-05-06 15:35:09] - [INFO] [\\somvat202005\PPS_share\P2V_UM_data\output\P2V_export_AD_users\dlg.WW.ADM-Services.P2V.DF.power.csv] deleted
[2021-05-06 15:35:09] - [INFO] [\\somvat202005\PPS_share\P2V_UM_data\output\P2V_export_AD_users\dlg.WW.ADM-Services.P2V.DF.unlock.csv] deleted
[2021-05-06 15:35:10] - [INFO] [\\somvat202005\PPS_share\P2V_UM_data\output\P2V_export_AD_users\dlg.WW.ADM-Services.P2V.ECO.key.csv] deleted
[2021-05-06 15:35:10] - [INFO] [\\somvat202005\PPS_share\P2V_UM_data\output\P2V_export_AD_users\dlg.WW.ADM-Services.P2V.ECO.power.csv] deleted
[2021-05-06 15:35:10] - [INFO] [\\somvat202005\PPS_share\P2V_UM_data\output\P2V_export_AD_users\dlg.WW.ADM-Services.P2V.ECO.regimes.csv] deleted
[2021-05-06 15:35:10] - [INFO] [\\somvat202005\PPS_share\P2V_UM_data\output\P2V_export_AD_users\dlg.WW.ADM-Services.P2V.ECO.unlock.csv] deleted
[2021-05-06 15:35:11] - [INFO] [\\somvat202005\PPS_share\P2V_UM_data\output\P2V_export_AD_users\dlg.WW.ADM-Services.P2V.EX.key.csv] deleted
[2021-05-06 15:35:11] - [INFO] [\\somvat202005\PPS_share\P2V_UM_data\output\P2V_export_AD_users\dlg.WW.ADM-Services.P2V.EX.power.csv] deleted
[2021-05-06 15:35:11] - [INFO] [\\somvat202005\PPS_share\P2V_UM_data\output\P2V_export_AD_users\dlg.WW.ADM-Services.P2V.FIN.regimes.csv] deleted
[2021-05-06 15:35:11] - [INFO] [\\somvat202005\PPS_share\P2V_UM_data\output\P2V_export_AD_users\dlg.WW.ADM-Services.P2V.FIN.unlock.csv] deleted
[2021-05-06 15:35:11] - [INFO] [\\somvat202005\PPS_share\P2V_UM_data\output\P2V_export_AD_users\dlg.WW.ADM-Services.P2V.Interfaces.csv] deleted
[2021-05-06 15:35:12] - [INFO] [\\somvat202005\PPS_share\P2V_UM_data\output\P2V_export_AD_users\dlg.WW.ADM-Services.P2V.Odata.csv] deleted
[2021-05-06 15:35:12] - [INFO] [\\somvat202005\PPS_share\P2V_UM_data\output\P2V_export_AD_users\dlg.WW.ADM-Services.P2V.PP.key.csv] deleted
[2021-05-06 15:35:12] - [INFO] [\\somvat202005\PPS_share\P2V_UM_data\output\P2V_export_AD_users\dlg.WW.ADM-Services.P2V.PP.power.csv] deleted
[2021-05-06 15:35:12] - [INFO] [\\somvat202005\PPS_share\P2V_UM_data\output\P2V_export_AD_users\dlg.WW.ADM-Services.P2V.profile.Admin.Headoffice.csv] deleted
[2021-05-06 15:35:12] - [INFO] [\\somvat202005\PPS_share\P2V_UM_data\output\P2V_export_AD_users\dlg.WW.ADM-Services.P2V.profile.Economics.Headoffice.csv] deleted
[2021-05-06 15:35:12] - [INFO] [\\somvat202005\PPS_share\P2V_UM_data\output\P2V_export_AD_users\dlg.WW.ADM-Services.P2V.profile.Economics.local.csv] deleted
[2021-05-06 15:35:13] - [INFO] [\\somvat202005\PPS_share\P2V_UM_data\output\P2V_export_AD_users\dlg.WW.ADM-Services.P2V.profile.Finance.Headoffice.csv] deleted
[2021-05-06 15:35:14] - [INFO] [\\somvat202005\PPS_share\P2V_UM_data\output\P2V_export_AD_users\dlg.WW.ADM-Services.P2V.profile.Finance.local.csv] deleted
[2021-05-06 15:35:15] - [INFO] [\\somvat202005\PPS_share\P2V_UM_data\output\P2V_export_AD_users\dlg.WW.ADM-Services.P2V.profile.LightUser.Headoffice.csv] deleted
[2021-05-06 15:35:16] - [INFO] [\\somvat202005\PPS_share\P2V_UM_data\output\P2V_export_AD_users\dlg.WW.ADM-Services.P2V.profile.LightUser.local.csv] deleted
[2021-05-06 15:35:20] - [INFO] [\\somvat202005\PPS_share\P2V_UM_data\output\P2V_export_AD_users\dlg.WW.ADM-Services.P2V.profile.PP.Headoffice.csv] deleted
[2021-05-06 15:35:20] - [INFO] [\\somvat202005\PPS_share\P2V_UM_data\output\P2V_export_AD_users\dlg.WW.ADM-Services.P2V.profile.PP.Headoffice.Power.csv] deleted
[2021-05-06 15:35:20] - [INFO] [\\somvat202005\PPS_share\P2V_UM_data\output\P2V_export_AD_users\dlg.WW.ADM-Services.P2V.profile.PP.local.csv] deleted
[2021-05-06 15:35:21] - [INFO] [\\somvat202005\PPS_share\P2V_UM_data\output\P2V_export_AD_users\dlg.WW.ADM-Services.P2V.profile.Projectmanager.csv] deleted
[2021-05-06 15:35:24] - [INFO] [\\somvat202005\PPS_share\P2V_UM_data\output\P2V_export_AD_users\dlg.WW.ADM-Services.P2V.profile.Reserves.Headoffice.csv] deleted
[2021-05-06 15:35:24] - [INFO] [\\somvat202005\PPS_share\P2V_UM_data\output\P2V_export_AD_users\dlg.WW.ADM-Services.P2V.profile.Reserves.Headoffice.Approve.csv] deleted
[2021-05-06 15:35:24] - [INFO] [\\somvat202005\PPS_share\P2V_UM_data\output\P2V_export_AD_users\dlg.WW.ADM-Services.P2V.profile.Reserves.Headoffice.Power.csv] deleted
[2021-05-06 15:35:24] - [INFO] [\\somvat202005\PPS_share\P2V_UM_data\output\P2V_export_AD_users\dlg.WW.ADM-Services.P2V.profile.Reserves.local.Approve.csv] deleted
[2021-05-06 15:35:25] - [INFO] [\\somvat202005\PPS_share\P2V_UM_data\output\P2V_export_AD_users\dlg.WW.ADM-Services.P2V.profile.Reserves.local.QRE.csv] deleted
[2021-05-06 15:35:25] - [INFO] [\\somvat202005\PPS_share\P2V_UM_data\output\P2V_export_AD_users\dlg.WW.ADM-Services.P2V.profile.Reserves.readonly.csv] deleted
[2021-05-06 15:35:26] - [INFO] [\\somvat202005\PPS_share\P2V_UM_data\output\P2V_export_AD_users\dlg.WW.ADM-Services.P2V.profile.Resources.Headoffice.csv] deleted
[2021-05-06 15:35:26] - [INFO] [\\somvat202005\PPS_share\P2V_UM_data\output\P2V_export_AD_users\dlg.WW.ADM-Services.P2V.profile.Resources.local.csv] deleted
[2021-05-06 15:35:26] - [INFO] [\\somvat202005\PPS_share\P2V_UM_data\output\P2V_export_AD_users\dlg.WW.ADM-Services.P2V.RES.key.csv] deleted
[2021-05-06 15:35:26] - [INFO] [\\somvat202005\PPS_share\P2V_UM_data\output\P2V_export_AD_users\dlg.WW.ADM-Services.P2V.RES.power.csv] deleted
[2021-05-06 15:35:26] - [INFO] [\\somvat202005\PPS_share\P2V_UM_data\output\P2V_export_AD_users\dlg.WW.ADM-Services.P2V.serveradmin.csv] deleted
[2021-05-06 15:35:26] - [INFO] [\\somvat202005\PPS_share\P2V_UM_data\output\P2V_export_AD_users\dlg.WW.ADM-Services.P2V.testserveradmin.csv] deleted
[2021-05-06 15:35:27] - [INFO] [\\somvat202005\PPS_share\P2V_UM_data\output\P2V_export_AD_users\dlg.WW.ADM-Services.P2V.testusers.csv] deleted
[2021-05-06 15:35:38] - [INFO] [\\somvat202005\PPS_share\P2V_UM_data\output\P2V_export_AD_users\dlg.WW.ADM-Services.P2V.useradmin.csv] deleted
[2021-05-06 15:35:38] - [INFO] [\\somvat202005\PPS_share\P2V_UM_data\output\P2V_export_AD_users\dlg.WW.ADM-Services.P2V.users.csv] deleted
[2021-05-06 15:35:40] - [INFO] [\\somvat202005\PPS_share\P2V_UM_data\output\P2V_export_AD_users\dlg.WW.ADM-Services.PetroVR.csv] deleted
[2021-05-06 15:35:42] - [INFO] [\\somvat202005\PPS_share\P2V_UM_data\output\P2V_export_AD_users\dlg.WW.ADM-Services.P2V.useradmin.csv] deleted
[2021-05-06 15:35:42] - [INFO] [\\somvat202005\PPS_share\P2V_UM_data\output\P2V_export_AD_users\dlg.WW.ADM-Services.P2V.profile.LightUser.local.csv] deleted
[2021-05-06 15:35:42] - [INFO] [\\somvat202005\PPS_share\P2V_UM_data\output\P2V_export_AD_users\dlg.WW.ADM-Services.P2V.profile.PP.Headoffice.csv] deleted
[2021-05-06 15:35:42] - [INFO] [\\somvat202005\PPS_share\P2V_UM_data\output\P2V_export_AD_users\dlg.WW.ADM-Services.P2V.Admin.csv] deleted
[2021-05-06 15:35:42] - [INFO] [\\somvat202005\PPS_share\P2V_UM_data\output\P2V_export_AD_users\dlg.WW.ADM-Services.P2V.profile.Projectmanager.csv] deleted
[2021-05-06 15:35:43] - [INFO] [\\somvat202005\PPS_share\P2V_UM_data\output\P2V_export_AD_users\dlg.WW.ADM-Services.P2V.Odata.csv] deleted
[2021-05-06 15:35:43] - [INFO] [\\somvat202005\PPS_share\P2V_UM_data\output\P2V_export_AD_users\dlg.WW.ADM-Services.P2V.data.BGR.csv] deleted
[2021-05-06 15:35:43] - [INFO] [\\somvat202005\PPS_share\P2V_UM_data\output\P2V_export_AD_users\dlg.WW.ADM-Services.P2V.ECO.unlock.csv] deleted
[2021-05-06 15:35:43] - [INFO] [\\somvat202005\PPS_share\P2V_UM_data\output\P2V_export_AD_users\dlg.WW.ADM-Services.P2V.profile.LightUser.Headoffice.csv] deleted
[2021-05-06 15:35:43] - [INFO] [\\somvat202005\PPS_share\P2V_UM_data\output\P2V_export_AD_users\dlg.WW.ADM-Services.P2V.DF.unlock.csv] deleted
[2021-05-06 15:35:43] - [INFO] [\\somvat202005\PPS_share\P2V_UM_data\output\P2V_export_AD_users\dlg.WW.ADM-Services.P2V.profile.Reserves.local.QRE.csv] deleted
[2021-05-06 15:35:43] - [INFO] [\\somvat202005\PPS_share\P2V_UM_data\output\P2V_export_AD_users\dlg.WW.ADM-Services.P2V.DataLoader.csv] deleted
[2021-05-06 15:35:43] - [INFO] [\\somvat202005\PPS_share\P2V_UM_data\output\P2V_export_AD_users\dlg.WW.ADM-Services.P2V.profile.Economics.local.csv] deleted
[2021-05-06 15:35:43] - [INFO] [\\somvat202005\PPS_share\P2V_UM_data\output\P2V_export_AD_users\dlg.WW.ADM-Services.P2V.RES.power.csv] deleted
[2021-05-06 15:35:44] - [INFO] [\\somvat202005\PPS_share\P2V_UM_data\output\P2V_export_AD_users\dlg.WW.ADM-Services.P2V.data.MYS.csv] deleted
[2021-05-06 15:35:44] - [INFO] [\\somvat202005\PPS_share\P2V_UM_data\output\P2V_export_AD_users\dlg.WW.ADM-Services.P2V.profile.PP.Headoffice.Power.csv] deleted
[2021-05-06 15:35:44] - [INFO] [\\somvat202005\PPS_share\P2V_UM_data\output\P2V_export_AD_users\dlg.WW.ADM-Services.P2V.RES.key.csv] deleted
[2021-05-06 15:35:44] - [INFO] [\\somvat202005\PPS_share\P2V_UM_data\output\P2V_export_AD_users\dlg.WW.ADM-Services.P2V.data.NOR.csv] deleted
[2021-05-06 15:35:44] - [INFO] [\\somvat202005\PPS_share\P2V_UM_data\output\P2V_export_AD_users\dlg.WW.ADM-Services.P2V.data.LBY.csv] deleted
[2021-05-06 15:35:44] - [INFO] [\\somvat202005\PPS_share\P2V_UM_data\output\P2V_export_AD_users\dlg.WW.ADM-Services.P2V.serveradmin.csv] deleted
[2021-05-06 15:35:44] - [INFO] [\\somvat202005\PPS_share\P2V_UM_data\output\P2V_export_AD_users\dlg.WW.ADM-Services.P2V.profile.Economics.Headoffice.csv] deleted
[2021-05-06 15:35:44] - [INFO] [\\somvat202005\PPS_share\P2V_UM_data\output\P2V_export_AD_users\dlg.WW.ADM-Services.P2V.data.RUS.csv] deleted
[2021-05-06 15:35:44] - [INFO] [\\somvat202005\PPS_share\P2V_UM_data\output\P2V_export_AD_users\dlg.WW.ADM-Services.P2V.CO.power.csv] deleted
[2021-05-06 15:35:44] - [INFO] [\\somvat202005\PPS_share\P2V_UM_data\output\P2V_export_AD_users\dlg.WW.ADM-Services.P2V.profile.Resources.Headoffice.csv] deleted
[2021-05-06 15:35:44] - [INFO] [\\somvat202005\PPS_share\P2V_UM_data\output\P2V_export_AD_users\dlg.WW.ADM-Services.P2V.data.ROU.csv] deleted
[2021-05-06 15:35:45] - [INFO] [\\somvat202005\PPS_share\P2V_UM_data\output\P2V_export_AD_users\dlg.WW.ADM-Services.P2V.data.corporate.csv] deleted
[2021-05-06 15:35:45] - [INFO] [\\somvat202005\PPS_share\P2V_UM_data\output\P2V_export_AD_users\dlg.WW.ADM-Services.P2V.data.NZL.csv] deleted
[2021-05-06 15:35:45] - [INFO] [\\somvat202005\PPS_share\P2V_UM_data\output\P2V_export_AD_users\dlg.WW.ADM-Services.P2V.profile.Finance.local.csv] deleted
[2021-05-06 15:35:45] - [INFO] [\\somvat202005\PPS_share\P2V_UM_data\output\P2V_export_AD_users\dlg.WW.ADM-Services.P2V.data.Sapura.csv] deleted
[2021-05-06 15:35:45] - [INFO] [\\somvat202005\PPS_share\P2V_UM_data\output\P2V_export_AD_users\dlg.WW.ADM-Services.P2V.CO.key.csv] deleted
[2021-05-06 15:35:45] - [INFO] [\\somvat202005\PPS_share\P2V_UM_data\output\P2V_export_AD_users\dlg.WW.ADM-Services.P2V.profile.Reserves.readonly.csv] deleted
[2021-05-06 15:35:45] - [INFO] [\\somvat202005\PPS_share\P2V_UM_data\output\P2V_export_AD_users\dlg.WW.ADM-Services.P2V.ECO.power.csv] deleted
[2021-05-06 15:35:45] - [INFO] [\\somvat202005\PPS_share\P2V_UM_data\output\P2V_export_AD_users\dlg.WW.ADM-Services.P2V.data.AUS.csv] deleted
[2021-05-06 15:35:45] - [INFO] [\\somvat202005\PPS_share\P2V_UM_data\output\P2V_export_AD_users\dlg.WW.ADM-Services.P2V.profile.Reserves.Headoffice.Approve.csv] deleted
[2021-05-06 15:35:45] - [INFO] [\\somvat202005\PPS_share\P2V_UM_data\output\P2V_export_AD_users\dlg.WW.ADM-Services.P2V.developer.csv] deleted
[2021-05-06 15:35:45] - [INFO] [\\somvat202005\PPS_share\P2V_UM_data\output\P2V_export_AD_users\dlg.WW.ADM-Services.P2V.profile.Reserves.local.Approve.csv] deleted
[2021-05-06 15:35:45] - [INFO] [\\somvat202005\PPS_share\P2V_UM_data\output\P2V_export_AD_users\dlg.WW.ADM-Services.P2V.FIN.regimes.csv] deleted
[2021-05-06 15:35:45] - [INFO] [\\somvat202005\PPS_share\P2V_UM_data\output\P2V_export_AD_users\dlg.WW.ADM-Services.P2V.EX.power.csv] deleted
[2021-05-06 15:35:45] - [INFO] [\\somvat202005\PPS_share\P2V_UM_data\output\P2V_export_AD_users\dlg.WW.ADM-Services.P2V.testserveradmin.csv] deleted
[2021-05-06 15:35:45] - [INFO] [\\somvat202005\PPS_share\P2V_UM_data\output\P2V_export_AD_users\dlg.WW.ADM-Services.P2V.access.development.csv] deleted
[2021-05-06 15:35:45] - [INFO] [\\somvat202005\PPS_share\P2V_UM_data\output\P2V_export_AD_users\dlg.WW.ADM-Services.P2V.access.production.csv] deleted
[2021-05-06 15:35:47] - [INFO] [\\somvat202005\PPS_share\P2V_UM_data\output\P2V_export_AD_users\dlg.WW.ADM-Services.P2V.profile.Reserves.Headoffice.Power.csv] deleted
[2021-05-06 15:35:47] - [INFO] [\\somvat202005\PPS_share\P2V_UM_data\output\P2V_export_AD_users\dlg.WW.ADM-Services.P2V.data.AUT.csv] deleted
[2021-05-06 15:35:47] - [INFO] [\\somvat202005\PPS_share\P2V_UM_data\output\P2V_export_AD_users\dlg.WW.ADM-Services.P2V.access.test.csv] deleted
[2021-05-06 15:35:47] - [INFO] [\\somvat202005\PPS_share\P2V_UM_data\output\P2V_export_AD_users\dlg.WW.ADM-Services.P2V.data.ARE.csv] deleted
[2021-05-06 15:35:47] - [INFO] [\\somvat202005\PPS_share\P2V_UM_data\output\P2V_export_AD_users\dlg.WW.ADM-Services.P2V.data.TUN.csv] deleted
[2021-05-06 15:35:47] - [INFO] [\\somvat202005\PPS_share\P2V_UM_data\output\P2V_export_AD_users\dlg.WW.ADM-Services.P2V.EX.key.csv] deleted
[2021-05-06 15:35:47] - [INFO] [\\somvat202005\PPS_share\P2V_UM_data\output\P2V_export_AD_users\dlg.WW.ADM-Services.P2V.auditor.csv] deleted
[2021-05-06 15:35:47] - [INFO] [\\somvat202005\PPS_share\P2V_UM_data\output\P2V_export_AD_users\dlg.WW.ADM-Services.P2V.data.GEO.csv] deleted
[2021-05-06 15:35:48] - [INFO] [\\somvat202005\PPS_share\P2V_UM_data\output\P2V_export_AD_users\dlg.WW.ADM-Services.P2V.ECO.regimes.csv] deleted
[2021-05-06 15:35:48] - [INFO] [\\somvat202005\PPS_share\P2V_UM_data\output\P2V_export_AD_users\dlg.WW.ADM-Services.P2V.profile.Finance.Headoffice.csv] deleted
[2021-05-06 15:35:48] - [INFO] [\\somvat202005\PPS_share\P2V_UM_data\output\P2V_export_AD_users\dlg.WW.ADM-Services.P2V.users.csv] deleted
[2021-05-06 15:35:48] - [INFO] [\\somvat202005\PPS_share\P2V_UM_data\output\P2V_export_AD_users\dlg.WW.ADM-Services.P2V.access.training.csv] deleted
[2021-05-06 15:35:48] - [INFO] [\\somvat202005\PPS_share\P2V_UM_data\output\P2V_export_AD_users\dlg.WW.ADM-Services.P2V.data.MEX.csv] deleted
[2021-05-06 15:35:48] - [INFO] [\\somvat202005\PPS_share\P2V_UM_data\output\P2V_export_AD_users\dlg.WW.ADM-Services.PetroVR.csv] deleted
[2021-05-06 15:35:48] - [INFO] [\\somvat202005\PPS_share\P2V_UM_data\output\P2V_export_AD_users\dlg.WW.ADM-Services.P2V.profile.PP.local.csv] deleted
[2021-05-06 15:35:48] - [INFO] [\\somvat202005\PPS_share\P2V_UM_data\output\P2V_export_AD_users\dlg.WW.ADM-Services.P2V.FIN.unlock.csv] deleted
[2021-05-06 15:35:48] - [INFO] [\\somvat202005\PPS_share\P2V_UM_data\output\P2V_export_AD_users\dlg.WW.ADM-Services.P2V.PP.key.csv] deleted
[2021-05-06 15:35:48] - [INFO] [\\somvat202005\PPS_share\P2V_UM_data\output\P2V_export_AD_users\dlg.WW.ADM-Services.P2V.testusers.csv] deleted
[2021-05-06 15:35:49] - [INFO] [\\somvat202005\PPS_share\P2V_UM_data\output\P2V_export_AD_users\dlg.WW.ADM-Services.P2V.data.KRI.csv] deleted
[2021-05-06 15:35:49] - [INFO] [\\somvat202005\PPS_share\P2V_UM_data\output\P2V_export_AD_users\dlg.WW.ADM-Services.P2V.data.YEM.csv] deleted
[2021-05-06 15:35:49] - [INFO] [\\somvat202005\PPS_share\P2V_UM_data\output\P2V_export_AD_users\dlg.WW.ADM-Services.P2V.Aucerna.csv] deleted
[2021-05-06 16:03:39] - [INFO] [WW/adminx449222] on [SOMVAT502676] started [P2V_export_AD_users]
[2021-05-06 16:03:39] - [INFO] [\\somvat202005\PPS_share\P2V_UM_data\output\P2V_export_AD_users\Myuserworkgroup.csv] deleted
[2021-05-06 16:03:39] - [INFO] [\\somvat202005\PPS_share\P2V_UM_data\output\P2V_export_AD_users\Myusers.csv] deleted
[2021-05-06 16:03:39] - [INFO] [\\somvat202005\PPS_share\P2V_UM_data\output\dashboard\All_AD_users.csv] deleted
[2021-05-06 16:03:39] - [INFO] [\\somvat202005\PPS_share\P2V_UM_data\output\P2V_export_AD_users\dlg.WW.ADM-Services.P2V.access.development.csv] deleted
[2021-05-06 16:03:40] - [INFO] [\\somvat202005\PPS_share\P2V_UM_data\output\P2V_export_AD_users\dlg.WW.ADM-Services.P2V.access.production.csv] deleted
[2021-05-06 16:04:20] - [INFO] [\\somvat202005\PPS_share\P2V_UM_data\output\P2V_export_AD_users\dlg.WW.ADM-Services.P2V.access.test.csv] deleted
[2021-05-06 17:32:15] - [INFO] [\\somvat202005\PPS_share\P2V_UM_data\output\P2V_export_AD_users\dlg.WW.ADM-Services.P2V.access.training.csv] deleted
[2021-05-06 17:32:16] - [INFO] [\\somvat202005\PPS_share\P2V_UM_data\output\P2V_export_AD_users\dlg.WW.ADM-Services.P2V.access.update.csv] deleted
[2021-05-06 17:32:16] - [INFO] [\\somvat202005\PPS_share\P2V_UM_data\output\P2V_export_AD_users\dlg.WW.ADM-Services.P2V.Admin.csv] deleted
[2021-05-06 17:32:17] - [INFO] [\\somvat202005\PPS_share\P2V_UM_data\output\P2V_export_AD_users\dlg.WW.ADM-Services.P2V.approver.csv] deleted
[2021-05-06 17:32:17] - [INFO] [\\somvat202005\PPS_share\P2V_UM_data\output\P2V_export_AD_users\dlg.WW.ADM-Services.P2V.Aucerna.csv] deleted
[2021-05-06 17:32:18] - [INFO] [\\somvat202005\PPS_share\P2V_UM_data\output\P2V_export_AD_users\dlg.WW.ADM-Services.P2V.auditor.csv] deleted
[2021-05-06 17:32:19] - [INFO] [\\somvat202005\PPS_share\P2V_UM_data\output\P2V_export_AD_users\dlg.WW.ADM-Services.P2V.BD.key.csv] deleted
[2021-05-06 17:32:19] - [INFO] [\\somvat202005\PPS_share\P2V_UM_data\output\P2V_export_AD_users\dlg.WW.ADM-Services.P2V.BD.power.csv] deleted
[2021-05-06 17:32:19] - [INFO] [\\somvat202005\PPS_share\P2V_UM_data\output\P2V_export_AD_users\dlg.WW.ADM-Services.P2V.CO.key.csv] deleted
[2021-05-06 17:32:19] - [INFO] [\\somvat202005\PPS_share\P2V_UM_data\output\P2V_export_AD_users\dlg.WW.ADM-Services.P2V.CO.power.csv] deleted
[2021-05-06 17:32:20] - [INFO] [\\somvat202005\PPS_share\P2V_UM_data\output\P2V_export_AD_users\dlg.WW.ADM-Services.P2V.data.ARE.csv] deleted
[2021-05-06 17:32:22] - [INFO] [\\somvat202005\PPS_share\P2V_UM_data\output\P2V_export_AD_users\dlg.WW.ADM-Services.P2V.data.AUS.csv] deleted
[2021-05-06 17:32:23] - [INFO] [\\somvat202005\PPS_share\P2V_UM_data\output\P2V_export_AD_users\dlg.WW.ADM-Services.P2V.data.AUT.csv] deleted
[2021-05-06 17:32:27] - [INFO] [\\somvat202005\PPS_share\P2V_UM_data\output\P2V_export_AD_users\dlg.WW.ADM-Services.P2V.data.BGR.csv] deleted
[2021-05-06 17:32:30] - [INFO] [\\somvat202005\PPS_share\P2V_UM_data\output\P2V_export_AD_users\dlg.WW.ADM-Services.P2V.data.corporate.csv] deleted
[2021-05-06 17:32:37] - [INFO] [\\somvat202005\PPS_share\P2V_UM_data\output\P2V_export_AD_users\dlg.WW.ADM-Services.P2V.data.GEO.csv] deleted
[2021-05-06 17:32:40] - [INFO] [\\somvat202005\PPS_share\P2V_UM_data\output\P2V_export_AD_users\dlg.WW.ADM-Services.P2V.data.KRI.csv] deleted
[2021-05-07 15:36:38] - [INFO] [\\somvat202005\PPS_share\P2V_UM_data\output\P2V_export_AD_users\dlg.WW.ADM-Services.P2V.data.KZ.csv] deleted
[2021-05-07 15:36:38] - [INFO] [\\somvat202005\PPS_share\P2V_UM_data\output\P2V_export_AD_users\dlg.WW.ADM-Services.P2V.data.LBY.csv] deleted
[2021-05-07 15:36:40] - [INFO] [\\somvat202005\PPS_share\P2V_UM_data\output\P2V_export_AD_users\dlg.WW.ADM-Services.P2V.data.MEX.csv] deleted
[2021-05-07 15:36:41] - [INFO] [\\somvat202005\PPS_share\P2V_UM_data\output\P2V_export_AD_users\dlg.WW.ADM-Services.P2V.data.MYS.csv] deleted
[2021-05-07 15:36:44] - [INFO] [\\somvat202005\PPS_share\P2V_UM_data\output\P2V_export_AD_users\dlg.WW.ADM-Services.P2V.data.NOR.csv] deleted
[2021-05-07 15:36:51] - [INFO] [WW/adminx449222] on [SOMVAT502676] started [P2V_super_sync]
