[2021-04-30 07:25:53] - [INFO] [WW/adminx449222] on [SOMVAT502676] started [P2V_step1_xkey]
[2021-04-30 07:26:18] - [INFO] [\\somvat202005\PPS_share\P2V_UM_data\output\P2V_step1_xkey\P2V-PROD\users_fromxkey.csv] deleted
[2021-04-30 07:27:45] - [INFO] [WW/adminx449222] on [SOMVAT502676] started [P2V_step1_xkey]
[2021-04-30 07:29:33] - [INFO] [\\somvat202005\PPS_share\P2V_UM_data\output\P2V_step1_xkey\P2V-PROD\users_fromxkey.csv] deleted
[2021-04-30 07:46:15] - [INFO] [WW/adminx449222] on [SOMVAT502676] started [prepare_userlist]
[2021-04-30 07:46:15] - [INFO] [\\somvat202005\PPS_share\P2V_UM_data\output\prepare_userlist\list_UP.csv] deleted
[2021-04-30 07:47:20] - [INFO] [WW/adminx449222] on [SOMVAT502676] started [prepare_userlist]
[2021-04-30 07:47:20] - [INFO] [\\somvat202005\PPS_share\P2V_UM_data\output\prepare_userlist\list_UP.csv] deleted
[2021-04-30 07:50:25] - [INFO] [WW/adminx449222] on [SOMVAT502676] started [prepare_userlist]
[2021-04-30 07:50:25] - [INFO] [\\somvat202005\PPS_share\P2V_UM_data\output\prepare_userlist\list_UP.csv] deleted
[2021-04-30 08:05:30] - [INFO] [WW/adminx449222] on [SOMVAT502676] started [prepare_userlist]
[2021-04-30 08:05:30] - [INFO] [\\somvat202005\PPS_share\P2V_UM_data\output\prepare_userlist\list_UP.csv] deleted
[2021-04-30 08:09:18] - [INFO] [WW/adminx449222] on [SOMVAT502676] started [prepare_userlist]
[2021-04-30 08:17:24] - [INFO] [WW/adminx449222] on [SOMVAT502676] started [prepare_userlist]
[2021-04-30 08:17:24] - [INFO] [\\somvat202005\PPS_share\P2V_UM_data\output\prepare_userlist\list_UP.csv] deleted
[2021-04-30 08:32:31] - [INFO] [WW/adminx449222] on [SOMVAT502676] started [P2V_step1_xkey]
[2021-04-30 08:32:52] - [INFO] [\\somvat202005\PPS_share\P2V_UM_data\output\P2V_step1_xkey\P2V-PROD\users_fromxkey.csv] deleted
[2021-04-30 08:33:06] - [INFO] [WW/adminx449222] on [SOMVAT502676] started [P2V_step1_xkey]
[2021-04-30 08:33:38] - [INFO] directory  created
[2021-04-30 08:34:30] - [INFO] [WW/adminx449222] on [SOMVAT502676] started [P2V_update_users.ps1]
[2021-04-30 08:35:10] - [INFO] [WW/adminx449222] on [SOMVAT502676] started [P2V_profile_manager_file]
[2021-04-30 08:49:08] - [INFO] [WW/adminx449222] on [SOMVAT502676] started [P2V_profile_manager_file]
[2021-04-30 08:49:12] - [INFO] [\\somvat202005\PPS_share\P2V_UM_data\output\P2V_profile_manager_file\P2V_TEST_profiles_UG.csv] deleted
[2021-04-30 08:50:21] - [INFO] [WW/adminx449222] on [SOMVAT502676] started [P2V_profile_manager_file]
[2021-04-30 08:50:25] - [INFO] [\\somvat202005\PPS_share\P2V_UM_data\output\P2V_profile_manager_file\P2V-PROD_profiles_UG.csv] deleted
[2021-04-30 12:22:28] - [INFO] directory  created
[2021-04-30 12:22:28] - [INFO] [WW/adminx449222] on [SOMVAT502676] started [P2V_step1_AD]
[2021-04-30 12:22:28] - [INFO] directory  created
[2021-04-30 12:22:39] - [INFO] directory  created
[2021-04-30 12:22:40] - [INFO] directory  created
[2021-04-30 12:22:40] - [INFO] directory  created
[2021-04-30 12:22:41] - [INFO] directory  created
[2021-04-30 12:22:44] - [INFO] directory  created
[2021-04-30 12:22:45] - [INFO] directory  created
[2021-04-30 12:22:45] - [INFO] directory  created
[2021-04-30 12:22:47] - [INFO] directory  created
[2021-04-30 12:22:47] - [INFO] directory  created
[2021-04-30 12:45:52] - [INFO] [WW/adminx449222] on [SOMVAT502676] started [P2V_calculate_groups_dependencies.ps1]
[2021-04-30 12:46:43] - [INFO] [WW/adminx449222] on [SOMVAT502676] started [P2V_calculate_groups_dependencies.ps1]
[2021-04-30 12:53:42] - [INFO] [WW/adminx449222] on [SOMVAT502676] started [P2V_calculate_groups_dependencies.ps1]
[2021-04-30 12:56:59] - [INFO] [WW/adminx449222] on [SOMVAT502676] started [P2V_calculate_groups_dependencies.ps1]
[2021-04-30 12:57:42] - [INFO] [WW/adminx449222] on [SOMVAT502676] started [P2V_calculate_groups_dependencies.ps1]
[2021-04-30 12:58:17] - [INFO] [WW/adminx449222] on [SOMVAT502676] started [P2V_calculate_groups_dependencies.ps1]
[2021-04-30 12:59:01] - [INFO] [WW/adminx449222] on [SOMVAT502676] started [P2V_calculate_groups_dependencies.ps1]
[2021-04-30 13:06:25] - [INFO] [WW/adminx449222] on [SOMVAT502676] started [P2V_calculate_groups_dependencies.ps1]
[2021-04-30 13:08:13] - [INFO] [WW/adminx449222] on [SOMVAT502676] started [P2V_calculate_groups_dependencies.ps1]
[2021-04-30 13:08:57] - [INFO] [WW/adminx449222] on [SOMVAT502676] started [P2V_calculate_groups_dependencies.ps1]
[2021-04-30 13:10:54] - [INFO] [WW/adminx449222] on [SOMVAT502676] started [P2V_calculate_groups_dependencies.ps1]
[2021-04-30 13:12:03] - [INFO] [WW/adminx449222] on [SOMVAT502676] started [P2V_calculate_groups_dependencies.ps1]
[2021-04-30 15:11:17] - [INFO] [WW/adminx449222] on [SOMVAT502676] started [P2V_calculate_groups_dependencies.ps1]
[2021-04-30 15:12:15] - [INFO] [WW/adminx449222] on [SOMVAT502676] started [P2V_calculate_groups_dependencies.ps1]
[2021-04-30 15:12:40] - [INFO] [WW/adminx449222] on [SOMVAT502676] started [P2V_calculate_groups_dependencies.ps1]
[2021-04-30 15:13:24] - [INFO] [WW/adminx449222] on [SOMVAT502676] started [P2V_calculate_groups_dependencies.ps1]
[2021-04-30 15:14:10] - [INFO] [WW/adminx449222] on [SOMVAT502676] started [P2V_calculate_groups_dependencies.ps1]
[2021-04-30 15:17:02] - [INFO] [WW/adminx449222] on [SOMVAT502676] started [P2V_calculate_groups_dependencies.ps1]
[2021-04-30 15:17:36] - [INFO] [WW/adminx449222] on [SOMVAT502676] started [P2V_calculate_groups_dependencies.ps1]
[2021-04-30 15:18:01] - [INFO] [WW/adminx449222] on [SOMVAT502676] started [P2V_calculate_groups_dependencies.ps1]
[2021-04-30 15:18:25] - [INFO] [WW/adminx449222] on [SOMVAT502676] started [P2V_calculate_groups_dependencies.ps1]
[2021-04-30 15:19:02] - [INFO] [WW/adminx449222] on [SOMVAT502676] started [P2V_calculate_groups_dependencies.ps1]
[2021-04-30 15:20:19] - [INFO] [WW/adminx449222] on [SOMVAT502676] started [P2V_calculate_groups_dependencies.ps1]
[2021-04-30 15:20:51] - [INFO] [WW/adminx449222] on [SOMVAT502676] started [P2V_calculate_groups_dependencies.ps1]
[2021-04-30 15:21:20] - [INFO] [WW/adminx449222] on [SOMVAT502676] started [P2V_calculate_groups_dependencies.ps1]
[2021-04-30 15:21:39] - [INFO] [WW/adminx449222] on [SOMVAT502676] started [P2V_calculate_groups_dependencies.ps1]
[2021-04-30 15:22:15] - [INFO] [WW/adminx449222] on [SOMVAT502676] started [P2V_calculate_groups_dependencies.ps1]
[2021-04-30 15:22:35] - [INFO] [WW/adminx449222] on [SOMVAT502676] started [P2V_calculate_groups_dependencies.ps1]
[2021-04-30 15:23:56] - [INFO] [WW/adminx449222] on [SOMVAT502676] started [P2V_calculate_groups_dependencies.ps1]
[2021-04-30 15:24:41] - [INFO] [WW/adminx449222] on [SOMVAT502676] started [P2V_calculate_groups_dependencies.ps1]
[2021-04-30 15:25:39] - [INFO] [WW/adminx449222] on [SOMVAT502676] started [P2V_calculate_groups_dependencies.ps1]
[2021-04-30 15:27:26] - [INFO] [WW/adminx449222] on [SOMVAT502676] started [P2V_calculate_groups_dependencies.ps1]
[2021-04-30 15:27:57] - [INFO] [WW/adminx449222] on [SOMVAT502676] started [P2V_calculate_groups_dependencies.ps1]
[2021-04-30 15:36:20] - [INFO] [WW/adminx449222] on [SOMVAT502676] started [P2V_calculate_groups_dependencies.ps1]
[2021-04-30 15:38:36] - [INFO] [WW/adminx449222] on [SOMVAT502676] started [P2V_calculate_groups_dependencies.ps1]
[2021-04-30 15:39:10] - [INFO] [WW/adminx449222] on [SOMVAT502676] started [P2V_calculate_groups_dependencies.ps1]
[2021-04-30 15:39:46] - [INFO] [WW/adminx449222] on [SOMVAT502676] started [P2V_calculate_groups_dependencies.ps1]
[2021-04-30 15:42:24] - [INFO] [WW/adminx449222] on [SOMVAT502676] started [P2V_calculate_groups_dependencies.ps1]
[2021-04-30 15:44:14] - [INFO] [WW/adminx449222] on [SOMVAT502676] started [P2V_profile_manager_file]
[2021-04-30 15:44:18] - [INFO] [\\somvat202005\PPS_share\P2V_UM_data\output\P2V_profile_manager_file\P2V_TEST_profiles_UG.csv] deleted
[2021-04-30 15:46:08] - [INFO] [WW/adminx449222] on [SOMVAT502676] started [P2V_profile_manager_file]
[2021-04-30 15:46:11] - [INFO] [\\somvat202005\PPS_share\P2V_UM_data\output\P2V_profile_manager_file\P2V-PROD_profiles_UG.csv] deleted
[2021-04-30 15:56:38] - [INFO] [WW/adminx449222] on [SOMVAT502676] started [P2V_update_users.ps1]
[2021-04-30 16:01:30] - [INFO] [WW/adminx449222] on [SOMVAT502676] started [P2V_update_users.ps1]
[2021-04-30 16:03:12] - [INFO] [WW/adminx449222] on [SOMVAT502676] started [P2V_step1_xkey]
[2021-04-30 16:03:27] - [INFO] [\\somvat202005\PPS_share\P2V_UM_data\output\P2V_step1_xkey\P2V_TEST\users_fromxkey.csv] deleted
[2021-04-30 16:05:48] - [INFO] [WW/adminx449222] on [SOMVAT502676] started [P2V_step1_xkey]
[2021-04-30 16:06:17] - [INFO] [WW/adminx449222] on [SOMVAT502676] started [P2V_step1_xkey]
[2021-04-30 16:07:50] - [INFO] [WW/adminx449222] on [SOMVAT502676] started [P2V_update_users.ps1]
[2021-04-30 16:09:17] - [INFO] [WW/adminx449222] on [SOMVAT502676] started [P2V_calculate_groups_dependencies.ps1]
[2021-04-30 16:14:22] - [INFO] [WW/adminx449222] on [SOMVAT502676] started [P2V_calculate_groups_dependencies.ps1]
[2021-04-30 16:15:37] - [INFO] [WW/adminx449222] on [SOMVAT502676] started [P2V_calculate_groups_dependencies.ps1]
[2021-04-30 16:16:37] - [INFO] [WW/adminx449222] on [SOMVAT502676] started [P2V_calculate_groups_dependencies.ps1]
[2021-04-30 16:18:13] - [INFO] [WW/adminx449222] on [SOMVAT502676] started [P2V_calculate_groups_dependencies.ps1]
[2021-04-30 16:19:42] - [INFO] [WW/adminx449222] on [SOMVAT502676] started [P2V_calculate_groups_dependencies.ps1]
[2021-04-30 16:26:39] - [INFO] [WW/adminx449222] on [SOMVAT502676] started [P2V_calculate_groups_dependencies.ps1]
[2021-04-30 16:33:10] - [INFO] [WW/adminx449222] on [SOMVAT502676] started [P2V_calculate_groups_dependencies.ps1]
[2021-04-30 16:37:44] - [INFO] [WW/adminx449222] on [SOMVAT502676] started [P2V_calculate_groups_dependencies.ps1]
[2021-04-30 16:40:53] - [INFO] [WW/adminx449222] on [SOMVAT502676] started [P2V_calculate_groups_dependencies.ps1]
[2021-04-30 16:42:30] - [INFO] [WW/adminx449222] on [SOMVAT502676] started [P2V_calculate_groups_dependencies.ps1]
[2021-04-30 16:43:11] - [INFO] [WW/adminx449222] on [SOMVAT502676] started [P2V_calculate_groups_dependencies.ps1]
[2021-04-30 16:50:15] - [INFO] [WW/adminx449222] on [SOMVAT502676] started [P2V_calculate_groups_dependencies.ps1]
[2021-04-30 16:51:14] - [INFO] [WW/adminx449222] on [SOMVAT502676] started [P2V_calculate_groups_dependencies.ps1]
[2021-04-30 16:52:28] - [INFO] [WW/adminx449222] on [SOMVAT502676] started [P2V_calculate_groups_dependencies.ps1]
[2021-04-30 16:56:36] - [INFO] [WW/adminx449222] on [SOMVAT502676] started [P2V_calculate_groups_dependencies.ps1]
[2021-04-30 16:58:36] - [INFO] [WW/adminx449222] on [SOMVAT502676] started [P2V_calculate_groups_dependencies.ps1]
[2021-04-30 16:59:37] - [INFO] [WW/adminx449222] on [SOMVAT502676] started [P2V_calculate_groups_dependencies.ps1]
[2021-04-30 17:00:01] - [INFO] [WW/adminx449222] on [SOMVAT502676] started [P2V_calculate_groups_dependencies.ps1]
[2021-04-30 17:00:16] - [INFO] [WW/adminx449222] on [SOMVAT502676] started [P2V_calculate_groups_dependencies.ps1]
[2021-04-30 17:00:39] - [INFO] [WW/adminx449222] on [SOMVAT502676] started [P2V_calculate_groups_dependencies.ps1]
[2021-04-30 17:02:01] - [INFO] [WW/adminx449222] on [SOMVAT502676] started [P2V_calculate_groups_dependencies.ps1]
[2021-04-30 17:03:53] - [INFO] [WW/adminx449222] on [SOMVAT502676] started [P2V_calculate_groups_dependencies.ps1]
[2021-04-30 17:04:34] - [INFO] [WW/adminx449222] on [SOMVAT502676] started [P2V_calculate_groups_dependencies.ps1]
[2021-04-30 17:05:16] - [INFO] [WW/adminx449222] on [SOMVAT502676] started [P2V_calculate_groups_dependencies.ps1]
[2021-04-30 17:05:37] - [INFO] [WW/adminx449222] on [SOMVAT502676] started [P2V_calculate_groups_dependencies.ps1]
[2021-04-30 17:06:01] - [INFO] [WW/adminx449222] on [SOMVAT502676] started [P2V_calculate_groups_dependencies.ps1]
[2021-04-30 17:07:12] - [INFO] [WW/adminx449222] on [SOMVAT502676] started [P2V_calculate_groups_dependencies.ps1]
[2021-04-30 17:07:51] - [INFO] [WW/adminx449222] on [SOMVAT502676] started [P2V_calculate_groups_dependencies.ps1]
[2021-04-30 17:09:07] - [INFO] [WW/adminx449222] on [SOMVAT502676] started [P2V_calculate_groups_dependencies.ps1]
[2021-04-30 17:11:26] - [INFO] [WW/adminx449222] on [SOMVAT502676] started [P2V_calculate_groups_dependencies.ps1]
[2021-04-30 17:13:38] - [INFO] [WW/adminx449222] on [SOMVAT502676] started [P2V_calculate_groups_dependencies.ps1]
[2021-04-30 17:15:12] - [INFO] [WW/adminx449222] on [SOMVAT502676] started [P2V_calculate_groups_dependencies.ps1]
[2021-04-30 17:16:05] - [INFO] [WW/adminx449222] on [SOMVAT502676] started [P2V_calculate_groups_dependencies.ps1]
[2021-04-30 17:19:07] - [INFO] [WW/adminx449222] on [SOMVAT502676] started [P2V_calculate_groups_dependencies.ps1]
[2021-04-30 17:21:48] - [INFO] [WW/adminx449222] on [SOMVAT502676] started [P2V_calculate_groups_dependencies.ps1]
[2021-04-30 17:22:08] - [INFO] [WW/adminx449222] on [SOMVAT502676] started [P2V_calculate_groups_dependencies.ps1]
[2021-04-30 17:22:59] - [INFO] [WW/adminx449222] on [SOMVAT502676] started [P2V_calculate_groups_dependencies.ps1]
[2021-04-30 17:23:20] - [INFO] [WW/adminx449222] on [SOMVAT502676] started [P2V_calculate_groups_dependencies.ps1]
[2021-04-30 17:24:30] - [INFO] [WW/adminx449222] on [SOMVAT502676] started [P2V_calculate_groups_dependencies.ps1]
[2021-04-30 17:24:47] - [INFO] [WW/adminx449222] on [SOMVAT502676] started [P2V_calculate_groups_dependencies.ps1]
[2021-04-30 17:27:33] - [INFO] [WW/adminx449222] on [SOMVAT502676] started [P2V_calculate_groups_dependencies.ps1]
[2021-04-30 17:28:59] - [INFO] [WW/adminx449222] on [SOMVAT502676] started [P2V_calculate_groups_dependencies.ps1]
[2021-04-30 17:30:07] - [INFO] [WW/adminx449222] on [SOMVAT502676] started [P2V_calculate_groups_dependencies.ps1]
[2021-04-30 17:30:19] - [INFO] [WW/adminx449222] on [SOMVAT502676] started [P2V_calculate_groups_dependencies.ps1]
[2021-04-30 17:30:28] - [INFO] [WW/adminx449222] on [SOMVAT502676] started [P2V_calculate_groups_dependencies.ps1]
[2021-04-30 17:30:40] - [INFO] [WW/adminx449222] on [SOMVAT502676] started [P2V_calculate_groups_dependencies.ps1]
[2021-04-30 17:31:42] - [INFO] [WW/adminx449222] on [SOMVAT502676] started [P2V_calculate_groups_dependencies.ps1]
[2021-04-30 17:32:02] - [INFO] [WW/adminx449222] on [SOMVAT502676] started [P2V_calculate_groups_dependencies.ps1]
[2021-04-30 17:37:51] - [INFO] [WW/adminx449222] on [SOMVAT502676] started [P2V_calculate_groups_dependencies.ps1]
[2021-04-30 17:38:12] - [INFO] [WW/adminx449222] on [SOMVAT502676] started [P2V_calculate_groups_dependencies.ps1]
[2021-04-30 17:38:48] - [INFO] [WW/adminx449222] on [SOMVAT502676] started [P2V_calculate_groups_dependencies.ps1]
