[2024-01-23 13:39:06] - [INFO] [WW/adminx449222] started P2V_calculate_groups_bd 
[2024-01-23 13:39:07] - [INFO] [WW/adminx449222] on [SOMVAT502676] started [P2V_calculate_groups_bd]
[2024-01-23 13:40:07] - [INFO] loading userlist from tenant P2V_BENCHMARK
[2024-01-23 13:41:43] - [INFO] [P2V_BENCHMARK]-[Z.BD.015.allow] : remove remove remove remove add remove remove remove remove remove Matei Elena (X01014962) Bauer Franz (X450683) Pencea Aurelian (X01000580) Seeber Christian (X449564) Sledz Christian (CHRISTIAN87) Coanda Simona-Daniela (X01007748) Duta Gabriela-Georgeta (X01000587) Chitu Maria Valentina (X01020092) Hlavacek Josef (X450149) Dimitriu Elena-Cristina (X01014234) - done
[2024-01-23 13:41:44] - [INFO] [P2V_BENCHMARK]-[Z.BD.015.deny] : add add add add remove add add add add add add add Matei Elena (X01014962) Bauer Franz (X450683) Pencea Aurelian (X01000580) Seeber Christian (X449564) Sledz Christian (CHRISTIAN87) Coanda Simona-Daniela (X01007748) Kwiecinski Edward (X451861) Duta Gabriela-Georgeta (X01000587) Baily Heather (HEATHER4) Chitu Maria Valentina (X01020092) Hlavacek Josef (X450149) Dimitriu Elena-Cristina (X01014234) - done
[2024-01-23 13:42:01] - [INFO] [WW/adminx449222] started P2V_calculate_groups_bd 
[2024-01-23 13:42:01] - [INFO] [WW/adminx449222] on [SOMVAT502676] started [P2V_calculate_groups_bd]
[2024-01-23 13:43:12] - [INFO] loading userlist from tenant P2V-PROD
[2024-01-23 13:44:23] - [INFO] [P2V-PROD]-[Z.BD.015.deny] : add add add add add add add add add add add remove Baily Heather (HEATHER4) Bauer Franz (X450683) Chitu Maria Valentina (X01020092) Coanda Simona-Daniela (X01007748) Dimitriu Elena-Cristina (X01014234) Duta Gabriela-Georgeta (X01000587) Hlavacek Josef (X450149) Kwiecinski Edward (X451861) Matei Elena (X01014962) Pencea Aurelian (X01000580) Seeber Christian (X449564) Sledz Christian (CHRISTIAN87) - done
[2024-01-23 13:44:24] - [INFO] [P2V-PROD]-[Z.BD.015.allow] : remove remove remove remove remove remove remove remove remove add Bauer Franz (X450683) Chitu Maria Valentina (X01020092) Coanda Simona-Daniela (X01007748) Dimitriu Elena-Cristina (X01014234) Duta Gabriela-Georgeta (X01000587) Hlavacek Josef (X450149) Matei Elena (X01014962) Pencea Aurelian (X01000580) Seeber Christian (X449564) Sledz Christian (CHRISTIAN87) - done
[2024-01-23 13:44:24] - [INFO] loading userlist from tenant P2V_TRAINING
[2024-01-23 13:46:16] - [INFO] [P2V_TRAINING]-[Z.BD.015.deny] : add add add add add add add add add add add remove Baily Heather (HEATHER4) Bauer Franz (X450683) Chitu Maria Valentina (X01020092) Coanda Simona-Daniela (X01007748) Dimitriu Elena-Cristina (X01014234) Duta Gabriela-Georgeta (X01000587) Hlavacek Josef (X450149) Kwiecinski Edward (X451861) Matei Elena (X01014962) Pencea Aurelian (X01000580) Seeber Christian (X449564) Sledz Christian (CHRISTIAN87) - done
[2024-01-23 13:46:17] - [INFO] [P2V_TRAINING]-[Z.BD.015.allow] : remove remove remove remove remove remove remove remove remove add Bauer Franz (X450683) Chitu Maria Valentina (X01020092) Coanda Simona-Daniela (X01007748) Dimitriu Elena-Cristina (X01014234) Duta Gabriela-Georgeta (X01000587) Hlavacek Josef (X450149) Matei Elena (X01014962) Pencea Aurelian (X01000580) Seeber Christian (X449564) Sledz Christian (CHRISTIAN87) - done
[2024-01-23 13:50:46] - [INFO] [WW/adminx449222] started P2V_calculate_groups_bd 
[2024-01-23 13:50:47] - [INFO] [WW/adminx449222] on [SOMVAT502676] started [P2V_calculate_groups_bd]
[2024-01-23 13:52:30] - [INFO] loading userlist from tenant P2V_TEST
[2024-01-23 13:53:17] - [INFO] [P2V_TEST]-[Z.BD.015.deny] : add add add add add add add add add remove Bauer Franz (X450683) Chitu Maria Valentina (X01020092) Coanda Simona-Daniela (X01007748) Dimitriu Elena-Cristina (X01014234) Duta Gabriela-Georgeta (X01000587) Hlavacek Josef (X450149) Matei Elena (X01014962) Pencea Aurelian (X01000580) Seeber Christian (X449564) Sledz Christian (CHRISTIAN87) - done
[2024-01-23 13:53:18] - [INFO] [P2V_TEST]-[Z.BD.015.allow] : remove remove remove remove remove remove remove remove remove add Bauer Franz (X450683) Chitu Maria Valentina (X01020092) Coanda Simona-Daniela (X01007748) Dimitriu Elena-Cristina (X01014234) Duta Gabriela-Georgeta (X01000587) Hlavacek Josef (X450149) Matei Elena (X01014962) Pencea Aurelian (X01000580) Seeber Christian (X449564) Sledz Christian (CHRISTIAN87) - done
[2024-01-23 13:55:44] - [INFO] [WW/adminx449222] started P2V_calculate_groups_bd 
[2024-01-23 13:55:44] - [INFO] [WW/adminx449222] on [SOMVAT502676] started [P2V_calculate_groups_bd]
[2024-01-23 13:56:45] - [INFO] loading userlist from tenant P2V_TEST
[2024-01-23 14:05:25] - [INFO] [WW/adminx449222] started P2V_calculate_groups_bd 
[2024-01-23 14:05:25] - [INFO] [WW/adminx449222] on [SOMVAT502676] started [P2V_calculate_groups_bd]
[2024-01-23 14:05:54] - [INFO] loading userlist from tenant P2V_TEST
[2024-01-23 15:42:53] - [INFO] [WW/adminx449222] started P2V_calculate_groups_bd 
[2024-01-23 15:42:54] - [INFO] [WW/adminx449222] on [SOMVAT502676] started [P2V_calculate_groups_bd]
[2024-01-23 15:44:18] - [INFO] [WW/adminx449222] started P2V_calculate_groups_bd 
[2024-01-23 15:44:18] - [INFO] [WW/adminx449222] on [SOMVAT502676] started [P2V_calculate_groups_bd]
[2024-01-23 15:48:24] - [INFO] [WW/adminx449222] started P2V_calculate_groups_bd 
[2024-01-23 15:48:24] - [INFO] [WW/adminx449222] on [SOMVAT502676] started [P2V_calculate_groups_bd]
[2024-01-23 15:51:57] - [INFO] [WW/adminx449222] started P2V_calculate_groups_bd 
[2024-01-23 15:51:57] - [INFO] [WW/adminx449222] on [SOMVAT502676] started [P2V_calculate_groups_bd]
[2024-01-23 15:54:48] - [INFO] [WW/adminx449222] started P2V_calculate_groups_bd 
[2024-01-23 15:54:49] - [INFO] [WW/adminx449222] on [SOMVAT502676] started [P2V_calculate_groups_bd]
[2024-01-23 15:57:18] - [INFO] [WW/adminx449222] started P2V_calculate_groups_bd 
[2024-01-23 15:57:18] - [INFO] [WW/adminx449222] on [SOMVAT502676] started [P2V_calculate_groups_bd]
[2024-01-23 15:58:44] - [INFO] loading userlist from tenant P2V_BENCHMARK
[2024-01-23 16:00:22] - [INFO] [WW/adminx449222] started P2V_calculate_groups_bd 
[2024-01-23 16:00:22] - [INFO] [WW/adminx449222] on [SOMVAT502676] started [P2V_calculate_groups_bd]
