[2023-06-05 09:35:53] - [INFO] [WW/adminx449222] on [SOMVAT502676] started [P2V_calculate_groups_bd]
[2023-06-05 11:00:41] - [INFO] [WW/adminx449222] on [SOMVAT502676] started [P2V_calculate_groups_bd]
[2023-06-05 11:04:30] - [INFO] [WW/adminx449222] on [SOMVAT502676] started [P2V_calculate_groups_bd]
[2023-06-05 11:28:18] - [INFO] [WW/adminx449222] on [SOMVAT502676] started [check_userprofile]
[2023-06-05 11:29:59] - [INFO] [WW/adminx449222] on [SOMVAT502676] started [P2V_set_profiles]
[2023-06-05 11:36:22] - [INFO] [WW/adminx449222] on [SOMVAT502676] started [P2V_super_sync]
[2023-06-05 12:00:00] - [INFO] [WW/adminx449222] on [SOMVAT502676] started [check_userprofile]
[2023-06-05 12:01:34] - [INFO] [WW/adminx449222] on [SOMVAT502676] started [check_userprofile]
[2023-06-05 12:02:34] - [INFO] [WW/adminx449222] on [SOMVAT502676] started [check_userprofile]
[2023-06-05 12:03:34] - [INFO] [WW/adminx449222] on [SOMVAT502676] started [check_userprofile]
[2023-06-05 12:06:58] - [INFO] [WW/adminx449222] on [SOMVAT502676] started [check_userprofile]
[2023-06-05 12:13:13] - [INFO] [WW/adminx449222] on [SOMVAT502676] started [check_userprofile]
[2023-06-05 12:13:45] - [INFO] [WW/adminx449222] on [SOMVAT502676] started [check_userprofile]
[2023-06-05 12:13:52] - [INFO] [WW/adminx449222] on [SOMVAT502676] started [P2V_super_sync]
[2023-06-05 12:14:47] - [INFO] [WW/adminx449222] on [SOMVAT502676] started [check_userprofile]
[2023-06-05 12:15:42] - [INFO] [WW/adminx449222] on [SOMVAT502676] started [check_userprofile]
[2023-06-05 12:16:00] - [INFO] [WW/adminx449222] on [SOMVAT502676] started [check_userprofile]
[2023-06-05 12:16:27] - [INFO] [WW/adminx449222] on [SOMVAT502676] started [check_userprofile]
[2023-06-05 12:17:52] - [INFO] [WW/adminx449222] on [SOMVAT502676] started [check_userprofile]
[2023-06-05 12:18:52] - [INFO] [WW/adminx449222] on [SOMVAT502676] started [check_P2V_user]
[2023-06-05 15:27:58] - [INFO] [WW/adminx449222] on [SOMVAT502676] started [P2V_calculate_groups_bd]
[2023-06-05 15:28:48] - [INFO] [WW/adminx449222] on [SOMVAT502676] started [P2V_calculate_groups_bd]
[2023-06-05 15:32:11] - [INFO] [WW/adminx449222] on [SOMVAT502676] started [P2V_calculate_groups_bd]
[2023-06-05 15:33:15] - [INFO] [WW/adminx449222] on [SOMVAT502676] started [P2V_calculate_groups_bd]
[2023-06-05 15:36:46] - [INFO] [WW/adminx449222] on [SOMVAT502676] started [P2V_calculate_groups_bd]
[2023-06-05 15:45:17] - [INFO] [WW/adminx449222] on [SOMVAT502676] started [P2V_calculate_groups_bd]
[2023-06-05 15:47:11] - [INFO] [WW/adminx449222] on [SOMVAT502676] started [P2V_calculate_groups_bd]
[2023-06-05 16:08:27] - [INFO] [WW/adminx449222] on [SOMVAT502676] started [P2V_calculate_groups_bd]
[2023-06-05 16:10:34] - [INFO] [WW/adminx449222] on [SOMVAT502676] started [P2V_calculate_groups_bd]
[2023-06-05 16:15:59] - [INFO] [WW/adminx449222] on [SOMVAT502676] started [P2V_calculate_groups_bd]
[2023-06-05 16:20:10] - [INFO] [WW/adminx449222] on [SOMVAT502676] started [P2V_calculate_groups_bd]
[2023-06-05 16:22:15] - [INFO] [WW/adminx449222] on [SOMVAT502676] started [P2V_calculate_groups_bd]
[2023-06-05 16:26:44] - [INFO] [WW/adminx449222] on [SOMVAT502676] started [P2V_calculate_groups_bd]
[2023-06-05 16:28:26] - [INFO] [WW/adminx449222] on [SOMVAT502676] started [P2V_calculate_groups_bd]
[2023-06-05 16:31:27] - [INFO] [WW/adminx449222] on [SOMVAT502676] started [P2V_calculate_groups_bd]
[2023-06-05 16:36:28] - [INFO] [WW/adminx449222] on [SOMVAT502676] started [P2V_calculate_groups_bd]
[2023-06-05 16:37:56] - [INFO] [WW/adminx449222] on [SOMVAT502676] started [P2V_calculate_groups_bd]
[2023-06-05 16:56:55] - [INFO] [WW/adminx449222] on [SOMVAT502676] started [P2V_calculate_groups_bd]
[2023-06-05 16:58:05] - [INFO] [WW/adminx449222] on [SOMVAT502676] started [P2V_calculate_groups_bd]
[2023-06-05 16:59:00] - [INFO] [WW/adminx449222] on [SOMVAT502676] started [P2V_calculate_groups_bd]
[2023-06-05 17:01:07] - [INFO] [WW/adminx449222] on [SOMVAT502676] started [P2V_calculate_groups_bd]
[2023-06-05 17:07:23] - [INFO] [WW/adminx449222] on [SOMVAT502676] started [P2V_calculate_groups_bd]
[2023-06-06 16:19:45] - [INFO] [WW/adminx449222] on [SOMVAT502676] started [P2V_super_sync-SEC2.ps1]
[2023-06-06 16:23:38] - [INFO] user=WW/adminx449222,script=P2V_super_sync-SEC2.ps1,tenant=P2V-PROD,uid=678/Kinga.Dobany@omv.com,gid=/userworkgroups/234 /userworkgroups/24 /userworkgroups/155 /userworkgroups/243,remove add add add,[DONE]
