[2022-09-27 16:43:22] - [INFO] [WW/adminx449222] on [SOMVAT502676] started [P2V_super_sync-SEC2.ps1]
[2022-09-27 17:06:25] - [ERROR] user=WW/adminx449222,script=P2V_super_sync-SEC2.ps1,tenant=P2V-PROD,uid=282/Waqas.Qureshi@omv.com,gid=/userworkgroups/349 /userworkgroups/339 /userworkgroups/104 /userworkgroups/355 /userworkgroups/,remove remove add add add,[FAIL]
[2022-09-27 17:07:04] - [ERROR] user=WW/adminx449222,script=P2V_super_sync-SEC2.ps1,tenant=P2V-PROD,uid=390/Rafael.Duque@omv.com,gid=/userworkgroups/349 /userworkgroups/339 /userworkgroups/104 /userworkgroups/355 /userworkgroups/,remove remove add add add,[FAIL]
[2022-09-27 17:29:24] - [INFO] [WW/adminx449222] on [SOMVAT502676] started [P2V_super_sync-SEC2.ps1]
[2022-09-27 17:33:41] - [INFO] user=WW/adminx449222,script=P2V_super_sync-SEC2.ps1,tenant=P2V-PROD,uid=282/Waqas.Qureshi@omv.com,gid=/userworkgroups/349 /userworkgroups/339 /userworkgroups/104 /userworkgroups/355 /userworkgroups/317,remove remove add add add,[DONE]
[2022-09-27 17:33:54] - [INFO] user=WW/adminx449222,script=P2V_super_sync-SEC2.ps1,tenant=P2V-PROD,uid=390/Rafael.Duque@omv.com,gid=/userworkgroups/349 /userworkgroups/339 /userworkgroups/104 /userworkgroups/355 /userworkgroups/317,remove remove add add add,[DONE]
[2022-09-27 17:34:05] - [INFO] user=WW/adminx449222,script=P2V_super_sync-SEC2.ps1,tenant=P2V-PROD,uid=45/Gerald.Antes@omv.com,gid=/userworkgroups/339 /userworkgroups/317,remove add,[DONE]
[2022-09-27 17:34:35] - [INFO] user=WW/adminx449222,script=P2V_super_sync-SEC2.ps1,tenant=P2V-PROD,uid=17/markus.nuesslein@omv.com,gid=/userworkgroups/346 /userworkgroups/274 /userworkgroups/279 /userworkgroups/342,remove remove add add,[DONE]
[2022-09-27 17:35:14] - [INFO] user=WW/adminx449222,script=P2V_super_sync-SEC2.ps1,tenant=P2V-PROD,uid=627/Peter.Janiczek@petrom.com,gid=/userworkgroups/349 /userworkgroups/104 /userworkgroups/355,remove add add,[DONE]
[2022-09-27 17:35:20] - [INFO] user=WW/adminx449222,script=P2V_super_sync-SEC2.ps1,tenant=P2V-PROD,uid=372/ThomasRuben.Gieles@petrom.com,gid=/userworkgroups/339 /userworkgroups/104 /userworkgroups/317,remove add add,[DONE]
[2022-09-27 17:35:47] - [INFO] user=WW/adminx449222,script=P2V_super_sync-SEC2.ps1,tenant=P2V-PROD,uid=442/Michael.Dammerer@omv.com,gid=/userworkgroups/349 /userworkgroups/339 /userworkgroups/104 /userworkgroups/355 /userworkgroups/317,remove remove add add add,[DONE]
[2022-09-27 17:36:14] - [INFO] user=WW/adminx449222,script=P2V_super_sync-SEC2.ps1,tenant=P2V-PROD,uid=399/Karine.GuibertDAmore@omv.com,gid=/userworkgroups/349 /userworkgroups/104 /userworkgroups/355,remove add add,[DONE]
[2022-09-27 17:36:27] - [INFO] user=WW/adminx449222,script=P2V_super_sync-SEC2.ps1,tenant=P2V-PROD,uid=319/OanaMioara.Nita@petrom.com,gid=/userworkgroups/339 /userworkgroups/317,remove add,[DONE]
[2022-09-27 17:37:23] - [INFO] user=WW/adminx449222,script=P2V_super_sync-SEC2.ps1,tenant=P2V-PROD,uid=419/Giuseppe.Cantarella@omv.com,gid=/userworkgroups/339 /userworkgroups/104 /userworkgroups/317,remove add add,[DONE]
[2022-09-27 17:37:40] - [INFO] user=WW/adminx449222,script=P2V_super_sync-SEC2.ps1,tenant=P2V-PROD,uid=666/AncaIca.Dinescu@omv.com,gid=/userworkgroups/339 /userworkgroups/104 /userworkgroups/317,remove add add,[DONE]
[2022-09-27 17:37:56] - [INFO] user=WW/adminx449222,script=P2V_super_sync-SEC2.ps1,tenant=P2V-PROD,uid=290/Andrew.Redford@omv.com,gid=/userworkgroups/339 /userworkgroups/317,remove add,[DONE]
[2022-09-27 17:38:03] - [INFO] user=WW/adminx449222,script=P2V_super_sync-SEC2.ps1,tenant=P2V-PROD,uid=426/David.Gmoser@omv.com,gid=/userworkgroups/349 /userworkgroups/339 /userworkgroups/104 /userworkgroups/355 /userworkgroups/317,remove remove add add add,[DONE]
[2022-09-27 17:38:22] - [INFO] user=WW/adminx449222,script=P2V_super_sync-SEC2.ps1,tenant=P2V-PROD,uid=433/Arsalan.Khan@omv.com,gid=/userworkgroups/349 /userworkgroups/339 /userworkgroups/104 /userworkgroups/355 /userworkgroups/317,remove remove add add add,[DONE]
[2022-09-27 17:38:32] - [INFO] user=WW/adminx449222,script=P2V_super_sync-SEC2.ps1,tenant=P2V-PROD,uid=98/Yosri.Maknine@omv.com,gid=/userworkgroups/349 /userworkgroups/339 /userworkgroups/104 /userworkgroups/355 /userworkgroups/317,remove remove add add add,[DONE]
[2022-09-27 17:38:47] - [INFO] user=WW/adminx449222,script=P2V_super_sync-SEC2.ps1,tenant=P2V-PROD,uid=628/Radu.Jipa@omv.com,gid=/userworkgroups/349 /userworkgroups/104 /userworkgroups/355,remove add add,[DONE]
[2022-09-27 17:40:11] - [INFO] user=WW/adminx449222,script=P2V_super_sync-SEC2.ps1,tenant=P2V-PROD,uid=593/NicoletaAdriana.Toma@omv.com,gid=/userworkgroups/349 /userworkgroups/339 /userworkgroups/104 /userworkgroups/355 /userworkgroups/317,remove remove add add add,[DONE]
[2022-09-27 17:40:20] - [INFO] user=WW/adminx449222,script=P2V_super_sync-SEC2.ps1,tenant=P2V-PROD,uid=294/khwajah.basem@omv.com,gid=/userworkgroups/339 /userworkgroups/104 /userworkgroups/317,remove add add,[DONE]
[2022-09-27 17:41:17] - [INFO] user=WW/adminx449222,script=P2V_super_sync-SEC2.ps1,tenant=P2V-PROD,uid=470/Mathias.Etz@omv.com,gid=/userworkgroups/339 /userworkgroups/104 /userworkgroups/317,remove add add,[DONE]
[2022-09-27 17:42:28] - [INFO] user=WW/adminx449222,script=P2V_super_sync-SEC2.ps1,tenant=P2V-PROD,uid=298/Sam.Fisher@omv.com,gid=/userworkgroups/349 /userworkgroups/339 /userworkgroups/104 /userworkgroups/355 /userworkgroups/317,remove remove add add add,[DONE]
[2022-09-27 17:42:44] - [INFO] user=WW/adminx449222,script=P2V_super_sync-SEC2.ps1,tenant=P2V-PROD,uid=608/Hadi.Hendizadeh@omv.com,gid=/userworkgroups/349 /userworkgroups/339 /userworkgroups/104 /userworkgroups/355 /userworkgroups/317,remove remove add add add,[DONE]
[2022-09-27 17:42:54] - [INFO] user=WW/adminx449222,script=P2V_super_sync-SEC2.ps1,tenant=P2V-PROD,uid=304/Richard.Kwon@omv.com,gid=/userworkgroups/339 /userworkgroups/104 /userworkgroups/317,remove add add,[DONE]
[2022-09-27 17:44:56] - [INFO] user=WW/adminx449222,script=P2V_super_sync-SEC2.ps1,tenant=P2V-PROD,uid=381/ajmal.mumtaz@omv.com,gid=/userworkgroups/349 /userworkgroups/339 /userworkgroups/104 /userworkgroups/355 /userworkgroups/317,remove remove add add add,[DONE]
[2022-09-27 17:45:10] - [INFO] user=WW/adminx449222,script=P2V_super_sync-SEC2.ps1,tenant=P2V-PROD,uid=438/German.Gonzalez@omv.com,gid=/userworkgroups/349 /userworkgroups/339 /userworkgroups/104 /userworkgroups/355 /userworkgroups/317,remove remove add add add,[DONE]
[2022-09-27 17:45:51] - [INFO] user=WW/adminx449222,script=P2V_super_sync-SEC2.ps1,tenant=P2V-PROD,uid=67/BogdanGeorge.Davidescu@omv.com,gid=/userworkgroups/349 /userworkgroups/104 /userworkgroups/355,remove add add,[DONE]
[2022-09-27 17:46:03] - [INFO] user=WW/adminx449222,script=P2V_super_sync-SEC2.ps1,tenant=P2V-PROD,uid=587/Francis.Ho@omv.com,gid=/userworkgroups/349 /userworkgroups/339 /userworkgroups/104 /userworkgroups/355 /userworkgroups/317,remove remove add add add,[DONE]
[2022-09-30 09:50:32] - [INFO] [WW/adminx449222] on [SOMVAT502676] started [P2V_super_sync-SEC2.ps1]
[2022-09-30 09:51:57] - [INFO] user=WW/adminx449222,script=P2V_super_sync-SEC2.ps1,tenant=P2V-PROD,uid=6/Florian.Dutzler@omv.com,gid=/userworkgroups/6 /userworkgroups/113 /userworkgroups/48 /userworkgroups/144,add add add add,[DONE]
