[2023-08-23 13:20:02] - [INFO] [WW/adminx449222] on [SOMVAT502676] started [P2V_lock_inactive_users.ps1]
[2023-08-23 13:20:54] - [INFO] user=WW/adminx449222,script=P2V_lock_inactive_users.ps1,tenant=P2V_UPDATE,uid=771/Alina.Keref@external.omv.com/Keref Alina (ALINA76) deactivated as user never logged in, [DONE]
[2023-08-23 13:37:13] - [INFO] [WW/adminx449222] on [SOMVAT502676] started [P2V_lock_inactive_users.ps1]
[2023-08-23 13:50:32] - [INFO] [WW/adminx449222] on [SOMVAT502676] started [P2V_deactivate_users.ps1]
[2023-08-23 13:52:07] - [INFO] user=WW/adminx449222,script=P2V_deactivate_users.ps1,tenant=P2V_TEST,uid=771/Alina.Keref@external.omv.com/Keref Alina (ALINA76) deactivated as user never logged in, [DONE]
[2023-08-23 13:52:27] - [INFO] user=WW/adminx449222,script=P2V_deactivate_users.ps1,tenant=P2V_TRAINING,uid=771/Alina.Keref@external.omv.com/Keref Alina (ALINA76) deactivated as user never logged in, [DONE]
[2023-08-23 14:00:14] - [INFO] [WW/adminx449222] on [SOMVAT502676] started [P2V_deactivate_users.ps1]
[2023-08-23 14:01:02] - [INFO] user=WW/adminx449222,script=P2V_deactivate_users.ps1,tenant=P2V-PROD,uid=771/Alina.Keref@external.omv.com/Keref Alina (ALINA76) deactivated as user never logged in, [DONE]
[2023-08-23 14:12:11] - [INFO] [WW/adminx449222] on [SOMVAT502676] started [P2V_deactivate_users.ps1]
[2023-08-23 14:12:46] - [INFO] user=WW/adminx449222,script=P2V_deactivate_users.ps1,tenant=P2V_PRODTEST,uid=656/AZRA03@ww.omv.com/Ahmad Azra (AZRA03) deactivated as user never logged in, [DONE]
[2023-08-23 14:13:28] - [INFO] user=WW/adminx449222,script=P2V_deactivate_users.ps1,tenant=P2V-PROD,uid=656/AZRA03@ww.omv.com/Ahmad Azra (AZRA03) deactivated as user never logged in, [DONE]
[2023-08-23 14:13:43] - [INFO] user=WW/adminx449222,script=P2V_deactivate_users.ps1,tenant=P2V_BENCHMARK,uid=656/AZRA03@ww.omv.com/Ahmad Azra (AZRA03) deactivated as user never logged in, [DONE]
[2023-08-23 14:13:58] - [INFO] user=WW/adminx449222,script=P2V_deactivate_users.ps1,tenant=P2V_DEMO,uid=656/AZRA03@ww.omv.com/Ahmad Azra (AZRA03) deactivated as user never logged in, [DONE]
[2023-08-23 14:14:17] - [INFO] user=WW/adminx449222,script=P2V_deactivate_users.ps1,tenant=P2V_TEST,uid=656/AZRA03@ww.omv.com/Ahmad Azra (AZRA03) deactivated as user never logged in, [DONE]
[2023-08-23 14:14:59] - [INFO] user=WW/adminx449222,script=P2V_deactivate_users.ps1,tenant=P2V_UPDATE,uid=656/AZRA03@ww.omv.com/Ahmad Azra (AZRA03) deactivated as user never logged in, [DONE]
[2023-08-23 14:15:20] - [INFO] user=WW/adminx449222,script=P2V_deactivate_users.ps1,tenant=P2V_TRAINING,uid=656/AZRA03@ww.omv.com/Ahmad Azra (AZRA03) deactivated as user never logged in, [DONE]
[2023-08-23 14:37:22] - [INFO] [WW/adminx449222] on [SOMVAT502676] started [P2V_deactivate_users.ps1]
[2023-08-23 14:38:05] - [INFO] user=WW/adminx449222,script=P2V_deactivate_users.ps1,tenant=P2V_PRODTEST,uid=667/BJORG1@ww.omv.com/Fredriksen Bjorg (BJORG1) deactivated as user never logged in, [DONE]
[2023-08-23 14:38:27] - [INFO] user=WW/adminx449222,script=P2V_deactivate_users.ps1,tenant=P2V-PROD,uid=667/BJORG1@ww.omv.com/Fredriksen Bjorg (BJORG1) deactivated as user never logged in, [DONE]
[2023-08-23 14:38:45] - [INFO] user=WW/adminx449222,script=P2V_deactivate_users.ps1,tenant=P2V_BENCHMARK,uid=667/BJORG1@ww.omv.com/Fredriksen Bjorg (BJORG1) deactivated as user never logged in, [DONE]
[2023-08-23 14:39:02] - [INFO] user=WW/adminx449222,script=P2V_deactivate_users.ps1,tenant=P2V_DEMO,uid=667/BJORG1@ww.omv.com/Fredriksen Bjorg (BJORG1) deactivated as user never logged in, [DONE]
[2023-08-23 14:39:39] - [INFO] user=WW/adminx449222,script=P2V_deactivate_users.ps1,tenant=P2V_TEST,uid=667/BJORG1@ww.omv.com/Fredriksen Bjorg (BJORG1) deactivated as user never logged in, [DONE]
[2023-08-23 14:39:57] - [INFO] user=WW/adminx449222,script=P2V_deactivate_users.ps1,tenant=P2V_UPDATE,uid=667/BJORG1@ww.omv.com/Fredriksen Bjorg (BJORG1) deactivated as user never logged in, [DONE]
[2023-08-23 14:40:13] - [INFO] user=WW/adminx449222,script=P2V_deactivate_users.ps1,tenant=P2V_TRAINING,uid=667/BJORG1@ww.omv.com/Fredriksen Bjorg (BJORG1) deactivated as user never logged in, [DONE]
[2023-08-23 14:41:45] - [INFO] [WW/adminx449222] on [SOMVAT502676] started [check_userprofile]
[2023-08-23 14:44:26] - [INFO] [WW/adminx449222] on [SOMVAT502676] started [check_userprofile]
[2023-08-23 14:46:17] - [INFO] [WW/adminx449222] on [SOMVAT502676] started [check_userprofile]
[2023-08-23 14:47:06] - [INFO] [WW/adminx449222] on [SOMVAT502676] started [check_userprofile]
[2023-08-23 15:36:30] - [INFO] [WW/adminx449222] on [SOMVAT502676] started [P2V_deactivate_users.ps1]
[2023-08-23 15:37:05] - [INFO] user=WW/adminx449222,script=P2V_deactivate_users.ps1,tenant=P2V_PRODTEST,uid=319/OanaMioara.Nita@petrom.com/Nita Oana-Mioara (OANA27) deactivated as user never logged in, [DONE]
[2023-08-23 15:37:22] - [INFO] user=WW/adminx449222,script=P2V_deactivate_users.ps1,tenant=P2V-PROD,uid=319/OanaMioara.Nita@petrom.com/Nita Oana-Mioara (OANA27) deactivated as user never logged in, [DONE]
[2023-08-23 15:37:39] - [INFO] user=WW/adminx449222,script=P2V_deactivate_users.ps1,tenant=P2V_BENCHMARK,uid=319/OanaMioara.Nita@petrom.com/Nita Oana-Mioara (OANA27) deactivated as user never logged in, [DONE]
[2023-08-23 15:37:53] - [INFO] user=WW/adminx449222,script=P2V_deactivate_users.ps1,tenant=P2V_DEMO,uid=319/OanaMioara.Nita@petrom.com/Nita Oana-Mioara (OANA27) deactivated as user never logged in, [DONE]
[2023-08-23 15:38:08] - [INFO] user=WW/adminx449222,script=P2V_deactivate_users.ps1,tenant=P2V_TEST,uid=319/OanaMioara.Nita@petrom.com/Nita Oana-Mioara (OANA27) deactivated as user never logged in, [DONE]
[2023-08-23 15:38:28] - [INFO] user=WW/adminx449222,script=P2V_deactivate_users.ps1,tenant=P2V_UPDATE,uid=319/OanaMioara.Nita@petrom.com/Nita Oana-Mioara (OANA27) deactivated as user never logged in, [DONE]
[2023-08-23 15:38:59] - [INFO] user=WW/adminx449222,script=P2V_deactivate_users.ps1,tenant=P2V_TRAINING,uid=319/OanaMioara.Nita@petrom.com/Nita Oana-Mioara (OANA27) deactivated as user never logged in, [DONE]
[2023-08-23 15:39:02] - [INFO] [WW/adminx449222] on [SOMVAT502676] started [check_userprofile]
[2023-08-23 15:45:01] - [INFO] [WW/adminx449222] on [SOMVAT502676] started [check_userprofile]
[2023-08-23 15:45:35] - [INFO] [WW/adminx449222] on [SOMVAT502676] started [check_userprofile]
[2023-08-25 09:44:07] - [INFO] [WW/adminx449222] on [SOMVAT502676] started [P2V_lock_inactive_users.ps1]
[2023-08-25 09:46:31] - [INFO] user=WW/adminx449222,script=P2V_lock_inactive_users.ps1,tenant=P2V_PRODTEST,uid=771/Alina.Keref@external.omv.com/Keref Alina (ALINA76) deactivated as user never logged in, [DONE]
