[2023-11-10 07:52:57] - [INFO] [WW/adminx449222] on [SOMVAT502676] started [check_userprofile]
[2023-11-10 08:56:45] - [INFO] [WW/adminx449222] on [SOMVAT502676] started [check_userprofile]
[2023-11-10 08:57:14] - [INFO] [WW/adminx449222] on [SOMVAT502676] started [check_P2V_user]
[2023-11-10 09:32:44] - [INFO] [WW/adminx449222] on [SOMVAT502676] started [P2V_calculate_groups_dependencies]
[2023-11-10 11:06:54] - [INFO] [WW/adminx449222] started P2V_export_users
[2023-11-10 11:06:54] - [INFO] [WW/adminx449222] on [SOMVAT502676] started [P2V_export_users]
[2023-11-10 11:06:55] - [INFO] [\\somvat202005\PPS_share\P2V_UM_data\output\\Myusers.csv] deleted
[2023-11-10 11:06:55] - [INFO] [\\somvat202005\PPS_share\P2V_UM_data\output\dashboard\all_users.csv] deleted
[2023-11-10 11:06:55] - [INFO] [\\somvat202005\PPS_share\P2V_UM_data\output\dashboard\all_groups.csv] deleted
[2023-11-10 11:06:55] - [INFO] [\\somvat202005\PPS_share\P2V_UM_data\output\dashboard\all_user_groups.csv] deleted
[2023-11-10 11:07:50] - [INFO] [\\somvat202005\PPS_share\P2V_UM_data\output\\P2V_TRAINING-groups.csv] deleted
[2023-11-10 11:24:25] - [INFO] [\\somvat202005\PPS_share\P2V_UM_data\output\\P2V_TRAINING-users.csv] deleted
[2023-11-10 11:26:45] - [INFO] [WW/adminx449222] started P2V_export_users
[2023-11-10 11:26:46] - [INFO] [WW/adminx449222] on [SOMVAT502676] started [P2V_export_users]
[2023-11-10 11:26:46] - [INFO] [\\somvat202005\PPS_share\P2V_UM_data\output\dashboard\all_users.csv] deleted
[2023-11-10 11:26:46] - [INFO] [\\somvat202005\PPS_share\P2V_UM_data\output\dashboard\all_groups.csv] deleted
[2023-11-10 11:26:46] - [INFO] [\\somvat202005\PPS_share\P2V_UM_data\output\dashboard\all_user_groups.csv] deleted
[2023-11-10 11:26:53] - [INFO] [\\somvat202005\PPS_share\P2V_UM_data\output\\P2V_TRAINING-groups.csv] deleted
[2023-11-10 11:27:16] - [INFO] [\\somvat202005\PPS_share\P2V_UM_data\output\\P2V_TRAINING-users.csv] deleted
[2023-11-10 11:35:02] - [INFO] [WW/adminx449222] started P2V_export_users
[2023-11-10 11:35:02] - [INFO] [WW/adminx449222] on [SOMVAT502676] started [P2V_export_users]
[2023-11-10 11:35:02] - [INFO] [\\somvat202005\PPS_share\P2V_UM_data\output\dashboard\all_users.csv] deleted
[2023-11-10 11:35:02] - [INFO] [\\somvat202005\PPS_share\P2V_UM_data\output\dashboard\all_groups.csv] deleted
[2023-11-10 11:35:02] - [INFO] [\\somvat202005\PPS_share\P2V_UM_data\output\dashboard\all_user_groups.csv] deleted
[2023-11-10 11:35:10] - [INFO] [\\somvat202005\PPS_share\P2V_UM_data\output\\P2V_BENCHMARK-groups.csv] deleted
[2023-11-10 11:35:33] - [INFO] [\\somvat202005\PPS_share\P2V_UM_data\output\\P2V_BENCHMARK-users.csv] deleted
[2023-11-10 11:39:24] - [INFO] [WW/adminx449222] started P2V_export_users
[2023-11-10 11:39:24] - [INFO] [WW/adminx449222] on [SOMVAT502676] started [P2V_export_users]
[2023-11-10 11:39:24] - [INFO] [\\somvat202005\PPS_share\P2V_UM_data\output\dashboard\all_users.csv] deleted
[2023-11-10 11:39:24] - [INFO] [\\somvat202005\PPS_share\P2V_UM_data\output\dashboard\all_groups.csv] deleted
[2023-11-10 11:39:24] - [INFO] [\\somvat202005\PPS_share\P2V_UM_data\output\dashboard\all_user_groups.csv] deleted
[2023-11-10 11:39:33] - [INFO] [\\somvat202005\PPS_share\P2V_UM_data\output\\P2V_PRODTEST-groups.csv] deleted
[2023-11-10 11:39:56] - [INFO] [\\somvat202005\PPS_share\P2V_UM_data\output\\P2V_PRODTEST-users.csv] deleted
[2023-11-10 11:58:04] - [INFO] [WW/adminx449222] started P2V_export_users
[2023-11-10 11:58:05] - [INFO] [WW/adminx449222] on [SOMVAT502676] started [P2V_export_users]
[2023-11-10 11:58:05] - [INFO] [\\somvat202005\PPS_share\P2V_UM_data\output\dashboard\all_users.csv] deleted
[2023-11-10 11:58:05] - [INFO] [\\somvat202005\PPS_share\P2V_UM_data\output\dashboard\all_groups.csv] deleted
[2023-11-10 11:58:05] - [INFO] [\\somvat202005\PPS_share\P2V_UM_data\output\dashboard\all_user_groups.csv] deleted
[2023-11-10 11:58:12] - [INFO] [\\somvat202005\PPS_share\P2V_UM_data\output\\P2V_BENCHMARK-groups.csv] deleted
[2023-11-10 11:58:34] - [INFO] [\\somvat202005\PPS_share\P2V_UM_data\output\\P2V_BENCHMARK-users.csv] deleted
[2023-11-10 12:09:42] - [INFO] [WW/adminx449222] started check_userprofile -xkey X449222
[2023-11-10 12:09:42] - [INFO] [WW/adminx449222] on [SOMVAT502676] started [check_userprofile]
[2023-11-10 12:10:12] - [INFO] [WW/adminx449222] started check_P2V_user -xkey X449222
[2023-11-10 12:10:12] - [INFO] [WW/adminx449222] on [SOMVAT502676] started [check_P2V_user]
[2023-11-10 12:10:45] - [INFO] [WW/adminx449222] started P2V_sync_user -xkey X449222
[2023-11-10 12:11:10] - [INFO] [WW/adminx449222] started P2V_calculate_groups_bd 
[2023-11-10 12:11:15] - [INFO] [WW/adminx449222] on [SOMVAT502676] started [P2V_calculate_groups_bd]
[2023-11-10 12:20:28] - [INFO] [WW/adminx449222] started P2V_sync_user -xkey VICTOR8
[2023-11-10 12:28:46] - [INFO] [WW/adminx449222] started P2V_sync_user -xkey SANDRA18
[2023-11-10 12:32:54] - [INFO] [WW/adminx449222] started P2V_sync_user -xkey SANDRA18
[2023-11-10 12:42:50] - [INFO] [WW/adminx449222] started P2V_sync_user -xkey SANDRA18
[2023-11-10 12:45:48] - [INFO] [WW/adminx449222] started P2V_sync_user -xkey SANDRA18
[2023-11-10 14:40:24] - [INFO] [WW/adminx449222] started P2V_sync_user -xkey SANDRA18
[2023-11-10 14:44:24] - [INFO] [WW/adminx449222] started P2V_sync_user -xkey SANDRA18
[2023-11-10 15:17:12] - [INFO] [WW/adminx449222] started P2V_sync_user -xkey SANDRA18
