[2021-05-03 11:01:48] - [INFO] [WW/adminx449222] on [SOMVAT502676] started [P2V_delete_UG_assignments]
[2021-05-03 11:04:18] - [INFO] [WW/adminx449222] on [SOMVAT502676] started [P2V_delete_UG_assignments]
[2021-05-03 11:15:59] - [INFO] [WW/adminx449222] on [SOMVAT502676] started [P2V_delete_UG_assignments]
[2021-05-03 11:40:11] - [INFO] [WW/adminx449222] on [SOMVAT502676] started [P2V_update_users.ps1]
[2021-05-03 11:44:28] - [INFO] [WW/adminx449222] on [SOMVAT502676] started [P2V_calculate_groups_dependencies.ps1]
[2021-05-03 11:55:54] - [INFO] [WW/adminx449222] on [SOMVAT502676] started [P2V_delete_UG_assignments]
[2021-05-03 11:59:48] - [INFO] [WW/adminx449222] on [SOMVAT502676] started [P2V_delete_UG_assignments]
[2021-05-03 12:07:19] - [INFO] [WW/adminx449222] on [SOMVAT502676] started [P2V_delete_UG_assignments]
[2021-05-03 12:27:08] - [INFO] [WW/adminx449222] on [SOMVAT502676] started [P2V_delete_UG_assignments]
[2021-05-03 12:28:51] - [INFO] [WW/adminx449222] on [SOMVAT502676] started [P2V_delete_UG_assignments]
[2021-05-03 12:33:36] - [INFO] [WW/adminx449222] on [SOMVAT502676] started [P2V_delete_UG_assignments]
[2021-05-03 12:34:31] - [INFO] [WW/adminx449222] on [SOMVAT502676] started [P2V_delete_UG_assignments]
[2021-05-03 13:19:07] - [INFO] [WW/adminx449222] on [SOMVAT502676] started [P2V_delete_UG_assignments]
[2021-05-03 13:20:21] - [INFO] [WW/adminx449222] on [SOMVAT502676] started [P2V_delete_UG_assignments]
[2021-05-03 13:21:51] - [INFO] [WW/adminx449222] on [SOMVAT502676] started [P2V_delete_UG_assignments]
[2021-05-03 13:25:29] - [INFO] [WW/adminx449222] on [SOMVAT502676] started [P2V_delete_UG_assignments]
[2021-05-03 13:26:26] - [INFO] [WW/adminx449222] on [SOMVAT502676] started [P2V_delete_UG_assignments]
[2021-05-03 13:27:41] - [INFO] [WW/adminx449222] on [SOMVAT502676] started [P2V_delete_UG_assignments]
[2021-05-03 13:30:14] - [INFO] [WW/adminx449222] on [SOMVAT502676] started [P2V_delete_UG_assignments]
[2021-05-03 13:31:08] - [INFO] [WW/adminx449222] on [SOMVAT502676] started [P2V_delete_UG_assignments]
[2021-05-03 15:19:01] - [INFO] [WW/adminx449222] on [SOMVAT502676] started [P2V_delete_UG_assignments]
[2021-05-03 15:25:44] - [INFO] [WW/adminx449222] on [SOMVAT502676] started [P2V_delete_UG_assignments]
[2021-05-03 15:27:00] - [INFO] [WW/adminx449222] on [SOMVAT502676] started [P2V_delete_UG_assignments]
[2021-05-03 15:38:08] - [INFO] [WW/adminx449222] on [SOMVAT502676] started [P2V_delete_UG_assignments]
[2021-05-03 15:40:06] - [INFO] [WW/adminx449222] on [SOMVAT502676] started [P2V_delete_UG_assignments]
[2021-05-03 15:43:34] - [INFO] [WW/adminx449222] on [SOMVAT502676] started [P2V_delete_UG_assignments]
[2021-05-03 15:45:39] - [INFO] [WW/adminx449222] on [SOMVAT502676] started [P2V_delete_UG_assignments]
[2021-05-03 16:03:39] - [INFO] [WW/adminx449222] on [SOMVAT502676] started [P2V_delete_UG_assignments]
[2021-05-03 18:18:09] - [INFO] [WW/adminx449222] on [SOMVAT502676] started [prepare_userlist]
[2021-05-03 20:31:49] - [INFO] [WW/adminx449222] on [SOMVAT502676] started [prepare_userlist]
[2021-05-03 20:31:49] - [INFO] [\\somvat202005\PPS_share\P2V_UM_data\output\prepare_userlist\list_UP.csv] deleted
[2021-05-03 20:34:20] - [INFO] [WW/adminx449222] on [SOMVAT502676] started [P2V_profile_manager_file]
[2021-05-03 20:34:26] - [INFO] [\\somvat202005\PPS_share\P2V_UM_data\output\P2V_profile_manager_file\P2V_TEST_profiles_UG.csv] deleted
[2021-05-03 20:41:51] - [INFO] [WW/adminx449222] on [SOMVAT502676] started [P2V_step1_xkey]
[2021-05-03 20:43:35] - [INFO] [\\somvat202005\PPS_share\P2V_UM_data\output\P2V_step1_xkey\P2V_TEST_users_fromxkey.csv] deleted
[2021-05-03 20:48:14] - [INFO] [WW/adminx449222] on [SOMVAT502676] started [P2V_update_users.ps1]
[2021-05-03 20:53:08] - [INFO] [WW/adminx449222] on [SOMVAT502676] started [P2V_update_users.ps1]
[2021-05-03 20:54:06] - [INFO] [WW/adminx449222] on [SOMVAT502676] started [P2V_update_users.ps1]
[2021-05-03 20:56:53] - [INFO] [WW/adminx449222] on [SOMVAT502676] started [P2V_calculate_groups_dependencies.ps1]
[2021-05-03 20:57:15] - [INFO] [WW/adminx449222] on [SOMVAT502676] started [P2V_calculate_groups_dependencies.ps1]
[2021-05-03 20:57:28] - [INFO] [WW/adminx449222] on [SOMVAT502676] started [P2V_calculate_groups_dependencies.ps1]
[2021-05-03 21:13:23] - [INFO] directory  created
[2021-05-03 21:13:23] - [INFO] [WW/adminx449222] on [SOMVAT502676] started [P2V_clear_users_xkey]
[2021-05-03 21:13:28] - [INFO] directory  created
[2021-05-03 21:16:11] - [INFO] [WW/adminx449222] on [SOMVAT502676] started [P2V_clear_users_xkey]
[2021-05-03 21:17:47] - [INFO] [WW/adminx449222] on [SOMVAT502676] started [P2V_clear_users_xkey]
[2021-05-03 21:20:57] - [INFO] [WW/adminx449222] on [SOMVAT502676] started [P2V_clear_users_xkey]
[2021-05-03 21:21:10] - [INFO] [WW/adminx449222] on [SOMVAT502676] started [P2V_clear_users_xkey]
[2021-05-03 21:23:40] - [INFO] [WW/adminx449222] on [SOMVAT502676] started [P2V_clear_users_xkey]
[2021-05-03 21:28:01] - [INFO] [WW/adminx449222] on [SOMVAT502676] started [P2V_clear_users_xkey]
[2021-05-03 21:38:12] - [INFO] [WW/adminx449222] on [SOMVAT502676] started [P2V_delete_UG_assignments]
[2021-05-03 21:40:35] - [INFO] [WW/adminx449222] on [SOMVAT502676] started [P2V_delete_UG_assignments]
[2021-05-03 21:42:07] - [INFO] [WW/adminx449222] on [SOMVAT502676] started [P2V_clear_users_xkey]
[2021-05-03 21:50:49] - [INFO] [WW/adminx449222] on [SOMVAT502676] started [P2V_clear_users_xkey]
[2021-05-03 21:54:03] - [INFO] [WW/adminx449222] on [SOMVAT502676] started [P2V_delete_UG_assignments]
[2021-05-03 21:56:26] - [INFO] [WW/adminx449222] on [SOMVAT502676] started [P2V_delete_UG_assignments]
[2021-05-03 22:22:02] - [INFO] [WW/adminx449222] on [SOMVAT502676] started [P2V_step1_xkey]
[2021-05-03 22:23:48] - [INFO] [\\somvat202005\PPS_share\P2V_UM_data\output\P2V_step1_xkey\P2V-PROD_users_fromxkey.csv] deleted
[2021-05-03 22:25:07] - [INFO] [WW/adminx449222] on [SOMVAT502676] started [prepare_userlist]
[2021-05-03 22:25:07] - [INFO] [\\somvat202005\PPS_share\P2V_UM_data\output\prepare_userlist\list_UP.csv] deleted
[2021-05-03 22:25:40] - [INFO] [WW/adminx449222] on [SOMVAT502676] started [P2V_profile_manager_file]
[2021-05-03 22:25:43] - [INFO] [\\somvat202005\PPS_share\P2V_UM_data\output\P2V_profile_manager_file\P2V-PROD_profiles_UG.csv] deleted
[2021-05-03 22:36:07] - [INFO] [WW/adminx449222] on [SOMVAT502676] started [P2V_update_users.ps1]
[2021-05-03 22:37:42] - [INFO] [WW/adminx449222] on [SOMVAT502676] started [P2V_delete_UG_assignments]
[2021-05-03 22:38:39] - [INFO] [WW/adminx449222] on [SOMVAT502676] started [P2V_delete_UG_assignments]
[2021-05-03 22:45:39] - [INFO] [WW/adminx449222] on [SOMVAT502676] started [P2V_update_users.ps1]
[2021-05-03 22:48:15] - [INFO] [WW/adminx449222] on [SOMVAT502676] started [P2V_update_users.ps1]
[2021-05-03 23:00:19] - [INFO] [WW/adminx449222] on [SOMVAT502676] started [P2V_update_users.ps1]
[2021-05-03 23:07:43] - [INFO] [WW/adminx449222] on [SOMVAT502676] started [P2V_delete_UG_assignments]
[2021-05-04 00:12:55] - [INFO] [WW/adminx449222] on [SOMVAT502676] started [P2V_update_groups.ps1]
